# FR-trace starting at Fri Apr 29 14:44:05 2022
################# CONFIG #################
# slot=200
# samples=100000
# threshold=100
# idle=10000
# minlen=30000
# runs=60000
# pdathreads=6
# nmonitored=2
#   monitor0=/usr/local/lib/libcrypto.so 828458 0xca42a
#   monitor1=/usr/local/lib/libcrypto.so 1375253 0x14fc15
# nevicted=0
# npdatargets=2
#   target0=/usr/local/lib/libcrypto.so 1375152 0x14fbb0
#   target1=/usr/local/lib/libcrypto.so 753917 0xb80fd
# affinity=all
############## SYSTEM INFO ###############
# mastik_version=
# sysname=Linux
# nodename=cyberdada
# release=5.13.0-39-generic
# version=#44~20.04.1-Ubuntu SMP Thu Mar 24 16:43:35 UTC 2022
# machine=x86_64
################## DATA ##################
# run=0
# datapoints=15690
236 60 
256 240 
0 0 
0 0 
0 0 
0 0 
0 0 
0 0 
0 0 
0 0 
0 0 
0 0 
0 0 
0 0 
0 0 
0 0 
0 0 
250 242 
0 0 
0 0 
0 0 
0 0 
0 0 
0 0 
248 252 
0 0 
0 0 
0 0 
0 0 
0 0 
0 0 
548 244 
0 0 
0 0 
0 0 
0 0 
0 0 
0 0 
0 0 
252 64 
0 0 
0 0 
0 0 
0 0 
0 0 
254 242 
0 0 
0 0 
0 0 
0 0 
0 0 
0 0 
250 240 
0 0 
0 0 
0 0 
0 0 
0 0 
0 0 
254 246 
0 0 
0 0 
0 0 
0 0 
0 0 
246 254 
0 0 
0 0 
0 0 
0 0 
0 0 
0 0 
236 552 
0 0 
0 0 
0 0 
0 0 
0 0 
0 0 
0 0 
0 0 
224 242 
0 0 
0 0 
0 0 
0 0 
0 0 
0 0 
252 244 
0 0 
0 0 
0 0 
0 0 
0 0 
222 236 
0 0 
0 0 
0 0 
0 0 
0 0 
220 248 
0 0 
0 0 
0 0 
0 0 
0 0 
0 0 
236 246 
0 0 
0 0 
0 0 
0 0 
0 0 
248 246 
0 0 
0 0 
0 0 
0 0 
0 0 
486 58 
0 0 
0 0 
0 0 
0 0 
0 0 
0 0 
0 0 
252 236 
0 0 
0 0 
0 0 
0 0 
0 0 
252 68 
0 0 
0 0 
0 0 
0 0 
0 0 
248 66 
0 0 
0 0 
0 0 
0 0 
0 0 
256 120 
0 0 
0 0 
0 0 
0 0 
252 252 
0 0 
0 0 
0 0 
0 0 
0 0 
0 0 
248 252 
0 0 
0 0 
0 0 
0 0 
0 0 
678 248 
0 0 
0 0 
0 0 
0 0 
0 0 
0 0 
0 0 
0 0 
238 232 
0 0 
0 0 
0 0 
0 0 
0 0 
248 358 
0 0 
0 0 
0 0 
0 0 
0 0 
0 0 
256 222 
0 0 
0 0 
0 0 
0 0 
0 0 
70 214 
0 0 
0 0 
0 0 
0 0 
0 0 
254 244 
0 0 
0 0 
0 0 
0 0 
0 0 
240 560 
0 0 
0 0 
0 0 
0 0 
0 0 
0 0 
0 0 
0 0 
304 244 
0 0 
0 0 
0 0 
0 0 
0 0 
0 0 
240 304 
0 0 
0 0 
0 0 
0 0 
0 0 
0 0 
252 246 
0 0 
0 0 
0 0 
0 0 
0 0 
254 244 
0 0 
0 0 
0 0 
0 0 
0 0 
0 0 
256 256 
0 0 
0 0 
0 0 
0 0 
0 0 
254 244 
0 0 
0 0 
0 0 
0 0 
0 0 
0 0 
220 244 
0 0 
0 0 
0 0 
0 0 
0 0 
250 236 
0 0 
0 0 
0 0 
0 0 
0 0 
252 216 
0 0 
0 0 
0 0 
0 0 
0 0 
222 254 
0 0 
0 0 
0 0 
0 0 
0 0 
214 244 
0 0 
0 0 
0 0 
0 0 
0 0 
0 0 
228 246 
0 0 
0 0 
0 0 
0 0 
0 0 
250 242 
0 0 
0 0 
0 0 
0 0 
0 0 
0 0 
350 222 
0 0 
0 0 
0 0 
0 0 
0 0 
0 0 
252 236 
0 0 
0 0 
0 0 
0 0 
0 0 
0 0 
232 216 
0 0 
0 0 
0 0 
0 0 
0 0 
252 248 
0 0 
0 0 
0 0 
0 0 
0 0 
240 246 
0 0 
0 0 
0 0 
0 0 
0 0 
254 252 
0 0 
0 0 
0 0 
0 0 
0 0 
0 0 
252 552 
0 0 
0 0 
0 0 
0 0 
0 0 
0 0 
0 0 
220 246 
0 0 
0 0 
0 0 
0 0 
0 0 
222 238 
0 0 
0 0 
0 0 
0 0 
0 0 
0 0 
268 248 
0 0 
0 0 
0 0 
0 0 
0 0 
238 242 
0 0 
0 0 
0 0 
0 0 
0 0 
250 250 
0 0 
0 0 
0 0 
0 0 
0 0 
0 0 
248 244 
0 0 
0 0 
0 0 
0 0 
0 0 
656 222 
0 0 
0 0 
0 0 
0 0 
0 0 
0 0 
0 0 
0 0 
0 0 
240 220 
0 0 
0 0 
0 0 
0 0 
0 0 
252 248 
0 0 
0 0 
0 0 
0 0 
0 0 
0 0 
258 244 
0 0 
0 0 
0 0 
0 0 
0 0 
248 234 
0 0 
0 0 
0 0 
0 0 
0 0 
0 0 
220 238 
0 0 
0 0 
0 0 
0 0 
0 0 
220 568 
0 0 
0 0 
0 0 
0 0 
0 0 
0 0 
0 0 
0 0 
244 236 
0 0 
0 0 
0 0 
0 0 
0 0 
0 0 
218 228 
0 0 
0 0 
0 0 
0 0 
0 0 
0 0 
254 240 
0 0 
0 0 
0 0 
0 0 
0 0 
0 0 
240 246 
0 0 
0 0 
0 0 
0 0 
0 0 
248 248 
0 0 
0 0 
0 0 
0 0 
0 0 
0 0 
254 538 
0 0 
0 0 
0 0 
0 0 
0 0 
0 0 
0 0 
254 222 
0 0 
0 0 
0 0 
0 0 
0 0 
244 252 
0 0 
0 0 
0 0 
0 0 
0 0 
278 246 
0 0 
0 0 
0 0 
0 0 
0 0 
0 0 
246 220 
0 0 
0 0 
0 0 
0 0 
0 0 
0 0 
230 250 
0 0 
0 0 
0 0 
0 0 
0 0 
256 246 
0 0 
0 0 
0 0 
0 0 
0 0 
0 0 
296 248 
0 0 
0 0 
0 0 
0 0 
0 0 
0 0 
258 244 
0 0 
0 0 
0 0 
0 0 
0 0 
250 250 
0 0 
0 0 
0 0 
0 0 
0 0 
0 0 
240 244 
0 0 
0 0 
0 0 
0 0 
0 0 
286 266 
0 0 
0 0 
0 0 
0 0 
0 0 
0 0 
0 0 
254 330 
0 0 
0 0 
0 0 
0 0 
0 0 
0 0 
250 552 
0 0 
0 0 
0 0 
0 0 
0 0 
0 0 
0 0 
244 244 
0 0 
0 0 
0 0 
0 0 
0 0 
0 0 
258 248 
0 0 
0 0 
0 0 
0 0 
0 0 
228 250 
0 0 
0 0 
0 0 
0 0 
0 0 
0 0 
240 248 
0 0 
0 0 
0 0 
0 0 
0 0 
256 244 
0 0 
0 0 
0 0 
0 0 
0 0 
0 0 
244 246 
0 0 
0 0 
0 0 
0 0 
0 0 
242 236 
0 0 
0 0 
0 0 
0 0 
0 0 
254 240 
0 0 
0 0 
0 0 
0 0 
0 0 
240 246 
0 0 
0 0 
0 0 
0 0 
0 0 
248 242 
0 0 
0 0 
0 0 
0 0 
0 0 
0 0 
248 240 
0 0 
0 0 
0 0 
0 0 
0 0 
218 240 
0 0 
0 0 
0 0 
0 0 
0 0 
244 244 
0 0 
0 0 
0 0 
0 0 
0 0 
302 218 
0 0 
0 0 
0 0 
0 0 
0 0 
0 0 
0 0 
250 238 
0 0 
0 0 
0 0 
0 0 
0 0 
254 224 
0 0 
0 0 
0 0 
0 0 
0 0 
226 248 
0 0 
0 0 
0 0 
0 0 
0 0 
0 0 
238 240 
0 0 
0 0 
0 0 
0 0 
0 0 
248 254 
0 0 
0 0 
0 0 
0 0 
0 0 
0 0 
238 726 
0 0 
0 0 
0 0 
0 0 
0 0 
0 0 
0 0 
0 0 
236 246 
0 0 
0 0 
0 0 
0 0 
0 0 
0 0 
250 242 
0 0 
0 0 
0 0 
0 0 
0 0 
258 244 
0 0 
0 0 
0 0 
0 0 
0 0 
0 0 
242 232 
0 0 
0 0 
0 0 
0 0 
0 0 
222 252 
0 0 
0 0 
0 0 
0 0 
0 0 
222 252 
0 0 
0 0 
0 0 
0 0 
0 0 
656 246 
0 0 
0 0 
0 0 
0 0 
0 0 
0 0 
0 0 
0 0 
250 234 
0 0 
0 0 
0 0 
0 0 
0 0 
418 248 
0 0 
0 0 
0 0 
0 0 
0 0 
0 0 
0 0 
218 246 
0 0 
0 0 
0 0 
0 0 
0 0 
250 250 
0 0 
0 0 
0 0 
0 0 
0 0 
0 0 
248 252 
0 0 
0 0 
0 0 
0 0 
0 0 
272 546 
0 0 
0 0 
0 0 
0 0 
0 0 
0 0 
0 0 
0 0 
246 234 
0 0 
0 0 
0 0 
0 0 
0 0 
250 254 
0 0 
0 0 
0 0 
0 0 
0 0 
0 0 
254 250 
0 0 
0 0 
0 0 
0 0 
0 0 
250 236 
0 0 
0 0 
0 0 
0 0 
0 0 
0 0 
246 248 
0 0 
0 0 
0 0 
0 0 
0 0 
0 0 
252 748 
0 0 
0 0 
0 0 
0 0 
0 0 
0 0 
0 0 
0 0 
0 0 
248 246 
0 0 
0 0 
0 0 
0 0 
0 0 
0 0 
264 244 
0 0 
0 0 
0 0 
0 0 
0 0 
0 0 
252 240 
0 0 
0 0 
0 0 
0 0 
0 0 
236 246 
0 0 
0 0 
0 0 
0 0 
0 0 
538 246 
0 0 
0 0 
0 0 
0 0 
0 0 
0 0 
0 0 
254 648 
0 0 
0 0 
0 0 
0 0 
0 0 
0 0 
0 0 
0 0 
252 244 
0 0 
0 0 
0 0 
0 0 
0 0 
310 248 
0 0 
0 0 
0 0 
0 0 
0 0 
0 0 
246 252 
0 0 
0 0 
0 0 
0 0 
0 0 
254 254 
0 0 
0 0 
0 0 
0 0 
0 0 
0 0 
0 0 
254 246 
0 0 
0 0 
0 0 
0 0 
0 0 
230 244 
0 0 
0 0 
0 0 
0 0 
0 0 
0 0 
374 240 
0 0 
0 0 
0 0 
0 0 
0 0 
0 0 
252 240 
0 0 
0 0 
0 0 
0 0 
0 0 
248 246 
0 0 
0 0 
0 0 
0 0 
0 0 
252 246 
0 0 
0 0 
0 0 
0 0 
0 0 
242 250 
0 0 
0 0 
0 0 
0 0 
0 0 
0 0 
252 246 
0 0 
0 0 
0 0 
0 0 
0 0 
216 736 
0 0 
0 0 
0 0 
0 0 
0 0 
0 0 
0 0 
0 0 
0 0 
254 250 
0 0 
0 0 
0 0 
0 0 
0 0 
0 0 
248 220 
0 0 
0 0 
0 0 
0 0 
0 0 
218 250 
0 0 
0 0 
0 0 
0 0 
0 0 
244 250 
0 0 
0 0 
0 0 
0 0 
0 0 
232 246 
0 0 
0 0 
0 0 
0 0 
0 0 
224 248 
0 0 
0 0 
0 0 
0 0 
0 0 
662 230 
0 0 
0 0 
0 0 
0 0 
0 0 
0 0 
0 0 
0 0 
0 0 
0 0 
242 236 
0 0 
0 0 
0 0 
0 0 
0 0 
260 246 
0 0 
0 0 
0 0 
0 0 
0 0 
0 0 
254 244 
0 0 
0 0 
0 0 
0 0 
0 0 
0 0 
0 0 
0 0 
0 0 
0 0 
0 0 
0 0 
0 0 
0 0 
0 0 
0 0 
0 0 
0 0 
0 0 
0 0 
0 0 
0 0 
0 0 
0 0 
0 0 
0 0 
0 0 
0 0 
0 0 
0 0 
0 0 
0 0 
0 0 
0 0 
0 0 
0 0 
0 0 
0 0 
0 0 
0 0 
0 0 
0 0 
0 0 
0 0 
0 0 
0 0 
0 0 
0 0 
0 0 
0 0 
0 0 
0 0 
0 0 
0 0 
0 0 
0 0 
0 0 
0 0 
0 0 
0 0 
0 0 
0 0 
0 0 
0 0 
0 0 
0 0 
0 0 
0 0 
0 0 
0 0 
0 0 
0 0 
0 0 
0 0 
0 0 
0 0 
0 0 
0 0 
0 0 
0 0 
0 0 
0 0 
0 0 
0 0 
0 0 
0 0 
0 0 
0 0 
0 0 
0 0 
0 0 
0 0 
0 0 
0 0 
0 0 
0 0 
0 0 
0 0 
0 0 
0 0 
0 0 
0 0 
0 0 
0 0 
0 0 
0 0 
0 0 
0 0 
0 0 
0 0 
0 0 
0 0 
0 0 
0 0 
0 0 
0 0 
0 0 
0 0 
0 0 
0 0 
0 0 
0 0 
0 0 
0 0 
0 0 
0 0 
0 0 
0 0 
0 0 
0 0 
0 0 
0 0 
0 0 
0 0 
0 0 
0 0 
0 0 
0 0 
0 0 
0 0 
0 0 
0 0 
0 0 
0 0 
0 0 
260 230 
0 0 
0 0 
0 0 
0 0 
0 0 
380 246 
0 0 
0 0 
0 0 
0 0 
0 0 
0 0 
258 238 
0 0 
0 0 
0 0 
0 0 
0 0 
0 0 
288 218 
0 0 
0 0 
0 0 
0 0 
0 0 
0 0 
0 0 
258 242 
0 0 
0 0 
0 0 
0 0 
0 0 
0 0 
224 212 
0 0 
0 0 
0 0 
0 0 
0 0 
246 656 
0 0 
0 0 
0 0 
0 0 
0 0 
0 0 
0 0 
0 0 
322 240 
0 0 
0 0 
0 0 
0 0 
0 0 
0 0 
220 234 
0 0 
0 0 
0 0 
0 0 
0 0 
0 0 
240 238 
0 0 
0 0 
0 0 
0 0 
0 0 
244 240 
0 0 
0 0 
0 0 
0 0 
0 0 
248 242 
0 0 
0 0 
0 0 
0 0 
0 0 
246 246 
0 0 
0 0 
0 0 
0 0 
0 0 
0 0 
248 244 
0 0 
0 0 
0 0 
0 0 
0 0 
382 244 
0 0 
0 0 
0 0 
0 0 
0 0 
0 0 
254 274 
0 0 
0 0 
0 0 
0 0 
0 0 
0 0 
258 250 
0 0 
0 0 
0 0 
0 0 
0 0 
222 228 
0 0 
0 0 
0 0 
0 0 
0 0 
0 0 
256 388 
0 0 
0 0 
0 0 
0 0 
0 0 
0 0 
0 0 
226 324 
0 0 
0 0 
0 0 
0 0 
0 0 
0 0 
0 0 
272 246 
0 0 
0 0 
0 0 
0 0 
0 0 
258 230 
0 0 
0 0 
0 0 
0 0 
0 0 
0 0 
250 246 
0 0 
0 0 
0 0 
0 0 
0 0 
0 0 
256 248 
0 0 
0 0 
0 0 
0 0 
0 0 
0 0 
254 242 
0 0 
0 0 
0 0 
0 0 
0 0 
254 228 
0 0 
0 0 
0 0 
0 0 
0 0 
250 834 
0 0 
0 0 
0 0 
0 0 
0 0 
0 0 
0 0 
0 0 
0 0 
0 0 
250 242 
0 0 
0 0 
0 0 
0 0 
0 0 
234 248 
0 0 
0 0 
0 0 
0 0 
0 0 
248 272 
0 0 
0 0 
0 0 
0 0 
0 0 
0 0 
230 246 
0 0 
0 0 
0 0 
0 0 
0 0 
0 0 
248 220 
0 0 
0 0 
0 0 
0 0 
0 0 
0 0 
254 658 
0 0 
0 0 
0 0 
0 0 
0 0 
0 0 
0 0 
0 0 
254 234 
0 0 
0 0 
0 0 
0 0 
0 0 
0 0 
242 248 
0 0 
0 0 
0 0 
0 0 
0 0 
226 252 
0 0 
0 0 
0 0 
0 0 
0 0 
0 0 
254 214 
0 0 
0 0 
0 0 
0 0 
0 0 
0 0 
252 248 
0 0 
0 0 
0 0 
0 0 
0 0 
246 250 
0 0 
0 0 
0 0 
0 0 
0 0 
302 226 
0 0 
0 0 
0 0 
0 0 
0 0 
0 0 
222 238 
0 0 
0 0 
0 0 
0 0 
0 0 
246 250 
0 0 
0 0 
0 0 
0 0 
0 0 
0 0 
0 0 
252 246 
0 0 
0 0 
0 0 
0 0 
0 0 
254 230 
0 0 
0 0 
0 0 
0 0 
0 0 
254 258 
0 0 
0 0 
0 0 
0 0 
0 0 
0 0 
248 220 
0 0 
0 0 
0 0 
0 0 
0 0 
0 0 
220 250 
0 0 
0 0 
0 0 
0 0 
0 0 
224 236 
0 0 
0 0 
0 0 
0 0 
0 0 
254 240 
0 0 
0 0 
0 0 
0 0 
0 0 
0 0 
222 246 
0 0 
0 0 
0 0 
0 0 
0 0 
222 240 
0 0 
0 0 
0 0 
0 0 
0 0 
224 244 
0 0 
0 0 
0 0 
0 0 
0 0 
0 0 
248 556 
0 0 
0 0 
0 0 
0 0 
0 0 
0 0 
0 0 
0 0 
248 248 
0 0 
0 0 
0 0 
0 0 
0 0 
252 246 
0 0 
0 0 
0 0 
0 0 
0 0 
232 252 
0 0 
0 0 
0 0 
0 0 
0 0 
224 234 
0 0 
0 0 
0 0 
0 0 
0 0 
0 0 
226 250 
0 0 
0 0 
0 0 
0 0 
0 0 
0 0 
220 234 
0 0 
0 0 
0 0 
0 0 
0 0 
322 222 
0 0 
0 0 
0 0 
0 0 
0 0 
0 0 
222 240 
0 0 
0 0 
0 0 
0 0 
0 0 
0 0 
252 228 
0 0 
0 0 
0 0 
0 0 
0 0 
248 218 
0 0 
0 0 
0 0 
0 0 
0 0 
0 0 
248 250 
0 0 
0 0 
0 0 
0 0 
0 0 
248 246 
0 0 
0 0 
0 0 
0 0 
0 0 
256 216 
0 0 
0 0 
0 0 
0 0 
0 0 
0 0 
264 222 
0 0 
0 0 
0 0 
0 0 
0 0 
0 0 
218 248 
0 0 
0 0 
0 0 
0 0 
0 0 
254 242 
0 0 
0 0 
0 0 
0 0 
0 0 
0 0 
248 244 
0 0 
0 0 
0 0 
0 0 
0 0 
254 248 
0 0 
0 0 
0 0 
0 0 
0 0 
0 0 
0 0 
244 222 
0 0 
0 0 
0 0 
0 0 
0 0 
524 250 
0 0 
0 0 
0 0 
0 0 
0 0 
0 0 
0 0 
0 0 
246 244 
0 0 
0 0 
0 0 
0 0 
0 0 
242 218 
0 0 
0 0 
0 0 
0 0 
0 0 
254 248 
0 0 
0 0 
0 0 
0 0 
0 0 
0 0 
250 254 
0 0 
0 0 
0 0 
0 0 
0 0 
254 248 
0 0 
0 0 
0 0 
0 0 
0 0 
216 244 
0 0 
0 0 
0 0 
0 0 
0 0 
414 262 
0 0 
0 0 
0 0 
0 0 
0 0 
0 0 
0 0 
240 302 
0 0 
0 0 
0 0 
0 0 
0 0 
0 0 
240 252 
0 0 
0 0 
0 0 
0 0 
0 0 
0 0 
228 246 
0 0 
0 0 
0 0 
0 0 
0 0 
0 0 
232 230 
0 0 
0 0 
0 0 
0 0 
0 0 
250 256 
0 0 
0 0 
0 0 
0 0 
0 0 
556 218 
0 0 
0 0 
0 0 
0 0 
0 0 
0 0 
0 0 
0 0 
254 236 
0 0 
0 0 
0 0 
0 0 
0 0 
224 244 
0 0 
0 0 
0 0 
0 0 
0 0 
0 0 
0 0 
0 0 
258 244 
0 0 
0 0 
0 0 
0 0 
0 0 
0 0 
248 250 
0 0 
0 0 
0 0 
0 0 
0 0 
220 246 
0 0 
0 0 
0 0 
0 0 
0 0 
0 0 
520 248 
0 0 
0 0 
0 0 
0 0 
0 0 
0 0 
0 0 
0 0 
344 218 
0 0 
0 0 
0 0 
0 0 
0 0 
0 0 
0 0 
232 250 
0 0 
0 0 
0 0 
0 0 
0 0 
250 246 
0 0 
0 0 
0 0 
0 0 
0 0 
0 0 
248 246 
0 0 
0 0 
0 0 
0 0 
0 0 
0 0 
230 244 
0 0 
0 0 
0 0 
0 0 
0 0 
674 244 
0 0 
0 0 
0 0 
0 0 
0 0 
0 0 
0 0 
0 0 
0 0 
254 214 
0 0 
0 0 
0 0 
0 0 
0 0 
224 250 
0 0 
0 0 
0 0 
0 0 
0 0 
228 228 
0 0 
0 0 
0 0 
0 0 
0 0 
254 252 
0 0 
0 0 
0 0 
0 0 
0 0 
0 0 
246 246 
0 0 
0 0 
0 0 
0 0 
0 0 
254 244 
0 0 
0 0 
0 0 
0 0 
0 0 
228 246 
0 0 
0 0 
0 0 
0 0 
0 0 
0 0 
0 0 
240 242 
0 0 
0 0 
0 0 
0 0 
0 0 
252 216 
0 0 
0 0 
0 0 
0 0 
0 0 
248 246 
0 0 
0 0 
0 0 
0 0 
0 0 
250 242 
0 0 
0 0 
0 0 
0 0 
0 0 
0 0 
218 246 
0 0 
0 0 
0 0 
0 0 
0 0 
222 584 
0 0 
0 0 
0 0 
0 0 
0 0 
0 0 
0 0 
0 0 
222 244 
0 0 
0 0 
0 0 
0 0 
0 0 
222 300 
0 0 
0 0 
0 0 
0 0 
0 0 
0 0 
0 0 
250 268 
0 0 
0 0 
0 0 
0 0 
0 0 
0 0 
248 246 
0 0 
0 0 
0 0 
0 0 
0 0 
252 248 
0 0 
0 0 
0 0 
0 0 
0 0 
258 244 
0 0 
0 0 
0 0 
0 0 
0 0 
266 246 
0 0 
0 0 
0 0 
0 0 
0 0 
250 232 
0 0 
0 0 
0 0 
0 0 
0 0 
226 246 
0 0 
0 0 
0 0 
0 0 
0 0 
256 228 
0 0 
0 0 
0 0 
0 0 
0 0 
252 266 
0 0 
0 0 
0 0 
0 0 
0 0 
0 0 
218 252 
0 0 
0 0 
0 0 
0 0 
0 0 
220 246 
0 0 
0 0 
0 0 
0 0 
0 0 
0 0 
260 264 
0 0 
0 0 
0 0 
0 0 
0 0 
0 0 
224 234 
0 0 
0 0 
0 0 
0 0 
0 0 
252 246 
0 0 
0 0 
0 0 
0 0 
0 0 
252 250 
0 0 
0 0 
0 0 
0 0 
0 0 
0 0 
228 248 
0 0 
0 0 
0 0 
0 0 
0 0 
256 248 
0 0 
0 0 
0 0 
0 0 
0 0 
0 0 
254 554 
0 0 
0 0 
0 0 
0 0 
0 0 
0 0 
0 0 
0 0 
0 0 
0 0 
0 0 
0 0 
0 0 
0 0 
0 0 
0 0 
0 0 
0 0 
0 0 
0 0 
0 0 
0 0 
0 0 
0 0 
0 0 
0 0 
0 0 
0 0 
0 0 
0 0 
0 0 
0 0 
0 0 
0 0 
0 0 
0 0 
0 0 
0 0 
0 0 
0 0 
0 0 
0 0 
0 0 
0 0 
0 0 
0 0 
0 0 
0 0 
0 0 
0 0 
0 0 
0 0 
0 0 
0 0 
0 0 
0 0 
0 0 
0 0 
0 0 
0 0 
0 0 
264 248 
0 0 
0 0 
0 0 
0 0 
0 0 
246 248 
0 0 
0 0 
0 0 
0 0 
0 0 
256 246 
0 0 
0 0 
0 0 
0 0 
0 0 
252 310 
0 0 
0 0 
0 0 
0 0 
0 0 
0 0 
322 864 
0 0 
0 0 
0 0 
0 0 
0 0 
0 0 
0 0 
0 0 
0 0 
0 0 
0 0 
0 0 
238 236 
0 0 
0 0 
0 0 
0 0 
0 0 
224 226 
0 0 
0 0 
0 0 
0 0 
0 0 
226 248 
0 0 
0 0 
0 0 
0 0 
0 0 
0 0 
228 248 
0 0 
0 0 
0 0 
0 0 
0 0 
252 218 
0 0 
0 0 
0 0 
0 0 
0 0 
252 580 
0 0 
0 0 
0 0 
0 0 
0 0 
0 0 
0 0 
0 0 
0 0 
252 244 
0 0 
0 0 
0 0 
0 0 
0 0 
0 0 
224 244 
0 0 
0 0 
0 0 
0 0 
0 0 
250 242 
0 0 
0 0 
0 0 
0 0 
0 0 
254 246 
0 0 
0 0 
0 0 
0 0 
0 0 
250 218 
0 0 
0 0 
0 0 
0 0 
0 0 
254 248 
0 0 
0 0 
0 0 
0 0 
0 0 
0 0 
352 248 
0 0 
0 0 
0 0 
0 0 
0 0 
0 0 
218 220 
0 0 
0 0 
0 0 
0 0 
0 0 
0 0 
250 248 
0 0 
0 0 
0 0 
0 0 
0 0 
250 238 
0 0 
0 0 
0 0 
0 0 
0 0 
0 0 
0 0 
250 214 
0 0 
0 0 
0 0 
0 0 
0 0 
0 0 
258 246 
0 0 
0 0 
0 0 
0 0 
0 0 
0 0 
592 248 
0 0 
0 0 
0 0 
0 0 
0 0 
0 0 
0 0 
0 0 
244 234 
0 0 
0 0 
0 0 
0 0 
0 0 
252 248 
0 0 
0 0 
0 0 
0 0 
0 0 
0 0 
226 246 
0 0 
0 0 
0 0 
0 0 
0 0 
218 246 
0 0 
0 0 
0 0 
0 0 
0 0 
0 0 
218 242 
0 0 
0 0 
0 0 
0 0 
0 0 
252 668 
0 0 
0 0 
0 0 
0 0 
0 0 
0 0 
0 0 
0 0 
0 0 
252 258 
0 0 
0 0 
0 0 
0 0 
0 0 
244 214 
0 0 
0 0 
0 0 
0 0 
0 0 
364 274 
0 0 
0 0 
0 0 
0 0 
0 0 
0 0 
0 0 
256 248 
0 0 
0 0 
0 0 
0 0 
0 0 
0 0 
224 246 
0 0 
0 0 
0 0 
0 0 
0 0 
246 244 
0 0 
0 0 
0 0 
0 0 
0 0 
224 242 
0 0 
0 0 
0 0 
0 0 
0 0 
252 218 
0 0 
0 0 
0 0 
0 0 
0 0 
0 0 
254 236 
0 0 
0 0 
0 0 
0 0 
0 0 
246 364 
0 0 
0 0 
0 0 
0 0 
0 0 
0 0 
274 214 
0 0 
0 0 
0 0 
0 0 
0 0 
0 0 
224 244 
0 0 
0 0 
0 0 
0 0 
0 0 
254 584 
0 0 
0 0 
0 0 
0 0 
0 0 
0 0 
0 0 
0 0 
224 264 
0 0 
0 0 
0 0 
0 0 
0 0 
254 246 
0 0 
0 0 
0 0 
0 0 
0 0 
248 248 
0 0 
0 0 
0 0 
0 0 
0 0 
254 250 
0 0 
0 0 
0 0 
0 0 
0 0 
0 0 
250 214 
0 0 
0 0 
0 0 
0 0 
0 0 
250 254 
0 0 
0 0 
0 0 
0 0 
0 0 
582 244 
0 0 
0 0 
0 0 
0 0 
0 0 
0 0 
0 0 
0 0 
246 214 
0 0 
0 0 
0 0 
0 0 
0 0 
246 314 
0 0 
0 0 
0 0 
0 0 
0 0 
0 0 
250 242 
0 0 
0 0 
0 0 
0 0 
0 0 
0 0 
266 220 
0 0 
0 0 
0 0 
0 0 
0 0 
216 246 
0 0 
0 0 
0 0 
0 0 
0 0 
216 218 
0 0 
0 0 
0 0 
0 0 
0 0 
248 244 
0 0 
0 0 
0 0 
0 0 
0 0 
0 0 
224 234 
0 0 
0 0 
0 0 
0 0 
0 0 
254 254 
0 0 
0 0 
0 0 
0 0 
0 0 
246 248 
0 0 
0 0 
0 0 
0 0 
0 0 
256 244 
0 0 
0 0 
0 0 
0 0 
0 0 
254 248 
0 0 
0 0 
0 0 
0 0 
0 0 
226 248 
0 0 
0 0 
0 0 
0 0 
0 0 
224 248 
0 0 
0 0 
0 0 
0 0 
0 0 
0 0 
242 234 
0 0 
0 0 
0 0 
0 0 
0 0 
0 0 
250 256 
0 0 
0 0 
0 0 
0 0 
0 0 
0 0 
224 222 
0 0 
0 0 
0 0 
0 0 
0 0 
0 0 
0 0 
256 246 
0 0 
0 0 
0 0 
0 0 
0 0 
0 0 
0 0 
240 244 
0 0 
0 0 
0 0 
0 0 
0 0 
0 0 
224 248 
0 0 
0 0 
0 0 
0 0 
0 0 
256 234 
0 0 
0 0 
0 0 
0 0 
0 0 
258 250 
0 0 
0 0 
0 0 
0 0 
0 0 
254 224 
0 0 
0 0 
0 0 
0 0 
0 0 
250 248 
0 0 
0 0 
0 0 
0 0 
0 0 
248 246 
0 0 
0 0 
0 0 
0 0 
0 0 
0 0 
0 0 
0 0 
0 0 
0 0 
0 0 
504 236 
0 0 
0 0 
0 0 
0 0 
0 0 
0 0 
0 0 
0 0 
224 236 
0 0 
0 0 
0 0 
0 0 
0 0 
248 246 
0 0 
0 0 
0 0 
0 0 
0 0 
248 248 
0 0 
0 0 
0 0 
0 0 
0 0 
0 0 
222 246 
0 0 
0 0 
0 0 
0 0 
0 0 
0 0 
252 246 
0 0 
0 0 
0 0 
0 0 
0 0 
248 552 
0 0 
0 0 
0 0 
0 0 
0 0 
0 0 
0 0 
248 246 
0 0 
0 0 
0 0 
0 0 
0 0 
0 0 
0 0 
252 218 
0 0 
0 0 
0 0 
0 0 
0 0 
250 242 
0 0 
0 0 
0 0 
0 0 
0 0 
254 246 
0 0 
0 0 
0 0 
0 0 
0 0 
254 240 
0 0 
0 0 
0 0 
0 0 
0 0 
0 0 
230 250 
0 0 
0 0 
0 0 
0 0 
0 0 
412 254 
0 0 
0 0 
0 0 
0 0 
0 0 
0 0 
0 0 
252 218 
0 0 
0 0 
0 0 
0 0 
0 0 
254 242 
0 0 
0 0 
0 0 
0 0 
0 0 
240 248 
0 0 
0 0 
0 0 
0 0 
0 0 
256 244 
0 0 
0 0 
0 0 
0 0 
0 0 
254 240 
0 0 
0 0 
0 0 
0 0 
0 0 
248 248 
0 0 
0 0 
0 0 
0 0 
0 0 
0 0 
0 0 
252 246 
0 0 
0 0 
0 0 
0 0 
0 0 
252 238 
0 0 
0 0 
0 0 
0 0 
0 0 
250 360 
0 0 
0 0 
0 0 
0 0 
0 0 
0 0 
250 246 
0 0 
0 0 
0 0 
0 0 
0 0 
0 0 
0 0 
0 0 
268 238 
0 0 
0 0 
0 0 
0 0 
0 0 
0 0 
230 246 
0 0 
0 0 
0 0 
0 0 
0 0 
354 246 
0 0 
0 0 
0 0 
0 0 
0 0 
0 0 
248 236 
0 0 
0 0 
0 0 
0 0 
0 0 
0 0 
256 216 
0 0 
0 0 
0 0 
0 0 
0 0 
250 240 
0 0 
0 0 
0 0 
0 0 
0 0 
0 0 
0 0 
256 248 
0 0 
0 0 
0 0 
0 0 
0 0 
0 0 
256 246 
0 0 
0 0 
0 0 
0 0 
0 0 
218 602 
0 0 
0 0 
0 0 
0 0 
0 0 
0 0 
0 0 
0 0 
0 0 
254 384 
0 0 
0 0 
0 0 
0 0 
0 0 
0 0 
0 0 
250 244 
0 0 
0 0 
0 0 
0 0 
0 0 
0 0 
256 246 
0 0 
0 0 
0 0 
0 0 
0 0 
254 218 
0 0 
0 0 
0 0 
0 0 
0 0 
236 246 
0 0 
0 0 
0 0 
0 0 
0 0 
220 684 
0 0 
0 0 
0 0 
0 0 
0 0 
0 0 
0 0 
0 0 
0 0 
0 0 
0 0 
222 234 
0 0 
0 0 
0 0 
0 0 
0 0 
254 220 
0 0 
0 0 
0 0 
0 0 
0 0 
252 248 
0 0 
0 0 
0 0 
0 0 
0 0 
228 218 
0 0 
0 0 
0 0 
0 0 
0 0 
226 220 
0 0 
0 0 
0 0 
0 0 
0 0 
222 250 
0 0 
0 0 
0 0 
0 0 
0 0 
240 218 
0 0 
0 0 
0 0 
0 0 
0 0 
252 250 
0 0 
0 0 
0 0 
0 0 
0 0 
244 246 
0 0 
0 0 
0 0 
0 0 
0 0 
254 246 
0 0 
0 0 
0 0 
0 0 
0 0 
258 246 
0 0 
0 0 
0 0 
0 0 
0 0 
0 0 
254 248 
0 0 
0 0 
0 0 
0 0 
0 0 
0 0 
248 244 
0 0 
0 0 
0 0 
0 0 
0 0 
0 0 
254 234 
0 0 
0 0 
0 0 
0 0 
0 0 
0 0 
250 238 
0 0 
0 0 
0 0 
0 0 
0 0 
0 0 
256 234 
0 0 
0 0 
0 0 
0 0 
0 0 
0 0 
254 252 
0 0 
0 0 
0 0 
0 0 
0 0 
0 0 
244 248 
0 0 
0 0 
0 0 
0 0 
0 0 
244 246 
0 0 
0 0 
0 0 
0 0 
0 0 
742 244 
0 0 
0 0 
0 0 
0 0 
0 0 
0 0 
0 0 
0 0 
0 0 
254 234 
0 0 
0 0 
0 0 
0 0 
0 0 
254 338 
0 0 
0 0 
0 0 
0 0 
0 0 
0 0 
250 250 
0 0 
0 0 
0 0 
0 0 
0 0 
0 0 
248 216 
0 0 
0 0 
0 0 
0 0 
0 0 
218 246 
0 0 
0 0 
0 0 
0 0 
0 0 
252 754 
0 0 
0 0 
0 0 
0 0 
0 0 
0 0 
0 0 
0 0 
0 0 
0 0 
254 230 
0 0 
0 0 
0 0 
0 0 
0 0 
248 246 
0 0 
0 0 
0 0 
0 0 
0 0 
0 0 
0 0 
0 0 
0 0 
0 0 
0 0 
0 0 
0 0 
0 0 
0 0 
0 0 
0 0 
0 0 
0 0 
0 0 
0 0 
0 0 
0 0 
0 0 
0 0 
0 0 
0 0 
0 0 
0 0 
0 0 
0 0 
0 0 
0 0 
0 0 
0 0 
0 0 
0 0 
0 0 
0 0 
0 0 
0 0 
0 0 
0 0 
0 0 
0 0 
0 0 
0 0 
0 0 
0 0 
0 0 
0 0 
0 0 
0 0 
0 0 
268 254 
0 0 
0 0 
0 0 
0 0 
0 0 
0 0 
254 244 
0 0 
0 0 
0 0 
0 0 
0 0 
246 240 
0 0 
0 0 
0 0 
0 0 
0 0 
332 250 
0 0 
0 0 
0 0 
0 0 
0 0 
0 0 
0 0 
248 236 
0 0 
0 0 
0 0 
0 0 
0 0 
252 248 
0 0 
0 0 
0 0 
0 0 
0 0 
238 246 
0 0 
0 0 
0 0 
0 0 
0 0 
0 0 
250 248 
0 0 
0 0 
0 0 
0 0 
0 0 
0 0 
226 244 
0 0 
0 0 
0 0 
0 0 
0 0 
0 0 
222 594 
0 0 
0 0 
0 0 
0 0 
0 0 
0 0 
0 0 
0 0 
248 240 
0 0 
0 0 
0 0 
0 0 
0 0 
238 250 
0 0 
0 0 
0 0 
0 0 
0 0 
250 240 
0 0 
0 0 
0 0 
0 0 
0 0 
246 246 
0 0 
0 0 
0 0 
0 0 
0 0 
258 222 
0 0 
0 0 
0 0 
0 0 
0 0 
0 0 
248 218 
0 0 
0 0 
0 0 
0 0 
0 0 
516 248 
0 0 
0 0 
0 0 
0 0 
0 0 
0 0 
0 0 
0 0 
236 234 
0 0 
0 0 
0 0 
0 0 
0 0 
252 224 
0 0 
0 0 
0 0 
0 0 
0 0 
250 212 
0 0 
0 0 
0 0 
0 0 
0 0 
286 222 
0 0 
0 0 
0 0 
0 0 
0 0 
250 244 
0 0 
0 0 
0 0 
0 0 
0 0 
0 0 
0 0 
254 604 
0 0 
0 0 
0 0 
0 0 
0 0 
0 0 
0 0 
0 0 
0 0 
252 242 
0 0 
0 0 
0 0 
0 0 
0 0 
250 218 
0 0 
0 0 
0 0 
0 0 
0 0 
252 218 
0 0 
0 0 
0 0 
0 0 
0 0 
220 244 
0 0 
0 0 
0 0 
0 0 
0 0 
250 266 
0 0 
0 0 
0 0 
0 0 
0 0 
248 238 
0 0 
0 0 
0 0 
0 0 
0 0 
684 248 
0 0 
0 0 
0 0 
0 0 
0 0 
0 0 
0 0 
0 0 
0 0 
260 332 
0 0 
0 0 
0 0 
0 0 
0 0 
0 0 
0 0 
250 250 
0 0 
0 0 
0 0 
0 0 
0 0 
250 250 
0 0 
0 0 
0 0 
0 0 
0 0 
248 240 
0 0 
0 0 
0 0 
0 0 
0 0 
256 248 
0 0 
0 0 
0 0 
0 0 
0 0 
0 0 
252 558 
0 0 
0 0 
0 0 
0 0 
0 0 
0 0 
0 0 
0 0 
238 254 
0 0 
0 0 
0 0 
0 0 
0 0 
252 244 
0 0 
0 0 
0 0 
0 0 
0 0 
246 270 
0 0 
0 0 
0 0 
0 0 
0 0 
0 0 
250 248 
0 0 
0 0 
0 0 
0 0 
0 0 
252 248 
0 0 
0 0 
0 0 
0 0 
0 0 
0 0 
250 236 
0 0 
0 0 
0 0 
0 0 
0 0 
0 0 
234 356 
0 0 
0 0 
0 0 
0 0 
0 0 
0 0 
0 0 
0 0 
240 234 
0 0 
0 0 
0 0 
0 0 
0 0 
240 244 
0 0 
0 0 
0 0 
0 0 
0 0 
238 246 
0 0 
0 0 
0 0 
0 0 
0 0 
254 244 
0 0 
0 0 
0 0 
0 0 
0 0 
0 0 
272 246 
0 0 
0 0 
0 0 
0 0 
0 0 
696 250 
0 0 
0 0 
0 0 
0 0 
0 0 
0 0 
0 0 
0 0 
0 0 
254 238 
0 0 
0 0 
0 0 
0 0 
0 0 
258 244 
0 0 
0 0 
0 0 
0 0 
0 0 
250 212 
0 0 
0 0 
0 0 
0 0 
0 0 
214 250 
0 0 
0 0 
0 0 
0 0 
0 0 
250 246 
0 0 
0 0 
0 0 
0 0 
0 0 
250 242 
0 0 
0 0 
0 0 
0 0 
0 0 
0 0 
252 250 
0 0 
0 0 
0 0 
0 0 
0 0 
254 236 
0 0 
0 0 
0 0 
0 0 
0 0 
262 242 
0 0 
0 0 
0 0 
0 0 
0 0 
250 244 
0 0 
0 0 
0 0 
0 0 
0 0 
284 248 
0 0 
0 0 
0 0 
0 0 
0 0 
0 0 
254 246 
0 0 
0 0 
0 0 
0 0 
0 0 
250 226 
0 0 
0 0 
0 0 
0 0 
0 0 
288 246 
0 0 
0 0 
0 0 
0 0 
0 0 
0 0 
252 240 
0 0 
0 0 
0 0 
0 0 
0 0 
250 248 
0 0 
0 0 
0 0 
0 0 
0 0 
248 248 
0 0 
0 0 
0 0 
0 0 
0 0 
250 222 
0 0 
0 0 
0 0 
0 0 
0 0 
286 248 
0 0 
0 0 
0 0 
0 0 
0 0 
0 0 
254 250 
0 0 
0 0 
0 0 
0 0 
0 0 
0 0 
248 248 
0 0 
0 0 
0 0 
0 0 
0 0 
0 0 
240 240 
0 0 
0 0 
0 0 
0 0 
0 0 
0 0 
246 234 
0 0 
0 0 
0 0 
0 0 
0 0 
0 0 
220 252 
0 0 
0 0 
0 0 
0 0 
0 0 
0 0 
360 250 
0 0 
0 0 
0 0 
0 0 
0 0 
0 0 
250 238 
0 0 
0 0 
0 0 
0 0 
0 0 
0 0 
318 244 
0 0 
0 0 
0 0 
0 0 
0 0 
0 0 
0 0 
228 254 
0 0 
0 0 
0 0 
0 0 
0 0 
0 0 
258 246 
0 0 
0 0 
0 0 
0 0 
0 0 
0 0 
0 0 
250 244 
0 0 
0 0 
0 0 
0 0 
0 0 
0 0 
248 246 
0 0 
0 0 
0 0 
0 0 
0 0 
0 0 
254 250 
0 0 
0 0 
0 0 
0 0 
0 0 
378 240 
0 0 
0 0 
0 0 
0 0 
0 0 
0 0 
0 0 
0 0 
236 240 
0 0 
0 0 
0 0 
0 0 
0 0 
254 244 
0 0 
0 0 
0 0 
0 0 
0 0 
0 0 
240 248 
0 0 
0 0 
0 0 
0 0 
0 0 
0 0 
252 246 
0 0 
0 0 
0 0 
0 0 
0 0 
0 0 
254 216 
0 0 
0 0 
0 0 
0 0 
0 0 
920 244 
0 0 
0 0 
0 0 
0 0 
0 0 
0 0 
0 0 
0 0 
0 0 
0 0 
0 0 
236 220 
0 0 
0 0 
0 0 
0 0 
0 0 
220 250 
0 0 
0 0 
0 0 
0 0 
0 0 
220 258 
0 0 
0 0 
0 0 
0 0 
0 0 
246 254 
0 0 
0 0 
0 0 
0 0 
0 0 
254 248 
0 0 
0 0 
0 0 
0 0 
0 0 
246 700 
0 0 
0 0 
0 0 
0 0 
0 0 
0 0 
0 0 
0 0 
0 0 
0 0 
274 214 
0 0 
0 0 
0 0 
0 0 
0 0 
0 0 
240 260 
0 0 
0 0 
0 0 
0 0 
0 0 
0 0 
246 244 
0 0 
0 0 
0 0 
0 0 
0 0 
238 240 
0 0 
0 0 
0 0 
0 0 
0 0 
0 0 
0 0 
258 284 
0 0 
0 0 
0 0 
0 0 
0 0 
0 0 
656 246 
0 0 
0 0 
0 0 
0 0 
0 0 
0 0 
0 0 
0 0 
0 0 
246 236 
0 0 
0 0 
0 0 
0 0 
0 0 
0 0 
256 246 
0 0 
0 0 
0 0 
0 0 
0 0 
250 250 
0 0 
0 0 
0 0 
0 0 
0 0 
278 244 
0 0 
0 0 
0 0 
0 0 
0 0 
0 0 
248 250 
0 0 
0 0 
0 0 
0 0 
0 0 
292 716 
0 0 
0 0 
0 0 
0 0 
0 0 
0 0 
0 0 
0 0 
0 0 
0 0 
0 0 
252 236 
0 0 
0 0 
0 0 
0 0 
0 0 
250 300 
0 0 
0 0 
0 0 
0 0 
0 0 
0 0 
0 0 
250 244 
0 0 
0 0 
0 0 
0 0 
0 0 
258 246 
0 0 
0 0 
0 0 
0 0 
0 0 
0 0 
316 252 
0 0 
0 0 
0 0 
0 0 
0 0 
0 0 
576 246 
0 0 
0 0 
0 0 
0 0 
0 0 
0 0 
0 0 
0 0 
252 236 
0 0 
0 0 
0 0 
0 0 
0 0 
238 248 
0 0 
0 0 
0 0 
0 0 
0 0 
250 216 
0 0 
0 0 
0 0 
0 0 
0 0 
222 246 
0 0 
0 0 
0 0 
0 0 
0 0 
220 242 
0 0 
0 0 
0 0 
0 0 
0 0 
0 0 
0 0 
248 630 
0 0 
0 0 
0 0 
0 0 
0 0 
0 0 
0 0 
0 0 
0 0 
220 232 
0 0 
0 0 
0 0 
0 0 
0 0 
0 0 
0 0 
250 224 
0 0 
0 0 
0 0 
0 0 
0 0 
224 246 
0 0 
0 0 
0 0 
0 0 
0 0 
254 246 
0 0 
0 0 
0 0 
0 0 
0 0 
0 0 
250 250 
0 0 
0 0 
0 0 
0 0 
0 0 
240 250 
0 0 
0 0 
0 0 
0 0 
0 0 
0 0 
252 248 
0 0 
0 0 
0 0 
0 0 
0 0 
0 0 
226 232 
0 0 
0 0 
0 0 
0 0 
0 0 
224 246 
0 0 
0 0 
0 0 
0 0 
0 0 
246 244 
0 0 
0 0 
0 0 
0 0 
0 0 
0 0 
0 0 
224 246 
0 0 
0 0 
0 0 
0 0 
0 0 
0 0 
224 246 
0 0 
0 0 
0 0 
0 0 
0 0 
220 562 
0 0 
0 0 
0 0 
0 0 
0 0 
0 0 
0 0 
0 0 
248 236 
0 0 
0 0 
0 0 
0 0 
0 0 
240 244 
0 0 
0 0 
0 0 
0 0 
0 0 
216 244 
0 0 
0 0 
0 0 
0 0 
0 0 
248 242 
0 0 
0 0 
0 0 
0 0 
0 0 
0 0 
226 244 
0 0 
0 0 
0 0 
0 0 
0 0 
244 254 
0 0 
0 0 
0 0 
0 0 
0 0 
0 0 
272 246 
0 0 
0 0 
0 0 
0 0 
0 0 
0 0 
0 0 
244 236 
0 0 
0 0 
0 0 
0 0 
0 0 
250 216 
0 0 
0 0 
0 0 
0 0 
0 0 
0 0 
254 244 
0 0 
0 0 
0 0 
0 0 
0 0 
0 0 
0 0 
250 226 
0 0 
0 0 
0 0 
0 0 
0 0 
0 0 
0 0 
0 0 
0 0 
0 0 
0 0 
0 0 
0 0 
0 0 
0 0 
0 0 
0 0 
0 0 
0 0 
0 0 
0 0 
0 0 
0 0 
0 0 
0 0 
0 0 
0 0 
0 0 
0 0 
0 0 
0 0 
0 0 
0 0 
0 0 
0 0 
0 0 
0 0 
0 0 
0 0 
0 0 
0 0 
0 0 
0 0 
0 0 
0 0 
0 0 
0 0 
0 0 
0 0 
0 0 
262 214 
0 0 
0 0 
0 0 
0 0 
0 0 
0 0 
234 246 
0 0 
0 0 
0 0 
0 0 
0 0 
0 0 
0 0 
220 240 
0 0 
0 0 
0 0 
0 0 
0 0 
222 250 
0 0 
0 0 
0 0 
0 0 
0 0 
248 220 
0 0 
0 0 
0 0 
0 0 
0 0 
222 242 
0 0 
0 0 
0 0 
0 0 
0 0 
0 0 
0 0 
0 0 
234 246 
0 0 
0 0 
0 0 
0 0 
0 0 
0 0 
436 246 
0 0 
0 0 
0 0 
0 0 
0 0 
0 0 
0 0 
224 240 
0 0 
0 0 
0 0 
0 0 
0 0 
0 0 
254 294 
0 0 
0 0 
0 0 
0 0 
0 0 
0 0 
0 0 
0 0 
252 242 
0 0 
0 0 
0 0 
0 0 
0 0 
0 0 
254 248 
0 0 
0 0 
0 0 
0 0 
0 0 
256 216 
0 0 
0 0 
0 0 
0 0 
0 0 
538 242 
0 0 
0 0 
0 0 
0 0 
0 0 
0 0 
0 0 
0 0 
250 236 
0 0 
0 0 
0 0 
0 0 
0 0 
252 328 
0 0 
0 0 
0 0 
0 0 
0 0 
0 0 
252 246 
0 0 
0 0 
0 0 
0 0 
0 0 
250 246 
0 0 
0 0 
0 0 
0 0 
0 0 
0 0 
218 246 
0 0 
0 0 
0 0 
0 0 
0 0 
250 568 
0 0 
0 0 
0 0 
0 0 
0 0 
0 0 
0 0 
0 0 
0 0 
0 0 
246 216 
0 0 
0 0 
0 0 
0 0 
0 0 
0 0 
250 220 
0 0 
0 0 
0 0 
0 0 
0 0 
248 312 
0 0 
0 0 
0 0 
0 0 
0 0 
0 0 
254 252 
0 0 
0 0 
0 0 
0 0 
0 0 
234 248 
0 0 
0 0 
0 0 
0 0 
0 0 
248 278 
0 0 
0 0 
0 0 
0 0 
0 0 
0 0 
252 250 
0 0 
0 0 
0 0 
0 0 
0 0 
0 0 
242 248 
0 0 
0 0 
0 0 
0 0 
0 0 
252 230 
0 0 
0 0 
0 0 
0 0 
0 0 
252 240 
0 0 
0 0 
0 0 
0 0 
0 0 
0 0 
220 218 
0 0 
0 0 
0 0 
0 0 
0 0 
250 240 
0 0 
0 0 
0 0 
0 0 
0 0 
0 0 
222 556 
0 0 
0 0 
0 0 
0 0 
0 0 
0 0 
0 0 
0 0 
250 248 
0 0 
0 0 
0 0 
0 0 
0 0 
0 0 
282 226 
0 0 
0 0 
0 0 
0 0 
0 0 
0 0 
258 246 
0 0 
0 0 
0 0 
0 0 
0 0 
246 246 
0 0 
0 0 
0 0 
0 0 
0 0 
254 216 
0 0 
0 0 
0 0 
0 0 
0 0 
252 240 
0 0 
0 0 
0 0 
0 0 
0 0 
0 0 
314 246 
0 0 
0 0 
0 0 
0 0 
0 0 
252 228 
0 0 
0 0 
0 0 
0 0 
0 0 
250 244 
0 0 
0 0 
0 0 
0 0 
0 0 
250 248 
0 0 
0 0 
0 0 
0 0 
0 0 
266 248 
0 0 
0 0 
0 0 
0 0 
0 0 
0 0 
222 246 
0 0 
0 0 
0 0 
0 0 
0 0 
250 230 
0 0 
0 0 
0 0 
0 0 
0 0 
236 244 
0 0 
0 0 
0 0 
0 0 
0 0 
274 244 
0 0 
0 0 
0 0 
0 0 
0 0 
0 0 
224 398 
0 0 
0 0 
0 0 
0 0 
0 0 
0 0 
218 248 
0 0 
0 0 
0 0 
0 0 
0 0 
222 246 
0 0 
0 0 
0 0 
0 0 
0 0 
250 242 
0 0 
0 0 
0 0 
0 0 
0 0 
248 246 
0 0 
0 0 
0 0 
0 0 
0 0 
226 248 
0 0 
0 0 
0 0 
0 0 
0 0 
286 230 
0 0 
0 0 
0 0 
0 0 
0 0 
0 0 
222 246 
0 0 
0 0 
0 0 
0 0 
0 0 
0 0 
254 296 
0 0 
0 0 
0 0 
0 0 
0 0 
0 0 
244 242 
0 0 
0 0 
0 0 
0 0 
0 0 
220 246 
0 0 
0 0 
0 0 
0 0 
0 0 
0 0 
0 0 
0 0 
534 244 
0 0 
0 0 
0 0 
0 0 
0 0 
0 0 
0 0 
0 0 
248 222 
0 0 
0 0 
0 0 
0 0 
0 0 
252 244 
0 0 
0 0 
0 0 
0 0 
0 0 
248 254 
0 0 
0 0 
0 0 
0 0 
0 0 
0 0 
256 238 
0 0 
0 0 
0 0 
0 0 
0 0 
224 248 
0 0 
0 0 
0 0 
0 0 
0 0 
298 748 
0 0 
0 0 
0 0 
0 0 
0 0 
0 0 
0 0 
0 0 
0 0 
0 0 
242 234 
0 0 
0 0 
0 0 
0 0 
0 0 
250 244 
0 0 
0 0 
0 0 
0 0 
0 0 
224 246 
0 0 
0 0 
0 0 
0 0 
0 0 
252 232 
0 0 
0 0 
0 0 
0 0 
0 0 
252 214 
0 0 
0 0 
0 0 
0 0 
0 0 
276 248 
0 0 
0 0 
0 0 
0 0 
0 0 
532 220 
0 0 
0 0 
0 0 
0 0 
0 0 
0 0 
0 0 
236 220 
0 0 
0 0 
0 0 
0 0 
0 0 
0 0 
0 0 
250 244 
0 0 
0 0 
0 0 
0 0 
0 0 
0 0 
0 0 
0 0 
256 246 
0 0 
0 0 
0 0 
0 0 
0 0 
250 234 
0 0 
0 0 
0 0 
0 0 
0 0 
0 0 
252 250 
0 0 
0 0 
0 0 
0 0 
0 0 
0 0 
370 244 
0 0 
0 0 
0 0 
0 0 
0 0 
0 0 
216 234 
0 0 
0 0 
0 0 
0 0 
0 0 
218 248 
0 0 
0 0 
0 0 
0 0 
0 0 
222 244 
0 0 
0 0 
0 0 
0 0 
0 0 
256 222 
0 0 
0 0 
0 0 
0 0 
0 0 
216 244 
0 0 
0 0 
0 0 
0 0 
0 0 
0 0 
248 216 
0 0 
0 0 
0 0 
0 0 
0 0 
234 242 
0 0 
0 0 
0 0 
0 0 
0 0 
0 0 
252 236 
0 0 
0 0 
0 0 
0 0 
0 0 
0 0 
250 248 
0 0 
0 0 
0 0 
0 0 
0 0 
0 0 
256 246 
0 0 
0 0 
0 0 
0 0 
0 0 
254 302 
0 0 
0 0 
0 0 
0 0 
0 0 
0 0 
0 0 
270 246 
0 0 
0 0 
0 0 
0 0 
0 0 
0 0 
604 250 
0 0 
0 0 
0 0 
0 0 
0 0 
0 0 
0 0 
0 0 
248 236 
0 0 
0 0 
0 0 
0 0 
0 0 
254 234 
0 0 
0 0 
0 0 
0 0 
0 0 
0 0 
224 216 
0 0 
0 0 
0 0 
0 0 
0 0 
0 0 
250 248 
0 0 
0 0 
0 0 
0 0 
0 0 
0 0 
254 246 
0 0 
0 0 
0 0 
0 0 
0 0 
0 0 
320 630 
0 0 
0 0 
0 0 
0 0 
0 0 
0 0 
0 0 
0 0 
0 0 
0 0 
230 236 
0 0 
0 0 
0 0 
0 0 
0 0 
254 354 
0 0 
0 0 
0 0 
0 0 
0 0 
0 0 
248 244 
0 0 
0 0 
0 0 
0 0 
0 0 
0 0 
218 244 
0 0 
0 0 
0 0 
0 0 
0 0 
278 220 
0 0 
0 0 
0 0 
0 0 
0 0 
262 546 
0 0 
0 0 
0 0 
0 0 
0 0 
0 0 
0 0 
0 0 
254 240 
0 0 
0 0 
0 0 
0 0 
0 0 
244 236 
0 0 
0 0 
0 0 
0 0 
0 0 
224 244 
0 0 
0 0 
0 0 
0 0 
0 0 
224 242 
0 0 
0 0 
0 0 
0 0 
0 0 
218 242 
0 0 
0 0 
0 0 
0 0 
0 0 
254 230 
0 0 
0 0 
0 0 
0 0 
0 0 
680 252 
0 0 
0 0 
0 0 
0 0 
0 0 
0 0 
0 0 
0 0 
224 240 
0 0 
0 0 
0 0 
0 0 
0 0 
222 244 
0 0 
0 0 
0 0 
0 0 
0 0 
0 0 
0 0 
0 0 
250 244 
0 0 
0 0 
0 0 
0 0 
0 0 
252 306 
0 0 
0 0 
0 0 
0 0 
0 0 
0 0 
252 250 
0 0 
0 0 
0 0 
0 0 
0 0 
0 0 
632 244 
0 0 
0 0 
0 0 
0 0 
0 0 
0 0 
0 0 
0 0 
416 218 
0 0 
0 0 
0 0 
0 0 
0 0 
0 0 
220 230 
0 0 
0 0 
0 0 
0 0 
0 0 
0 0 
254 246 
0 0 
0 0 
0 0 
0 0 
0 0 
346 212 
0 0 
0 0 
0 0 
0 0 
0 0 
0 0 
254 224 
0 0 
0 0 
0 0 
0 0 
0 0 
0 0 
692 244 
0 0 
0 0 
0 0 
0 0 
0 0 
0 0 
0 0 
0 0 
0 0 
252 216 
0 0 
0 0 
0 0 
0 0 
0 0 
220 248 
0 0 
0 0 
0 0 
0 0 
0 0 
250 246 
0 0 
0 0 
0 0 
0 0 
0 0 
250 290 
0 0 
0 0 
0 0 
0 0 
0 0 
0 0 
246 246 
0 0 
0 0 
0 0 
0 0 
0 0 
254 244 
0 0 
0 0 
0 0 
0 0 
0 0 
0 0 
250 246 
0 0 
0 0 
0 0 
0 0 
0 0 
224 236 
0 0 
0 0 
0 0 
0 0 
0 0 
254 246 
0 0 
0 0 
0 0 
0 0 
0 0 
0 0 
250 218 
0 0 
0 0 
0 0 
0 0 
0 0 
224 246 
0 0 
0 0 
0 0 
0 0 
0 0 
218 248 
0 0 
0 0 
0 0 
0 0 
0 0 
0 0 
0 0 
228 588 
0 0 
0 0 
0 0 
0 0 
0 0 
0 0 
0 0 
0 0 
324 238 
0 0 
0 0 
0 0 
0 0 
0 0 
0 0 
250 246 
0 0 
0 0 
0 0 
0 0 
0 0 
258 244 
0 0 
0 0 
0 0 
0 0 
0 0 
274 252 
0 0 
0 0 
0 0 
0 0 
0 0 
0 0 
256 244 
0 0 
0 0 
0 0 
0 0 
0 0 
0 0 
252 728 
0 0 
0 0 
0 0 
0 0 
0 0 
0 0 
0 0 
0 0 
0 0 
0 0 
250 232 
0 0 
0 0 
0 0 
0 0 
0 0 
0 0 
0 0 
0 0 
0 0 
0 0 
0 0 
0 0 
0 0 
0 0 
0 0 
0 0 
0 0 
0 0 
0 0 
0 0 
0 0 
0 0 
0 0 
0 0 
0 0 
0 0 
0 0 
0 0 
0 0 
0 0 
0 0 
0 0 
0 0 
0 0 
0 0 
0 0 
0 0 
0 0 
0 0 
0 0 
0 0 
0 0 
0 0 
0 0 
0 0 
0 0 
0 0 
0 0 
0 0 
0 0 
266 244 
0 0 
0 0 
0 0 
0 0 
0 0 
222 248 
0 0 
0 0 
0 0 
0 0 
0 0 
250 244 
0 0 
0 0 
0 0 
0 0 
0 0 
248 252 
0 0 
0 0 
0 0 
0 0 
0 0 
0 0 
250 250 
0 0 
0 0 
0 0 
0 0 
0 0 
0 0 
252 246 
0 0 
0 0 
0 0 
0 0 
0 0 
248 236 
0 0 
0 0 
0 0 
0 0 
0 0 
238 268 
0 0 
0 0 
0 0 
0 0 
0 0 
254 248 
0 0 
0 0 
0 0 
0 0 
0 0 
226 242 
0 0 
0 0 
0 0 
0 0 
0 0 
248 250 
0 0 
0 0 
0 0 
0 0 
0 0 
258 244 
0 0 
0 0 
0 0 
0 0 
0 0 
0 0 
254 248 
0 0 
0 0 
0 0 
0 0 
0 0 
224 234 
0 0 
0 0 
0 0 
0 0 
0 0 
252 248 
0 0 
0 0 
0 0 
0 0 
0 0 
250 240 
0 0 
0 0 
0 0 
0 0 
0 0 
0 0 
246 252 
0 0 
0 0 
0 0 
0 0 
0 0 
0 0 
248 244 
0 0 
0 0 
0 0 
0 0 
0 0 
248 254 
0 0 
0 0 
0 0 
0 0 
0 0 
350 248 
0 0 
0 0 
0 0 
0 0 
0 0 
0 0 
270 240 
0 0 
0 0 
0 0 
0 0 
0 0 
0 0 
252 248 
0 0 
0 0 
0 0 
0 0 
0 0 
250 244 
0 0 
0 0 
0 0 
0 0 
0 0 
254 246 
0 0 
0 0 
0 0 
0 0 
0 0 
252 246 
0 0 
0 0 
0 0 
0 0 
0 0 
0 0 
250 556 
0 0 
0 0 
0 0 
0 0 
0 0 
0 0 
0 0 
0 0 
252 246 
0 0 
0 0 
0 0 
0 0 
0 0 
222 246 
0 0 
0 0 
0 0 
0 0 
0 0 
246 254 
0 0 
0 0 
0 0 
0 0 
0 0 
0 0 
246 246 
0 0 
0 0 
0 0 
0 0 
0 0 
250 244 
0 0 
0 0 
0 0 
0 0 
0 0 
0 0 
252 250 
0 0 
0 0 
0 0 
0 0 
0 0 
310 246 
0 0 
0 0 
0 0 
0 0 
0 0 
0 0 
252 230 
0 0 
0 0 
0 0 
0 0 
0 0 
246 248 
0 0 
0 0 
0 0 
0 0 
0 0 
0 0 
248 264 
0 0 
0 0 
0 0 
0 0 
0 0 
254 252 
0 0 
0 0 
0 0 
0 0 
0 0 
0 0 
246 244 
0 0 
0 0 
0 0 
0 0 
0 0 
254 222 
0 0 
0 0 
0 0 
0 0 
0 0 
236 248 
0 0 
0 0 
0 0 
0 0 
0 0 
248 232 
0 0 
0 0 
0 0 
0 0 
0 0 
224 246 
0 0 
0 0 
0 0 
0 0 
0 0 
250 244 
0 0 
0 0 
0 0 
0 0 
0 0 
250 234 
0 0 
0 0 
0 0 
0 0 
0 0 
248 248 
0 0 
0 0 
0 0 
0 0 
0 0 
250 246 
0 0 
0 0 
0 0 
0 0 
0 0 
360 248 
0 0 
0 0 
0 0 
0 0 
0 0 
0 0 
0 0 
250 234 
0 0 
0 0 
0 0 
0 0 
0 0 
0 0 
272 242 
0 0 
0 0 
0 0 
0 0 
0 0 
0 0 
248 242 
0 0 
0 0 
0 0 
0 0 
0 0 
248 256 
0 0 
0 0 
0 0 
0 0 
0 0 
250 266 
0 0 
0 0 
0 0 
0 0 
0 0 
254 712 
0 0 
0 0 
0 0 
0 0 
0 0 
0 0 
0 0 
0 0 
0 0 
66 246 
0 0 
0 0 
0 0 
0 0 
0 0 
254 250 
0 0 
0 0 
0 0 
0 0 
0 0 
0 0 
228 248 
0 0 
0 0 
0 0 
0 0 
0 0 
246 252 
0 0 
0 0 
0 0 
0 0 
0 0 
252 248 
0 0 
0 0 
0 0 
0 0 
0 0 
0 0 
248 56 
0 0 
0 0 
0 0 
0 0 
558 252 
0 0 
0 0 
0 0 
0 0 
0 0 
0 0 
0 0 
0 0 
246 236 
0 0 
0 0 
0 0 
0 0 
0 0 
252 248 
0 0 
0 0 
0 0 
0 0 
0 0 
254 64 
0 0 
0 0 
0 0 
0 0 
0 0 
224 164 
0 0 
0 0 
0 0 
0 0 
0 0 
226 174 
0 0 
0 0 
0 0 
0 0 
0 0 
0 0 
356 68 
0 0 
0 0 
0 0 
0 0 
0 0 
222 66 
0 0 
0 0 
0 0 
0 0 
0 0 
252 66 
0 0 
0 0 
0 0 
0 0 
0 0 
252 60 
0 0 
0 0 
0 0 
0 0 
218 62 
0 0 
0 0 
0 0 
0 0 
266 66 
0 0 
0 0 
0 0 
0 0 
0 0 
224 72 
0 0 
0 0 
0 0 
0 0 
248 246 
0 0 
0 0 
0 0 
0 0 
0 0 
0 0 
266 702 
0 0 
0 0 
0 0 
0 0 
0 0 
0 0 
0 0 
0 0 
0 0 
302 172 
0 0 
0 0 
0 0 
0 0 
0 0 
0 0 
250 66 
0 0 
0 0 
0 0 
0 0 
384 242 
0 0 
0 0 
0 0 
0 0 
0 0 
0 0 
246 246 
0 0 
0 0 
0 0 
0 0 
0 0 
0 0 
248 246 
0 0 
0 0 
0 0 
0 0 
0 0 
270 706 
0 0 
0 0 
0 0 
0 0 
0 0 
0 0 
0 0 
0 0 
0 0 
268 254 
0 0 
0 0 
0 0 
0 0 
0 0 
0 0 
246 66 
0 0 
0 0 
0 0 
0 0 
254 242 
0 0 
0 0 
0 0 
0 0 
0 0 
250 248 
0 0 
0 0 
0 0 
0 0 
0 0 
250 248 
0 0 
0 0 
0 0 
0 0 
0 0 
0 0 
240 258 
0 0 
0 0 
0 0 
0 0 
0 0 
464 260 
0 0 
0 0 
0 0 
0 0 
0 0 
0 0 
0 0 
248 234 
0 0 
0 0 
0 0 
0 0 
0 0 
248 250 
0 0 
0 0 
0 0 
0 0 
0 0 
0 0 
252 246 
0 0 
0 0 
0 0 
0 0 
0 0 
0 0 
246 250 
0 0 
0 0 
0 0 
0 0 
0 0 
238 250 
0 0 
0 0 
0 0 
0 0 
0 0 
254 250 
0 0 
0 0 
0 0 
0 0 
0 0 
0 0 
250 244 
0 0 
0 0 
0 0 
0 0 
0 0 
246 406 
0 0 
0 0 
0 0 
0 0 
0 0 
0 0 
262 240 
0 0 
0 0 
0 0 
0 0 
0 0 
0 0 
252 240 
0 0 
0 0 
0 0 
0 0 
0 0 
248 252 
0 0 
0 0 
0 0 
0 0 
0 0 
0 0 
254 248 
0 0 
0 0 
0 0 
0 0 
0 0 
252 556 
0 0 
0 0 
0 0 
0 0 
0 0 
0 0 
0 0 
0 0 
248 248 
0 0 
0 0 
0 0 
0 0 
0 0 
254 244 
0 0 
0 0 
0 0 
0 0 
0 0 
252 250 
0 0 
0 0 
0 0 
0 0 
0 0 
252 238 
0 0 
0 0 
0 0 
0 0 
0 0 
254 244 
0 0 
0 0 
0 0 
0 0 
0 0 
252 246 
0 0 
0 0 
0 0 
0 0 
0 0 
0 0 
362 238 
0 0 
0 0 
0 0 
0 0 
0 0 
0 0 
250 220 
0 0 
0 0 
0 0 
0 0 
0 0 
250 248 
0 0 
0 0 
0 0 
0 0 
0 0 
0 0 
250 248 
0 0 
0 0 
0 0 
0 0 
0 0 
244 246 
0 0 
0 0 
0 0 
0 0 
0 0 
0 0 
220 244 
0 0 
0 0 
0 0 
0 0 
0 0 
250 248 
0 0 
0 0 
0 0 
0 0 
0 0 
256 234 
0 0 
0 0 
0 0 
0 0 
0 0 
0 0 
248 232 
0 0 
0 0 
0 0 
0 0 
0 0 
220 250 
0 0 
0 0 
0 0 
0 0 
0 0 
252 250 
0 0 
0 0 
0 0 
0 0 
0 0 
248 240 
0 0 
0 0 
0 0 
0 0 
0 0 
0 0 
256 250 
0 0 
0 0 
0 0 
0 0 
0 0 
226 242 
0 0 
0 0 
0 0 
0 0 
0 0 
468 262 
0 0 
0 0 
0 0 
0 0 
0 0 
0 0 
0 0 
238 236 
0 0 
0 0 
0 0 
0 0 
0 0 
244 248 
0 0 
0 0 
0 0 
0 0 
0 0 
240 248 
0 0 
0 0 
0 0 
0 0 
0 0 
238 246 
0 0 
0 0 
0 0 
0 0 
0 0 
246 240 
0 0 
0 0 
0 0 
0 0 
0 0 
246 244 
0 0 
0 0 
0 0 
0 0 
0 0 
250 248 
0 0 
0 0 
0 0 
0 0 
0 0 
240 222 
0 0 
0 0 
0 0 
0 0 
0 0 
248 230 
0 0 
0 0 
0 0 
0 0 
0 0 
224 300 
0 0 
0 0 
0 0 
0 0 
0 0 
0 0 
374 224 
0 0 
0 0 
0 0 
0 0 
0 0 
0 0 
234 220 
0 0 
0 0 
0 0 
0 0 
0 0 
226 708 
0 0 
0 0 
0 0 
0 0 
0 0 
0 0 
0 0 
0 0 
0 0 
252 248 
0 0 
0 0 
0 0 
0 0 
0 0 
0 0 
248 244 
0 0 
0 0 
0 0 
0 0 
0 0 
248 244 
0 0 
0 0 
0 0 
0 0 
0 0 
0 0 
252 232 
0 0 
0 0 
0 0 
0 0 
0 0 
246 246 
0 0 
0 0 
0 0 
0 0 
0 0 
242 244 
0 0 
0 0 
0 0 
0 0 
0 0 
262 246 
0 0 
0 0 
0 0 
0 0 
0 0 
0 0 
256 226 
0 0 
0 0 
0 0 
0 0 
0 0 
236 238 
0 0 
0 0 
0 0 
0 0 
0 0 
252 236 
0 0 
0 0 
0 0 
0 0 
0 0 
334 246 
0 0 
0 0 
0 0 
0 0 
0 0 
0 0 
252 248 
0 0 
0 0 
0 0 
0 0 
0 0 
0 0 
254 250 
0 0 
0 0 
0 0 
0 0 
0 0 
406 236 
0 0 
0 0 
0 0 
0 0 
0 0 
0 0 
366 242 
0 0 
0 0 
0 0 
0 0 
0 0 
0 0 
0 0 
254 248 
0 0 
0 0 
0 0 
0 0 
0 0 
0 0 
252 248 
0 0 
0 0 
0 0 
0 0 
0 0 
0 0 
0 0 
0 0 
0 0 
0 0 
0 0 
0 0 
0 0 
0 0 
0 0 
0 0 
0 0 
0 0 
0 0 
0 0 
0 0 
0 0 
0 0 
0 0 
0 0 
0 0 
0 0 
0 0 
0 0 
0 0 
0 0 
0 0 
0 0 
0 0 
0 0 
0 0 
0 0 
0 0 
0 0 
0 0 
0 0 
0 0 
0 0 
0 0 
0 0 
0 0 
0 0 
0 0 
0 0 
0 0 
270 248 
0 0 
0 0 
0 0 
0 0 
0 0 
0 0 
240 246 
0 0 
0 0 
0 0 
0 0 
0 0 
336 246 
0 0 
0 0 
0 0 
0 0 
0 0 
0 0 
256 238 
0 0 
0 0 
0 0 
0 0 
0 0 
252 250 
0 0 
0 0 
0 0 
0 0 
0 0 
248 244 
0 0 
0 0 
0 0 
0 0 
0 0 
0 0 
252 246 
0 0 
0 0 
0 0 
0 0 
0 0 
258 230 
0 0 
0 0 
0 0 
0 0 
0 0 
252 246 
0 0 
0 0 
0 0 
0 0 
0 0 
342 252 
0 0 
0 0 
0 0 
0 0 
0 0 
0 0 
244 230 
0 0 
0 0 
0 0 
0 0 
0 0 
256 248 
0 0 
0 0 
0 0 
0 0 
0 0 
0 0 
240 248 
0 0 
0 0 
0 0 
0 0 
0 0 
0 0 
252 244 
0 0 
0 0 
0 0 
0 0 
0 0 
242 250 
0 0 
0 0 
0 0 
0 0 
0 0 
248 246 
0 0 
0 0 
0 0 
0 0 
0 0 
260 252 
0 0 
0 0 
0 0 
0 0 
0 0 
252 236 
0 0 
0 0 
0 0 
0 0 
0 0 
252 254 
0 0 
0 0 
0 0 
0 0 
0 0 
258 246 
0 0 
0 0 
0 0 
0 0 
0 0 
0 0 
240 250 
0 0 
0 0 
0 0 
0 0 
0 0 
248 250 
0 0 
0 0 
0 0 
0 0 
0 0 
246 246 
0 0 
0 0 
0 0 
0 0 
0 0 
238 236 
0 0 
0 0 
0 0 
0 0 
0 0 
248 246 
0 0 
0 0 
0 0 
0 0 
0 0 
258 236 
0 0 
0 0 
0 0 
0 0 
0 0 
254 244 
0 0 
0 0 
0 0 
0 0 
0 0 
0 0 
256 238 
0 0 
0 0 
0 0 
0 0 
0 0 
252 240 
0 0 
0 0 
0 0 
0 0 
0 0 
248 244 
0 0 
0 0 
0 0 
0 0 
0 0 
364 244 
0 0 
0 0 
0 0 
0 0 
0 0 
0 0 
252 232 
0 0 
0 0 
0 0 
0 0 
0 0 
0 0 
252 248 
0 0 
0 0 
0 0 
0 0 
0 0 
236 248 
0 0 
0 0 
0 0 
0 0 
0 0 
250 244 
0 0 
0 0 
0 0 
0 0 
0 0 
250 246 
0 0 
0 0 
0 0 
0 0 
0 0 
248 236 
0 0 
0 0 
0 0 
0 0 
0 0 
296 246 
0 0 
0 0 
0 0 
0 0 
0 0 
0 0 
256 236 
0 0 
0 0 
0 0 
0 0 
0 0 
250 232 
0 0 
0 0 
0 0 
0 0 
0 0 
248 248 
0 0 
0 0 
0 0 
0 0 
0 0 
246 250 
0 0 
0 0 
0 0 
0 0 
0 0 
0 0 
248 246 
0 0 
0 0 
0 0 
0 0 
0 0 
0 0 
256 242 
0 0 
0 0 
0 0 
0 0 
0 0 
274 248 
0 0 
0 0 
0 0 
0 0 
0 0 
254 236 
0 0 
0 0 
0 0 
0 0 
0 0 
0 0 
252 246 
0 0 
0 0 
0 0 
0 0 
0 0 
0 0 
242 250 
0 0 
0 0 
0 0 
0 0 
0 0 
256 248 
0 0 
0 0 
0 0 
0 0 
0 0 
256 246 
0 0 
0 0 
0 0 
0 0 
0 0 
0 0 
250 538 
0 0 
0 0 
0 0 
0 0 
0 0 
0 0 
0 0 
0 0 
248 240 
0 0 
0 0 
0 0 
0 0 
0 0 
0 0 
238 246 
0 0 
0 0 
0 0 
0 0 
0 0 
240 246 
0 0 
0 0 
0 0 
0 0 
0 0 
250 246 
0 0 
0 0 
0 0 
0 0 
0 0 
254 254 
0 0 
0 0 
0 0 
0 0 
0 0 
250 244 
0 0 
0 0 
0 0 
0 0 
0 0 
584 244 
0 0 
0 0 
0 0 
0 0 
0 0 
0 0 
0 0 
0 0 
254 234 
0 0 
0 0 
0 0 
0 0 
0 0 
0 0 
248 244 
0 0 
0 0 
0 0 
0 0 
0 0 
254 242 
0 0 
0 0 
0 0 
0 0 
0 0 
0 0 
254 242 
0 0 
0 0 
0 0 
0 0 
0 0 
252 238 
0 0 
0 0 
0 0 
0 0 
0 0 
252 688 
0 0 
0 0 
0 0 
0 0 
0 0 
0 0 
0 0 
0 0 
0 0 
252 242 
0 0 
0 0 
0 0 
0 0 
0 0 
242 248 
0 0 
0 0 
0 0 
0 0 
0 0 
244 246 
0 0 
0 0 
0 0 
0 0 
0 0 
0 0 
248 244 
0 0 
0 0 
0 0 
0 0 
0 0 
282 250 
0 0 
0 0 
0 0 
0 0 
0 0 
256 246 
0 0 
0 0 
0 0 
0 0 
0 0 
0 0 
282 246 
0 0 
0 0 
0 0 
0 0 
0 0 
0 0 
252 236 
0 0 
0 0 
0 0 
0 0 
0 0 
248 246 
0 0 
0 0 
0 0 
0 0 
0 0 
254 250 
0 0 
0 0 
0 0 
0 0 
0 0 
252 238 
0 0 
0 0 
0 0 
0 0 
0 0 
250 244 
0 0 
0 0 
0 0 
0 0 
0 0 
258 248 
0 0 
0 0 
0 0 
0 0 
0 0 
464 246 
0 0 
0 0 
0 0 
0 0 
0 0 
0 0 
0 0 
250 234 
0 0 
0 0 
0 0 
0 0 
0 0 
242 244 
0 0 
0 0 
0 0 
0 0 
0 0 
256 252 
0 0 
0 0 
0 0 
0 0 
0 0 
0 0 
248 252 
0 0 
0 0 
0 0 
0 0 
0 0 
242 248 
0 0 
0 0 
0 0 
0 0 
0 0 
252 244 
0 0 
0 0 
0 0 
0 0 
0 0 
258 248 
0 0 
0 0 
0 0 
0 0 
0 0 
250 252 
0 0 
0 0 
0 0 
0 0 
0 0 
250 244 
0 0 
0 0 
0 0 
0 0 
0 0 
0 0 
250 242 
0 0 
0 0 
0 0 
0 0 
0 0 
256 244 
0 0 
0 0 
0 0 
0 0 
0 0 
234 244 
0 0 
0 0 
0 0 
0 0 
0 0 
242 252 
0 0 
0 0 
0 0 
0 0 
0 0 
352 246 
0 0 
0 0 
0 0 
0 0 
0 0 
0 0 
242 236 
0 0 
0 0 
0 0 
0 0 
0 0 
256 248 
0 0 
0 0 
0 0 
0 0 
0 0 
0 0 
248 244 
0 0 
0 0 
0 0 
0 0 
0 0 
254 246 
0 0 
0 0 
0 0 
0 0 
0 0 
250 246 
0 0 
0 0 
0 0 
0 0 
0 0 
250 244 
0 0 
0 0 
0 0 
0 0 
0 0 
246 242 
0 0 
0 0 
0 0 
0 0 
0 0 
0 0 
256 232 
0 0 
0 0 
0 0 
0 0 
0 0 
242 248 
0 0 
0 0 
0 0 
0 0 
0 0 
252 250 
0 0 
0 0 
0 0 
0 0 
0 0 
250 254 
0 0 
0 0 
0 0 
0 0 
0 0 
252 228 
0 0 
0 0 
0 0 
0 0 
0 0 
254 244 
0 0 
0 0 
0 0 
0 0 
0 0 
0 0 
274 248 
0 0 
0 0 
0 0 
0 0 
0 0 
248 242 
0 0 
0 0 
0 0 
0 0 
0 0 
238 242 
0 0 
0 0 
0 0 
0 0 
0 0 
0 0 
244 240 
0 0 
0 0 
0 0 
0 0 
0 0 
0 0 
250 248 
0 0 
0 0 
0 0 
0 0 
0 0 
248 242 
0 0 
0 0 
0 0 
0 0 
0 0 
252 248 
0 0 
0 0 
0 0 
0 0 
0 0 
236 246 
0 0 
0 0 
0 0 
0 0 
0 0 
244 238 
0 0 
0 0 
0 0 
0 0 
0 0 
252 248 
0 0 
0 0 
0 0 
0 0 
0 0 
252 248 
0 0 
0 0 
0 0 
0 0 
0 0 
0 0 
248 250 
0 0 
0 0 
0 0 
0 0 
0 0 
248 246 
0 0 
0 0 
0 0 
0 0 
0 0 
254 244 
0 0 
0 0 
0 0 
0 0 
0 0 
306 240 
0 0 
0 0 
0 0 
0 0 
0 0 
0 0 
254 232 
0 0 
0 0 
0 0 
0 0 
0 0 
240 246 
0 0 
0 0 
0 0 
0 0 
0 0 
254 248 
0 0 
0 0 
0 0 
0 0 
0 0 
250 244 
0 0 
0 0 
0 0 
0 0 
0 0 
250 240 
0 0 
0 0 
0 0 
0 0 
0 0 
256 250 
0 0 
0 0 
0 0 
0 0 
0 0 
0 0 
316 240 
0 0 
0 0 
0 0 
0 0 
0 0 
0 0 
248 234 
0 0 
0 0 
0 0 
0 0 
0 0 
252 248 
0 0 
0 0 
0 0 
0 0 
0 0 
0 0 
252 244 
0 0 
0 0 
0 0 
0 0 
0 0 
254 252 
0 0 
0 0 
0 0 
0 0 
0 0 
256 250 
0 0 
0 0 
0 0 
0 0 
0 0 
0 0 
224 244 
0 0 
0 0 
0 0 
0 0 
0 0 
256 248 
0 0 
0 0 
0 0 
0 0 
0 0 
252 236 
0 0 
0 0 
0 0 
0 0 
0 0 
252 220 
0 0 
0 0 
0 0 
0 0 
0 0 
254 250 
0 0 
0 0 
0 0 
0 0 
0 0 
256 248 
0 0 
0 0 
0 0 
0 0 
0 0 
0 0 
256 242 
0 0 
0 0 
0 0 
0 0 
0 0 
252 246 
0 0 
0 0 
0 0 
0 0 
0 0 
272 250 
0 0 
0 0 
0 0 
0 0 
0 0 
250 232 
0 0 
0 0 
0 0 
0 0 
0 0 
246 252 
0 0 
0 0 
0 0 
0 0 
0 0 
250 250 
0 0 
0 0 
0 0 
0 0 
0 0 
256 242 
0 0 
0 0 
0 0 
0 0 
0 0 
248 246 
0 0 
0 0 
0 0 
0 0 
0 0 
248 242 
0 0 
0 0 
0 0 
0 0 
0 0 
0 0 
600 240 
0 0 
0 0 
0 0 
0 0 
0 0 
0 0 
0 0 
0 0 
222 230 
0 0 
0 0 
0 0 
0 0 
0 0 
246 246 
0 0 
0 0 
0 0 
0 0 
0 0 
0 0 
254 244 
0 0 
0 0 
0 0 
0 0 
0 0 
226 252 
0 0 
0 0 
0 0 
0 0 
0 0 
0 0 
246 246 
0 0 
0 0 
0 0 
0 0 
0 0 
0 0 
706 242 
0 0 
0 0 
0 0 
0 0 
0 0 
0 0 
0 0 
0 0 
0 0 
0 0 
0 0 
0 0 
0 0 
0 0 
0 0 
0 0 
0 0 
0 0 
0 0 
0 0 
0 0 
0 0 
0 0 
0 0 
0 0 
0 0 
0 0 
0 0 
0 0 
0 0 
0 0 
0 0 
0 0 
0 0 
0 0 
0 0 
0 0 
0 0 
0 0 
0 0 
0 0 
0 0 
0 0 
0 0 
0 0 
0 0 
0 0 
0 0 
0 0 
0 0 
0 0 
0 0 
0 0 
0 0 
256 240 
0 0 
0 0 
0 0 
0 0 
0 0 
0 0 
256 240 
0 0 
0 0 
0 0 
0 0 
0 0 
252 248 
0 0 
0 0 
0 0 
0 0 
0 0 
248 252 
0 0 
0 0 
0 0 
0 0 
0 0 
254 240 
0 0 
0 0 
0 0 
0 0 
0 0 
0 0 
220 562 
0 0 
0 0 
0 0 
0 0 
0 0 
0 0 
0 0 
0 0 
310 230 
0 0 
0 0 
0 0 
0 0 
0 0 
0 0 
254 244 
0 0 
0 0 
0 0 
0 0 
0 0 
250 236 
0 0 
0 0 
0 0 
0 0 
0 0 
0 0 
246 276 
0 0 
0 0 
0 0 
0 0 
0 0 
0 0 
220 244 
0 0 
0 0 
0 0 
0 0 
0 0 
0 0 
246 562 
0 0 
0 0 
0 0 
0 0 
0 0 
0 0 
0 0 
0 0 
220 224 
0 0 
0 0 
0 0 
0 0 
0 0 
224 246 
0 0 
0 0 
0 0 
0 0 
0 0 
0 0 
250 246 
0 0 
0 0 
0 0 
0 0 
0 0 
0 0 
244 250 
0 0 
0 0 
0 0 
0 0 
0 0 
252 214 
0 0 
0 0 
0 0 
0 0 
0 0 
256 244 
0 0 
0 0 
0 0 
0 0 
0 0 
306 252 
0 0 
0 0 
0 0 
0 0 
0 0 
0 0 
226 298 
0 0 
0 0 
0 0 
0 0 
0 0 
0 0 
218 246 
0 0 
0 0 
0 0 
0 0 
0 0 
236 248 
0 0 
0 0 
0 0 
0 0 
0 0 
248 242 
0 0 
0 0 
0 0 
0 0 
0 0 
230 248 
0 0 
0 0 
0 0 
0 0 
0 0 
250 218 
0 0 
0 0 
0 0 
0 0 
0 0 
264 242 
0 0 
0 0 
0 0 
0 0 
0 0 
0 0 
258 236 
0 0 
0 0 
0 0 
0 0 
0 0 
0 0 
250 246 
0 0 
0 0 
0 0 
0 0 
0 0 
0 0 
256 250 
0 0 
0 0 
0 0 
0 0 
0 0 
250 248 
0 0 
0 0 
0 0 
0 0 
0 0 
256 244 
0 0 
0 0 
0 0 
0 0 
0 0 
260 252 
0 0 
0 0 
0 0 
0 0 
0 0 
260 236 
0 0 
0 0 
0 0 
0 0 
0 0 
246 236 
0 0 
0 0 
0 0 
0 0 
0 0 
224 246 
0 0 
0 0 
0 0 
0 0 
0 0 
252 254 
0 0 
0 0 
0 0 
0 0 
0 0 
252 248 
0 0 
0 0 
0 0 
0 0 
0 0 
242 222 
0 0 
0 0 
0 0 
0 0 
0 0 
246 214 
0 0 
0 0 
0 0 
0 0 
0 0 
542 236 
0 0 
0 0 
0 0 
0 0 
0 0 
0 0 
0 0 
0 0 
226 316 
0 0 
0 0 
0 0 
0 0 
0 0 
218 216 
0 0 
0 0 
0 0 
0 0 
0 0 
270 246 
0 0 
0 0 
0 0 
0 0 
0 0 
0 0 
238 214 
0 0 
0 0 
0 0 
0 0 
0 0 
238 248 
0 0 
0 0 
0 0 
0 0 
0 0 
0 0 
256 554 
0 0 
0 0 
0 0 
0 0 
0 0 
0 0 
0 0 
0 0 
232 250 
0 0 
0 0 
0 0 
0 0 
0 0 
272 244 
0 0 
0 0 
0 0 
0 0 
0 0 
0 0 
250 248 
0 0 
0 0 
0 0 
0 0 
0 0 
226 218 
0 0 
0 0 
0 0 
0 0 
0 0 
224 218 
0 0 
0 0 
0 0 
0 0 
0 0 
248 248 
0 0 
0 0 
0 0 
0 0 
0 0 
0 0 
250 220 
0 0 
0 0 
0 0 
0 0 
0 0 
240 248 
0 0 
0 0 
0 0 
0 0 
0 0 
0 0 
254 246 
0 0 
0 0 
0 0 
0 0 
0 0 
252 246 
0 0 
0 0 
0 0 
0 0 
0 0 
248 248 
0 0 
0 0 
0 0 
0 0 
0 0 
226 222 
0 0 
0 0 
0 0 
0 0 
0 0 
224 302 
0 0 
0 0 
0 0 
0 0 
0 0 
0 0 
344 230 
0 0 
0 0 
0 0 
0 0 
0 0 
0 0 
258 222 
0 0 
0 0 
0 0 
0 0 
0 0 
246 214 
0 0 
0 0 
0 0 
0 0 
0 0 
218 218 
0 0 
0 0 
0 0 
0 0 
0 0 
250 250 
0 0 
0 0 
0 0 
0 0 
0 0 
0 0 
254 250 
0 0 
0 0 
0 0 
0 0 
0 0 
0 0 
222 728 
0 0 
0 0 
0 0 
0 0 
0 0 
0 0 
0 0 
0 0 
0 0 
220 246 
0 0 
0 0 
0 0 
0 0 
0 0 
256 216 
0 0 
0 0 
0 0 
0 0 
0 0 
266 248 
0 0 
0 0 
0 0 
0 0 
0 0 
256 218 
0 0 
0 0 
0 0 
0 0 
0 0 
254 246 
0 0 
0 0 
0 0 
0 0 
0 0 
224 246 
0 0 
0 0 
0 0 
0 0 
0 0 
704 226 
0 0 
0 0 
0 0 
0 0 
0 0 
0 0 
0 0 
0 0 
0 0 
218 216 
0 0 
0 0 
0 0 
0 0 
0 0 
242 228 
0 0 
0 0 
0 0 
0 0 
0 0 
240 222 
0 0 
0 0 
0 0 
0 0 
0 0 
254 244 
0 0 
0 0 
0 0 
0 0 
0 0 
248 252 
0 0 
0 0 
0 0 
0 0 
0 0 
250 270 
0 0 
0 0 
0 0 
0 0 
0 0 
0 0 
260 246 
0 0 
0 0 
0 0 
0 0 
0 0 
0 0 
248 236 
0 0 
0 0 
0 0 
0 0 
0 0 
250 246 
0 0 
0 0 
0 0 
0 0 
0 0 
230 224 
0 0 
0 0 
0 0 
0 0 
0 0 
226 218 
0 0 
0 0 
0 0 
0 0 
0 0 
254 240 
0 0 
0 0 
0 0 
0 0 
0 0 
224 252 
0 0 
0 0 
0 0 
0 0 
0 0 
252 246 
0 0 
0 0 
0 0 
0 0 
0 0 
0 0 
254 238 
0 0 
0 0 
0 0 
0 0 
0 0 
246 240 
0 0 
0 0 
0 0 
0 0 
0 0 
258 244 
0 0 
0 0 
0 0 
0 0 
0 0 
250 246 
0 0 
0 0 
0 0 
0 0 
0 0 
226 244 
0 0 
0 0 
0 0 
0 0 
0 0 
250 244 
0 0 
0 0 
0 0 
0 0 
0 0 
344 246 
0 0 
0 0 
0 0 
0 0 
0 0 
0 0 
254 238 
0 0 
0 0 
0 0 
0 0 
0 0 
0 0 
246 244 
0 0 
0 0 
0 0 
0 0 
0 0 
258 230 
0 0 
0 0 
0 0 
0 0 
0 0 
252 244 
0 0 
0 0 
0 0 
0 0 
0 0 
236 244 
0 0 
0 0 
0 0 
0 0 
0 0 
250 232 
0 0 
0 0 
0 0 
0 0 
0 0 
0 0 
248 248 
0 0 
0 0 
0 0 
0 0 
0 0 
248 236 
0 0 
0 0 
0 0 
0 0 
0 0 
248 244 
0 0 
0 0 
0 0 
0 0 
0 0 
246 218 
0 0 
0 0 
0 0 
0 0 
0 0 
218 216 
0 0 
0 0 
0 0 
0 0 
0 0 
252 248 
0 0 
0 0 
0 0 
0 0 
0 0 
232 246 
0 0 
0 0 
0 0 
0 0 
0 0 
628 222 
0 0 
0 0 
0 0 
0 0 
0 0 
0 0 
0 0 
0 0 
252 230 
0 0 
0 0 
0 0 
0 0 
0 0 
258 242 
0 0 
0 0 
0 0 
0 0 
0 0 
226 244 
0 0 
0 0 
0 0 
0 0 
0 0 
250 244 
0 0 
0 0 
0 0 
0 0 
0 0 
254 246 
0 0 
0 0 
0 0 
0 0 
0 0 
0 0 
246 246 
0 0 
0 0 
0 0 
0 0 
0 0 
252 244 
0 0 
0 0 
0 0 
0 0 
0 0 
248 236 
0 0 
0 0 
0 0 
0 0 
0 0 
240 246 
0 0 
0 0 
0 0 
0 0 
0 0 
222 244 
0 0 
0 0 
0 0 
0 0 
0 0 
250 248 
0 0 
0 0 
0 0 
0 0 
0 0 
244 228 
0 0 
0 0 
0 0 
0 0 
0 0 
250 282 
0 0 
0 0 
0 0 
0 0 
0 0 
0 0 
254 244 
0 0 
0 0 
0 0 
0 0 
0 0 
228 214 
0 0 
0 0 
0 0 
0 0 
0 0 
248 254 
0 0 
0 0 
0 0 
0 0 
0 0 
0 0 
252 252 
0 0 
0 0 
0 0 
0 0 
0 0 
250 244 
0 0 
0 0 
0 0 
0 0 
0 0 
250 250 
0 0 
0 0 
0 0 
0 0 
0 0 
234 254 
0 0 
0 0 
0 0 
0 0 
0 0 
418 218 
0 0 
0 0 
0 0 
0 0 
0 0 
0 0 
0 0 
256 240 
0 0 
0 0 
0 0 
0 0 
0 0 
218 248 
0 0 
0 0 
0 0 
0 0 
0 0 
244 244 
0 0 
0 0 
0 0 
0 0 
0 0 
254 240 
0 0 
0 0 
0 0 
0 0 
0 0 
246 248 
0 0 
0 0 
0 0 
0 0 
0 0 
0 0 
238 232 
0 0 
0 0 
0 0 
0 0 
0 0 
248 256 
0 0 
0 0 
0 0 
0 0 
0 0 
254 236 
0 0 
0 0 
0 0 
0 0 
0 0 
248 242 
0 0 
0 0 
0 0 
0 0 
0 0 
274 242 
0 0 
0 0 
0 0 
0 0 
0 0 
250 254 
0 0 
0 0 
0 0 
0 0 
0 0 
0 0 
258 238 
0 0 
0 0 
0 0 
0 0 
0 0 
252 252 
0 0 
0 0 
0 0 
0 0 
0 0 
0 0 
258 248 
0 0 
0 0 
0 0 
0 0 
0 0 
232 234 
0 0 
0 0 
0 0 
0 0 
0 0 
252 216 
0 0 
0 0 
0 0 
0 0 
0 0 
242 246 
0 0 
0 0 
0 0 
0 0 
0 0 
228 214 
0 0 
0 0 
0 0 
0 0 
0 0 
356 248 
0 0 
0 0 
0 0 
0 0 
0 0 
0 0 
242 246 
0 0 
0 0 
0 0 
0 0 
0 0 
0 0 
224 240 
0 0 
0 0 
0 0 
0 0 
0 0 
220 236 
0 0 
0 0 
0 0 
0 0 
0 0 
250 222 
0 0 
0 0 
0 0 
0 0 
0 0 
0 0 
0 0 
0 0 
0 0 
0 0 
0 0 
0 0 
0 0 
0 0 
0 0 
0 0 
0 0 
0 0 
0 0 
0 0 
0 0 
0 0 
0 0 
0 0 
0 0 
0 0 
0 0 
0 0 
0 0 
0 0 
0 0 
0 0 
0 0 
0 0 
0 0 
0 0 
0 0 
0 0 
0 0 
0 0 
0 0 
0 0 
0 0 
0 0 
0 0 
0 0 
0 0 
0 0 
256 224 
0 0 
0 0 
0 0 
0 0 
0 0 
272 234 
0 0 
0 0 
0 0 
0 0 
0 0 
228 240 
0 0 
0 0 
0 0 
0 0 
0 0 
246 214 
0 0 
0 0 
0 0 
0 0 
0 0 
442 244 
0 0 
0 0 
0 0 
0 0 
0 0 
0 0 
0 0 
242 222 
0 0 
0 0 
0 0 
0 0 
0 0 
246 216 
0 0 
0 0 
0 0 
0 0 
0 0 
348 270 
0 0 
0 0 
0 0 
0 0 
0 0 
0 0 
266 256 
0 0 
0 0 
0 0 
0 0 
0 0 
0 0 
222 228 
0 0 
0 0 
0 0 
0 0 
0 0 
256 730 
0 0 
0 0 
0 0 
0 0 
0 0 
0 0 
0 0 
0 0 
0 0 
0 0 
308 256 
0 0 
0 0 
0 0 
0 0 
0 0 
0 0 
270 270 
0 0 
0 0 
0 0 
0 0 
0 0 
0 0 
250 250 
0 0 
0 0 
0 0 
0 0 
0 0 
0 0 
230 244 
0 0 
0 0 
0 0 
0 0 
0 0 
232 264 
0 0 
0 0 
0 0 
0 0 
0 0 
226 226 
0 0 
0 0 
0 0 
0 0 
0 0 
314 218 
0 0 
0 0 
0 0 
0 0 
0 0 
224 228 
0 0 
0 0 
0 0 
0 0 
0 0 
224 238 
0 0 
0 0 
0 0 
0 0 
0 0 
248 222 
0 0 
0 0 
0 0 
0 0 
0 0 
230 218 
0 0 
0 0 
0 0 
0 0 
0 0 
224 212 
0 0 
0 0 
0 0 
0 0 
0 0 
228 236 
0 0 
0 0 
0 0 
0 0 
0 0 
730 234 
0 0 
0 0 
0 0 
0 0 
0 0 
0 0 
0 0 
0 0 
0 0 
240 234 
0 0 
0 0 
0 0 
0 0 
0 0 
240 222 
0 0 
0 0 
0 0 
0 0 
0 0 
236 282 
0 0 
0 0 
0 0 
0 0 
0 0 
218 224 
0 0 
0 0 
0 0 
0 0 
0 0 
224 232 
0 0 
0 0 
0 0 
0 0 
0 0 
226 266 
0 0 
0 0 
0 0 
0 0 
0 0 
740 246 
0 0 
0 0 
0 0 
0 0 
0 0 
0 0 
0 0 
0 0 
0 0 
240 240 
0 0 
0 0 
0 0 
0 0 
0 0 
252 222 
0 0 
0 0 
0 0 
0 0 
0 0 
220 240 
0 0 
0 0 
0 0 
0 0 
0 0 
250 256 
0 0 
0 0 
0 0 
0 0 
0 0 
0 0 
266 248 
0 0 
0 0 
0 0 
0 0 
0 0 
494 222 
0 0 
0 0 
0 0 
0 0 
0 0 
0 0 
0 0 
242 248 
0 0 
0 0 
0 0 
0 0 
0 0 
0 0 
228 218 
0 0 
0 0 
0 0 
0 0 
0 0 
308 226 
0 0 
0 0 
0 0 
0 0 
0 0 
0 0 
242 226 
0 0 
0 0 
0 0 
0 0 
0 0 
252 240 
0 0 
0 0 
0 0 
0 0 
0 0 
238 244 
0 0 
0 0 
0 0 
0 0 
0 0 
240 232 
0 0 
0 0 
0 0 
0 0 
0 0 
230 228 
0 0 
0 0 
0 0 
0 0 
0 0 
222 236 
0 0 
0 0 
0 0 
0 0 
0 0 
250 220 
0 0 
0 0 
0 0 
0 0 
0 0 
248 236 
0 0 
0 0 
0 0 
0 0 
0 0 
242 244 
0 0 
0 0 
0 0 
0 0 
0 0 
248 232 
0 0 
0 0 
0 0 
0 0 
0 0 
290 244 
0 0 
0 0 
0 0 
0 0 
0 0 
0 0 
262 234 
0 0 
0 0 
0 0 
0 0 
0 0 
0 0 
224 220 
0 0 
0 0 
0 0 
0 0 
0 0 
238 234 
0 0 
0 0 
0 0 
0 0 
0 0 
252 216 
0 0 
0 0 
0 0 
0 0 
0 0 
236 216 
0 0 
0 0 
0 0 
0 0 
0 0 
254 236 
0 0 
0 0 
0 0 
0 0 
0 0 
446 248 
0 0 
0 0 
0 0 
0 0 
0 0 
0 0 
0 0 
252 236 
0 0 
0 0 
0 0 
0 0 
0 0 
246 236 
0 0 
0 0 
0 0 
0 0 
0 0 
0 0 
254 242 
0 0 
0 0 
0 0 
0 0 
0 0 
236 248 
0 0 
0 0 
0 0 
0 0 
0 0 
260 248 
0 0 
0 0 
0 0 
0 0 
0 0 
250 734 
0 0 
0 0 
0 0 
0 0 
0 0 
0 0 
0 0 
0 0 
0 0 
0 0 
244 246 
0 0 
0 0 
0 0 
0 0 
0 0 
252 248 
0 0 
0 0 
0 0 
0 0 
0 0 
240 250 
0 0 
0 0 
0 0 
0 0 
0 0 
248 246 
0 0 
0 0 
0 0 
0 0 
0 0 
242 236 
0 0 
0 0 
0 0 
0 0 
0 0 
258 246 
0 0 
0 0 
0 0 
0 0 
0 0 
572 246 
0 0 
0 0 
0 0 
0 0 
0 0 
0 0 
0 0 
0 0 
246 228 
0 0 
0 0 
0 0 
0 0 
0 0 
250 246 
0 0 
0 0 
0 0 
0 0 
0 0 
242 246 
0 0 
0 0 
0 0 
0 0 
0 0 
250 246 
0 0 
0 0 
0 0 
0 0 
0 0 
254 246 
0 0 
0 0 
0 0 
0 0 
0 0 
254 274 
0 0 
0 0 
0 0 
0 0 
0 0 
312 254 
0 0 
0 0 
0 0 
0 0 
0 0 
0 0 
256 238 
0 0 
0 0 
0 0 
0 0 
0 0 
254 238 
0 0 
0 0 
0 0 
0 0 
0 0 
0 0 
250 248 
0 0 
0 0 
0 0 
0 0 
0 0 
250 250 
0 0 
0 0 
0 0 
0 0 
0 0 
250 248 
0 0 
0 0 
0 0 
0 0 
0 0 
248 248 
0 0 
0 0 
0 0 
0 0 
0 0 
258 234 
0 0 
0 0 
0 0 
0 0 
0 0 
0 0 
256 238 
0 0 
0 0 
0 0 
0 0 
0 0 
250 246 
0 0 
0 0 
0 0 
0 0 
0 0 
0 0 
252 240 
0 0 
0 0 
0 0 
0 0 
0 0 
258 248 
0 0 
0 0 
0 0 
0 0 
0 0 
0 0 
250 252 
0 0 
0 0 
0 0 
0 0 
0 0 
0 0 
248 594 
0 0 
0 0 
0 0 
0 0 
0 0 
0 0 
0 0 
0 0 
250 248 
0 0 
0 0 
0 0 
0 0 
0 0 
0 0 
254 246 
0 0 
0 0 
0 0 
0 0 
0 0 
238 250 
0 0 
0 0 
0 0 
0 0 
0 0 
252 244 
0 0 
0 0 
0 0 
0 0 
0 0 
250 244 
0 0 
0 0 
0 0 
0 0 
0 0 
252 236 
0 0 
0 0 
0 0 
0 0 
0 0 
648 248 
0 0 
0 0 
0 0 
0 0 
0 0 
0 0 
0 0 
0 0 
246 230 
0 0 
0 0 
0 0 
0 0 
0 0 
0 0 
244 240 
0 0 
0 0 
0 0 
0 0 
0 0 
252 250 
0 0 
0 0 
0 0 
0 0 
0 0 
0 0 
252 248 
0 0 
0 0 
0 0 
0 0 
0 0 
254 240 
0 0 
0 0 
0 0 
0 0 
0 0 
248 658 
0 0 
0 0 
0 0 
0 0 
0 0 
0 0 
0 0 
0 0 
0 0 
250 246 
0 0 
0 0 
0 0 
0 0 
0 0 
236 246 
0 0 
0 0 
0 0 
0 0 
0 0 
248 248 
0 0 
0 0 
0 0 
0 0 
0 0 
250 246 
0 0 
0 0 
0 0 
0 0 
0 0 
250 246 
0 0 
0 0 
0 0 
0 0 
0 0 
254 240 
0 0 
0 0 
0 0 
0 0 
0 0 
636 248 
0 0 
0 0 
0 0 
0 0 
0 0 
0 0 
0 0 
0 0 
0 0 
248 242 
0 0 
0 0 
0 0 
0 0 
0 0 
254 246 
0 0 
0 0 
0 0 
0 0 
0 0 
256 248 
0 0 
0 0 
0 0 
0 0 
0 0 
0 0 
256 250 
0 0 
0 0 
0 0 
0 0 
0 0 
244 246 
0 0 
0 0 
0 0 
0 0 
0 0 
254 244 
0 0 
0 0 
0 0 
0 0 
0 0 
264 242 
0 0 
0 0 
0 0 
0 0 
0 0 
250 236 
0 0 
0 0 
0 0 
0 0 
0 0 
252 248 
0 0 
0 0 
0 0 
0 0 
0 0 
248 246 
0 0 
0 0 
0 0 
0 0 
0 0 
0 0 
256 246 
0 0 
0 0 
0 0 
0 0 
0 0 
248 236 
0 0 
0 0 
0 0 
0 0 
0 0 
252 246 
0 0 
0 0 
0 0 
0 0 
0 0 
0 0 
246 246 
0 0 
0 0 
0 0 
0 0 
0 0 
252 486 
0 0 
0 0 
0 0 
0 0 
0 0 
0 0 
0 0 
0 0 
248 246 
0 0 
0 0 
0 0 
0 0 
0 0 
250 248 
0 0 
0 0 
0 0 
0 0 
0 0 
260 298 
0 0 
0 0 
0 0 
0 0 
0 0 
0 0 
254 252 
0 0 
0 0 
0 0 
0 0 
0 0 
0 0 
484 252 
0 0 
0 0 
0 0 
0 0 
0 0 
0 0 
0 0 
0 0 
238 240 
0 0 
0 0 
0 0 
0 0 
0 0 
250 250 
0 0 
0 0 
0 0 
0 0 
0 0 
258 248 
0 0 
0 0 
0 0 
0 0 
0 0 
250 246 
0 0 
0 0 
0 0 
0 0 
0 0 
250 246 
0 0 
0 0 
0 0 
0 0 
0 0 
0 0 
248 244 
0 0 
0 0 
0 0 
0 0 
0 0 
0 0 
246 248 
0 0 
0 0 
0 0 
0 0 
0 0 
256 242 
0 0 
0 0 
0 0 
0 0 
0 0 
240 250 
0 0 
0 0 
0 0 
0 0 
0 0 
250 246 
0 0 
0 0 
0 0 
0 0 
0 0 
0 0 
258 244 
0 0 
0 0 
0 0 
0 0 
0 0 
0 0 
248 244 
0 0 
0 0 
0 0 
0 0 
0 0 
0 0 
248 554 
0 0 
0 0 
0 0 
0 0 
0 0 
0 0 
0 0 
0 0 
254 252 
0 0 
0 0 
0 0 
0 0 
0 0 
0 0 
252 246 
0 0 
0 0 
0 0 
0 0 
0 0 
240 244 
0 0 
0 0 
0 0 
0 0 
0 0 
256 248 
0 0 
0 0 
0 0 
0 0 
0 0 
248 244 
0 0 
0 0 
0 0 
0 0 
0 0 
0 0 
0 0 
0 0 
0 0 
0 0 
0 0 
0 0 
0 0 
0 0 
0 0 
0 0 
0 0 
0 0 
0 0 
0 0 
0 0 
0 0 
0 0 
0 0 
0 0 
0 0 
0 0 
0 0 
0 0 
0 0 
0 0 
0 0 
0 0 
0 0 
0 0 
0 0 
0 0 
0 0 
0 0 
0 0 
0 0 
0 0 
0 0 
0 0 
0 0 
0 0 
0 0 
0 0 
0 0 
0 0 
0 0 
0 0 
0 0 
696 236 
0 0 
0 0 
0 0 
0 0 
0 0 
0 0 
0 0 
0 0 
0 0 
254 236 
0 0 
0 0 
0 0 
0 0 
0 0 
254 242 
0 0 
0 0 
0 0 
0 0 
0 0 
250 242 
0 0 
0 0 
0 0 
0 0 
0 0 
248 248 
0 0 
0 0 
0 0 
0 0 
0 0 
0 0 
240 242 
0 0 
0 0 
0 0 
0 0 
0 0 
250 248 
0 0 
0 0 
0 0 
0 0 
0 0 
254 248 
0 0 
0 0 
0 0 
0 0 
0 0 
0 0 
254 234 
0 0 
0 0 
0 0 
0 0 
0 0 
246 246 
0 0 
0 0 
0 0 
0 0 
0 0 
258 246 
0 0 
0 0 
0 0 
0 0 
0 0 
254 236 
0 0 
0 0 
0 0 
0 0 
0 0 
248 244 
0 0 
0 0 
0 0 
0 0 
0 0 
0 0 
242 242 
0 0 
0 0 
0 0 
0 0 
0 0 
258 246 
0 0 
0 0 
0 0 
0 0 
0 0 
254 236 
0 0 
0 0 
0 0 
0 0 
0 0 
0 0 
296 250 
0 0 
0 0 
0 0 
0 0 
0 0 
0 0 
244 254 
0 0 
0 0 
0 0 
0 0 
0 0 
252 246 
0 0 
0 0 
0 0 
0 0 
0 0 
248 236 
0 0 
0 0 
0 0 
0 0 
0 0 
0 0 
248 546 
0 0 
0 0 
0 0 
0 0 
0 0 
0 0 
0 0 
0 0 
250 246 
0 0 
0 0 
0 0 
0 0 
0 0 
240 248 
0 0 
0 0 
0 0 
0 0 
0 0 
250 252 
0 0 
0 0 
0 0 
0 0 
0 0 
240 248 
0 0 
0 0 
0 0 
0 0 
0 0 
254 236 
0 0 
0 0 
0 0 
0 0 
0 0 
250 244 
0 0 
0 0 
0 0 
0 0 
0 0 
0 0 
506 248 
0 0 
0 0 
0 0 
0 0 
0 0 
0 0 
0 0 
246 246 
0 0 
0 0 
0 0 
0 0 
0 0 
250 246 
0 0 
0 0 
0 0 
0 0 
0 0 
254 248 
0 0 
0 0 
0 0 
0 0 
0 0 
248 246 
0 0 
0 0 
0 0 
0 0 
0 0 
250 248 
0 0 
0 0 
0 0 
0 0 
0 0 
256 242 
0 0 
0 0 
0 0 
0 0 
0 0 
0 0 
292 244 
0 0 
0 0 
0 0 
0 0 
0 0 
0 0 
252 238 
0 0 
0 0 
0 0 
0 0 
0 0 
250 230 
0 0 
0 0 
0 0 
0 0 
0 0 
246 246 
0 0 
0 0 
0 0 
0 0 
0 0 
238 252 
0 0 
0 0 
0 0 
0 0 
0 0 
248 258 
0 0 
0 0 
0 0 
0 0 
0 0 
0 0 
254 246 
0 0 
0 0 
0 0 
0 0 
0 0 
234 250 
0 0 
0 0 
0 0 
0 0 
0 0 
248 252 
0 0 
0 0 
0 0 
0 0 
0 0 
240 250 
0 0 
0 0 
0 0 
0 0 
0 0 
254 252 
0 0 
0 0 
0 0 
0 0 
0 0 
256 244 
0 0 
0 0 
0 0 
0 0 
0 0 
0 0 
238 250 
0 0 
0 0 
0 0 
0 0 
0 0 
248 250 
0 0 
0 0 
0 0 
0 0 
0 0 
368 252 
0 0 
0 0 
0 0 
0 0 
0 0 
0 0 
254 238 
0 0 
0 0 
0 0 
0 0 
0 0 
0 0 
248 246 
0 0 
0 0 
0 0 
0 0 
0 0 
248 248 
0 0 
0 0 
0 0 
0 0 
0 0 
250 230 
0 0 
0 0 
0 0 
0 0 
0 0 
258 242 
0 0 
0 0 
0 0 
0 0 
0 0 
244 252 
0 0 
0 0 
0 0 
0 0 
0 0 
336 248 
0 0 
0 0 
0 0 
0 0 
0 0 
0 0 
254 236 
0 0 
0 0 
0 0 
0 0 
0 0 
0 0 
242 240 
0 0 
0 0 
0 0 
0 0 
0 0 
242 244 
0 0 
0 0 
0 0 
0 0 
0 0 
248 244 
0 0 
0 0 
0 0 
0 0 
0 0 
0 0 
248 242 
0 0 
0 0 
0 0 
0 0 
0 0 
258 244 
0 0 
0 0 
0 0 
0 0 
0 0 
260 248 
0 0 
0 0 
0 0 
0 0 
0 0 
248 234 
0 0 
0 0 
0 0 
0 0 
0 0 
246 242 
0 0 
0 0 
0 0 
0 0 
0 0 
254 250 
0 0 
0 0 
0 0 
0 0 
0 0 
0 0 
248 248 
0 0 
0 0 
0 0 
0 0 
0 0 
252 244 
0 0 
0 0 
0 0 
0 0 
0 0 
250 234 
0 0 
0 0 
0 0 
0 0 
0 0 
278 250 
0 0 
0 0 
0 0 
0 0 
0 0 
242 252 
0 0 
0 0 
0 0 
0 0 
0 0 
250 248 
0 0 
0 0 
0 0 
0 0 
0 0 
252 248 
0 0 
0 0 
0 0 
0 0 
0 0 
0 0 
248 236 
0 0 
0 0 
0 0 
0 0 
0 0 
250 248 
0 0 
0 0 
0 0 
0 0 
0 0 
0 0 
240 254 
0 0 
0 0 
0 0 
0 0 
0 0 
260 268 
0 0 
0 0 
0 0 
0 0 
0 0 
254 246 
0 0 
0 0 
0 0 
0 0 
0 0 
250 220 
0 0 
0 0 
0 0 
0 0 
0 0 
244 246 
0 0 
0 0 
0 0 
0 0 
0 0 
250 248 
0 0 
0 0 
0 0 
0 0 
0 0 
250 246 
0 0 
0 0 
0 0 
0 0 
0 0 
256 250 
0 0 
0 0 
0 0 
0 0 
0 0 
498 250 
0 0 
0 0 
0 0 
0 0 
0 0 
0 0 
0 0 
0 0 
248 234 
0 0 
0 0 
0 0 
0 0 
0 0 
252 246 
0 0 
0 0 
0 0 
0 0 
0 0 
274 250 
0 0 
0 0 
0 0 
0 0 
0 0 
0 0 
250 228 
0 0 
0 0 
0 0 
0 0 
0 0 
252 246 
0 0 
0 0 
0 0 
0 0 
0 0 
246 214 
0 0 
0 0 
0 0 
0 0 
0 0 
252 250 
0 0 
0 0 
0 0 
0 0 
0 0 
254 234 
0 0 
0 0 
0 0 
0 0 
0 0 
0 0 
256 220 
0 0 
0 0 
0 0 
0 0 
0 0 
254 250 
0 0 
0 0 
0 0 
0 0 
0 0 
0 0 
228 246 
0 0 
0 0 
0 0 
0 0 
0 0 
254 248 
0 0 
0 0 
0 0 
0 0 
0 0 
252 250 
0 0 
0 0 
0 0 
0 0 
0 0 
0 0 
226 248 
0 0 
0 0 
0 0 
0 0 
0 0 
258 234 
0 0 
0 0 
0 0 
0 0 
0 0 
256 246 
0 0 
0 0 
0 0 
0 0 
0 0 
252 224 
0 0 
0 0 
0 0 
0 0 
0 0 
254 248 
0 0 
0 0 
0 0 
0 0 
0 0 
218 248 
0 0 
0 0 
0 0 
0 0 
0 0 
244 246 
0 0 
0 0 
0 0 
0 0 
0 0 
0 0 
222 244 
0 0 
0 0 
0 0 
0 0 
0 0 
256 218 
0 0 
0 0 
0 0 
0 0 
0 0 
248 248 
0 0 
0 0 
0 0 
0 0 
0 0 
248 248 
0 0 
0 0 
0 0 
0 0 
0 0 
254 252 
0 0 
0 0 
0 0 
0 0 
0 0 
256 252 
0 0 
0 0 
0 0 
0 0 
0 0 
0 0 
248 244 
0 0 
0 0 
0 0 
0 0 
0 0 
234 244 
0 0 
0 0 
0 0 
0 0 
0 0 
256 246 
0 0 
0 0 
0 0 
0 0 
0 0 
248 244 
0 0 
0 0 
0 0 
0 0 
0 0 
254 242 
0 0 
0 0 
0 0 
0 0 
0 0 
364 248 
0 0 
0 0 
0 0 
0 0 
0 0 
0 0 
256 252 
0 0 
0 0 
0 0 
0 0 
0 0 
0 0 
256 244 
0 0 
0 0 
0 0 
0 0 
0 0 
538 246 
0 0 
0 0 
0 0 
0 0 
0 0 
0 0 
0 0 
0 0 
250 222 
0 0 
0 0 
0 0 
0 0 
0 0 
252 246 
0 0 
0 0 
0 0 
0 0 
0 0 
224 246 
0 0 
0 0 
0 0 
0 0 
0 0 
258 246 
0 0 
0 0 
0 0 
0 0 
0 0 
0 0 
254 244 
0 0 
0 0 
0 0 
0 0 
0 0 
236 562 
0 0 
0 0 
0 0 
0 0 
0 0 
0 0 
0 0 
0 0 
246 216 
0 0 
0 0 
0 0 
0 0 
0 0 
248 244 
0 0 
0 0 
0 0 
0 0 
0 0 
222 248 
0 0 
0 0 
0 0 
0 0 
0 0 
252 244 
0 0 
0 0 
0 0 
0 0 
0 0 
258 246 
0 0 
0 0 
0 0 
0 0 
0 0 
258 220 
0 0 
0 0 
0 0 
0 0 
0 0 
598 248 
0 0 
0 0 
0 0 
0 0 
0 0 
0 0 
0 0 
0 0 
256 236 
0 0 
0 0 
0 0 
0 0 
0 0 
0 0 
270 244 
0 0 
0 0 
0 0 
0 0 
0 0 
258 246 
0 0 
0 0 
0 0 
0 0 
0 0 
0 0 
248 250 
0 0 
0 0 
0 0 
0 0 
0 0 
0 0 
248 246 
0 0 
0 0 
0 0 
0 0 
0 0 
258 556 
0 0 
0 0 
0 0 
0 0 
0 0 
0 0 
0 0 
0 0 
250 244 
0 0 
0 0 
0 0 
0 0 
0 0 
252 246 
0 0 
0 0 
0 0 
0 0 
0 0 
252 246 
0 0 
0 0 
0 0 
0 0 
0 0 
250 248 
0 0 
0 0 
0 0 
0 0 
0 0 
0 0 
254 250 
0 0 
0 0 
0 0 
0 0 
0 0 
248 242 
0 0 
0 0 
0 0 
0 0 
0 0 
616 244 
0 0 
0 0 
0 0 
0 0 
0 0 
0 0 
0 0 
0 0 
244 232 
0 0 
0 0 
0 0 
0 0 
0 0 
252 244 
0 0 
0 0 
0 0 
0 0 
0 0 
0 0 
246 244 
0 0 
0 0 
0 0 
0 0 
0 0 
0 0 
222 244 
0 0 
0 0 
0 0 
0 0 
0 0 
252 306 
0 0 
0 0 
0 0 
0 0 
0 0 
0 0 
248 548 
0 0 
0 0 
0 0 
0 0 
0 0 
0 0 
0 0 
0 0 
254 244 
0 0 
0 0 
0 0 
0 0 
0 0 
0 0 
0 0 
0 0 
0 0 
0 0 
0 0 
0 0 
0 0 
0 0 
0 0 
0 0 
0 0 
0 0 
0 0 
0 0 
0 0 
0 0 
0 0 
0 0 
0 0 
0 0 
0 0 
0 0 
0 0 
0 0 
0 0 
0 0 
0 0 
0 0 
0 0 
0 0 
0 0 
0 0 
0 0 
0 0 
0 0 
0 0 
0 0 
0 0 
0 0 
0 0 
0 0 
0 0 
0 0 
0 0 
268 248 
0 0 
0 0 
0 0 
0 0 
0 0 
0 0 
272 250 
0 0 
0 0 
0 0 
0 0 
0 0 
0 0 
254 250 
0 0 
0 0 
0 0 
0 0 
0 0 
0 0 
250 248 
0 0 
0 0 
0 0 
0 0 
0 0 
252 568 
0 0 
0 0 
0 0 
0 0 
0 0 
0 0 
0 0 
0 0 
248 246 
0 0 
0 0 
0 0 
0 0 
0 0 
244 246 
0 0 
0 0 
0 0 
0 0 
0 0 
250 248 
0 0 
0 0 
0 0 
0 0 
0 0 
0 0 
246 226 
0 0 
0 0 
0 0 
0 0 
0 0 
252 246 
0 0 
0 0 
0 0 
0 0 
0 0 
270 258 
0 0 
0 0 
0 0 
0 0 
0 0 
0 0 
322 218 
0 0 
0 0 
0 0 
0 0 
0 0 
0 0 
246 234 
0 0 
0 0 
0 0 
0 0 
0 0 
226 242 
0 0 
0 0 
0 0 
0 0 
0 0 
254 248 
0 0 
0 0 
0 0 
0 0 
0 0 
0 0 
250 246 
0 0 
0 0 
0 0 
0 0 
0 0 
250 246 
0 0 
0 0 
0 0 
0 0 
0 0 
244 246 
0 0 
0 0 
0 0 
0 0 
0 0 
242 246 
0 0 
0 0 
0 0 
0 0 
0 0 
250 252 
0 0 
0 0 
0 0 
0 0 
0 0 
0 0 
258 242 
0 0 
0 0 
0 0 
0 0 
0 0 
216 250 
0 0 
0 0 
0 0 
0 0 
0 0 
248 250 
0 0 
0 0 
0 0 
0 0 
0 0 
250 236 
0 0 
0 0 
0 0 
0 0 
0 0 
254 246 
0 0 
0 0 
0 0 
0 0 
0 0 
0 0 
250 248 
0 0 
0 0 
0 0 
0 0 
0 0 
252 230 
0 0 
0 0 
0 0 
0 0 
0 0 
0 0 
250 218 
0 0 
0 0 
0 0 
0 0 
0 0 
252 248 
0 0 
0 0 
0 0 
0 0 
0 0 
0 0 
258 248 
0 0 
0 0 
0 0 
0 0 
0 0 
256 244 
0 0 
0 0 
0 0 
0 0 
0 0 
252 246 
0 0 
0 0 
0 0 
0 0 
0 0 
250 220 
0 0 
0 0 
0 0 
0 0 
0 0 
250 234 
0 0 
0 0 
0 0 
0 0 
0 0 
266 248 
0 0 
0 0 
0 0 
0 0 
0 0 
0 0 
250 246 
0 0 
0 0 
0 0 
0 0 
0 0 
0 0 
256 250 
0 0 
0 0 
0 0 
0 0 
0 0 
272 250 
0 0 
0 0 
0 0 
0 0 
0 0 
248 244 
0 0 
0 0 
0 0 
0 0 
0 0 
408 252 
0 0 
0 0 
0 0 
0 0 
0 0 
0 0 
0 0 
222 232 
0 0 
0 0 
0 0 
0 0 
0 0 
252 242 
0 0 
0 0 
0 0 
0 0 
0 0 
252 246 
0 0 
0 0 
0 0 
0 0 
0 0 
254 224 
0 0 
0 0 
0 0 
0 0 
0 0 
244 244 
0 0 
0 0 
0 0 
0 0 
0 0 
224 248 
0 0 
0 0 
0 0 
0 0 
0 0 
246 248 
0 0 
0 0 
0 0 
0 0 
0 0 
0 0 
256 236 
0 0 
0 0 
0 0 
0 0 
0 0 
0 0 
222 252 
0 0 
0 0 
0 0 
0 0 
0 0 
256 252 
0 0 
0 0 
0 0 
0 0 
0 0 
0 0 
250 248 
0 0 
0 0 
0 0 
0 0 
0 0 
248 218 
0 0 
0 0 
0 0 
0 0 
0 0 
254 570 
0 0 
0 0 
0 0 
0 0 
0 0 
0 0 
0 0 
0 0 
244 242 
0 0 
0 0 
0 0 
0 0 
0 0 
272 246 
0 0 
0 0 
0 0 
0 0 
0 0 
0 0 
248 246 
0 0 
0 0 
0 0 
0 0 
0 0 
258 246 
0 0 
0 0 
0 0 
0 0 
0 0 
250 248 
0 0 
0 0 
0 0 
0 0 
0 0 
250 250 
0 0 
0 0 
0 0 
0 0 
0 0 
268 554 
0 0 
0 0 
0 0 
0 0 
0 0 
0 0 
0 0 
0 0 
272 236 
0 0 
0 0 
0 0 
0 0 
0 0 
0 0 
252 250 
0 0 
0 0 
0 0 
0 0 
0 0 
0 0 
250 250 
0 0 
0 0 
0 0 
0 0 
0 0 
314 250 
0 0 
0 0 
0 0 
0 0 
0 0 
0 0 
252 250 
0 0 
0 0 
0 0 
0 0 
0 0 
0 0 
710 248 
0 0 
0 0 
0 0 
0 0 
0 0 
0 0 
0 0 
0 0 
0 0 
250 240 
0 0 
0 0 
0 0 
0 0 
0 0 
230 250 
0 0 
0 0 
0 0 
0 0 
0 0 
252 242 
0 0 
0 0 
0 0 
0 0 
0 0 
0 0 
250 236 
0 0 
0 0 
0 0 
0 0 
0 0 
0 0 
232 244 
0 0 
0 0 
0 0 
0 0 
0 0 
252 628 
0 0 
0 0 
0 0 
0 0 
0 0 
0 0 
0 0 
0 0 
0 0 
252 244 
0 0 
0 0 
0 0 
0 0 
0 0 
254 242 
0 0 
0 0 
0 0 
0 0 
0 0 
0 0 
254 220 
0 0 
0 0 
0 0 
0 0 
0 0 
250 250 
0 0 
0 0 
0 0 
0 0 
0 0 
534 242 
0 0 
0 0 
0 0 
0 0 
0 0 
0 0 
0 0 
0 0 
358 552 
0 0 
0 0 
0 0 
0 0 
0 0 
0 0 
0 0 
0 0 
252 222 
0 0 
0 0 
0 0 
0 0 
0 0 
250 250 
0 0 
0 0 
0 0 
0 0 
0 0 
0 0 
254 244 
0 0 
0 0 
0 0 
0 0 
0 0 
0 0 
248 244 
0 0 
0 0 
0 0 
0 0 
0 0 
254 242 
0 0 
0 0 
0 0 
0 0 
0 0 
272 248 
0 0 
0 0 
0 0 
0 0 
0 0 
0 0 
242 246 
0 0 
0 0 
0 0 
0 0 
0 0 
248 236 
0 0 
0 0 
0 0 
0 0 
0 0 
250 256 
0 0 
0 0 
0 0 
0 0 
0 0 
252 244 
0 0 
0 0 
0 0 
0 0 
0 0 
254 246 
0 0 
0 0 
0 0 
0 0 
0 0 
250 280 
0 0 
0 0 
0 0 
0 0 
0 0 
246 248 
0 0 
0 0 
0 0 
0 0 
0 0 
558 246 
0 0 
0 0 
0 0 
0 0 
0 0 
0 0 
0 0 
0 0 
252 216 
0 0 
0 0 
0 0 
0 0 
0 0 
256 244 
0 0 
0 0 
0 0 
0 0 
0 0 
0 0 
252 244 
0 0 
0 0 
0 0 
0 0 
0 0 
248 252 
0 0 
0 0 
0 0 
0 0 
0 0 
252 250 
0 0 
0 0 
0 0 
0 0 
0 0 
254 308 
0 0 
0 0 
0 0 
0 0 
0 0 
0 0 
254 246 
0 0 
0 0 
0 0 
0 0 
0 0 
0 0 
238 242 
0 0 
0 0 
0 0 
0 0 
0 0 
258 240 
0 0 
0 0 
0 0 
0 0 
0 0 
0 0 
250 244 
0 0 
0 0 
0 0 
0 0 
0 0 
256 248 
0 0 
0 0 
0 0 
0 0 
0 0 
0 0 
246 244 
0 0 
0 0 
0 0 
0 0 
0 0 
254 554 
0 0 
0 0 
0 0 
0 0 
0 0 
0 0 
0 0 
0 0 
252 250 
0 0 
0 0 
0 0 
0 0 
0 0 
0 0 
248 256 
0 0 
0 0 
0 0 
0 0 
0 0 
0 0 
252 248 
0 0 
0 0 
0 0 
0 0 
0 0 
248 250 
0 0 
0 0 
0 0 
0 0 
0 0 
256 250 
0 0 
0 0 
0 0 
0 0 
0 0 
250 248 
0 0 
0 0 
0 0 
0 0 
0 0 
0 0 
274 246 
0 0 
0 0 
0 0 
0 0 
0 0 
0 0 
248 238 
0 0 
0 0 
0 0 
0 0 
0 0 
252 244 
0 0 
0 0 
0 0 
0 0 
0 0 
252 250 
0 0 
0 0 
0 0 
0 0 
0 0 
0 0 
250 220 
0 0 
0 0 
0 0 
0 0 
0 0 
250 250 
0 0 
0 0 
0 0 
0 0 
0 0 
224 718 
0 0 
0 0 
0 0 
0 0 
0 0 
0 0 
0 0 
0 0 
0 0 
220 250 
0 0 
0 0 
0 0 
0 0 
0 0 
256 250 
0 0 
0 0 
0 0 
0 0 
0 0 
246 246 
0 0 
0 0 
0 0 
0 0 
0 0 
0 0 
248 252 
0 0 
0 0 
0 0 
0 0 
0 0 
252 244 
0 0 
0 0 
0 0 
0 0 
0 0 
0 0 
248 246 
0 0 
0 0 
0 0 
0 0 
0 0 
314 252 
0 0 
0 0 
0 0 
0 0 
0 0 
0 0 
250 232 
0 0 
0 0 
0 0 
0 0 
0 0 
236 246 
0 0 
0 0 
0 0 
0 0 
0 0 
250 356 
0 0 
0 0 
0 0 
0 0 
0 0 
0 0 
248 244 
0 0 
0 0 
0 0 
0 0 
0 0 
224 242 
0 0 
0 0 
0 0 
0 0 
0 0 
252 248 
0 0 
0 0 
0 0 
0 0 
0 0 
242 242 
0 0 
0 0 
0 0 
0 0 
0 0 
248 248 
0 0 
0 0 
0 0 
0 0 
0 0 
252 246 
0 0 
0 0 
0 0 
0 0 
0 0 
0 0 
248 244 
0 0 
0 0 
0 0 
0 0 
0 0 
250 246 
0 0 
0 0 
0 0 
0 0 
0 0 
248 242 
0 0 
0 0 
0 0 
0 0 
0 0 
248 246 
0 0 
0 0 
0 0 
0 0 
0 0 
378 250 
0 0 
0 0 
0 0 
0 0 
0 0 
0 0 
252 236 
0 0 
0 0 
0 0 
0 0 
0 0 
0 0 
258 246 
0 0 
0 0 
0 0 
0 0 
0 0 
246 246 
0 0 
0 0 
0 0 
0 0 
0 0 
222 242 
0 0 
0 0 
0 0 
0 0 
0 0 
252 254 
0 0 
0 0 
0 0 
0 0 
0 0 
248 250 
0 0 
0 0 
0 0 
0 0 
0 0 
332 246 
0 0 
0 0 
0 0 
0 0 
0 0 
0 0 
250 234 
0 0 
0 0 
0 0 
0 0 
0 0 
250 244 
0 0 
0 0 
0 0 
0 0 
0 0 
252 228 
0 0 
0 0 
0 0 
0 0 
0 0 
254 244 
0 0 
0 0 
0 0 
0 0 
0 0 
0 0 
0 0 
0 0 
0 0 
0 0 
0 0 
0 0 
0 0 
0 0 
0 0 
0 0 
0 0 
0 0 
0 0 
0 0 
0 0 
0 0 
0 0 
0 0 
0 0 
0 0 
0 0 
0 0 
0 0 
0 0 
0 0 
0 0 
0 0 
0 0 
0 0 
0 0 
0 0 
0 0 
0 0 
0 0 
0 0 
0 0 
0 0 
0 0 
0 0 
0 0 
0 0 
0 0 
0 0 
0 0 
0 0 
0 0 
0 0 
0 0 
0 0 
0 0 
0 0 
252 734 
0 0 
0 0 
0 0 
0 0 
0 0 
0 0 
0 0 
0 0 
0 0 
0 0 
250 248 
0 0 
0 0 
0 0 
0 0 
0 0 
0 0 
252 254 
0 0 
0 0 
0 0 
0 0 
0 0 
250 246 
0 0 
0 0 
0 0 
0 0 
0 0 
0 0 
252 250 
0 0 
0 0 
0 0 
0 0 
0 0 
256 226 
0 0 
0 0 
0 0 
0 0 
0 0 
262 244 
0 0 
0 0 
0 0 
0 0 
0 0 
0 0 
220 242 
0 0 
0 0 
0 0 
0 0 
0 0 
254 234 
0 0 
0 0 
0 0 
0 0 
0 0 
252 254 
0 0 
0 0 
0 0 
0 0 
0 0 
308 248 
0 0 
0 0 
0 0 
0 0 
0 0 
0 0 
250 250 
0 0 
0 0 
0 0 
0 0 
0 0 
0 0 
254 252 
0 0 
0 0 
0 0 
0 0 
0 0 
256 248 
0 0 
0 0 
0 0 
0 0 
0 0 
254 250 
0 0 
0 0 
0 0 
0 0 
0 0 
0 0 
242 236 
0 0 
0 0 
0 0 
0 0 
0 0 
252 218 
0 0 
0 0 
0 0 
0 0 
0 0 
250 248 
0 0 
0 0 
0 0 
0 0 
0 0 
224 248 
0 0 
0 0 
0 0 
0 0 
0 0 
252 246 
0 0 
0 0 
0 0 
0 0 
0 0 
256 246 
0 0 
0 0 
0 0 
0 0 
0 0 
272 218 
0 0 
0 0 
0 0 
0 0 
0 0 
246 236 
0 0 
0 0 
0 0 
0 0 
0 0 
220 246 
0 0 
0 0 
0 0 
0 0 
0 0 
250 246 
0 0 
0 0 
0 0 
0 0 
0 0 
0 0 
248 254 
0 0 
0 0 
0 0 
0 0 
0 0 
0 0 
234 242 
0 0 
0 0 
0 0 
0 0 
0 0 
248 248 
0 0 
0 0 
0 0 
0 0 
0 0 
260 246 
0 0 
0 0 
0 0 
0 0 
0 0 
244 238 
0 0 
0 0 
0 0 
0 0 
0 0 
256 246 
0 0 
0 0 
0 0 
0 0 
0 0 
284 244 
0 0 
0 0 
0 0 
0 0 
0 0 
0 0 
250 246 
0 0 
0 0 
0 0 
0 0 
0 0 
248 242 
0 0 
0 0 
0 0 
0 0 
0 0 
0 0 
248 244 
0 0 
0 0 
0 0 
0 0 
0 0 
270 248 
0 0 
0 0 
0 0 
0 0 
0 0 
250 232 
0 0 
0 0 
0 0 
0 0 
0 0 
250 216 
0 0 
0 0 
0 0 
0 0 
0 0 
246 242 
0 0 
0 0 
0 0 
0 0 
0 0 
252 248 
0 0 
0 0 
0 0 
0 0 
0 0 
0 0 
252 246 
0 0 
0 0 
0 0 
0 0 
0 0 
0 0 
254 718 
0 0 
0 0 
0 0 
0 0 
0 0 
0 0 
0 0 
0 0 
0 0 
250 242 
0 0 
0 0 
0 0 
0 0 
0 0 
248 250 
0 0 
0 0 
0 0 
0 0 
0 0 
252 244 
0 0 
0 0 
0 0 
0 0 
0 0 
0 0 
246 246 
0 0 
0 0 
0 0 
0 0 
0 0 
0 0 
316 248 
0 0 
0 0 
0 0 
0 0 
0 0 
250 250 
0 0 
0 0 
0 0 
0 0 
0 0 
0 0 
218 246 
0 0 
0 0 
0 0 
0 0 
0 0 
254 234 
0 0 
0 0 
0 0 
0 0 
0 0 
248 244 
0 0 
0 0 
0 0 
0 0 
0 0 
222 248 
0 0 
0 0 
0 0 
0 0 
0 0 
254 244 
0 0 
0 0 
0 0 
0 0 
0 0 
228 246 
0 0 
0 0 
0 0 
0 0 
0 0 
256 250 
0 0 
0 0 
0 0 
0 0 
0 0 
584 248 
0 0 
0 0 
0 0 
0 0 
0 0 
0 0 
0 0 
0 0 
246 232 
0 0 
0 0 
0 0 
0 0 
0 0 
0 0 
226 248 
0 0 
0 0 
0 0 
0 0 
0 0 
248 216 
0 0 
0 0 
0 0 
0 0 
0 0 
222 246 
0 0 
0 0 
0 0 
0 0 
0 0 
0 0 
252 220 
0 0 
0 0 
0 0 
0 0 
0 0 
252 542 
0 0 
0 0 
0 0 
0 0 
0 0 
0 0 
0 0 
0 0 
244 252 
0 0 
0 0 
0 0 
0 0 
0 0 
220 246 
0 0 
0 0 
0 0 
0 0 
0 0 
252 250 
0 0 
0 0 
0 0 
0 0 
0 0 
0 0 
252 244 
0 0 
0 0 
0 0 
0 0 
0 0 
248 250 
0 0 
0 0 
0 0 
0 0 
0 0 
0 0 
248 250 
0 0 
0 0 
0 0 
0 0 
0 0 
544 244 
0 0 
0 0 
0 0 
0 0 
0 0 
0 0 
0 0 
0 0 
218 236 
0 0 
0 0 
0 0 
0 0 
0 0 
250 248 
0 0 
0 0 
0 0 
0 0 
0 0 
0 0 
254 244 
0 0 
0 0 
0 0 
0 0 
0 0 
228 252 
0 0 
0 0 
0 0 
0 0 
0 0 
254 246 
0 0 
0 0 
0 0 
0 0 
0 0 
0 0 
250 560 
0 0 
0 0 
0 0 
0 0 
0 0 
0 0 
0 0 
0 0 
226 250 
0 0 
0 0 
0 0 
0 0 
0 0 
252 218 
0 0 
0 0 
0 0 
0 0 
0 0 
248 250 
0 0 
0 0 
0 0 
0 0 
0 0 
280 248 
0 0 
0 0 
0 0 
0 0 
0 0 
0 0 
250 246 
0 0 
0 0 
0 0 
0 0 
0 0 
0 0 
250 244 
0 0 
0 0 
0 0 
0 0 
0 0 
272 252 
0 0 
0 0 
0 0 
0 0 
0 0 
250 248 
0 0 
0 0 
0 0 
0 0 
0 0 
240 246 
0 0 
0 0 
0 0 
0 0 
0 0 
252 242 
0 0 
0 0 
0 0 
0 0 
0 0 
252 248 
0 0 
0 0 
0 0 
0 0 
0 0 
250 242 
0 0 
0 0 
0 0 
0 0 
0 0 
0 0 
256 246 
0 0 
0 0 
0 0 
0 0 
0 0 
498 252 
0 0 
0 0 
0 0 
0 0 
0 0 
0 0 
0 0 
0 0 
248 236 
0 0 
0 0 
0 0 
0 0 
0 0 
252 246 
0 0 
0 0 
0 0 
0 0 
0 0 
254 246 
0 0 
0 0 
0 0 
0 0 
0 0 
252 242 
0 0 
0 0 
0 0 
0 0 
0 0 
256 246 
0 0 
0 0 
0 0 
0 0 
0 0 
254 254 
0 0 
0 0 
0 0 
0 0 
0 0 
270 252 
0 0 
0 0 
0 0 
0 0 
0 0 
254 238 
0 0 
0 0 
0 0 
0 0 
0 0 
246 242 
0 0 
0 0 
0 0 
0 0 
0 0 
0 0 
252 244 
0 0 
0 0 
0 0 
0 0 
0 0 
0 0 
250 244 
0 0 
0 0 
0 0 
0 0 
0 0 
256 236 
0 0 
0 0 
0 0 
0 0 
0 0 
250 250 
0 0 
0 0 
0 0 
0 0 
0 0 
226 244 
0 0 
0 0 
0 0 
0 0 
0 0 
254 234 
0 0 
0 0 
0 0 
0 0 
0 0 
254 250 
0 0 
0 0 
0 0 
0 0 
0 0 
248 242 
0 0 
0 0 
0 0 
0 0 
0 0 
252 244 
0 0 
0 0 
0 0 
0 0 
0 0 
250 240 
0 0 
0 0 
0 0 
0 0 
0 0 
258 248 
0 0 
0 0 
0 0 
0 0 
0 0 
480 244 
0 0 
0 0 
0 0 
0 0 
0 0 
0 0 
0 0 
218 234 
0 0 
0 0 
0 0 
0 0 
0 0 
250 248 
0 0 
0 0 
0 0 
0 0 
0 0 
258 244 
0 0 
0 0 
0 0 
0 0 
0 0 
252 212 
0 0 
0 0 
0 0 
0 0 
0 0 
252 246 
0 0 
0 0 
0 0 
0 0 
0 0 
222 242 
0 0 
0 0 
0 0 
0 0 
0 0 
378 238 
0 0 
0 0 
0 0 
0 0 
0 0 
0 0 
252 234 
0 0 
0 0 
0 0 
0 0 
0 0 
258 244 
0 0 
0 0 
0 0 
0 0 
0 0 
0 0 
256 250 
0 0 
0 0 
0 0 
0 0 
0 0 
254 238 
0 0 
0 0 
0 0 
0 0 
0 0 
0 0 
246 246 
0 0 
0 0 
0 0 
0 0 
0 0 
250 248 
0 0 
0 0 
0 0 
0 0 
0 0 
262 250 
0 0 
0 0 
0 0 
0 0 
0 0 
250 250 
0 0 
0 0 
0 0 
0 0 
0 0 
256 244 
0 0 
0 0 
0 0 
0 0 
0 0 
284 240 
0 0 
0 0 
0 0 
0 0 
0 0 
252 244 
0 0 
0 0 
0 0 
0 0 
0 0 
252 248 
0 0 
0 0 
0 0 
0 0 
0 0 
258 364 
0 0 
0 0 
0 0 
0 0 
0 0 
0 0 
0 0 
248 250 
0 0 
0 0 
0 0 
0 0 
0 0 
254 234 
0 0 
0 0 
0 0 
0 0 
0 0 
254 248 
0 0 
0 0 
0 0 
0 0 
0 0 
252 248 
0 0 
0 0 
0 0 
0 0 
0 0 
252 252 
0 0 
0 0 
0 0 
0 0 
0 0 
0 0 
250 244 
0 0 
0 0 
0 0 
0 0 
0 0 
250 248 
0 0 
0 0 
0 0 
0 0 
0 0 
240 220 
0 0 
0 0 
0 0 
0 0 
0 0 
256 244 
0 0 
0 0 
0 0 
0 0 
0 0 
0 0 
244 244 
0 0 
0 0 
0 0 
0 0 
0 0 
250 240 
0 0 
0 0 
0 0 
0 0 
0 0 
250 246 
0 0 
0 0 
0 0 
0 0 
0 0 
248 236 
0 0 
0 0 
0 0 
0 0 
0 0 
250 250 
0 0 
0 0 
0 0 
0 0 
0 0 
460 242 
0 0 
0 0 
0 0 
0 0 
0 0 
0 0 
0 0 
250 230 
0 0 
0 0 
0 0 
0 0 
0 0 
248 248 
0 0 
0 0 
0 0 
0 0 
0 0 
220 244 
0 0 
0 0 
0 0 
0 0 
0 0 
252 250 
0 0 
0 0 
0 0 
0 0 
0 0 
254 242 
0 0 
0 0 
0 0 
0 0 
0 0 
254 218 
0 0 
0 0 
0 0 
0 0 
0 0 
356 246 
0 0 
0 0 
0 0 
0 0 
0 0 
0 0 
0 0 
0 0 
0 0 
0 0 
0 0 
0 0 
0 0 
0 0 
0 0 
0 0 
0 0 
0 0 
0 0 
0 0 
0 0 
0 0 
0 0 
0 0 
0 0 
0 0 
0 0 
0 0 
0 0 
0 0 
0 0 
0 0 
0 0 
0 0 
0 0 
0 0 
0 0 
0 0 
0 0 
0 0 
0 0 
0 0 
0 0 
0 0 
0 0 
0 0 
0 0 
0 0 
0 0 
0 0 
0 0 
0 0 
0 0 
0 0 
0 0 
0 0 
0 0 
0 0 
0 0 
0 0 
0 0 
0 0 
0 0 
0 0 
0 0 
0 0 
0 0 
0 0 
0 0 
0 0 
0 0 
0 0 
0 0 
0 0 
0 0 
0 0 
0 0 
0 0 
0 0 
0 0 
0 0 
0 0 
0 0 
0 0 
0 0 
0 0 
0 0 
0 0 
0 0 
0 0 
0 0 
0 0 
0 0 
0 0 
0 0 
220 236 
0 0 
0 0 
0 0 
0 0 
0 0 
252 246 
0 0 
0 0 
0 0 
0 0 
0 0 
246 248 
0 0 
0 0 
0 0 
0 0 
0 0 
246 220 
0 0 
0 0 
0 0 
0 0 
0 0 
254 250 
0 0 
0 0 
0 0 
0 0 
0 0 
226 246 
0 0 
0 0 
0 0 
0 0 
0 0 
254 244 
0 0 
0 0 
0 0 
0 0 
0 0 
250 234 
0 0 
0 0 
0 0 
0 0 
0 0 
0 0 
246 258 
0 0 
0 0 
0 0 
0 0 
0 0 
252 246 
0 0 
0 0 
0 0 
0 0 
0 0 
252 246 
0 0 
0 0 
0 0 
0 0 
0 0 
256 248 
0 0 
0 0 
0 0 
0 0 
0 0 
0 0 
252 244 
0 0 
0 0 
0 0 
0 0 
0 0 
300 248 
0 0 
0 0 
0 0 
0 0 
0 0 
0 0 
248 248 
0 0 
0 0 
0 0 
0 0 
0 0 
0 0 
254 246 
0 0 
0 0 
0 0 
0 0 
0 0 
228 250 
0 0 
0 0 
0 0 
0 0 
0 0 
248 254 
0 0 
0 0 
0 0 
0 0 
0 0 
220 244 
0 0 
0 0 
0 0 
0 0 
0 0 
250 228 
0 0 
0 0 
0 0 
0 0 
0 0 
252 246 
0 0 
0 0 
0 0 
0 0 
0 0 
228 232 
0 0 
0 0 
0 0 
0 0 
0 0 
248 248 
0 0 
0 0 
0 0 
0 0 
0 0 
250 246 
0 0 
0 0 
0 0 
0 0 
0 0 
0 0 
252 246 
0 0 
0 0 
0 0 
0 0 
0 0 
244 244 
0 0 
0 0 
0 0 
0 0 
0 0 
244 250 
0 0 
0 0 
0 0 
0 0 
0 0 
266 242 
0 0 
0 0 
0 0 
0 0 
0 0 
0 0 
258 234 
0 0 
0 0 
0 0 
0 0 
0 0 
248 242 
0 0 
0 0 
0 0 
0 0 
0 0 
246 248 
0 0 
0 0 
0 0 
0 0 
0 0 
0 0 
250 250 
0 0 
0 0 
0 0 
0 0 
0 0 
248 232 
0 0 
0 0 
0 0 
0 0 
0 0 
250 248 
0 0 
0 0 
0 0 
0 0 
0 0 
240 246 
0 0 
0 0 
0 0 
0 0 
0 0 
252 246 
0 0 
0 0 
0 0 
0 0 
0 0 
0 0 
254 246 
0 0 
0 0 
0 0 
0 0 
0 0 
246 246 
0 0 
0 0 
0 0 
0 0 
0 0 
250 248 
0 0 
0 0 
0 0 
0 0 
0 0 
252 250 
0 0 
0 0 
0 0 
0 0 
0 0 
0 0 
252 238 
0 0 
0 0 
0 0 
0 0 
0 0 
268 242 
0 0 
0 0 
0 0 
0 0 
0 0 
244 236 
0 0 
0 0 
0 0 
0 0 
0 0 
250 252 
0 0 
0 0 
0 0 
0 0 
0 0 
254 246 
0 0 
0 0 
0 0 
0 0 
0 0 
248 220 
0 0 
0 0 
0 0 
0 0 
0 0 
252 248 
0 0 
0 0 
0 0 
0 0 
0 0 
230 252 
0 0 
0 0 
0 0 
0 0 
0 0 
504 280 
0 0 
0 0 
0 0 
0 0 
0 0 
0 0 
0 0 
0 0 
246 236 
0 0 
0 0 
0 0 
0 0 
0 0 
246 244 
0 0 
0 0 
0 0 
0 0 
0 0 
256 244 
0 0 
0 0 
0 0 
0 0 
0 0 
250 246 
0 0 
0 0 
0 0 
0 0 
0 0 
252 240 
0 0 
0 0 
0 0 
0 0 
0 0 
246 250 
0 0 
0 0 
0 0 
0 0 
0 0 
0 0 
252 244 
0 0 
0 0 
0 0 
0 0 
0 0 
254 234 
0 0 
0 0 
0 0 
0 0 
0 0 
246 244 
0 0 
0 0 
0 0 
0 0 
0 0 
0 0 
240 246 
0 0 
0 0 
0 0 
0 0 
0 0 
250 246 
0 0 
0 0 
0 0 
0 0 
0 0 
252 250 
0 0 
0 0 
0 0 
0 0 
0 0 
250 236 
0 0 
0 0 
0 0 
0 0 
0 0 
250 246 
0 0 
0 0 
0 0 
0 0 
0 0 
0 0 
252 234 
0 0 
0 0 
0 0 
0 0 
0 0 
252 236 
0 0 
0 0 
0 0 
0 0 
0 0 
250 248 
0 0 
0 0 
0 0 
0 0 
0 0 
302 244 
0 0 
0 0 
0 0 
0 0 
0 0 
0 0 
246 242 
0 0 
0 0 
0 0 
0 0 
0 0 
0 0 
256 690 
0 0 
0 0 
0 0 
0 0 
0 0 
0 0 
0 0 
0 0 
0 0 
252 250 
0 0 
0 0 
0 0 
0 0 
0 0 
0 0 
238 252 
0 0 
0 0 
0 0 
0 0 
0 0 
248 248 
0 0 
0 0 
0 0 
0 0 
0 0 
254 242 
0 0 
0 0 
0 0 
0 0 
0 0 
0 0 
224 244 
0 0 
0 0 
0 0 
0 0 
0 0 
246 246 
0 0 
0 0 
0 0 
0 0 
0 0 
300 240 
0 0 
0 0 
0 0 
0 0 
0 0 
0 0 
252 234 
0 0 
0 0 
0 0 
0 0 
0 0 
250 250 
0 0 
0 0 
0 0 
0 0 
0 0 
252 244 
0 0 
0 0 
0 0 
0 0 
0 0 
254 248 
0 0 
0 0 
0 0 
0 0 
0 0 
250 246 
0 0 
0 0 
0 0 
0 0 
0 0 
256 236 
0 0 
0 0 
0 0 
0 0 
0 0 
458 248 
0 0 
0 0 
0 0 
0 0 
0 0 
0 0 
0 0 
0 0 
250 234 
0 0 
0 0 
0 0 
0 0 
0 0 
252 244 
0 0 
0 0 
0 0 
0 0 
0 0 
252 246 
0 0 
0 0 
0 0 
0 0 
0 0 
262 248 
0 0 
0 0 
0 0 
0 0 
0 0 
250 244 
0 0 
0 0 
0 0 
0 0 
0 0 
246 246 
0 0 
0 0 
0 0 
0 0 
0 0 
286 246 
0 0 
0 0 
0 0 
0 0 
0 0 
250 244 
0 0 
0 0 
0 0 
0 0 
0 0 
234 244 
0 0 
0 0 
0 0 
0 0 
0 0 
252 248 
0 0 
0 0 
0 0 
0 0 
0 0 
254 248 
0 0 
0 0 
0 0 
0 0 
0 0 
0 0 
242 244 
0 0 
0 0 
0 0 
0 0 
0 0 
248 244 
0 0 
0 0 
0 0 
0 0 
0 0 
386 254 
0 0 
0 0 
0 0 
0 0 
0 0 
0 0 
0 0 
248 232 
0 0 
0 0 
0 0 
0 0 
0 0 
254 242 
0 0 
0 0 
0 0 
0 0 
0 0 
240 252 
0 0 
0 0 
0 0 
0 0 
0 0 
0 0 
254 246 
0 0 
0 0 
0 0 
0 0 
0 0 
254 244 
0 0 
0 0 
0 0 
0 0 
0 0 
226 242 
0 0 
0 0 
0 0 
0 0 
0 0 
248 242 
0 0 
0 0 
0 0 
0 0 
0 0 
248 234 
0 0 
0 0 
0 0 
0 0 
0 0 
252 248 
0 0 
0 0 
0 0 
0 0 
0 0 
0 0 
256 242 
0 0 
0 0 
0 0 
0 0 
0 0 
250 250 
0 0 
0 0 
0 0 
0 0 
0 0 
246 234 
0 0 
0 0 
0 0 
0 0 
0 0 
250 252 
0 0 
0 0 
0 0 
0 0 
0 0 
242 246 
0 0 
0 0 
0 0 
0 0 
0 0 
252 244 
0 0 
0 0 
0 0 
0 0 
0 0 
0 0 
256 252 
0 0 
0 0 
0 0 
0 0 
0 0 
252 234 
0 0 
0 0 
0 0 
0 0 
0 0 
250 244 
0 0 
0 0 
0 0 
0 0 
0 0 
246 250 
0 0 
0 0 
0 0 
0 0 
0 0 
258 246 
0 0 
0 0 
0 0 
0 0 
0 0 
440 246 
0 0 
0 0 
0 0 
0 0 
0 0 
0 0 
0 0 
236 240 
0 0 
0 0 
0 0 
0 0 
0 0 
244 240 
0 0 
0 0 
0 0 
0 0 
0 0 
0 0 
252 244 
0 0 
0 0 
0 0 
0 0 
0 0 
256 250 
0 0 
0 0 
0 0 
0 0 
0 0 
256 244 
0 0 
0 0 
0 0 
0 0 
0 0 
246 248 
0 0 
0 0 
0 0 
0 0 
0 0 
256 244 
0 0 
0 0 
0 0 
0 0 
0 0 
252 246 
0 0 
0 0 
0 0 
0 0 
0 0 
246 220 
0 0 
0 0 
0 0 
0 0 
0 0 
250 246 
0 0 
0 0 
0 0 
0 0 
0 0 
254 246 
0 0 
0 0 
0 0 
0 0 
0 0 
258 258 
0 0 
0 0 
0 0 
0 0 
0 0 
250 248 
0 0 
0 0 
0 0 
0 0 
0 0 
522 248 
0 0 
0 0 
0 0 
0 0 
0 0 
0 0 
0 0 
0 0 
252 234 
0 0 
0 0 
0 0 
0 0 
0 0 
250 246 
0 0 
0 0 
0 0 
0 0 
0 0 
286 248 
0 0 
0 0 
0 0 
0 0 
0 0 
252 248 
0 0 
0 0 
0 0 
0 0 
0 0 
0 0 
254 250 
0 0 
0 0 
0 0 
0 0 
0 0 
252 236 
0 0 
0 0 
0 0 
0 0 
0 0 
252 240 
0 0 
0 0 
0 0 
0 0 
0 0 
0 0 
254 230 
0 0 
0 0 
0 0 
0 0 
0 0 
254 236 
0 0 
0 0 
0 0 
0 0 
0 0 
250 244 
0 0 
0 0 
0 0 
0 0 
0 0 
250 248 
0 0 
0 0 
0 0 
0 0 
0 0 
250 246 
0 0 
0 0 
0 0 
0 0 
0 0 
250 248 
0 0 
0 0 
0 0 
0 0 
0 0 
290 234 
0 0 
0 0 
0 0 
0 0 
0 0 
250 246 
0 0 
0 0 
0 0 
0 0 
0 0 
290 244 
0 0 
0 0 
0 0 
0 0 
0 0 
0 0 
0 0 
0 0 
0 0 
0 0 
0 0 
0 0 
0 0 
0 0 
0 0 
0 0 
0 0 
0 0 
0 0 
0 0 
0 0 
0 0 
0 0 
0 0 
0 0 
0 0 
0 0 
0 0 
0 0 
0 0 
0 0 
0 0 
0 0 
0 0 
0 0 
0 0 
0 0 
0 0 
0 0 
0 0 
0 0 
0 0 
0 0 
0 0 
0 0 
0 0 
0 0 
0 0 
0 0 
0 0 
0 0 
0 0 
264 244 
0 0 
0 0 
0 0 
0 0 
0 0 
0 0 
246 246 
0 0 
0 0 
0 0 
0 0 
0 0 
252 242 
0 0 
0 0 
0 0 
0 0 
0 0 
252 548 
0 0 
0 0 
0 0 
0 0 
0 0 
0 0 
0 0 
0 0 
252 244 
0 0 
0 0 
0 0 
0 0 
0 0 
248 254 
0 0 
0 0 
0 0 
0 0 
0 0 
250 248 
0 0 
0 0 
0 0 
0 0 
0 0 
0 0 
246 250 
0 0 
0 0 
0 0 
0 0 
0 0 
250 244 
0 0 
0 0 
0 0 
0 0 
0 0 
240 246 
0 0 
0 0 
0 0 
0 0 
0 0 
502 230 
0 0 
0 0 
0 0 
0 0 
0 0 
0 0 
0 0 
256 232 
0 0 
0 0 
0 0 
0 0 
0 0 
256 244 
0 0 
0 0 
0 0 
0 0 
0 0 
252 246 
0 0 
0 0 
0 0 
0 0 
0 0 
254 248 
0 0 
0 0 
0 0 
0 0 
0 0 
254 246 
0 0 
0 0 
0 0 
0 0 
0 0 
0 0 
690 576 
0 0 
0 0 
0 0 
0 0 
0 0 
0 0 
0 0 
0 0 
0 0 
0 0 
0 0 
248 224 
0 0 
0 0 
0 0 
0 0 
0 0 
244 244 
0 0 
0 0 
0 0 
0 0 
0 0 
240 236 
0 0 
0 0 
0 0 
0 0 
0 0 
252 246 
0 0 
0 0 
0 0 
0 0 
0 0 
250 246 
0 0 
0 0 
0 0 
0 0 
0 0 
250 232 
0 0 
0 0 
0 0 
0 0 
0 0 
588 250 
0 0 
0 0 
0 0 
0 0 
0 0 
0 0 
0 0 
0 0 
248 232 
0 0 
0 0 
0 0 
0 0 
0 0 
254 246 
0 0 
0 0 
0 0 
0 0 
0 0 
250 248 
0 0 
0 0 
0 0 
0 0 
0 0 
224 246 
0 0 
0 0 
0 0 
0 0 
0 0 
252 242 
0 0 
0 0 
0 0 
0 0 
0 0 
250 244 
0 0 
0 0 
0 0 
0 0 
0 0 
0 0 
250 248 
0 0 
0 0 
0 0 
0 0 
0 0 
254 236 
0 0 
0 0 
0 0 
0 0 
0 0 
244 242 
0 0 
0 0 
0 0 
0 0 
0 0 
252 236 
0 0 
0 0 
0 0 
0 0 
0 0 
252 248 
0 0 
0 0 
0 0 
0 0 
0 0 
246 248 
0 0 
0 0 
0 0 
0 0 
0 0 
250 248 
0 0 
0 0 
0 0 
0 0 
0 0 
0 0 
300 246 
0 0 
0 0 
0 0 
0 0 
0 0 
0 0 
268 240 
0 0 
0 0 
0 0 
0 0 
0 0 
0 0 
248 246 
0 0 
0 0 
0 0 
0 0 
0 0 
248 252 
0 0 
0 0 
0 0 
0 0 
0 0 
252 228 
0 0 
0 0 
0 0 
0 0 
0 0 
246 240 
0 0 
0 0 
0 0 
0 0 
0 0 
240 248 
0 0 
0 0 
0 0 
0 0 
0 0 
290 242 
0 0 
0 0 
0 0 
0 0 
0 0 
252 244 
0 0 
0 0 
0 0 
0 0 
0 0 
256 236 
0 0 
0 0 
0 0 
0 0 
0 0 
252 248 
0 0 
0 0 
0 0 
0 0 
0 0 
240 244 
0 0 
0 0 
0 0 
0 0 
0 0 
252 246 
0 0 
0 0 
0 0 
0 0 
0 0 
0 0 
258 254 
0 0 
0 0 
0 0 
0 0 
0 0 
410 252 
0 0 
0 0 
0 0 
0 0 
0 0 
0 0 
0 0 
250 226 
0 0 
0 0 
0 0 
0 0 
0 0 
250 246 
0 0 
0 0 
0 0 
0 0 
0 0 
0 0 
220 242 
0 0 
0 0 
0 0 
0 0 
0 0 
254 248 
0 0 
0 0 
0 0 
0 0 
0 0 
0 0 
250 248 
0 0 
0 0 
0 0 
0 0 
0 0 
252 680 
0 0 
0 0 
0 0 
0 0 
0 0 
0 0 
0 0 
0 0 
0 0 
248 238 
0 0 
0 0 
0 0 
0 0 
0 0 
248 246 
0 0 
0 0 
0 0 
0 0 
0 0 
0 0 
252 248 
0 0 
0 0 
0 0 
0 0 
0 0 
254 266 
0 0 
0 0 
0 0 
0 0 
0 0 
252 244 
0 0 
0 0 
0 0 
0 0 
0 0 
258 248 
0 0 
0 0 
0 0 
0 0 
0 0 
446 244 
0 0 
0 0 
0 0 
0 0 
0 0 
0 0 
0 0 
0 0 
248 230 
0 0 
0 0 
0 0 
0 0 
0 0 
236 244 
0 0 
0 0 
0 0 
0 0 
0 0 
254 244 
0 0 
0 0 
0 0 
0 0 
0 0 
248 254 
0 0 
0 0 
0 0 
0 0 
0 0 
0 0 
240 244 
0 0 
0 0 
0 0 
0 0 
0 0 
254 252 
0 0 
0 0 
0 0 
0 0 
0 0 
260 248 
0 0 
0 0 
0 0 
0 0 
0 0 
250 236 
0 0 
0 0 
0 0 
0 0 
0 0 
250 244 
0 0 
0 0 
0 0 
0 0 
0 0 
242 250 
0 0 
0 0 
0 0 
0 0 
0 0 
258 242 
0 0 
0 0 
0 0 
0 0 
0 0 
0 0 
254 246 
0 0 
0 0 
0 0 
0 0 
0 0 
248 232 
0 0 
0 0 
0 0 
0 0 
0 0 
230 248 
0 0 
0 0 
0 0 
0 0 
0 0 
0 0 
254 240 
0 0 
0 0 
0 0 
0 0 
0 0 
0 0 
250 242 
0 0 
0 0 
0 0 
0 0 
0 0 
0 0 
250 244 
0 0 
0 0 
0 0 
0 0 
0 0 
0 0 
252 246 
0 0 
0 0 
0 0 
0 0 
0 0 
254 250 
0 0 
0 0 
0 0 
0 0 
0 0 
248 562 
0 0 
0 0 
0 0 
0 0 
0 0 
0 0 
0 0 
0 0 
256 248 
0 0 
0 0 
0 0 
0 0 
0 0 
252 250 
0 0 
0 0 
0 0 
0 0 
0 0 
244 250 
0 0 
0 0 
0 0 
0 0 
0 0 
252 244 
0 0 
0 0 
0 0 
0 0 
0 0 
0 0 
246 264 
0 0 
0 0 
0 0 
0 0 
0 0 
0 0 
250 244 
0 0 
0 0 
0 0 
0 0 
0 0 
348 248 
0 0 
0 0 
0 0 
0 0 
0 0 
0 0 
250 264 
0 0 
0 0 
0 0 
0 0 
0 0 
0 0 
258 248 
0 0 
0 0 
0 0 
0 0 
0 0 
0 0 
252 246 
0 0 
0 0 
0 0 
0 0 
0 0 
256 262 
0 0 
0 0 
0 0 
0 0 
0 0 
246 254 
0 0 
0 0 
0 0 
0 0 
0 0 
244 248 
0 0 
0 0 
0 0 
0 0 
0 0 
252 246 
0 0 
0 0 
0 0 
0 0 
0 0 
252 234 
0 0 
0 0 
0 0 
0 0 
0 0 
252 218 
0 0 
0 0 
0 0 
0 0 
0 0 
248 248 
0 0 
0 0 
0 0 
0 0 
0 0 
0 0 
222 248 
0 0 
0 0 
0 0 
0 0 
0 0 
254 246 
0 0 
0 0 
0 0 
0 0 
0 0 
248 242 
0 0 
0 0 
0 0 
0 0 
0 0 
234 250 
0 0 
0 0 
0 0 
0 0 
0 0 
0 0 
246 240 
0 0 
0 0 
0 0 
0 0 
0 0 
258 250 
0 0 
0 0 
0 0 
0 0 
0 0 
256 248 
0 0 
0 0 
0 0 
0 0 
0 0 
0 0 
256 246 
0 0 
0 0 
0 0 
0 0 
0 0 
256 240 
0 0 
0 0 
0 0 
0 0 
0 0 
0 0 
254 672 
0 0 
0 0 
0 0 
0 0 
0 0 
0 0 
0 0 
0 0 
0 0 
252 236 
0 0 
0 0 
0 0 
0 0 
0 0 
242 244 
0 0 
0 0 
0 0 
0 0 
0 0 
250 246 
0 0 
0 0 
0 0 
0 0 
0 0 
0 0 
254 240 
0 0 
0 0 
0 0 
0 0 
0 0 
252 244 
0 0 
0 0 
0 0 
0 0 
0 0 
0 0 
244 250 
0 0 
0 0 
0 0 
0 0 
0 0 
284 244 
0 0 
0 0 
0 0 
0 0 
0 0 
0 0 
248 234 
0 0 
0 0 
0 0 
0 0 
0 0 
254 236 
0 0 
0 0 
0 0 
0 0 
0 0 
0 0 
244 432 
0 0 
0 0 
0 0 
0 0 
0 0 
0 0 
0 0 
254 216 
0 0 
0 0 
0 0 
0 0 
0 0 
288 1784 
0 0 
0 0 
0 0 
0 0 
0 0 
0 0 
0 0 
0 0 
0 0 
0 0 
0 0 
0 0 
0 0 
0 0 
0 0 
0 0 
0 0 
856 1866 
0 0 
0 0 
0 0 
0 0 
0 0 
0 0 
0 0 
0 0 
0 0 
0 0 
0 0 
0 0 
0 0 
0 0 
0 0 
0 0 
0 0 
0 0 
0 0 
0 0 
0 0 
1288 1656 
0 0 
0 0 
0 0 
0 0 
0 0 
0 0 
0 0 
0 0 
0 0 
0 0 
0 0 
0 0 
0 0 
0 0 
0 0 
0 0 
0 0 
0 0 
0 0 
0 0 
0 0 
0 0 
226 620 
0 0 
0 0 
0 0 
0 0 
0 0 
0 0 
0 0 
0 0 
570 242 
0 0 
0 0 
0 0 
0 0 
0 0 
0 0 
0 0 
0 0 
254 244 
0 0 
0 0 
0 0 
0 0 
0 0 
0 0 
252 250 
0 0 
0 0 
0 0 
0 0 
0 0 
0 0 
710 252 
0 0 
0 0 
0 0 
0 0 
0 0 
0 0 
0 0 
0 0 
0 0 
250 232 
0 0 
0 0 
0 0 
0 0 
0 0 
286 248 
0 0 
0 0 
0 0 
0 0 
0 0 
0 0 
250 248 
0 0 
0 0 
0 0 
0 0 
0 0 
250 246 
0 0 
0 0 
0 0 
0 0 
0 0 
0 0 
224 246 
0 0 
0 0 
0 0 
0 0 
0 0 
250 676 
0 0 
0 0 
0 0 
0 0 
0 0 
0 0 
0 0 
0 0 
0 0 
252 246 
0 0 
0 0 
0 0 
0 0 
0 0 
254 248 
0 0 
0 0 
0 0 
0 0 
0 0 
250 270 
0 0 
0 0 
0 0 
0 0 
0 0 
256 248 
0 0 
0 0 
0 0 
0 0 
0 0 
256 246 
0 0 
0 0 
0 0 
0 0 
0 0 
0 0 
0 0 
0 0 
0 0 
0 0 
0 0 
0 0 
0 0 
0 0 
0 0 
0 0 
0 0 
0 0 
0 0 
0 0 
0 0 
0 0 
0 0 
0 0 
0 0 
0 0 
0 0 
0 0 
0 0 
0 0 
0 0 
0 0 
0 0 
0 0 
0 0 
0 0 
0 0 
0 0 
0 0 
0 0 
0 0 
0 0 
0 0 
0 0 
0 0 
0 0 
0 0 
0 0 
0 0 
0 0 
252 248 
0 0 
0 0 
0 0 
0 0 
0 0 
454 268 
0 0 
0 0 
0 0 
0 0 
0 0 
0 0 
0 0 
248 232 
0 0 
0 0 
0 0 
0 0 
0 0 
250 246 
0 0 
0 0 
0 0 
0 0 
0 0 
246 242 
0 0 
0 0 
0 0 
0 0 
0 0 
258 242 
0 0 
0 0 
0 0 
0 0 
0 0 
252 236 
0 0 
0 0 
0 0 
0 0 
0 0 
252 252 
0 0 
0 0 
0 0 
0 0 
0 0 
346 244 
0 0 
0 0 
0 0 
0 0 
0 0 
0 0 
256 232 
0 0 
0 0 
0 0 
0 0 
0 0 
250 246 
0 0 
0 0 
0 0 
0 0 
0 0 
0 0 
222 250 
0 0 
0 0 
0 0 
0 0 
0 0 
250 244 
0 0 
0 0 
0 0 
0 0 
0 0 
250 246 
0 0 
0 0 
0 0 
0 0 
0 0 
252 290 
0 0 
0 0 
0 0 
0 0 
0 0 
0 0 
252 244 
0 0 
0 0 
0 0 
0 0 
0 0 
248 234 
0 0 
0 0 
0 0 
0 0 
0 0 
250 526 
0 0 
0 0 
0 0 
0 0 
0 0 
0 0 
0 0 
0 0 
246 242 
0 0 
0 0 
0 0 
0 0 
0 0 
258 246 
0 0 
0 0 
0 0 
0 0 
0 0 
0 0 
250 248 
0 0 
0 0 
0 0 
0 0 
0 0 
0 0 
624 224 
0 0 
0 0 
0 0 
0 0 
0 0 
0 0 
0 0 
0 0 
246 236 
0 0 
0 0 
0 0 
0 0 
0 0 
222 252 
0 0 
0 0 
0 0 
0 0 
0 0 
256 248 
0 0 
0 0 
0 0 
0 0 
0 0 
258 246 
0 0 
0 0 
0 0 
0 0 
0 0 
0 0 
240 246 
0 0 
0 0 
0 0 
0 0 
0 0 
252 240 
0 0 
0 0 
0 0 
0 0 
0 0 
250 254 
0 0 
0 0 
0 0 
0 0 
0 0 
0 0 
250 232 
0 0 
0 0 
0 0 
0 0 
0 0 
250 246 
0 0 
0 0 
0 0 
0 0 
0 0 
254 254 
0 0 
0 0 
0 0 
0 0 
0 0 
0 0 
256 264 
0 0 
0 0 
0 0 
0 0 
0 0 
0 0 
246 250 
0 0 
0 0 
0 0 
0 0 
0 0 
240 738 
0 0 
0 0 
0 0 
0 0 
0 0 
0 0 
0 0 
0 0 
0 0 
230 254 
0 0 
0 0 
0 0 
0 0 
0 0 
258 254 
0 0 
0 0 
0 0 
0 0 
0 0 
0 0 
252 254 
0 0 
0 0 
0 0 
0 0 
0 0 
242 252 
0 0 
0 0 
0 0 
0 0 
0 0 
246 250 
0 0 
0 0 
0 0 
0 0 
0 0 
256 248 
0 0 
0 0 
0 0 
0 0 
0 0 
0 0 
306 236 
0 0 
0 0 
0 0 
0 0 
0 0 
0 0 
252 236 
0 0 
0 0 
0 0 
0 0 
0 0 
252 256 
0 0 
0 0 
0 0 
0 0 
0 0 
0 0 
252 264 
0 0 
0 0 
0 0 
0 0 
0 0 
0 0 
254 250 
0 0 
0 0 
0 0 
0 0 
0 0 
252 246 
0 0 
0 0 
0 0 
0 0 
0 0 
250 252 
0 0 
0 0 
0 0 
0 0 
0 0 
274 250 
0 0 
0 0 
0 0 
0 0 
0 0 
254 240 
0 0 
0 0 
0 0 
0 0 
0 0 
250 248 
0 0 
0 0 
0 0 
0 0 
0 0 
0 0 
252 246 
0 0 
0 0 
0 0 
0 0 
0 0 
0 0 
252 248 
0 0 
0 0 
0 0 
0 0 
0 0 
254 248 
0 0 
0 0 
0 0 
0 0 
0 0 
0 0 
256 638 
0 0 
0 0 
0 0 
0 0 
0 0 
0 0 
0 0 
0 0 
244 250 
0 0 
0 0 
0 0 
0 0 
0 0 
256 250 
0 0 
0 0 
0 0 
0 0 
0 0 
0 0 
250 246 
0 0 
0 0 
0 0 
0 0 
0 0 
268 248 
0 0 
0 0 
0 0 
0 0 
0 0 
250 246 
0 0 
0 0 
0 0 
0 0 
0 0 
254 244 
0 0 
0 0 
0 0 
0 0 
0 0 
602 244 
0 0 
0 0 
0 0 
0 0 
0 0 
0 0 
0 0 
0 0 
250 234 
0 0 
0 0 
0 0 
0 0 
0 0 
246 252 
0 0 
0 0 
0 0 
0 0 
0 0 
254 242 
0 0 
0 0 
0 0 
0 0 
0 0 
0 0 
248 238 
0 0 
0 0 
0 0 
0 0 
0 0 
252 244 
0 0 
0 0 
0 0 
0 0 
0 0 
254 330 
0 0 
0 0 
0 0 
0 0 
0 0 
0 0 
248 244 
0 0 
0 0 
0 0 
0 0 
0 0 
222 232 
0 0 
0 0 
0 0 
0 0 
0 0 
246 244 
0 0 
0 0 
0 0 
0 0 
0 0 
248 244 
0 0 
0 0 
0 0 
0 0 
0 0 
0 0 
242 248 
0 0 
0 0 
0 0 
0 0 
0 0 
248 244 
0 0 
0 0 
0 0 
0 0 
0 0 
248 216 
0 0 
0 0 
0 0 
0 0 
0 0 
236 238 
0 0 
0 0 
0 0 
0 0 
0 0 
248 238 
0 0 
0 0 
0 0 
0 0 
0 0 
240 234 
0 0 
0 0 
0 0 
0 0 
0 0 
220 248 
0 0 
0 0 
0 0 
0 0 
0 0 
252 248 
0 0 
0 0 
0 0 
0 0 
0 0 
0 0 
246 236 
0 0 
0 0 
0 0 
0 0 
0 0 
242 246 
0 0 
0 0 
0 0 
0 0 
0 0 
254 250 
0 0 
0 0 
0 0 
0 0 
0 0 
246 236 
0 0 
0 0 
0 0 
0 0 
0 0 
0 0 
254 246 
0 0 
0 0 
0 0 
0 0 
0 0 
250 238 
0 0 
0 0 
0 0 
0 0 
0 0 
254 234 
0 0 
0 0 
0 0 
0 0 
0 0 
252 244 
0 0 
0 0 
0 0 
0 0 
0 0 
254 250 
0 0 
0 0 
0 0 
0 0 
0 0 
434 250 
0 0 
0 0 
0 0 
0 0 
0 0 
0 0 
0 0 
258 236 
0 0 
0 0 
0 0 
0 0 
0 0 
250 360 
0 0 
0 0 
0 0 
0 0 
0 0 
0 0 
0 0 
256 246 
0 0 
0 0 
0 0 
0 0 
0 0 
0 0 
250 252 
0 0 
0 0 
0 0 
0 0 
0 0 
246 270 
0 0 
0 0 
0 0 
0 0 
0 0 
256 558 
0 0 
0 0 
0 0 
0 0 
0 0 
0 0 
0 0 
0 0 
252 244 
0 0 
0 0 
0 0 
0 0 
0 0 
250 244 
0 0 
0 0 
0 0 
0 0 
0 0 
252 250 
0 0 
0 0 
0 0 
0 0 
0 0 
260 242 
0 0 
0 0 
0 0 
0 0 
0 0 
0 0 
256 220 
0 0 
0 0 
0 0 
0 0 
0 0 
254 240 
0 0 
0 0 
0 0 
0 0 
0 0 
0 0 
346 250 
0 0 
0 0 
0 0 
0 0 
0 0 
0 0 
254 236 
0 0 
0 0 
0 0 
0 0 
0 0 
0 0 
254 252 
0 0 
0 0 
0 0 
0 0 
0 0 
254 248 
0 0 
0 0 
0 0 
0 0 
0 0 
0 0 
258 236 
0 0 
0 0 
0 0 
0 0 
0 0 
254 250 
0 0 
0 0 
0 0 
0 0 
0 0 
248 250 
0 0 
0 0 
0 0 
0 0 
0 0 
0 0 
250 252 
0 0 
0 0 
0 0 
0 0 
0 0 
250 236 
0 0 
0 0 
0 0 
0 0 
0 0 
252 238 
0 0 
0 0 
0 0 
0 0 
0 0 
258 244 
0 0 
0 0 
0 0 
0 0 
0 0 
238 242 
0 0 
0 0 
0 0 
0 0 
0 0 
256 248 
0 0 
0 0 
0 0 
0 0 
0 0 
0 0 
254 244 
0 0 
0 0 
0 0 
0 0 
0 0 
320 246 
0 0 
0 0 
0 0 
0 0 
0 0 
0 0 
248 232 
0 0 
0 0 
0 0 
0 0 
0 0 
256 244 
0 0 
0 0 
0 0 
0 0 
0 0 
0 0 
252 248 
0 0 
0 0 
0 0 
0 0 
0 0 
244 246 
0 0 
0 0 
0 0 
0 0 
0 0 
250 246 
0 0 
0 0 
0 0 
0 0 
0 0 
0 0 
254 724 
0 0 
0 0 
0 0 
0 0 
0 0 
0 0 
0 0 
0 0 
0 0 
258 274 
0 0 
0 0 
0 0 
0 0 
0 0 
252 246 
0 0 
0 0 
0 0 
0 0 
0 0 
0 0 
254 248 
0 0 
0 0 
0 0 
0 0 
0 0 
248 240 
0 0 
0 0 
0 0 
0 0 
0 0 
250 242 
0 0 
0 0 
0 0 
0 0 
0 0 
0 0 
220 244 
0 0 
0 0 
0 0 
0 0 
0 0 
248 242 
0 0 
0 0 
0 0 
0 0 
0 0 
0 0 
250 232 
0 0 
0 0 
0 0 
0 0 
0 0 
232 248 
0 0 
0 0 
0 0 
0 0 
0 0 
0 0 
248 254 
0 0 
0 0 
0 0 
0 0 
0 0 
254 248 
0 0 
0 0 
0 0 
0 0 
0 0 
250 250 
0 0 
0 0 
0 0 
0 0 
0 0 
252 734 
0 0 
0 0 
0 0 
0 0 
0 0 
0 0 
0 0 
0 0 
0 0 
252 240 
0 0 
0 0 
0 0 
0 0 
0 0 
0 0 
220 244 
0 0 
0 0 
0 0 
0 0 
0 0 
250 250 
0 0 
0 0 
0 0 
0 0 
0 0 
248 250 
0 0 
0 0 
0 0 
0 0 
0 0 
0 0 
252 252 
0 0 
0 0 
0 0 
0 0 
0 0 
246 246 
0 0 
0 0 
0 0 
0 0 
0 0 
0 0 
422 248 
0 0 
0 0 
0 0 
0 0 
0 0 
0 0 
0 0 
228 232 
0 0 
0 0 
0 0 
0 0 
0 0 
250 256 
0 0 
0 0 
0 0 
0 0 
0 0 
254 246 
0 0 
0 0 
0 0 
0 0 
0 0 
256 248 
0 0 
0 0 
0 0 
0 0 
0 0 
256 250 
0 0 
0 0 
0 0 
0 0 
0 0 
0 0 
258 648 
0 0 
0 0 
0 0 
0 0 
0 0 
0 0 
0 0 
0 0 
0 0 
252 244 
0 0 
0 0 
0 0 
0 0 
0 0 
0 0 
0 0 
0 0 
0 0 
0 0 
0 0 
0 0 
0 0 
0 0 
0 0 
0 0 
0 0 
0 0 
0 0 
0 0 
0 0 
0 0 
0 0 
0 0 
0 0 
0 0 
0 0 
0 0 
0 0 
0 0 
0 0 
0 0 
0 0 
0 0 
0 0 
0 0 
0 0 
0 0 
0 0 
0 0 
0 0 
0 0 
0 0 
0 0 
0 0 
0 0 
0 0 
0 0 
0 0 
0 0 
0 0 
0 0 
0 0 
0 0 
262 248 
0 0 
0 0 
0 0 
0 0 
0 0 
0 0 
254 246 
0 0 
0 0 
0 0 
0 0 
0 0 
250 246 
0 0 
0 0 
0 0 
0 0 
0 0 
0 0 
254 246 
0 0 
0 0 
0 0 
0 0 
0 0 
428 248 
0 0 
0 0 
0 0 
0 0 
0 0 
0 0 
0 0 
228 232 
0 0 
0 0 
0 0 
0 0 
0 0 
254 252 
0 0 
0 0 
0 0 
0 0 
0 0 
256 246 
0 0 
0 0 
0 0 
0 0 
0 0 
250 216 
0 0 
0 0 
0 0 
0 0 
0 0 
256 244 
0 0 
0 0 
0 0 
0 0 
0 0 
0 0 
240 250 
0 0 
0 0 
0 0 
0 0 
0 0 
288 240 
0 0 
0 0 
0 0 
0 0 
0 0 
248 250 
0 0 
0 0 
0 0 
0 0 
0 0 
252 250 
0 0 
0 0 
0 0 
0 0 
0 0 
0 0 
254 246 
0 0 
0 0 
0 0 
0 0 
0 0 
252 250 
0 0 
0 0 
0 0 
0 0 
0 0 
0 0 
254 244 
0 0 
0 0 
0 0 
0 0 
0 0 
250 244 
0 0 
0 0 
0 0 
0 0 
0 0 
256 250 
0 0 
0 0 
0 0 
0 0 
0 0 
0 0 
250 240 
0 0 
0 0 
0 0 
0 0 
0 0 
254 240 
0 0 
0 0 
0 0 
0 0 
0 0 
0 0 
240 242 
0 0 
0 0 
0 0 
0 0 
0 0 
252 246 
0 0 
0 0 
0 0 
0 0 
0 0 
0 0 
248 238 
0 0 
0 0 
0 0 
0 0 
0 0 
0 0 
262 560 
0 0 
0 0 
0 0 
0 0 
0 0 
0 0 
0 0 
0 0 
228 246 
0 0 
0 0 
0 0 
0 0 
0 0 
250 244 
0 0 
0 0 
0 0 
0 0 
0 0 
246 244 
0 0 
0 0 
0 0 
0 0 
0 0 
0 0 
244 248 
0 0 
0 0 
0 0 
0 0 
0 0 
0 0 
250 244 
0 0 
0 0 
0 0 
0 0 
0 0 
252 242 
0 0 
0 0 
0 0 
0 0 
0 0 
256 234 
0 0 
0 0 
0 0 
0 0 
0 0 
256 246 
0 0 
0 0 
0 0 
0 0 
0 0 
228 250 
0 0 
0 0 
0 0 
0 0 
0 0 
256 238 
0 0 
0 0 
0 0 
0 0 
0 0 
244 240 
0 0 
0 0 
0 0 
0 0 
0 0 
254 216 
0 0 
0 0 
0 0 
0 0 
0 0 
250 244 
0 0 
0 0 
0 0 
0 0 
0 0 
594 244 
0 0 
0 0 
0 0 
0 0 
0 0 
0 0 
0 0 
0 0 
254 490 
0 0 
0 0 
0 0 
0 0 
0 0 
0 0 
0 0 
250 246 
0 0 
0 0 
0 0 
0 0 
0 0 
0 0 
254 246 
0 0 
0 0 
0 0 
0 0 
0 0 
256 250 
0 0 
0 0 
0 0 
0 0 
0 0 
248 244 
0 0 
0 0 
