# FR-trace starting at Fri Apr 29 14:48:11 2022
################# CONFIG #################
# slot=200
# samples=100000
# threshold=100
# idle=10000
# minlen=30000
# runs=60000
# pdathreads=6
# nmonitored=2
#   monitor0=/usr/local/lib/libcrypto.so 828458 0xca42a
#   monitor1=/usr/local/lib/libcrypto.so 1375253 0x14fc15
# nevicted=0
# npdatargets=2
#   target0=/usr/local/lib/libcrypto.so 1375152 0x14fbb0
#   target1=/usr/local/lib/libcrypto.so 753917 0xb80fd
# affinity=all
############## SYSTEM INFO ###############
# mastik_version=
# sysname=Linux
# nodename=cyberdada
# release=5.13.0-39-generic
# version=#44~20.04.1-Ubuntu SMP Thu Mar 24 16:43:35 UTC 2022
# machine=x86_64
################## DATA ##################
# run=2
# datapoints=15020
250 70 
238 254 
0 0 
0 0 
0 0 
0 0 
0 0 
0 0 
0 0 
0 0 
0 0 
0 0 
0 0 
0 0 
0 0 
236 250 
0 0 
0 0 
0 0 
0 0 
0 0 
0 0 
238 70 
0 0 
0 0 
0 0 
0 0 
0 0 
250 244 
0 0 
0 0 
0 0 
0 0 
0 0 
246 222 
0 0 
0 0 
0 0 
0 0 
0 0 
252 242 
0 0 
0 0 
0 0 
0 0 
0 0 
0 0 
252 240 
0 0 
0 0 
0 0 
0 0 
0 0 
0 0 
252 250 
0 0 
0 0 
0 0 
0 0 
0 0 
254 70 
0 0 
0 0 
0 0 
0 0 
266 270 
0 0 
0 0 
0 0 
0 0 
0 0 
0 0 
0 0 
238 72 
0 0 
0 0 
0 0 
0 0 
252 624 
0 0 
0 0 
0 0 
0 0 
0 0 
0 0 
0 0 
0 0 
246 70 
0 0 
0 0 
0 0 
0 0 
0 0 
240 72 
0 0 
0 0 
0 0 
0 0 
252 252 
0 0 
0 0 
0 0 
0 0 
0 0 
222 254 
0 0 
0 0 
0 0 
0 0 
0 0 
248 248 
0 0 
0 0 
0 0 
0 0 
0 0 
250 248 
0 0 
0 0 
0 0 
0 0 
0 0 
0 0 
274 650 
0 0 
0 0 
0 0 
0 0 
0 0 
0 0 
0 0 
0 0 
220 236 
0 0 
0 0 
0 0 
0 0 
0 0 
246 248 
0 0 
0 0 
0 0 
0 0 
0 0 
246 244 
0 0 
0 0 
0 0 
0 0 
0 0 
0 0 
220 70 
0 0 
0 0 
0 0 
0 0 
0 0 
266 68 
0 0 
0 0 
0 0 
0 0 
222 68 
0 0 
0 0 
0 0 
0 0 
762 64 
0 0 
0 0 
0 0 
0 0 
0 0 
0 0 
0 0 
0 0 
0 0 
256 244 
0 0 
0 0 
0 0 
0 0 
0 0 
266 248 
0 0 
0 0 
0 0 
0 0 
0 0 
0 0 
248 246 
0 0 
0 0 
0 0 
0 0 
0 0 
248 244 
0 0 
0 0 
0 0 
0 0 
0 0 
250 246 
0 0 
0 0 
0 0 
0 0 
0 0 
66 248 
0 0 
0 0 
0 0 
0 0 
286 246 
0 0 
0 0 
0 0 
0 0 
0 0 
0 0 
252 234 
0 0 
0 0 
0 0 
0 0 
0 0 
234 222 
0 0 
0 0 
0 0 
0 0 
0 0 
64 240 
0 0 
0 0 
0 0 
0 0 
0 0 
252 248 
0 0 
0 0 
0 0 
0 0 
0 0 
246 256 
0 0 
0 0 
0 0 
0 0 
0 0 
246 250 
0 0 
0 0 
0 0 
0 0 
0 0 
576 250 
0 0 
0 0 
0 0 
0 0 
0 0 
0 0 
0 0 
0 0 
256 236 
0 0 
0 0 
0 0 
0 0 
0 0 
250 248 
0 0 
0 0 
0 0 
0 0 
0 0 
0 0 
250 252 
0 0 
0 0 
0 0 
0 0 
0 0 
0 0 
258 248 
0 0 
0 0 
0 0 
0 0 
0 0 
0 0 
250 242 
0 0 
0 0 
0 0 
0 0 
0 0 
246 738 
0 0 
0 0 
0 0 
0 0 
0 0 
0 0 
0 0 
0 0 
0 0 
248 232 
0 0 
0 0 
0 0 
0 0 
0 0 
0 0 
0 0 
0 0 
244 254 
0 0 
0 0 
0 0 
0 0 
0 0 
0 0 
0 0 
246 298 
0 0 
0 0 
0 0 
0 0 
0 0 
0 0 
246 238 
0 0 
0 0 
0 0 
0 0 
0 0 
248 260 
0 0 
0 0 
0 0 
0 0 
0 0 
0 0 
258 250 
0 0 
0 0 
0 0 
0 0 
0 0 
248 262 
0 0 
0 0 
0 0 
0 0 
0 0 
240 256 
0 0 
0 0 
0 0 
0 0 
0 0 
220 244 
0 0 
0 0 
0 0 
0 0 
0 0 
0 0 
248 220 
0 0 
0 0 
0 0 
0 0 
0 0 
248 248 
0 0 
0 0 
0 0 
0 0 
0 0 
0 0 
296 256 
0 0 
0 0 
0 0 
0 0 
0 0 
0 0 
0 0 
252 236 
0 0 
0 0 
0 0 
0 0 
0 0 
0 0 
238 252 
0 0 
0 0 
0 0 
0 0 
0 0 
0 0 
252 250 
0 0 
0 0 
0 0 
0 0 
0 0 
0 0 
256 222 
0 0 
0 0 
0 0 
0 0 
0 0 
246 252 
0 0 
0 0 
0 0 
0 0 
0 0 
236 250 
0 0 
0 0 
0 0 
0 0 
0 0 
734 232 
0 0 
0 0 
0 0 
0 0 
0 0 
0 0 
0 0 
0 0 
0 0 
0 0 
0 0 
254 238 
0 0 
0 0 
0 0 
0 0 
0 0 
248 246 
0 0 
0 0 
0 0 
0 0 
0 0 
0 0 
246 302 
0 0 
0 0 
0 0 
0 0 
0 0 
0 0 
244 254 
0 0 
0 0 
0 0 
0 0 
0 0 
254 218 
0 0 
0 0 
0 0 
0 0 
0 0 
0 0 
418 248 
0 0 
0 0 
0 0 
0 0 
0 0 
0 0 
0 0 
0 0 
240 238 
0 0 
0 0 
0 0 
0 0 
0 0 
244 252 
0 0 
0 0 
0 0 
0 0 
0 0 
246 214 
0 0 
0 0 
0 0 
0 0 
0 0 
0 0 
330 248 
0 0 
0 0 
0 0 
0 0 
0 0 
0 0 
0 0 
224 248 
0 0 
0 0 
0 0 
0 0 
0 0 
0 0 
700 238 
0 0 
0 0 
0 0 
0 0 
0 0 
0 0 
0 0 
0 0 
0 0 
0 0 
246 218 
0 0 
0 0 
0 0 
0 0 
0 0 
234 248 
0 0 
0 0 
0 0 
0 0 
0 0 
214 250 
0 0 
0 0 
0 0 
0 0 
0 0 
250 246 
0 0 
0 0 
0 0 
0 0 
0 0 
256 236 
0 0 
0 0 
0 0 
0 0 
0 0 
250 730 
0 0 
0 0 
0 0 
0 0 
0 0 
0 0 
0 0 
0 0 
0 0 
0 0 
220 238 
0 0 
0 0 
0 0 
0 0 
0 0 
0 0 
0 0 
220 248 
0 0 
0 0 
0 0 
0 0 
0 0 
246 248 
0 0 
0 0 
0 0 
0 0 
0 0 
0 0 
220 246 
0 0 
0 0 
0 0 
0 0 
0 0 
216 248 
0 0 
0 0 
0 0 
0 0 
0 0 
378 680 
0 0 
0 0 
0 0 
0 0 
0 0 
0 0 
0 0 
0 0 
0 0 
248 248 
0 0 
0 0 
0 0 
0 0 
0 0 
250 254 
0 0 
0 0 
0 0 
0 0 
0 0 
0 0 
248 248 
0 0 
0 0 
0 0 
0 0 
0 0 
250 246 
0 0 
0 0 
0 0 
0 0 
0 0 
0 0 
250 226 
0 0 
0 0 
0 0 
0 0 
0 0 
244 250 
0 0 
0 0 
0 0 
0 0 
0 0 
252 258 
0 0 
0 0 
0 0 
0 0 
0 0 
0 0 
254 232 
0 0 
0 0 
0 0 
0 0 
0 0 
368 260 
0 0 
0 0 
0 0 
0 0 
0 0 
0 0 
0 0 
266 222 
0 0 
0 0 
0 0 
0 0 
0 0 
0 0 
0 0 
252 246 
0 0 
0 0 
0 0 
0 0 
0 0 
238 248 
0 0 
0 0 
0 0 
0 0 
0 0 
254 564 
0 0 
0 0 
0 0 
0 0 
0 0 
0 0 
0 0 
224 248 
0 0 
0 0 
0 0 
0 0 
0 0 
0 0 
248 218 
0 0 
0 0 
0 0 
0 0 
0 0 
0 0 
246 252 
0 0 
0 0 
0 0 
0 0 
0 0 
248 250 
0 0 
0 0 
0 0 
0 0 
0 0 
0 0 
252 248 
0 0 
0 0 
0 0 
0 0 
0 0 
0 0 
248 806 
0 0 
0 0 
0 0 
0 0 
0 0 
0 0 
0 0 
0 0 
0 0 
236 248 
0 0 
0 0 
0 0 
0 0 
0 0 
246 250 
0 0 
0 0 
0 0 
0 0 
0 0 
234 244 
0 0 
0 0 
0 0 
0 0 
0 0 
246 248 
0 0 
0 0 
0 0 
0 0 
0 0 
240 244 
0 0 
0 0 
0 0 
0 0 
0 0 
254 218 
0 0 
0 0 
0 0 
0 0 
0 0 
0 0 
592 248 
0 0 
0 0 
0 0 
0 0 
0 0 
0 0 
0 0 
0 0 
248 238 
0 0 
0 0 
0 0 
0 0 
0 0 
0 0 
250 244 
0 0 
0 0 
0 0 
0 0 
0 0 
0 0 
218 218 
0 0 
0 0 
0 0 
0 0 
0 0 
252 254 
0 0 
0 0 
0 0 
0 0 
0 0 
0 0 
0 0 
246 254 
0 0 
0 0 
0 0 
0 0 
0 0 
730 246 
0 0 
0 0 
0 0 
0 0 
0 0 
0 0 
0 0 
0 0 
0 0 
220 220 
0 0 
0 0 
0 0 
0 0 
0 0 
220 242 
0 0 
0 0 
0 0 
0 0 
0 0 
0 0 
246 246 
0 0 
0 0 
0 0 
0 0 
0 0 
0 0 
248 222 
0 0 
0 0 
0 0 
0 0 
0 0 
252 252 
0 0 
0 0 
0 0 
0 0 
0 0 
0 0 
242 556 
0 0 
0 0 
0 0 
0 0 
0 0 
0 0 
0 0 
0 0 
218 218 
0 0 
0 0 
0 0 
0 0 
0 0 
252 250 
0 0 
0 0 
0 0 
0 0 
0 0 
0 0 
252 252 
0 0 
0 0 
0 0 
0 0 
0 0 
220 250 
0 0 
0 0 
0 0 
0 0 
0 0 
0 0 
224 222 
0 0 
0 0 
0 0 
0 0 
0 0 
282 256 
0 0 
0 0 
0 0 
0 0 
0 0 
0 0 
284 250 
0 0 
0 0 
0 0 
0 0 
0 0 
0 0 
250 240 
0 0 
0 0 
0 0 
0 0 
0 0 
250 256 
0 0 
0 0 
0 0 
0 0 
0 0 
248 224 
0 0 
0 0 
0 0 
0 0 
0 0 
216 222 
0 0 
0 0 
0 0 
0 0 
0 0 
0 0 
224 248 
0 0 
0 0 
0 0 
0 0 
0 0 
246 658 
0 0 
0 0 
0 0 
0 0 
0 0 
0 0 
0 0 
0 0 
250 354 
0 0 
0 0 
0 0 
0 0 
0 0 
0 0 
248 252 
0 0 
0 0 
0 0 
0 0 
0 0 
246 220 
0 0 
0 0 
0 0 
0 0 
0 0 
256 246 
0 0 
0 0 
0 0 
0 0 
0 0 
222 238 
0 0 
0 0 
0 0 
0 0 
0 0 
0 0 
324 248 
0 0 
0 0 
0 0 
0 0 
0 0 
0 0 
0 0 
0 0 
296 254 
0 0 
0 0 
0 0 
0 0 
0 0 
252 244 
0 0 
0 0 
0 0 
0 0 
0 0 
252 228 
0 0 
0 0 
0 0 
0 0 
0 0 
230 254 
0 0 
0 0 
0 0 
0 0 
0 0 
0 0 
220 252 
0 0 
0 0 
0 0 
0 0 
0 0 
220 224 
0 0 
0 0 
0 0 
0 0 
0 0 
0 0 
250 644 
0 0 
0 0 
0 0 
0 0 
0 0 
0 0 
0 0 
0 0 
242 248 
0 0 
0 0 
0 0 
0 0 
0 0 
234 288 
0 0 
0 0 
0 0 
0 0 
0 0 
258 244 
0 0 
0 0 
0 0 
0 0 
0 0 
0 0 
250 252 
0 0 
0 0 
0 0 
0 0 
0 0 
0 0 
240 246 
0 0 
0 0 
0 0 
0 0 
0 0 
244 246 
0 0 
0 0 
0 0 
0 0 
0 0 
0 0 
442 252 
0 0 
0 0 
0 0 
0 0 
0 0 
0 0 
0 0 
280 240 
0 0 
0 0 
0 0 
0 0 
0 0 
248 242 
0 0 
0 0 
0 0 
0 0 
0 0 
252 238 
0 0 
0 0 
0 0 
0 0 
0 0 
252 246 
0 0 
0 0 
0 0 
0 0 
0 0 
254 252 
0 0 
0 0 
0 0 
0 0 
0 0 
250 250 
0 0 
0 0 
0 0 
0 0 
0 0 
0 0 
236 222 
0 0 
0 0 
0 0 
0 0 
0 0 
0 0 
0 0 
230 254 
0 0 
0 0 
0 0 
0 0 
0 0 
218 254 
0 0 
0 0 
0 0 
0 0 
0 0 
254 254 
0 0 
0 0 
0 0 
0 0 
0 0 
0 0 
246 248 
0 0 
0 0 
0 0 
0 0 
0 0 
222 248 
0 0 
0 0 
0 0 
0 0 
0 0 
252 588 
0 0 
0 0 
0 0 
0 0 
0 0 
0 0 
0 0 
0 0 
0 0 
220 234 
0 0 
0 0 
0 0 
0 0 
0 0 
252 218 
0 0 
0 0 
0 0 
0 0 
0 0 
0 0 
230 252 
0 0 
0 0 
0 0 
0 0 
0 0 
256 246 
0 0 
0 0 
0 0 
0 0 
0 0 
224 256 
0 0 
0 0 
0 0 
0 0 
0 0 
0 0 
242 216 
0 0 
0 0 
0 0 
0 0 
0 0 
230 250 
0 0 
0 0 
0 0 
0 0 
0 0 
218 218 
0 0 
0 0 
0 0 
0 0 
0 0 
366 216 
0 0 
0 0 
0 0 
0 0 
0 0 
0 0 
0 0 
0 0 
340 244 
0 0 
0 0 
0 0 
0 0 
0 0 
0 0 
246 246 
0 0 
0 0 
0 0 
0 0 
0 0 
0 0 
250 254 
0 0 
0 0 
0 0 
0 0 
0 0 
562 246 
0 0 
0 0 
0 0 
0 0 
0 0 
0 0 
0 0 
0 0 
252 238 
0 0 
0 0 
0 0 
0 0 
0 0 
228 250 
0 0 
0 0 
0 0 
0 0 
0 0 
0 0 
220 224 
0 0 
0 0 
0 0 
0 0 
0 0 
0 0 
246 250 
0 0 
0 0 
0 0 
0 0 
0 0 
0 0 
0 0 
250 252 
0 0 
0 0 
0 0 
0 0 
0 0 
218 568 
0 0 
0 0 
0 0 
0 0 
0 0 
0 0 
0 0 
0 0 
250 248 
0 0 
0 0 
0 0 
0 0 
0 0 
0 0 
218 248 
0 0 
0 0 
0 0 
0 0 
0 0 
246 244 
0 0 
0 0 
0 0 
0 0 
0 0 
0 0 
254 248 
0 0 
0 0 
0 0 
0 0 
0 0 
248 250 
0 0 
0 0 
0 0 
0 0 
0 0 
242 222 
0 0 
0 0 
0 0 
0 0 
0 0 
268 250 
0 0 
0 0 
0 0 
0 0 
0 0 
226 242 
0 0 
0 0 
0 0 
0 0 
0 0 
250 246 
0 0 
0 0 
0 0 
0 0 
0 0 
304 214 
0 0 
0 0 
0 0 
0 0 
0 0 
0 0 
220 242 
0 0 
0 0 
0 0 
0 0 
0 0 
250 246 
0 0 
0 0 
0 0 
0 0 
0 0 
240 256 
0 0 
0 0 
0 0 
0 0 
0 0 
216 214 
0 0 
0 0 
0 0 
0 0 
0 0 
0 0 
248 244 
0 0 
0 0 
0 0 
0 0 
0 0 
224 254 
0 0 
0 0 
0 0 
0 0 
0 0 
0 0 
254 254 
0 0 
0 0 
0 0 
0 0 
0 0 
0 0 
246 256 
0 0 
0 0 
0 0 
0 0 
0 0 
226 252 
0 0 
0 0 
0 0 
0 0 
0 0 
248 742 
0 0 
0 0 
0 0 
0 0 
0 0 
0 0 
0 0 
0 0 
0 0 
0 0 
224 266 
0 0 
0 0 
0 0 
0 0 
0 0 
0 0 
0 0 
246 248 
0 0 
0 0 
0 0 
0 0 
0 0 
246 250 
0 0 
0 0 
0 0 
0 0 
0 0 
252 248 
0 0 
0 0 
0 0 
0 0 
0 0 
0 0 
336 228 
0 0 
0 0 
0 0 
0 0 
0 0 
0 0 
246 746 
0 0 
0 0 
0 0 
0 0 
0 0 
0 0 
0 0 
0 0 
0 0 
0 0 
250 236 
0 0 
0 0 
0 0 
0 0 
0 0 
250 226 
0 0 
0 0 
0 0 
0 0 
0 0 
248 250 
0 0 
0 0 
0 0 
0 0 
0 0 
246 250 
0 0 
0 0 
0 0 
0 0 
0 0 
254 248 
0 0 
0 0 
0 0 
0 0 
0 0 
244 248 
0 0 
0 0 
0 0 
0 0 
0 0 
0 0 
246 244 
0 0 
0 0 
0 0 
0 0 
0 0 
246 280 
0 0 
0 0 
0 0 
0 0 
0 0 
0 0 
246 250 
0 0 
0 0 
0 0 
0 0 
0 0 
0 0 
0 0 
240 246 
0 0 
0 0 
0 0 
0 0 
0 0 
248 248 
0 0 
0 0 
0 0 
0 0 
0 0 
0 0 
248 246 
0 0 
0 0 
0 0 
0 0 
0 0 
258 672 
0 0 
0 0 
0 0 
0 0 
0 0 
0 0 
0 0 
0 0 
0 0 
258 230 
0 0 
0 0 
0 0 
0 0 
0 0 
248 254 
0 0 
0 0 
0 0 
0 0 
0 0 
224 250 
0 0 
0 0 
0 0 
0 0 
0 0 
0 0 
302 224 
0 0 
0 0 
0 0 
0 0 
0 0 
250 246 
0 0 
0 0 
0 0 
0 0 
0 0 
242 216 
0 0 
0 0 
0 0 
0 0 
0 0 
0 0 
236 252 
0 0 
0 0 
0 0 
0 0 
0 0 
0 0 
236 220 
0 0 
0 0 
0 0 
0 0 
0 0 
0 0 
222 248 
0 0 
0 0 
0 0 
0 0 
0 0 
250 252 
0 0 
0 0 
0 0 
0 0 
0 0 
252 240 
0 0 
0 0 
0 0 
0 0 
0 0 
0 0 
250 226 
0 0 
0 0 
0 0 
0 0 
0 0 
0 0 
220 412 
0 0 
0 0 
0 0 
0 0 
0 0 
0 0 
0 0 
220 250 
0 0 
0 0 
0 0 
0 0 
0 0 
0 0 
250 244 
0 0 
0 0 
0 0 
0 0 
0 0 
0 0 
250 222 
0 0 
0 0 
0 0 
0 0 
0 0 
222 222 
0 0 
0 0 
0 0 
0 0 
0 0 
0 0 
224 216 
0 0 
0 0 
0 0 
0 0 
0 0 
0 0 
246 514 
0 0 
0 0 
0 0 
0 0 
0 0 
0 0 
0 0 
0 0 
0 0 
254 224 
0 0 
0 0 
0 0 
0 0 
0 0 
250 246 
0 0 
0 0 
0 0 
0 0 
0 0 
0 0 
248 240 
0 0 
0 0 
0 0 
0 0 
0 0 
254 246 
0 0 
0 0 
0 0 
0 0 
0 0 
250 250 
0 0 
0 0 
0 0 
0 0 
0 0 
252 250 
0 0 
0 0 
0 0 
0 0 
0 0 
0 0 
396 220 
0 0 
0 0 
0 0 
0 0 
0 0 
0 0 
0 0 
0 0 
0 0 
236 248 
0 0 
0 0 
0 0 
0 0 
0 0 
0 0 
250 248 
0 0 
0 0 
0 0 
0 0 
0 0 
0 0 
224 250 
0 0 
0 0 
0 0 
0 0 
0 0 
0 0 
216 252 
0 0 
0 0 
0 0 
0 0 
0 0 
0 0 
254 256 
0 0 
0 0 
0 0 
0 0 
0 0 
0 0 
226 244 
0 0 
0 0 
0 0 
0 0 
0 0 
248 242 
0 0 
0 0 
0 0 
0 0 
0 0 
252 246 
0 0 
0 0 
0 0 
0 0 
0 0 
0 0 
332 218 
0 0 
0 0 
0 0 
0 0 
0 0 
0 0 
246 242 
0 0 
0 0 
0 0 
0 0 
0 0 
0 0 
250 248 
0 0 
0 0 
0 0 
0 0 
0 0 
250 744 
0 0 
0 0 
0 0 
0 0 
0 0 
0 0 
0 0 
0 0 
0 0 
254 234 
0 0 
0 0 
0 0 
0 0 
0 0 
250 252 
0 0 
0 0 
0 0 
0 0 
0 0 
250 230 
0 0 
0 0 
0 0 
0 0 
0 0 
0 0 
252 220 
0 0 
0 0 
0 0 
0 0 
0 0 
250 248 
0 0 
0 0 
0 0 
0 0 
0 0 
218 246 
0 0 
0 0 
0 0 
0 0 
0 0 
310 260 
0 0 
0 0 
0 0 
0 0 
0 0 
0 0 
248 242 
0 0 
0 0 
0 0 
0 0 
0 0 
250 250 
0 0 
0 0 
0 0 
0 0 
0 0 
250 258 
0 0 
0 0 
0 0 
0 0 
0 0 
256 246 
0 0 
0 0 
0 0 
0 0 
0 0 
250 242 
0 0 
0 0 
0 0 
0 0 
0 0 
248 252 
0 0 
0 0 
0 0 
0 0 
0 0 
0 0 
358 252 
0 0 
0 0 
0 0 
0 0 
0 0 
0 0 
218 236 
0 0 
0 0 
0 0 
0 0 
0 0 
258 248 
0 0 
0 0 
0 0 
0 0 
0 0 
0 0 
218 246 
0 0 
0 0 
0 0 
0 0 
0 0 
0 0 
336 222 
0 0 
0 0 
0 0 
0 0 
0 0 
0 0 
0 0 
250 250 
0 0 
0 0 
0 0 
0 0 
0 0 
0 0 
582 246 
0 0 
0 0 
0 0 
0 0 
0 0 
0 0 
0 0 
0 0 
248 240 
0 0 
0 0 
0 0 
0 0 
0 0 
252 250 
0 0 
0 0 
0 0 
0 0 
0 0 
246 224 
0 0 
0 0 
0 0 
0 0 
0 0 
248 250 
0 0 
0 0 
0 0 
0 0 
0 0 
250 244 
0 0 
0 0 
0 0 
0 0 
0 0 
222 250 
0 0 
0 0 
0 0 
0 0 
0 0 
342 252 
0 0 
0 0 
0 0 
0 0 
0 0 
0 0 
250 240 
0 0 
0 0 
0 0 
0 0 
0 0 
0 0 
222 246 
0 0 
0 0 
0 0 
0 0 
0 0 
250 250 
0 0 
0 0 
0 0 
0 0 
0 0 
250 252 
0 0 
0 0 
0 0 
0 0 
0 0 
242 252 
0 0 
0 0 
0 0 
0 0 
0 0 
224 252 
0 0 
0 0 
0 0 
0 0 
0 0 
0 0 
0 0 
222 256 
0 0 
0 0 
0 0 
0 0 
0 0 
248 236 
0 0 
0 0 
0 0 
0 0 
0 0 
246 252 
0 0 
0 0 
0 0 
0 0 
0 0 
228 250 
0 0 
0 0 
0 0 
0 0 
0 0 
240 246 
0 0 
0 0 
0 0 
0 0 
0 0 
218 248 
0 0 
0 0 
0 0 
0 0 
0 0 
0 0 
222 734 
0 0 
0 0 
0 0 
0 0 
0 0 
0 0 
0 0 
0 0 
0 0 
0 0 
248 240 
0 0 
0 0 
0 0 
0 0 
0 0 
0 0 
0 0 
234 250 
0 0 
0 0 
0 0 
0 0 
0 0 
220 246 
0 0 
0 0 
0 0 
0 0 
0 0 
228 250 
0 0 
0 0 
0 0 
0 0 
0 0 
252 252 
0 0 
0 0 
0 0 
0 0 
0 0 
0 0 
236 736 
0 0 
0 0 
0 0 
0 0 
0 0 
0 0 
0 0 
0 0 
0 0 
250 254 
0 0 
0 0 
0 0 
0 0 
0 0 
236 246 
0 0 
0 0 
0 0 
0 0 
0 0 
258 340 
0 0 
0 0 
0 0 
0 0 
0 0 
0 0 
238 252 
0 0 
0 0 
0 0 
0 0 
0 0 
0 0 
0 0 
220 244 
0 0 
0 0 
0 0 
0 0 
0 0 
244 244 
0 0 
0 0 
0 0 
0 0 
0 0 
282 250 
0 0 
0 0 
0 0 
0 0 
0 0 
0 0 
0 0 
0 0 
238 252 
0 0 
0 0 
0 0 
0 0 
0 0 
250 240 
0 0 
0 0 
0 0 
0 0 
0 0 
0 0 
0 0 
254 258 
0 0 
0 0 
0 0 
0 0 
0 0 
220 222 
0 0 
0 0 
0 0 
0 0 
0 0 
0 0 
248 246 
0 0 
0 0 
0 0 
0 0 
0 0 
0 0 
0 0 
248 250 
0 0 
0 0 
0 0 
0 0 
0 0 
0 0 
250 238 
0 0 
0 0 
0 0 
0 0 
0 0 
250 244 
0 0 
0 0 
0 0 
0 0 
0 0 
248 250 
0 0 
0 0 
0 0 
0 0 
0 0 
252 236 
0 0 
0 0 
0 0 
0 0 
0 0 
252 246 
0 0 
0 0 
0 0 
0 0 
0 0 
0 0 
244 858 
0 0 
0 0 
0 0 
0 0 
0 0 
0 0 
0 0 
0 0 
0 0 
0 0 
0 0 
220 240 
0 0 
0 0 
0 0 
0 0 
0 0 
252 248 
0 0 
0 0 
0 0 
0 0 
0 0 
226 248 
0 0 
0 0 
0 0 
0 0 
0 0 
224 254 
0 0 
0 0 
0 0 
0 0 
0 0 
266 244 
0 0 
0 0 
0 0 
0 0 
0 0 
0 0 
250 286 
0 0 
0 0 
0 0 
0 0 
0 0 
0 0 
246 242 
0 0 
0 0 
0 0 
0 0 
0 0 
0 0 
252 236 
0 0 
0 0 
0 0 
0 0 
0 0 
262 246 
0 0 
0 0 
0 0 
0 0 
0 0 
0 0 
246 218 
0 0 
0 0 
0 0 
0 0 
0 0 
0 0 
226 264 
0 0 
0 0 
0 0 
0 0 
0 0 
250 238 
0 0 
0 0 
0 0 
0 0 
0 0 
258 568 
0 0 
0 0 
0 0 
0 0 
0 0 
0 0 
0 0 
0 0 
0 0 
0 0 
0 0 
0 0 
364 236 
0 0 
0 0 
0 0 
0 0 
0 0 
0 0 
256 220 
0 0 
0 0 
0 0 
0 0 
0 0 
222 216 
0 0 
0 0 
0 0 
0 0 
0 0 
0 0 
288 216 
0 0 
0 0 
0 0 
0 0 
0 0 
0 0 
238 250 
0 0 
0 0 
0 0 
0 0 
0 0 
0 0 
348 254 
0 0 
0 0 
0 0 
0 0 
0 0 
0 0 
254 238 
0 0 
0 0 
0 0 
0 0 
0 0 
246 252 
0 0 
0 0 
0 0 
0 0 
0 0 
248 310 
0 0 
0 0 
0 0 
0 0 
0 0 
0 0 
258 252 
0 0 
0 0 
0 0 
0 0 
0 0 
0 0 
0 0 
0 0 
250 248 
0 0 
0 0 
0 0 
0 0 
0 0 
222 584 
0 0 
0 0 
0 0 
0 0 
0 0 
0 0 
0 0 
0 0 
0 0 
222 280 
0 0 
0 0 
0 0 
0 0 
0 0 
250 252 
0 0 
0 0 
0 0 
0 0 
0 0 
0 0 
246 250 
0 0 
0 0 
0 0 
0 0 
0 0 
250 236 
0 0 
0 0 
0 0 
0 0 
0 0 
250 252 
0 0 
0 0 
0 0 
0 0 
0 0 
248 222 
0 0 
0 0 
0 0 
0 0 
0 0 
300 252 
0 0 
0 0 
0 0 
0 0 
0 0 
0 0 
0 0 
224 242 
0 0 
0 0 
0 0 
0 0 
0 0 
0 0 
248 250 
0 0 
0 0 
0 0 
0 0 
0 0 
250 218 
0 0 
0 0 
0 0 
0 0 
0 0 
0 0 
342 220 
0 0 
0 0 
0 0 
0 0 
0 0 
0 0 
0 0 
0 0 
224 252 
0 0 
0 0 
0 0 
0 0 
0 0 
396 242 
0 0 
0 0 
0 0 
0 0 
0 0 
0 0 
0 0 
248 242 
0 0 
0 0 
0 0 
0 0 
0 0 
250 256 
0 0 
0 0 
0 0 
0 0 
0 0 
0 0 
230 248 
0 0 
0 0 
0 0 
0 0 
0 0 
218 222 
0 0 
0 0 
0 0 
0 0 
0 0 
222 250 
0 0 
0 0 
0 0 
0 0 
0 0 
0 0 
254 706 
0 0 
0 0 
0 0 
0 0 
0 0 
0 0 
0 0 
0 0 
0 0 
238 220 
0 0 
0 0 
0 0 
0 0 
0 0 
0 0 
220 220 
0 0 
0 0 
0 0 
0 0 
0 0 
0 0 
0 0 
0 0 
256 252 
0 0 
0 0 
0 0 
0 0 
0 0 
248 250 
0 0 
0 0 
0 0 
0 0 
0 0 
0 0 
224 216 
0 0 
0 0 
0 0 
0 0 
0 0 
0 0 
610 218 
0 0 
0 0 
0 0 
0 0 
0 0 
0 0 
0 0 
0 0 
0 0 
244 242 
0 0 
0 0 
0 0 
0 0 
0 0 
240 252 
0 0 
0 0 
0 0 
0 0 
0 0 
252 226 
0 0 
0 0 
0 0 
0 0 
0 0 
254 250 
0 0 
0 0 
0 0 
0 0 
0 0 
244 250 
0 0 
0 0 
0 0 
0 0 
0 0 
248 216 
0 0 
0 0 
0 0 
0 0 
0 0 
278 248 
0 0 
0 0 
0 0 
0 0 
0 0 
0 0 
222 246 
0 0 
0 0 
0 0 
0 0 
0 0 
252 262 
0 0 
0 0 
0 0 
0 0 
0 0 
268 220 
0 0 
0 0 
0 0 
0 0 
0 0 
266 220 
0 0 
0 0 
0 0 
0 0 
0 0 
250 252 
0 0 
0 0 
0 0 
0 0 
0 0 
0 0 
250 248 
0 0 
0 0 
0 0 
0 0 
0 0 
238 244 
0 0 
0 0 
0 0 
0 0 
0 0 
296 236 
0 0 
0 0 
0 0 
0 0 
0 0 
0 0 
240 224 
0 0 
0 0 
0 0 
0 0 
0 0 
248 218 
0 0 
0 0 
0 0 
0 0 
0 0 
226 244 
0 0 
0 0 
0 0 
0 0 
0 0 
250 250 
0 0 
0 0 
0 0 
0 0 
0 0 
254 246 
0 0 
0 0 
0 0 
0 0 
0 0 
400 216 
0 0 
0 0 
0 0 
0 0 
0 0 
0 0 
218 244 
0 0 
0 0 
0 0 
0 0 
0 0 
246 254 
0 0 
0 0 
0 0 
0 0 
0 0 
250 234 
0 0 
0 0 
0 0 
0 0 
0 0 
0 0 
244 312 
0 0 
0 0 
0 0 
0 0 
0 0 
0 0 
254 266 
0 0 
0 0 
0 0 
0 0 
0 0 
0 0 
248 644 
0 0 
0 0 
0 0 
0 0 
0 0 
0 0 
0 0 
0 0 
252 250 
0 0 
0 0 
0 0 
0 0 
0 0 
238 254 
0 0 
0 0 
0 0 
0 0 
0 0 
252 350 
0 0 
0 0 
0 0 
0 0 
0 0 
0 0 
250 322 
0 0 
0 0 
0 0 
0 0 
0 0 
0 0 
300 246 
0 0 
0 0 
0 0 
0 0 
0 0 
250 252 
0 0 
0 0 
0 0 
0 0 
0 0 
0 0 
224 220 
0 0 
0 0 
0 0 
0 0 
0 0 
0 0 
0 0 
222 254 
0 0 
0 0 
0 0 
0 0 
0 0 
0 0 
0 0 
246 252 
0 0 
0 0 
0 0 
0 0 
0 0 
238 230 
0 0 
0 0 
0 0 
0 0 
0 0 
0 0 
224 226 
0 0 
0 0 
0 0 
0 0 
0 0 
0 0 
250 246 
0 0 
0 0 
0 0 
0 0 
0 0 
738 248 
0 0 
0 0 
0 0 
0 0 
0 0 
0 0 
0 0 
0 0 
0 0 
250 238 
0 0 
0 0 
0 0 
0 0 
0 0 
252 246 
0 0 
0 0 
0 0 
0 0 
0 0 
0 0 
268 250 
0 0 
0 0 
0 0 
0 0 
0 0 
0 0 
246 252 
0 0 
0 0 
0 0 
0 0 
0 0 
254 252 
0 0 
0 0 
0 0 
0 0 
0 0 
304 594 
0 0 
0 0 
0 0 
0 0 
0 0 
0 0 
0 0 
0 0 
310 236 
0 0 
0 0 
0 0 
0 0 
0 0 
0 0 
0 0 
0 0 
250 246 
0 0 
0 0 
0 0 
0 0 
0 0 
250 252 
0 0 
0 0 
0 0 
0 0 
0 0 
238 248 
0 0 
0 0 
0 0 
0 0 
0 0 
222 252 
0 0 
0 0 
0 0 
0 0 
0 0 
224 250 
0 0 
0 0 
0 0 
0 0 
0 0 
252 250 
0 0 
0 0 
0 0 
0 0 
0 0 
246 236 
0 0 
0 0 
0 0 
0 0 
0 0 
0 0 
220 246 
0 0 
0 0 
0 0 
0 0 
0 0 
256 300 
0 0 
0 0 
0 0 
0 0 
0 0 
0 0 
266 252 
0 0 
0 0 
0 0 
0 0 
0 0 
0 0 
248 250 
0 0 
0 0 
0 0 
0 0 
0 0 
522 558 
0 0 
0 0 
0 0 
0 0 
0 0 
0 0 
0 0 
0 0 
0 0 
0 0 
252 236 
0 0 
0 0 
0 0 
0 0 
0 0 
250 250 
0 0 
0 0 
0 0 
0 0 
0 0 
250 240 
0 0 
0 0 
0 0 
0 0 
0 0 
336 216 
0 0 
0 0 
0 0 
0 0 
0 0 
0 0 
250 246 
0 0 
0 0 
0 0 
0 0 
0 0 
250 410 
0 0 
0 0 
0 0 
0 0 
0 0 
0 0 
0 0 
0 0 
252 254 
0 0 
0 0 
0 0 
0 0 
0 0 
244 250 
0 0 
0 0 
0 0 
0 0 
0 0 
248 252 
0 0 
0 0 
0 0 
0 0 
0 0 
248 246 
0 0 
0 0 
0 0 
0 0 
0 0 
220 246 
0 0 
0 0 
0 0 
0 0 
0 0 
250 244 
0 0 
0 0 
0 0 
0 0 
0 0 
244 680 
0 0 
0 0 
0 0 
0 0 
0 0 
0 0 
0 0 
0 0 
0 0 
250 252 
0 0 
0 0 
0 0 
0 0 
0 0 
246 256 
0 0 
0 0 
0 0 
0 0 
0 0 
0 0 
250 254 
0 0 
0 0 
0 0 
0 0 
0 0 
0 0 
248 238 
0 0 
0 0 
0 0 
0 0 
0 0 
276 244 
0 0 
0 0 
0 0 
0 0 
0 0 
0 0 
336 696 
0 0 
0 0 
0 0 
0 0 
0 0 
0 0 
0 0 
0 0 
0 0 
246 244 
0 0 
0 0 
0 0 
0 0 
0 0 
242 252 
0 0 
0 0 
0 0 
0 0 
0 0 
246 276 
0 0 
0 0 
0 0 
0 0 
0 0 
246 248 
0 0 
0 0 
0 0 
0 0 
0 0 
250 218 
0 0 
0 0 
0 0 
0 0 
0 0 
342 218 
0 0 
0 0 
0 0 
0 0 
0 0 
0 0 
682 244 
0 0 
0 0 
0 0 
0 0 
0 0 
0 0 
0 0 
0 0 
0 0 
226 218 
0 0 
0 0 
0 0 
0 0 
0 0 
0 0 
250 220 
0 0 
0 0 
0 0 
0 0 
0 0 
246 250 
0 0 
0 0 
0 0 
0 0 
0 0 
250 252 
0 0 
0 0 
0 0 
0 0 
0 0 
250 228 
0 0 
0 0 
0 0 
0 0 
0 0 
248 718 
0 0 
0 0 
0 0 
0 0 
0 0 
0 0 
0 0 
0 0 
0 0 
248 250 
0 0 
0 0 
0 0 
0 0 
0 0 
242 250 
0 0 
0 0 
0 0 
0 0 
0 0 
254 220 
0 0 
0 0 
0 0 
0 0 
0 0 
218 246 
0 0 
0 0 
0 0 
0 0 
0 0 
238 246 
0 0 
0 0 
0 0 
0 0 
0 0 
252 298 
0 0 
0 0 
0 0 
0 0 
0 0 
0 0 
556 260 
0 0 
0 0 
0 0 
0 0 
0 0 
0 0 
0 0 
0 0 
244 222 
0 0 
0 0 
0 0 
0 0 
0 0 
0 0 
248 308 
0 0 
0 0 
0 0 
0 0 
0 0 
0 0 
234 250 
0 0 
0 0 
0 0 
0 0 
0 0 
0 0 
224 246 
0 0 
0 0 
0 0 
0 0 
0 0 
252 248 
0 0 
0 0 
0 0 
0 0 
0 0 
256 562 
0 0 
0 0 
0 0 
0 0 
0 0 
0 0 
0 0 
0 0 
246 256 
0 0 
0 0 
0 0 
0 0 
0 0 
246 252 
0 0 
0 0 
0 0 
0 0 
0 0 
0 0 
248 240 
0 0 
0 0 
0 0 
0 0 
0 0 
252 252 
0 0 
0 0 
0 0 
0 0 
0 0 
252 218 
0 0 
0 0 
0 0 
0 0 
0 0 
0 0 
252 244 
0 0 
0 0 
0 0 
0 0 
0 0 
0 0 
248 246 
0 0 
0 0 
0 0 
0 0 
0 0 
0 0 
220 242 
0 0 
0 0 
0 0 
0 0 
0 0 
248 248 
0 0 
0 0 
0 0 
0 0 
0 0 
218 232 
0 0 
0 0 
0 0 
0 0 
0 0 
250 246 
0 0 
0 0 
0 0 
0 0 
0 0 
236 234 
0 0 
0 0 
0 0 
0 0 
0 0 
250 302 
0 0 
0 0 
0 0 
0 0 
0 0 
0 0 
248 246 
0 0 
0 0 
0 0 
0 0 
0 0 
0 0 
244 240 
0 0 
0 0 
0 0 
0 0 
0 0 
302 248 
0 0 
0 0 
0 0 
0 0 
0 0 
0 0 
248 244 
0 0 
0 0 
0 0 
0 0 
0 0 
246 248 
0 0 
0 0 
0 0 
0 0 
0 0 
246 250 
0 0 
0 0 
0 0 
0 0 
0 0 
240 628 
0 0 
0 0 
0 0 
0 0 
0 0 
0 0 
0 0 
0 0 
0 0 
0 0 
0 0 
254 238 
0 0 
0 0 
0 0 
0 0 
0 0 
324 252 
0 0 
0 0 
0 0 
0 0 
0 0 
0 0 
222 220 
0 0 
0 0 
0 0 
0 0 
0 0 
0 0 
220 270 
0 0 
0 0 
0 0 
0 0 
0 0 
0 0 
0 0 
0 0 
0 0 
0 0 
0 0 
0 0 
0 0 
0 0 
0 0 
0 0 
0 0 
0 0 
0 0 
0 0 
0 0 
0 0 
0 0 
0 0 
0 0 
0 0 
0 0 
0 0 
0 0 
0 0 
0 0 
0 0 
0 0 
0 0 
0 0 
0 0 
0 0 
0 0 
0 0 
0 0 
0 0 
0 0 
0 0 
0 0 
0 0 
0 0 
0 0 
0 0 
0 0 
0 0 
0 0 
0 0 
0 0 
0 0 
0 0 
0 0 
0 0 
0 0 
0 0 
0 0 
0 0 
0 0 
0 0 
0 0 
0 0 
0 0 
0 0 
0 0 
0 0 
0 0 
0 0 
254 214 
0 0 
0 0 
0 0 
0 0 
0 0 
0 0 
220 246 
0 0 
0 0 
0 0 
0 0 
0 0 
248 268 
0 0 
0 0 
0 0 
0 0 
0 0 
0 0 
246 264 
0 0 
0 0 
0 0 
0 0 
0 0 
238 238 
0 0 
0 0 
0 0 
0 0 
0 0 
258 248 
0 0 
0 0 
0 0 
0 0 
0 0 
226 240 
0 0 
0 0 
0 0 
0 0 
0 0 
220 236 
0 0 
0 0 
0 0 
0 0 
0 0 
228 244 
0 0 
0 0 
0 0 
0 0 
0 0 
242 248 
0 0 
0 0 
0 0 
0 0 
0 0 
252 250 
0 0 
0 0 
0 0 
0 0 
0 0 
0 0 
246 252 
0 0 
0 0 
0 0 
0 0 
0 0 
0 0 
354 252 
0 0 
0 0 
0 0 
0 0 
0 0 
0 0 
0 0 
268 242 
0 0 
0 0 
0 0 
0 0 
0 0 
0 0 
252 248 
0 0 
0 0 
0 0 
0 0 
0 0 
222 222 
0 0 
0 0 
0 0 
0 0 
0 0 
218 246 
0 0 
0 0 
0 0 
0 0 
0 0 
218 250 
0 0 
0 0 
0 0 
0 0 
0 0 
248 698 
0 0 
0 0 
0 0 
0 0 
0 0 
0 0 
0 0 
0 0 
0 0 
284 244 
0 0 
0 0 
0 0 
0 0 
0 0 
242 250 
0 0 
0 0 
0 0 
0 0 
0 0 
252 242 
0 0 
0 0 
0 0 
0 0 
0 0 
260 246 
0 0 
0 0 
0 0 
0 0 
0 0 
246 252 
0 0 
0 0 
0 0 
0 0 
0 0 
248 242 
0 0 
0 0 
0 0 
0 0 
0 0 
692 252 
0 0 
0 0 
0 0 
0 0 
0 0 
0 0 
0 0 
0 0 
0 0 
246 224 
0 0 
0 0 
0 0 
0 0 
0 0 
0 0 
246 240 
0 0 
0 0 
0 0 
0 0 
0 0 
220 216 
0 0 
0 0 
0 0 
0 0 
0 0 
0 0 
246 252 
0 0 
0 0 
0 0 
0 0 
0 0 
0 0 
232 244 
0 0 
0 0 
0 0 
0 0 
0 0 
0 0 
0 0 
0 0 
420 272 
0 0 
0 0 
0 0 
0 0 
0 0 
0 0 
0 0 
0 0 
248 238 
0 0 
0 0 
0 0 
0 0 
0 0 
246 252 
0 0 
0 0 
0 0 
0 0 
0 0 
254 248 
0 0 
0 0 
0 0 
0 0 
0 0 
252 244 
0 0 
0 0 
0 0 
0 0 
0 0 
248 222 
0 0 
0 0 
0 0 
0 0 
0 0 
0 0 
248 802 
0 0 
0 0 
0 0 
0 0 
0 0 
0 0 
0 0 
0 0 
0 0 
220 236 
0 0 
0 0 
0 0 
0 0 
0 0 
248 240 
0 0 
0 0 
0 0 
0 0 
0 0 
0 0 
0 0 
0 0 
250 246 
0 0 
0 0 
0 0 
0 0 
0 0 
0 0 
252 244 
0 0 
0 0 
0 0 
0 0 
0 0 
0 0 
224 252 
0 0 
0 0 
0 0 
0 0 
0 0 
794 242 
0 0 
0 0 
0 0 
0 0 
0 0 
0 0 
0 0 
0 0 
0 0 
0 0 
0 0 
356 254 
0 0 
0 0 
0 0 
0 0 
0 0 
0 0 
0 0 
246 236 
0 0 
0 0 
0 0 
0 0 
0 0 
0 0 
248 248 
0 0 
0 0 
0 0 
0 0 
0 0 
250 218 
0 0 
0 0 
0 0 
0 0 
0 0 
0 0 
384 250 
0 0 
0 0 
0 0 
0 0 
0 0 
0 0 
222 244 
0 0 
0 0 
0 0 
0 0 
0 0 
222 226 
0 0 
0 0 
0 0 
0 0 
0 0 
250 250 
0 0 
0 0 
0 0 
0 0 
0 0 
240 246 
0 0 
0 0 
0 0 
0 0 
0 0 
242 242 
0 0 
0 0 
0 0 
0 0 
0 0 
220 258 
0 0 
0 0 
0 0 
0 0 
0 0 
250 242 
0 0 
0 0 
0 0 
0 0 
0 0 
362 246 
0 0 
0 0 
0 0 
0 0 
0 0 
0 0 
0 0 
0 0 
250 240 
0 0 
0 0 
0 0 
0 0 
0 0 
264 250 
0 0 
0 0 
0 0 
0 0 
0 0 
0 0 
0 0 
0 0 
246 240 
0 0 
0 0 
0 0 
0 0 
0 0 
246 256 
0 0 
0 0 
0 0 
0 0 
0 0 
230 250 
0 0 
0 0 
0 0 
0 0 
0 0 
720 236 
0 0 
0 0 
0 0 
0 0 
0 0 
0 0 
0 0 
0 0 
0 0 
0 0 
236 234 
0 0 
0 0 
0 0 
0 0 
0 0 
0 0 
256 248 
0 0 
0 0 
0 0 
0 0 
0 0 
228 252 
0 0 
0 0 
0 0 
0 0 
0 0 
0 0 
222 254 
0 0 
0 0 
0 0 
0 0 
0 0 
254 246 
0 0 
0 0 
0 0 
0 0 
0 0 
0 0 
0 0 
670 246 
0 0 
0 0 
0 0 
0 0 
0 0 
0 0 
0 0 
0 0 
0 0 
244 232 
0 0 
0 0 
0 0 
0 0 
0 0 
248 244 
0 0 
0 0 
0 0 
0 0 
0 0 
0 0 
244 246 
0 0 
0 0 
0 0 
0 0 
0 0 
0 0 
222 246 
0 0 
0 0 
0 0 
0 0 
0 0 
234 216 
0 0 
0 0 
0 0 
0 0 
0 0 
0 0 
584 248 
0 0 
0 0 
0 0 
0 0 
0 0 
0 0 
0 0 
0 0 
0 0 
270 234 
0 0 
0 0 
0 0 
0 0 
0 0 
248 240 
0 0 
0 0 
0 0 
0 0 
0 0 
242 222 
0 0 
0 0 
0 0 
0 0 
0 0 
248 238 
0 0 
0 0 
0 0 
0 0 
0 0 
248 240 
0 0 
0 0 
0 0 
0 0 
0 0 
0 0 
244 246 
0 0 
0 0 
0 0 
0 0 
0 0 
240 252 
0 0 
0 0 
0 0 
0 0 
0 0 
248 236 
0 0 
0 0 
0 0 
0 0 
0 0 
250 250 
0 0 
0 0 
0 0 
0 0 
0 0 
256 250 
0 0 
0 0 
0 0 
0 0 
0 0 
248 246 
0 0 
0 0 
0 0 
0 0 
0 0 
0 0 
0 0 
318 222 
0 0 
0 0 
0 0 
0 0 
0 0 
0 0 
236 560 
0 0 
0 0 
0 0 
0 0 
0 0 
0 0 
0 0 
0 0 
250 240 
0 0 
0 0 
0 0 
0 0 
0 0 
0 0 
278 260 
0 0 
0 0 
0 0 
0 0 
0 0 
0 0 
246 250 
0 0 
0 0 
0 0 
0 0 
0 0 
226 250 
0 0 
0 0 
0 0 
0 0 
0 0 
0 0 
0 0 
252 242 
0 0 
0 0 
0 0 
0 0 
0 0 
250 628 
0 0 
0 0 
0 0 
0 0 
0 0 
0 0 
0 0 
0 0 
0 0 
246 248 
0 0 
0 0 
0 0 
0 0 
0 0 
250 248 
0 0 
0 0 
0 0 
0 0 
0 0 
0 0 
250 224 
0 0 
0 0 
0 0 
0 0 
0 0 
0 0 
232 228 
0 0 
0 0 
0 0 
0 0 
0 0 
0 0 
242 244 
0 0 
0 0 
0 0 
0 0 
0 0 
220 252 
0 0 
0 0 
0 0 
0 0 
0 0 
0 0 
234 288 
0 0 
0 0 
0 0 
0 0 
0 0 
0 0 
230 234 
0 0 
0 0 
0 0 
0 0 
0 0 
248 240 
0 0 
0 0 
0 0 
0 0 
0 0 
240 248 
0 0 
0 0 
0 0 
0 0 
0 0 
244 240 
0 0 
0 0 
0 0 
0 0 
0 0 
250 276 
0 0 
0 0 
0 0 
0 0 
0 0 
0 0 
274 560 
0 0 
0 0 
0 0 
0 0 
0 0 
0 0 
0 0 
0 0 
246 342 
0 0 
0 0 
0 0 
0 0 
0 0 
0 0 
246 250 
0 0 
0 0 
0 0 
0 0 
0 0 
248 254 
0 0 
0 0 
0 0 
0 0 
0 0 
0 0 
220 242 
0 0 
0 0 
0 0 
0 0 
0 0 
224 242 
0 0 
0 0 
0 0 
0 0 
0 0 
236 248 
0 0 
0 0 
0 0 
0 0 
0 0 
336 272 
0 0 
0 0 
0 0 
0 0 
0 0 
0 0 
240 236 
0 0 
0 0 
0 0 
0 0 
0 0 
238 218 
0 0 
0 0 
0 0 
0 0 
0 0 
230 222 
0 0 
0 0 
0 0 
0 0 
0 0 
0 0 
244 248 
0 0 
0 0 
0 0 
0 0 
0 0 
254 250 
0 0 
0 0 
0 0 
0 0 
0 0 
0 0 
226 880 
0 0 
0 0 
0 0 
0 0 
0 0 
0 0 
0 0 
0 0 
0 0 
0 0 
0 0 
0 0 
246 390 
0 0 
0 0 
0 0 
0 0 
0 0 
0 0 
252 252 
0 0 
0 0 
0 0 
0 0 
0 0 
0 0 
250 256 
0 0 
0 0 
0 0 
0 0 
0 0 
252 226 
0 0 
0 0 
0 0 
0 0 
0 0 
234 244 
0 0 
0 0 
0 0 
0 0 
0 0 
222 700 
0 0 
0 0 
0 0 
0 0 
0 0 
0 0 
0 0 
0 0 
238 322 
0 0 
0 0 
0 0 
0 0 
0 0 
0 0 
0 0 
242 272 
0 0 
0 0 
0 0 
0 0 
0 0 
0 0 
256 220 
0 0 
0 0 
0 0 
0 0 
0 0 
0 0 
254 218 
0 0 
0 0 
0 0 
0 0 
0 0 
0 0 
248 240 
0 0 
0 0 
0 0 
0 0 
0 0 
242 574 
0 0 
0 0 
0 0 
0 0 
0 0 
0 0 
0 0 
0 0 
0 0 
220 234 
0 0 
0 0 
0 0 
0 0 
0 0 
0 0 
256 252 
0 0 
0 0 
0 0 
0 0 
0 0 
252 240 
0 0 
0 0 
0 0 
0 0 
0 0 
0 0 
246 250 
0 0 
0 0 
0 0 
0 0 
0 0 
220 250 
0 0 
0 0 
0 0 
0 0 
0 0 
0 0 
0 0 
238 520 
0 0 
0 0 
0 0 
0 0 
0 0 
0 0 
0 0 
0 0 
0 0 
250 238 
0 0 
0 0 
0 0 
0 0 
0 0 
226 254 
0 0 
0 0 
0 0 
0 0 
0 0 
0 0 
254 254 
0 0 
0 0 
0 0 
0 0 
0 0 
0 0 
314 236 
0 0 
0 0 
0 0 
0 0 
0 0 
0 0 
0 0 
248 250 
0 0 
0 0 
0 0 
0 0 
0 0 
0 0 
706 252 
0 0 
0 0 
0 0 
0 0 
0 0 
0 0 
0 0 
0 0 
0 0 
246 242 
0 0 
0 0 
0 0 
0 0 
0 0 
248 216 
0 0 
0 0 
0 0 
0 0 
0 0 
250 242 
0 0 
0 0 
0 0 
0 0 
0 0 
216 252 
0 0 
0 0 
0 0 
0 0 
0 0 
250 250 
0 0 
0 0 
0 0 
0 0 
0 0 
250 246 
0 0 
0 0 
0 0 
0 0 
0 0 
286 238 
0 0 
0 0 
0 0 
0 0 
0 0 
254 246 
0 0 
0 0 
0 0 
0 0 
0 0 
0 0 
248 258 
0 0 
0 0 
0 0 
0 0 
0 0 
224 256 
0 0 
0 0 
0 0 
0 0 
0 0 
254 250 
0 0 
0 0 
0 0 
0 0 
0 0 
0 0 
246 248 
0 0 
0 0 
0 0 
0 0 
0 0 
246 250 
0 0 
0 0 
0 0 
0 0 
0 0 
234 248 
0 0 
0 0 
0 0 
0 0 
0 0 
254 240 
0 0 
0 0 
0 0 
0 0 
0 0 
254 248 
0 0 
0 0 
0 0 
0 0 
0 0 
242 246 
0 0 
0 0 
0 0 
0 0 
0 0 
246 254 
0 0 
0 0 
0 0 
0 0 
0 0 
250 254 
0 0 
0 0 
0 0 
0 0 
0 0 
252 252 
0 0 
0 0 
0 0 
0 0 
0 0 
0 0 
316 256 
0 0 
0 0 
0 0 
0 0 
0 0 
0 0 
248 240 
0 0 
0 0 
0 0 
0 0 
0 0 
0 0 
252 250 
0 0 
0 0 
0 0 
0 0 
0 0 
250 252 
0 0 
0 0 
0 0 
0 0 
0 0 
250 250 
0 0 
0 0 
0 0 
0 0 
0 0 
0 0 
252 242 
0 0 
0 0 
0 0 
0 0 
0 0 
0 0 
250 660 
0 0 
0 0 
0 0 
0 0 
0 0 
0 0 
0 0 
0 0 
0 0 
250 258 
0 0 
0 0 
0 0 
0 0 
0 0 
0 0 
256 246 
0 0 
0 0 
0 0 
0 0 
0 0 
0 0 
240 236 
0 0 
0 0 
0 0 
0 0 
0 0 
254 256 
0 0 
0 0 
0 0 
0 0 
0 0 
250 254 
0 0 
0 0 
0 0 
0 0 
0 0 
256 244 
0 0 
0 0 
0 0 
0 0 
0 0 
0 0 
252 244 
0 0 
0 0 
0 0 
0 0 
0 0 
254 234 
0 0 
0 0 
0 0 
0 0 
0 0 
246 248 
0 0 
0 0 
0 0 
0 0 
0 0 
252 250 
0 0 
0 0 
0 0 
0 0 
0 0 
246 242 
0 0 
0 0 
0 0 
0 0 
0 0 
250 244 
0 0 
0 0 
0 0 
0 0 
0 0 
266 252 
0 0 
0 0 
0 0 
0 0 
0 0 
422 242 
0 0 
0 0 
0 0 
0 0 
0 0 
0 0 
0 0 
252 240 
0 0 
0 0 
0 0 
0 0 
0 0 
240 244 
0 0 
0 0 
0 0 
0 0 
0 0 
250 252 
0 0 
0 0 
0 0 
0 0 
0 0 
248 256 
0 0 
0 0 
0 0 
0 0 
0 0 
236 238 
0 0 
0 0 
0 0 
0 0 
0 0 
254 250 
0 0 
0 0 
0 0 
0 0 
0 0 
386 254 
0 0 
0 0 
0 0 
0 0 
0 0 
0 0 
0 0 
252 536 
0 0 
0 0 
0 0 
0 0 
0 0 
0 0 
0 0 
0 0 
256 254 
0 0 
0 0 
0 0 
0 0 
0 0 
0 0 
254 246 
0 0 
0 0 
0 0 
0 0 
0 0 
252 248 
0 0 
0 0 
0 0 
0 0 
0 0 
250 246 
0 0 
0 0 
0 0 
0 0 
0 0 
700 250 
0 0 
0 0 
0 0 
0 0 
0 0 
0 0 
0 0 
0 0 
0 0 
232 240 
0 0 
0 0 
0 0 
0 0 
0 0 
250 240 
0 0 
0 0 
0 0 
0 0 
0 0 
0 0 
248 236 
0 0 
0 0 
0 0 
0 0 
0 0 
238 252 
0 0 
0 0 
0 0 
0 0 
0 0 
246 254 
0 0 
0 0 
0 0 
0 0 
0 0 
246 252 
0 0 
0 0 
0 0 
0 0 
0 0 
266 232 
0 0 
0 0 
0 0 
0 0 
0 0 
250 240 
0 0 
0 0 
0 0 
0 0 
0 0 
242 240 
0 0 
0 0 
0 0 
0 0 
0 0 
252 68 
0 0 
0 0 
0 0 
0 0 
238 62 
0 0 
0 0 
0 0 
0 0 
256 246 
0 0 
0 0 
0 0 
0 0 
0 0 
250 250 
0 0 
0 0 
0 0 
0 0 
0 0 
252 556 
0 0 
0 0 
0 0 
0 0 
0 0 
0 0 
0 0 
0 0 
246 248 
0 0 
0 0 
0 0 
0 0 
0 0 
240 248 
0 0 
0 0 
0 0 
0 0 
0 0 
248 250 
0 0 
0 0 
0 0 
0 0 
0 0 
248 248 
0 0 
0 0 
0 0 
0 0 
0 0 
248 242 
0 0 
0 0 
0 0 
0 0 
0 0 
256 70 
0 0 
0 0 
0 0 
0 0 
250 562 
0 0 
0 0 
0 0 
0 0 
0 0 
0 0 
0 0 
0 0 
240 248 
0 0 
0 0 
0 0 
0 0 
0 0 
248 270 
0 0 
0 0 
0 0 
0 0 
0 0 
0 0 
246 250 
0 0 
0 0 
0 0 
0 0 
0 0 
252 246 
0 0 
0 0 
0 0 
0 0 
0 0 
250 246 
0 0 
0 0 
0 0 
0 0 
0 0 
0 0 
230 252 
0 0 
0 0 
0 0 
0 0 
0 0 
234 268 
0 0 
0 0 
0 0 
0 0 
0 0 
0 0 
246 246 
0 0 
0 0 
0 0 
0 0 
0 0 
250 250 
0 0 
0 0 
0 0 
0 0 
0 0 
250 242 
0 0 
0 0 
0 0 
0 0 
0 0 
250 246 
0 0 
0 0 
0 0 
0 0 
0 0 
246 248 
0 0 
0 0 
0 0 
0 0 
0 0 
244 254 
0 0 
0 0 
0 0 
0 0 
0 0 
308 244 
0 0 
0 0 
0 0 
0 0 
0 0 
0 0 
250 238 
0 0 
0 0 
0 0 
0 0 
0 0 
252 244 
0 0 
0 0 
0 0 
0 0 
0 0 
250 246 
0 0 
0 0 
0 0 
0 0 
0 0 
250 248 
0 0 
0 0 
0 0 
0 0 
0 0 
246 246 
0 0 
0 0 
0 0 
0 0 
0 0 
250 252 
0 0 
0 0 
0 0 
0 0 
0 0 
450 248 
0 0 
0 0 
0 0 
0 0 
0 0 
0 0 
0 0 
248 238 
0 0 
0 0 
0 0 
0 0 
0 0 
250 248 
0 0 
0 0 
0 0 
0 0 
0 0 
0 0 
250 250 
0 0 
0 0 
0 0 
0 0 
0 0 
242 226 
0 0 
0 0 
0 0 
0 0 
0 0 
254 242 
0 0 
0 0 
0 0 
0 0 
0 0 
242 250 
0 0 
0 0 
0 0 
0 0 
0 0 
308 250 
0 0 
0 0 
0 0 
0 0 
0 0 
0 0 
252 248 
0 0 
0 0 
0 0 
0 0 
0 0 
250 244 
0 0 
0 0 
0 0 
0 0 
0 0 
254 238 
0 0 
0 0 
0 0 
0 0 
0 0 
250 250 
0 0 
0 0 
0 0 
0 0 
0 0 
0 0 
250 248 
0 0 
0 0 
0 0 
0 0 
0 0 
246 250 
0 0 
0 0 
0 0 
0 0 
0 0 
266 246 
0 0 
0 0 
0 0 
0 0 
0 0 
246 238 
0 0 
0 0 
0 0 
0 0 
0 0 
250 252 
0 0 
0 0 
0 0 
0 0 
0 0 
246 250 
0 0 
0 0 
0 0 
0 0 
0 0 
254 252 
0 0 
0 0 
0 0 
0 0 
0 0 
0 0 
250 250 
0 0 
0 0 
0 0 
0 0 
0 0 
240 226 
0 0 
0 0 
0 0 
0 0 
0 0 
250 240 
0 0 
0 0 
0 0 
0 0 
0 0 
248 250 
0 0 
0 0 
0 0 
0 0 
0 0 
252 236 
0 0 
0 0 
0 0 
0 0 
0 0 
250 254 
0 0 
0 0 
0 0 
0 0 
0 0 
232 254 
0 0 
0 0 
0 0 
0 0 
0 0 
0 0 
250 246 
0 0 
0 0 
0 0 
0 0 
0 0 
234 256 
0 0 
0 0 
0 0 
0 0 
0 0 
416 250 
0 0 
0 0 
0 0 
0 0 
0 0 
0 0 
0 0 
222 240 
0 0 
0 0 
0 0 
0 0 
0 0 
248 250 
0 0 
0 0 
0 0 
0 0 
0 0 
246 256 
0 0 
0 0 
0 0 
0 0 
0 0 
236 246 
0 0 
0 0 
0 0 
0 0 
0 0 
234 252 
0 0 
0 0 
0 0 
0 0 
0 0 
250 246 
0 0 
0 0 
0 0 
0 0 
0 0 
360 256 
0 0 
0 0 
0 0 
0 0 
0 0 
0 0 
238 246 
0 0 
0 0 
0 0 
0 0 
0 0 
248 254 
0 0 
0 0 
0 0 
0 0 
0 0 
0 0 
250 250 
0 0 
0 0 
0 0 
0 0 
0 0 
250 252 
0 0 
0 0 
0 0 
0 0 
0 0 
224 252 
0 0 
0 0 
0 0 
0 0 
0 0 
238 252 
0 0 
0 0 
0 0 
0 0 
0 0 
328 236 
0 0 
0 0 
0 0 
0 0 
0 0 
0 0 
248 240 
0 0 
0 0 
0 0 
0 0 
0 0 
246 248 
0 0 
0 0 
0 0 
0 0 
0 0 
220 250 
0 0 
0 0 
0 0 
0 0 
0 0 
228 244 
0 0 
0 0 
0 0 
0 0 
0 0 
218 256 
0 0 
0 0 
0 0 
0 0 
0 0 
248 254 
0 0 
0 0 
0 0 
0 0 
0 0 
470 248 
0 0 
0 0 
0 0 
0 0 
0 0 
0 0 
0 0 
0 0 
250 230 
0 0 
0 0 
0 0 
0 0 
0 0 
252 252 
0 0 
0 0 
0 0 
0 0 
0 0 
242 228 
0 0 
0 0 
0 0 
0 0 
0 0 
252 248 
0 0 
0 0 
0 0 
0 0 
0 0 
248 248 
0 0 
0 0 
0 0 
0 0 
0 0 
224 240 
0 0 
0 0 
0 0 
0 0 
0 0 
264 254 
0 0 
0 0 
0 0 
0 0 
0 0 
240 244 
0 0 
0 0 
0 0 
0 0 
0 0 
258 254 
0 0 
0 0 
0 0 
0 0 
0 0 
0 0 
248 250 
0 0 
0 0 
0 0 
0 0 
0 0 
224 242 
0 0 
0 0 
0 0 
0 0 
0 0 
250 246 
0 0 
0 0 
0 0 
0 0 
0 0 
236 250 
0 0 
0 0 
0 0 
0 0 
0 0 
398 240 
0 0 
0 0 
0 0 
0 0 
0 0 
0 0 
248 238 
0 0 
0 0 
0 0 
0 0 
0 0 
236 250 
0 0 
0 0 
0 0 
0 0 
0 0 
250 252 
0 0 
0 0 
0 0 
0 0 
0 0 
250 250 
0 0 
0 0 
0 0 
0 0 
0 0 
252 238 
0 0 
0 0 
0 0 
0 0 
0 0 
250 246 
0 0 
0 0 
0 0 
0 0 
0 0 
0 0 
328 250 
0 0 
0 0 
0 0 
0 0 
0 0 
0 0 
248 236 
0 0 
0 0 
0 0 
0 0 
0 0 
242 258 
0 0 
0 0 
0 0 
0 0 
0 0 
302 250 
0 0 
0 0 
0 0 
0 0 
0 0 
0 0 
250 250 
0 0 
0 0 
0 0 
0 0 
0 0 
0 0 
248 248 
0 0 
0 0 
0 0 
0 0 
0 0 
230 246 
0 0 
0 0 
0 0 
0 0 
0 0 
246 246 
0 0 
0 0 
0 0 
0 0 
0 0 
250 236 
0 0 
0 0 
0 0 
0 0 
0 0 
254 240 
0 0 
0 0 
0 0 
0 0 
0 0 
252 242 
0 0 
0 0 
0 0 
0 0 
0 0 
250 250 
0 0 
0 0 
0 0 
0 0 
0 0 
250 242 
0 0 
0 0 
0 0 
0 0 
0 0 
250 248 
0 0 
0 0 
0 0 
0 0 
0 0 
462 250 
0 0 
0 0 
0 0 
0 0 
0 0 
0 0 
0 0 
250 236 
0 0 
0 0 
0 0 
0 0 
0 0 
250 248 
0 0 
0 0 
0 0 
0 0 
0 0 
250 254 
0 0 
0 0 
0 0 
0 0 
0 0 
248 246 
0 0 
0 0 
0 0 
0 0 
0 0 
324 250 
0 0 
0 0 
0 0 
0 0 
0 0 
0 0 
250 254 
0 0 
0 0 
0 0 
0 0 
0 0 
248 258 
0 0 
0 0 
0 0 
0 0 
0 0 
0 0 
246 240 
0 0 
0 0 
0 0 
0 0 
0 0 
228 252 
0 0 
0 0 
0 0 
0 0 
0 0 
248 250 
0 0 
0 0 
0 0 
0 0 
0 0 
244 250 
0 0 
0 0 
0 0 
0 0 
0 0 
248 248 
0 0 
0 0 
0 0 
0 0 
0 0 
0 0 
260 244 
0 0 
0 0 
0 0 
0 0 
0 0 
220 246 
0 0 
0 0 
0 0 
0 0 
0 0 
250 242 
0 0 
0 0 
0 0 
0 0 
0 0 
254 240 
0 0 
0 0 
0 0 
0 0 
0 0 
0 0 
254 252 
0 0 
0 0 
0 0 
0 0 
0 0 
246 246 
0 0 
0 0 
0 0 
0 0 
0 0 
0 0 
244 242 
0 0 
0 0 
0 0 
0 0 
0 0 
254 252 
0 0 
0 0 
0 0 
0 0 
0 0 
228 254 
0 0 
0 0 
0 0 
0 0 
0 0 
220 238 
0 0 
0 0 
0 0 
0 0 
0 0 
250 246 
0 0 
0 0 
0 0 
0 0 
0 0 
252 240 
0 0 
0 0 
0 0 
0 0 
0 0 
0 0 
250 244 
0 0 
0 0 
0 0 
0 0 
0 0 
0 0 
252 250 
0 0 
0 0 
0 0 
0 0 
0 0 
254 236 
0 0 
0 0 
0 0 
0 0 
0 0 
272 248 
0 0 
0 0 
0 0 
0 0 
0 0 
236 244 
0 0 
0 0 
0 0 
0 0 
0 0 
246 254 
0 0 
0 0 
0 0 
0 0 
0 0 
238 244 
0 0 
0 0 
0 0 
0 0 
0 0 
248 240 
0 0 
0 0 
0 0 
0 0 
0 0 
252 252 
0 0 
0 0 
0 0 
0 0 
0 0 
240 218 
0 0 
0 0 
0 0 
0 0 
0 0 
440 248 
0 0 
0 0 
0 0 
0 0 
0 0 
0 0 
0 0 
248 232 
0 0 
0 0 
0 0 
0 0 
0 0 
250 244 
0 0 
0 0 
0 0 
0 0 
0 0 
252 248 
0 0 
0 0 
0 0 
0 0 
0 0 
236 222 
0 0 
0 0 
0 0 
0 0 
0 0 
246 278 
0 0 
0 0 
0 0 
0 0 
0 0 
0 0 
250 252 
0 0 
0 0 
0 0 
0 0 
0 0 
266 248 
0 0 
0 0 
0 0 
0 0 
0 0 
252 214 
0 0 
0 0 
0 0 
0 0 
0 0 
250 244 
0 0 
0 0 
0 0 
0 0 
0 0 
256 242 
0 0 
0 0 
0 0 
0 0 
0 0 
248 252 
0 0 
0 0 
0 0 
0 0 
0 0 
246 654 
0 0 
0 0 
0 0 
0 0 
0 0 
0 0 
0 0 
0 0 
0 0 
236 554 
0 0 
0 0 
0 0 
0 0 
0 0 
0 0 
0 0 
0 0 
250 246 
0 0 
0 0 
0 0 
0 0 
0 0 
250 248 
0 0 
0 0 
0 0 
0 0 
0 0 
250 252 
0 0 
0 0 
0 0 
0 0 
0 0 
258 246 
0 0 
0 0 
0 0 
0 0 
0 0 
248 242 
0 0 
0 0 
0 0 
0 0 
0 0 
220 254 
0 0 
0 0 
0 0 
0 0 
0 0 
670 308 
0 0 
0 0 
0 0 
0 0 
0 0 
0 0 
0 0 
0 0 
0 0 
258 246 
0 0 
0 0 
0 0 
0 0 
0 0 
0 0 
254 254 
0 0 
0 0 
0 0 
0 0 
0 0 
256 242 
0 0 
0 0 
0 0 
0 0 
0 0 
246 248 
0 0 
0 0 
0 0 
0 0 
0 0 
0 0 
252 248 
0 0 
0 0 
0 0 
0 0 
0 0 
244 570 
0 0 
0 0 
0 0 
0 0 
0 0 
0 0 
0 0 
0 0 
250 248 
0 0 
0 0 
0 0 
0 0 
0 0 
0 0 
248 248 
0 0 
0 0 
0 0 
0 0 
0 0 
250 242 
0 0 
0 0 
0 0 
0 0 
0 0 
248 248 
0 0 
0 0 
0 0 
0 0 
0 0 
238 250 
0 0 
0 0 
0 0 
0 0 
0 0 
0 0 
248 240 
0 0 
0 0 
0 0 
0 0 
0 0 
334 248 
0 0 
0 0 
0 0 
0 0 
0 0 
0 0 
240 222 
0 0 
0 0 
0 0 
0 0 
0 0 
246 218 
0 0 
0 0 
0 0 
0 0 
0 0 
252 252 
0 0 
0 0 
0 0 
0 0 
0 0 
250 238 
0 0 
0 0 
0 0 
0 0 
0 0 
250 250 
0 0 
0 0 
0 0 
0 0 
0 0 
224 242 
0 0 
0 0 
0 0 
0 0 
0 0 
528 242 
0 0 
0 0 
0 0 
0 0 
0 0 
0 0 
0 0 
250 234 
0 0 
0 0 
0 0 
0 0 
0 0 
248 246 
0 0 
0 0 
0 0 
0 0 
0 0 
250 260 
0 0 
0 0 
0 0 
0 0 
0 0 
224 252 
0 0 
0 0 
0 0 
0 0 
0 0 
248 222 
0 0 
0 0 
0 0 
0 0 
0 0 
252 220 
0 0 
0 0 
0 0 
0 0 
0 0 
420 250 
0 0 
0 0 
0 0 
0 0 
0 0 
0 0 
0 0 
254 238 
0 0 
0 0 
0 0 
0 0 
0 0 
248 246 
0 0 
0 0 
0 0 
0 0 
0 0 
238 224 
0 0 
0 0 
0 0 
0 0 
0 0 
252 250 
0 0 
0 0 
0 0 
0 0 
0 0 
0 0 
250 248 
0 0 
0 0 
0 0 
0 0 
0 0 
250 250 
0 0 
0 0 
0 0 
0 0 
0 0 
264 222 
0 0 
0 0 
0 0 
0 0 
0 0 
248 252 
0 0 
0 0 
0 0 
0 0 
0 0 
248 250 
0 0 
0 0 
0 0 
0 0 
0 0 
0 0 
248 254 
0 0 
0 0 
0 0 
0 0 
0 0 
244 242 
0 0 
0 0 
0 0 
0 0 
0 0 
224 248 
0 0 
0 0 
0 0 
0 0 
0 0 
244 252 
0 0 
0 0 
0 0 
0 0 
0 0 
338 234 
0 0 
0 0 
0 0 
0 0 
0 0 
0 0 
244 238 
0 0 
0 0 
0 0 
0 0 
0 0 
0 0 
252 248 
0 0 
0 0 
0 0 
0 0 
0 0 
242 238 
0 0 
0 0 
0 0 
0 0 
0 0 
246 248 
0 0 
0 0 
0 0 
0 0 
0 0 
262 252 
0 0 
0 0 
0 0 
0 0 
0 0 
0 0 
248 248 
0 0 
0 0 
0 0 
0 0 
0 0 
268 252 
0 0 
0 0 
0 0 
0 0 
0 0 
254 234 
0 0 
0 0 
0 0 
0 0 
0 0 
250 252 
0 0 
0 0 
0 0 
0 0 
0 0 
220 254 
0 0 
0 0 
0 0 
0 0 
0 0 
250 246 
0 0 
0 0 
0 0 
0 0 
0 0 
246 250 
0 0 
0 0 
0 0 
0 0 
0 0 
0 0 
218 232 
0 0 
0 0 
0 0 
0 0 
0 0 
256 254 
0 0 
0 0 
0 0 
0 0 
0 0 
240 252 
0 0 
0 0 
0 0 
0 0 
0 0 
252 236 
0 0 
0 0 
0 0 
0 0 
0 0 
250 250 
0 0 
0 0 
0 0 
0 0 
0 0 
0 0 
250 252 
0 0 
0 0 
0 0 
0 0 
0 0 
230 246 
0 0 
0 0 
0 0 
0 0 
0 0 
244 252 
0 0 
0 0 
0 0 
0 0 
0 0 
546 250 
0 0 
0 0 
0 0 
0 0 
0 0 
0 0 
0 0 
0 0 
256 212 
0 0 
0 0 
0 0 
0 0 
0 0 
0 0 
252 248 
0 0 
0 0 
0 0 
0 0 
0 0 
0 0 
250 220 
0 0 
0 0 
0 0 
0 0 
0 0 
240 248 
0 0 
0 0 
0 0 
0 0 
0 0 
218 258 
0 0 
0 0 
0 0 
0 0 
0 0 
0 0 
0 0 
536 256 
0 0 
0 0 
0 0 
0 0 
0 0 
0 0 
0 0 
0 0 
242 240 
0 0 
0 0 
0 0 
0 0 
0 0 
252 250 
0 0 
0 0 
0 0 
0 0 
0 0 
226 230 
0 0 
0 0 
0 0 
0 0 
0 0 
254 234 
0 0 
0 0 
0 0 
0 0 
0 0 
250 252 
0 0 
0 0 
0 0 
0 0 
0 0 
0 0 
238 256 
0 0 
0 0 
0 0 
0 0 
0 0 
250 226 
0 0 
0 0 
0 0 
0 0 
0 0 
250 242 
0 0 
0 0 
0 0 
0 0 
0 0 
230 248 
0 0 
0 0 
0 0 
0 0 
0 0 
254 250 
0 0 
0 0 
0 0 
0 0 
0 0 
220 250 
0 0 
0 0 
0 0 
0 0 
0 0 
248 288 
0 0 
0 0 
0 0 
0 0 
0 0 
250 250 
0 0 
0 0 
0 0 
0 0 
0 0 
0 0 
302 250 
0 0 
0 0 
0 0 
0 0 
0 0 
0 0 
246 626 
0 0 
0 0 
0 0 
0 0 
0 0 
0 0 
0 0 
0 0 
0 0 
250 268 
0 0 
0 0 
0 0 
0 0 
0 0 
0 0 
260 254 
0 0 
0 0 
0 0 
0 0 
0 0 
252 224 
0 0 
0 0 
0 0 
0 0 
0 0 
254 254 
0 0 
0 0 
0 0 
0 0 
0 0 
664 248 
0 0 
0 0 
0 0 
0 0 
0 0 
0 0 
0 0 
0 0 
238 228 
0 0 
0 0 
0 0 
0 0 
0 0 
0 0 
248 238 
0 0 
0 0 
0 0 
0 0 
0 0 
220 258 
0 0 
0 0 
0 0 
0 0 
0 0 
248 230 
0 0 
0 0 
0 0 
0 0 
0 0 
248 214 
0 0 
0 0 
0 0 
0 0 
0 0 
254 244 
0 0 
0 0 
0 0 
0 0 
0 0 
246 238 
0 0 
0 0 
0 0 
0 0 
0 0 
0 0 
250 234 
0 0 
0 0 
0 0 
0 0 
0 0 
246 258 
0 0 
0 0 
0 0 
0 0 
0 0 
248 250 
0 0 
0 0 
0 0 
0 0 
0 0 
0 0 
250 240 
0 0 
0 0 
0 0 
0 0 
0 0 
322 248 
0 0 
0 0 
0 0 
0 0 
0 0 
0 0 
250 716 
0 0 
0 0 
0 0 
0 0 
0 0 
0 0 
0 0 
0 0 
0 0 
248 254 
0 0 
0 0 
0 0 
0 0 
0 0 
234 250 
0 0 
0 0 
0 0 
0 0 
0 0 
248 236 
0 0 
0 0 
0 0 
0 0 
0 0 
226 234 
0 0 
0 0 
0 0 
0 0 
0 0 
224 240 
0 0 
0 0 
0 0 
0 0 
0 0 
248 236 
0 0 
0 0 
0 0 
0 0 
0 0 
656 248 
0 0 
0 0 
0 0 
0 0 
0 0 
0 0 
0 0 
0 0 
0 0 
248 244 
0 0 
0 0 
0 0 
0 0 
0 0 
256 236 
0 0 
0 0 
0 0 
0 0 
0 0 
256 240 
0 0 
0 0 
0 0 
0 0 
0 0 
252 248 
0 0 
0 0 
0 0 
0 0 
0 0 
248 250 
0 0 
0 0 
0 0 
0 0 
0 0 
246 218 
0 0 
0 0 
0 0 
0 0 
0 0 
230 244 
0 0 
0 0 
0 0 
0 0 
0 0 
246 254 
0 0 
0 0 
0 0 
0 0 
0 0 
240 254 
0 0 
0 0 
0 0 
0 0 
0 0 
246 246 
0 0 
0 0 
0 0 
0 0 
0 0 
226 252 
0 0 
0 0 
0 0 
0 0 
0 0 
224 244 
0 0 
0 0 
0 0 
0 0 
0 0 
270 240 
0 0 
0 0 
0 0 
0 0 
0 0 
516 250 
0 0 
0 0 
0 0 
0 0 
0 0 
0 0 
0 0 
0 0 
250 240 
0 0 
0 0 
0 0 
0 0 
0 0 
260 254 
0 0 
0 0 
0 0 
0 0 
0 0 
236 244 
0 0 
0 0 
0 0 
0 0 
0 0 
250 254 
0 0 
0 0 
0 0 
0 0 
0 0 
250 242 
0 0 
0 0 
0 0 
0 0 
0 0 
220 246 
0 0 
0 0 
0 0 
0 0 
0 0 
274 244 
0 0 
0 0 
0 0 
0 0 
0 0 
0 0 
252 234 
0 0 
0 0 
0 0 
0 0 
0 0 
250 226 
0 0 
0 0 
0 0 
0 0 
0 0 
250 250 
0 0 
0 0 
0 0 
0 0 
0 0 
310 248 
0 0 
0 0 
0 0 
0 0 
0 0 
0 0 
244 252 
0 0 
0 0 
0 0 
0 0 
0 0 
250 246 
0 0 
0 0 
0 0 
0 0 
0 0 
0 0 
314 250 
0 0 
0 0 
0 0 
0 0 
0 0 
0 0 
246 240 
0 0 
0 0 
0 0 
0 0 
0 0 
246 252 
0 0 
0 0 
0 0 
0 0 
0 0 
246 248 
0 0 
0 0 
0 0 
0 0 
0 0 
254 250 
0 0 
0 0 
0 0 
0 0 
0 0 
252 246 
0 0 
0 0 
0 0 
0 0 
0 0 
248 254 
0 0 
0 0 
0 0 
0 0 
0 0 
248 250 
0 0 
0 0 
0 0 
0 0 
0 0 
254 238 
0 0 
0 0 
0 0 
0 0 
0 0 
250 252 
0 0 
0 0 
0 0 
0 0 
0 0 
238 252 
0 0 
0 0 
0 0 
0 0 
0 0 
254 248 
0 0 
0 0 
0 0 
0 0 
0 0 
0 0 
248 250 
0 0 
0 0 
0 0 
0 0 
0 0 
246 254 
0 0 
0 0 
0 0 
0 0 
0 0 
416 250 
0 0 
0 0 
0 0 
0 0 
0 0 
0 0 
0 0 
244 238 
0 0 
0 0 
0 0 
0 0 
0 0 
248 250 
0 0 
0 0 
0 0 
0 0 
0 0 
244 252 
0 0 
0 0 
0 0 
0 0 
0 0 
262 236 
0 0 
0 0 
0 0 
0 0 
0 0 
250 252 
0 0 
0 0 
0 0 
0 0 
0 0 
242 246 
0 0 
0 0 
0 0 
0 0 
0 0 
564 244 
0 0 
0 0 
0 0 
0 0 
0 0 
0 0 
0 0 
0 0 
240 222 
0 0 
0 0 
0 0 
0 0 
0 0 
254 244 
0 0 
0 0 
0 0 
0 0 
0 0 
0 0 
254 248 
0 0 
0 0 
0 0 
0 0 
0 0 
0 0 
252 274 
0 0 
0 0 
0 0 
0 0 
0 0 
0 0 
248 254 
0 0 
0 0 
0 0 
0 0 
0 0 
638 244 
0 0 
0 0 
0 0 
0 0 
0 0 
0 0 
0 0 
0 0 
236 236 
0 0 
0 0 
0 0 
0 0 
0 0 
250 252 
0 0 
0 0 
0 0 
0 0 
0 0 
254 258 
0 0 
0 0 
0 0 
0 0 
0 0 
0 0 
248 248 
0 0 
0 0 
0 0 
0 0 
0 0 
248 248 
0 0 
0 0 
0 0 
0 0 
0 0 
238 246 
0 0 
0 0 
0 0 
0 0 
0 0 
264 236 
0 0 
0 0 
0 0 
0 0 
0 0 
254 248 
0 0 
0 0 
0 0 
0 0 
0 0 
234 244 
0 0 
0 0 
0 0 
0 0 
0 0 
0 0 
248 248 
0 0 
0 0 
0 0 
0 0 
0 0 
250 238 
0 0 
0 0 
0 0 
0 0 
0 0 
248 236 
0 0 
0 0 
0 0 
0 0 
0 0 
256 218 
0 0 
0 0 
0 0 
0 0 
0 0 
0 0 
238 220 
0 0 
0 0 
0 0 
0 0 
0 0 
256 240 
0 0 
0 0 
0 0 
0 0 
0 0 
238 246 
0 0 
0 0 
0 0 
0 0 
0 0 
250 242 
0 0 
0 0 
0 0 
0 0 
0 0 
226 244 
0 0 
0 0 
0 0 
0 0 
0 0 
228 254 
0 0 
0 0 
0 0 
0 0 
0 0 
248 238 
0 0 
0 0 
0 0 
0 0 
0 0 
522 246 
0 0 
0 0 
0 0 
0 0 
0 0 
0 0 
0 0 
0 0 
240 240 
0 0 
0 0 
0 0 
0 0 
0 0 
0 0 
248 246 
0 0 
0 0 
0 0 
0 0 
0 0 
0 0 
252 256 
0 0 
0 0 
0 0 
0 0 
0 0 
238 242 
0 0 
0 0 
0 0 
0 0 
0 0 
244 262 
0 0 
0 0 
0 0 
0 0 
0 0 
254 642 
0 0 
0 0 
0 0 
0 0 
0 0 
0 0 
0 0 
0 0 
246 236 
0 0 
0 0 
0 0 
0 0 
0 0 
240 248 
0 0 
0 0 
0 0 
0 0 
0 0 
248 226 
0 0 
0 0 
0 0 
0 0 
0 0 
250 248 
0 0 
0 0 
0 0 
0 0 
0 0 
258 244 
0 0 
0 0 
0 0 
0 0 
0 0 
250 248 
0 0 
0 0 
0 0 
0 0 
0 0 
0 0 
620 250 
0 0 
0 0 
0 0 
0 0 
0 0 
0 0 
0 0 
0 0 
252 456 
0 0 
0 0 
0 0 
0 0 
0 0 
0 0 
0 0 
0 0 
248 246 
0 0 
0 0 
0 0 
0 0 
0 0 
236 232 
0 0 
0 0 
0 0 
0 0 
0 0 
250 252 
0 0 
0 0 
0 0 
0 0 
0 0 
0 0 
270 248 
0 0 
0 0 
0 0 
0 0 
0 0 
270 768 
0 0 
0 0 
0 0 
0 0 
0 0 
0 0 
0 0 
0 0 
0 0 
0 0 
222 236 
0 0 
0 0 
0 0 
0 0 
0 0 
250 230 
0 0 
0 0 
0 0 
0 0 
0 0 
0 0 
250 258 
0 0 
0 0 
0 0 
0 0 
0 0 
0 0 
234 254 
0 0 
0 0 
0 0 
0 0 
0 0 
242 220 
0 0 
0 0 
0 0 
0 0 
0 0 
216 224 
0 0 
0 0 
0 0 
0 0 
0 0 
348 226 
0 0 
0 0 
0 0 
0 0 
0 0 
0 0 
242 222 
0 0 
0 0 
0 0 
0 0 
0 0 
248 224 
0 0 
0 0 
0 0 
0 0 
0 0 
320 250 
0 0 
0 0 
0 0 
0 0 
0 0 
0 0 
250 246 
0 0 
0 0 
0 0 
0 0 
0 0 
240 254 
0 0 
0 0 
0 0 
0 0 
0 0 
220 226 
0 0 
0 0 
0 0 
0 0 
0 0 
234 246 
0 0 
0 0 
0 0 
0 0 
0 0 
244 240 
0 0 
0 0 
0 0 
0 0 
0 0 
226 244 
0 0 
0 0 
0 0 
0 0 
0 0 
236 242 
0 0 
0 0 
0 0 
0 0 
0 0 
254 238 
0 0 
0 0 
0 0 
0 0 
0 0 
252 248 
0 0 
0 0 
0 0 
0 0 
0 0 
220 222 
0 0 
0 0 
0 0 
0 0 
0 0 
296 250 
0 0 
0 0 
0 0 
0 0 
0 0 
0 0 
226 236 
0 0 
0 0 
0 0 
0 0 
0 0 
222 242 
0 0 
0 0 
0 0 
0 0 
0 0 
222 252 
0 0 
0 0 
0 0 
0 0 
0 0 
246 250 
0 0 
0 0 
0 0 
0 0 
0 0 
242 244 
0 0 
0 0 
0 0 
0 0 
0 0 
232 254 
0 0 
0 0 
0 0 
0 0 
0 0 
256 250 
0 0 
0 0 
0 0 
0 0 
0 0 
250 240 
0 0 
0 0 
0 0 
0 0 
0 0 
230 250 
0 0 
0 0 
0 0 
0 0 
0 0 
252 238 
0 0 
0 0 
0 0 
0 0 
0 0 
236 252 
0 0 
0 0 
0 0 
0 0 
0 0 
230 226 
0 0 
0 0 
0 0 
0 0 
0 0 
220 252 
0 0 
0 0 
0 0 
0 0 
0 0 
556 240 
0 0 
0 0 
0 0 
0 0 
0 0 
0 0 
0 0 
0 0 
240 236 
0 0 
0 0 
0 0 
0 0 
0 0 
234 254 
0 0 
0 0 
0 0 
0 0 
0 0 
268 252 
0 0 
0 0 
0 0 
0 0 
0 0 
250 218 
0 0 
0 0 
0 0 
0 0 
0 0 
238 256 
0 0 
0 0 
0 0 
0 0 
0 0 
218 248 
0 0 
0 0 
0 0 
0 0 
0 0 
258 248 
0 0 
0 0 
0 0 
0 0 
0 0 
0 0 
222 248 
0 0 
0 0 
0 0 
0 0 
0 0 
254 242 
0 0 
0 0 
0 0 
0 0 
0 0 
236 278 
0 0 
0 0 
0 0 
0 0 
0 0 
0 0 
254 248 
0 0 
0 0 
0 0 
0 0 
0 0 
0 0 
250 234 
0 0 
0 0 
0 0 
0 0 
0 0 
250 248 
0 0 
0 0 
0 0 
0 0 
0 0 
230 244 
0 0 
0 0 
0 0 
0 0 
0 0 
246 238 
0 0 
0 0 
0 0 
0 0 
0 0 
250 242 
0 0 
0 0 
0 0 
0 0 
0 0 
250 232 
0 0 
0 0 
0 0 
0 0 
0 0 
222 246 
0 0 
0 0 
0 0 
0 0 
0 0 
226 248 
0 0 
0 0 
0 0 
0 0 
0 0 
256 252 
0 0 
0 0 
0 0 
0 0 
0 0 
536 236 
0 0 
0 0 
0 0 
0 0 
0 0 
0 0 
0 0 
222 238 
0 0 
0 0 
0 0 
0 0 
0 0 
252 250 
0 0 
0 0 
0 0 
0 0 
0 0 
248 240 
0 0 
0 0 
0 0 
0 0 
0 0 
252 212 
0 0 
0 0 
0 0 
0 0 
0 0 
250 250 
0 0 
0 0 
0 0 
0 0 
0 0 
244 250 
0 0 
0 0 
0 0 
0 0 
0 0 
366 250 
0 0 
0 0 
0 0 
0 0 
0 0 
0 0 
252 242 
0 0 
0 0 
0 0 
0 0 
0 0 
248 250 
0 0 
0 0 
0 0 
0 0 
0 0 
252 246 
0 0 
0 0 
0 0 
0 0 
0 0 
0 0 
248 254 
0 0 
0 0 
0 0 
0 0 
0 0 
0 0 
242 250 
0 0 
0 0 
0 0 
0 0 
0 0 
250 248 
0 0 
0 0 
0 0 
0 0 
0 0 
266 252 
0 0 
0 0 
0 0 
0 0 
0 0 
256 236 
0 0 
0 0 
0 0 
0 0 
0 0 
246 250 
0 0 
0 0 
0 0 
0 0 
0 0 
250 250 
0 0 
0 0 
0 0 
0 0 
0 0 
0 0 
240 254 
0 0 
0 0 
0 0 
0 0 
0 0 
254 248 
0 0 
0 0 
0 0 
0 0 
0 0 
248 224 
0 0 
0 0 
0 0 
0 0 
0 0 
280 248 
0 0 
0 0 
0 0 
0 0 
0 0 
322 250 
0 0 
0 0 
0 0 
0 0 
0 0 
0 0 
248 254 
0 0 
0 0 
0 0 
0 0 
0 0 
250 254 
0 0 
0 0 
0 0 
0 0 
0 0 
254 244 
0 0 
0 0 
0 0 
0 0 
0 0 
0 0 
236 256 
0 0 
0 0 
0 0 
0 0 
0 0 
246 250 
0 0 
0 0 
0 0 
0 0 
0 0 
262 228 
0 0 
0 0 
0 0 
0 0 
0 0 
250 256 
0 0 
0 0 
0 0 
0 0 
0 0 
222 252 
0 0 
0 0 
0 0 
0 0 
0 0 
246 244 
0 0 
0 0 
0 0 
0 0 
0 0 
250 250 
0 0 
0 0 
0 0 
0 0 
0 0 
246 242 
0 0 
0 0 
0 0 
0 0 
0 0 
236 250 
0 0 
0 0 
0 0 
0 0 
0 0 
534 248 
0 0 
0 0 
0 0 
0 0 
0 0 
0 0 
0 0 
0 0 
246 220 
0 0 
0 0 
0 0 
0 0 
0 0 
250 244 
0 0 
0 0 
0 0 
0 0 
0 0 
0 0 
354 250 
0 0 
0 0 
0 0 
0 0 
0 0 
0 0 
0 0 
224 248 
0 0 
0 0 
0 0 
0 0 
0 0 
254 252 
0 0 
0 0 
0 0 
0 0 
0 0 
254 554 
0 0 
0 0 
0 0 
0 0 
0 0 
0 0 
0 0 
0 0 
252 250 
0 0 
0 0 
0 0 
0 0 
0 0 
248 254 
0 0 
0 0 
0 0 
0 0 
0 0 
0 0 
256 246 
0 0 
0 0 
0 0 
0 0 
0 0 
0 0 
220 248 
0 0 
0 0 
0 0 
0 0 
0 0 
250 250 
0 0 
0 0 
0 0 
0 0 
0 0 
252 248 
0 0 
0 0 
0 0 
0 0 
0 0 
274 220 
0 0 
0 0 
0 0 
0 0 
0 0 
254 252 
0 0 
0 0 
0 0 
0 0 
0 0 
228 256 
0 0 
0 0 
0 0 
0 0 
0 0 
268 252 
0 0 
0 0 
0 0 
0 0 
0 0 
252 250 
0 0 
0 0 
0 0 
0 0 
0 0 
248 220 
0 0 
0 0 
0 0 
0 0 
0 0 
250 250 
0 0 
0 0 
0 0 
0 0 
0 0 
638 244 
0 0 
0 0 
0 0 
0 0 
0 0 
0 0 
0 0 
0 0 
306 234 
0 0 
0 0 
0 0 
0 0 
0 0 
0 0 
252 250 
0 0 
0 0 
0 0 
0 0 
0 0 
0 0 
250 250 
0 0 
0 0 
0 0 
0 0 
0 0 
260 250 
0 0 
0 0 
0 0 
0 0 
0 0 
250 254 
0 0 
0 0 
0 0 
0 0 
0 0 
250 704 
0 0 
0 0 
0 0 
0 0 
0 0 
0 0 
0 0 
0 0 
0 0 
222 252 
0 0 
0 0 
0 0 
0 0 
0 0 
248 248 
0 0 
0 0 
0 0 
0 0 
0 0 
248 248 
0 0 
0 0 
0 0 
0 0 
0 0 
252 252 
0 0 
0 0 
0 0 
0 0 
0 0 
250 256 
0 0 
0 0 
0 0 
0 0 
0 0 
248 246 
0 0 
0 0 
0 0 
0 0 
0 0 
696 252 
0 0 
0 0 
0 0 
0 0 
0 0 
0 0 
0 0 
0 0 
0 0 
254 240 
0 0 
0 0 
0 0 
0 0 
0 0 
248 248 
0 0 
0 0 
0 0 
0 0 
0 0 
254 216 
0 0 
0 0 
0 0 
0 0 
0 0 
246 248 
0 0 
0 0 
0 0 
0 0 
0 0 
228 250 
0 0 
0 0 
0 0 
0 0 
0 0 
258 246 
0 0 
0 0 
0 0 
0 0 
0 0 
474 220 
0 0 
0 0 
0 0 
0 0 
0 0 
0 0 
0 0 
216 236 
0 0 
0 0 
0 0 
0 0 
0 0 
246 246 
0 0 
0 0 
0 0 
0 0 
0 0 
250 252 
0 0 
0 0 
0 0 
0 0 
0 0 
244 220 
0 0 
0 0 
0 0 
0 0 
0 0 
254 246 
0 0 
0 0 
0 0 
0 0 
0 0 
0 0 
252 248 
0 0 
0 0 
0 0 
0 0 
0 0 
248 218 
0 0 
0 0 
0 0 
0 0 
0 0 
246 240 
0 0 
0 0 
0 0 
0 0 
0 0 
222 244 
0 0 
0 0 
0 0 
0 0 
0 0 
250 254 
0 0 
0 0 
0 0 
0 0 
0 0 
248 254 
0 0 
0 0 
0 0 
0 0 
0 0 
248 226 
0 0 
0 0 
0 0 
0 0 
0 0 
252 250 
0 0 
0 0 
0 0 
0 0 
0 0 
346 256 
0 0 
0 0 
0 0 
0 0 
0 0 
0 0 
250 242 
0 0 
0 0 
0 0 
0 0 
0 0 
0 0 
250 246 
0 0 
0 0 
0 0 
0 0 
0 0 
0 0 
222 248 
0 0 
0 0 
0 0 
0 0 
0 0 
248 252 
0 0 
0 0 
0 0 
0 0 
0 0 
248 248 
0 0 
0 0 
0 0 
0 0 
0 0 
246 252 
0 0 
0 0 
0 0 
0 0 
0 0 
0 0 
252 246 
0 0 
0 0 
0 0 
0 0 
0 0 
256 240 
0 0 
0 0 
0 0 
0 0 
0 0 
248 256 
0 0 
0 0 
0 0 
0 0 
0 0 
244 252 
0 0 
0 0 
0 0 
0 0 
0 0 
238 256 
0 0 
0 0 
0 0 
0 0 
0 0 
252 234 
0 0 
0 0 
0 0 
0 0 
0 0 
226 250 
0 0 
0 0 
0 0 
0 0 
0 0 
274 250 
0 0 
0 0 
0 0 
0 0 
0 0 
250 250 
0 0 
0 0 
0 0 
0 0 
0 0 
252 242 
0 0 
0 0 
0 0 
0 0 
0 0 
252 254 
0 0 
0 0 
0 0 
0 0 
0 0 
222 250 
0 0 
0 0 
0 0 
0 0 
0 0 
250 250 
0 0 
0 0 
0 0 
0 0 
0 0 
0 0 
252 252 
0 0 
0 0 
0 0 
0 0 
0 0 
396 244 
0 0 
0 0 
0 0 
0 0 
0 0 
0 0 
0 0 
254 226 
0 0 
0 0 
0 0 
0 0 
0 0 
252 246 
0 0 
0 0 
0 0 
0 0 
0 0 
240 246 
0 0 
0 0 
0 0 
0 0 
0 0 
248 252 
0 0 
0 0 
0 0 
0 0 
0 0 
246 254 
0 0 
0 0 
0 0 
0 0 
0 0 
258 222 
0 0 
0 0 
0 0 
0 0 
0 0 
406 248 
0 0 
0 0 
0 0 
0 0 
0 0 
0 0 
248 242 
0 0 
0 0 
0 0 
0 0 
0 0 
0 0 
252 224 
0 0 
0 0 
0 0 
0 0 
0 0 
246 250 
0 0 
0 0 
0 0 
0 0 
0 0 
258 244 
0 0 
0 0 
0 0 
0 0 
0 0 
250 250 
0 0 
0 0 
0 0 
0 0 
0 0 
236 250 
0 0 
0 0 
0 0 
0 0 
0 0 
324 278 
0 0 
0 0 
0 0 
0 0 
0 0 
0 0 
248 242 
0 0 
0 0 
0 0 
0 0 
0 0 
0 0 
256 250 
0 0 
0 0 
0 0 
0 0 
0 0 
0 0 
270 228 
0 0 
0 0 
0 0 
0 0 
0 0 
256 250 
0 0 
0 0 
0 0 
0 0 
0 0 
222 248 
0 0 
0 0 
0 0 
0 0 
0 0 
250 248 
0 0 
0 0 
0 0 
0 0 
0 0 
770 248 
0 0 
0 0 
0 0 
0 0 
0 0 
0 0 
0 0 
0 0 
0 0 
0 0 
248 250 
0 0 
0 0 
0 0 
0 0 
0 0 
0 0 
220 256 
0 0 
0 0 
0 0 
0 0 
0 0 
254 252 
0 0 
0 0 
0 0 
0 0 
0 0 
0 0 
252 246 
0 0 
0 0 
0 0 
0 0 
0 0 
252 246 
0 0 
0 0 
0 0 
0 0 
0 0 
268 246 
0 0 
0 0 
0 0 
0 0 
0 0 
218 252 
0 0 
0 0 
0 0 
0 0 
0 0 
244 250 
0 0 
0 0 
0 0 
0 0 
0 0 
238 258 
0 0 
0 0 
0 0 
0 0 
0 0 
248 250 
0 0 
0 0 
0 0 
0 0 
0 0 
252 258 
0 0 
0 0 
0 0 
0 0 
0 0 
224 254 
0 0 
0 0 
0 0 
0 0 
0 0 
580 252 
0 0 
0 0 
0 0 
0 0 
0 0 
0 0 
0 0 
0 0 
248 236 
0 0 
0 0 
0 0 
0 0 
0 0 
252 246 
0 0 
0 0 
0 0 
0 0 
0 0 
0 0 
246 246 
0 0 
0 0 
0 0 
0 0 
0 0 
244 246 
0 0 
0 0 
0 0 
0 0 
0 0 
246 252 
0 0 
0 0 
0 0 
0 0 
0 0 
252 250 
0 0 
0 0 
0 0 
0 0 
0 0 
228 244 
0 0 
0 0 
0 0 
0 0 
0 0 
250 218 
0 0 
0 0 
0 0 
0 0 
0 0 
248 250 
0 0 
0 0 
0 0 
0 0 
0 0 
218 250 
0 0 
0 0 
0 0 
0 0 
0 0 
250 252 
0 0 
0 0 
0 0 
0 0 
0 0 
250 244 
0 0 
0 0 
0 0 
0 0 
0 0 
250 236 
0 0 
0 0 
0 0 
0 0 
0 0 
448 248 
0 0 
0 0 
0 0 
0 0 
0 0 
0 0 
0 0 
252 242 
0 0 
0 0 
0 0 
0 0 
0 0 
250 228 
0 0 
0 0 
0 0 
0 0 
0 0 
250 256 
0 0 
0 0 
0 0 
0 0 
0 0 
0 0 
250 254 
0 0 
0 0 
0 0 
0 0 
0 0 
248 218 
0 0 
0 0 
0 0 
0 0 
0 0 
256 250 
0 0 
0 0 
0 0 
0 0 
0 0 
266 248 
0 0 
0 0 
0 0 
0 0 
0 0 
254 252 
0 0 
0 0 
0 0 
0 0 
0 0 
240 218 
0 0 
0 0 
0 0 
0 0 
0 0 
254 236 
0 0 
0 0 
0 0 
0 0 
0 0 
252 254 
0 0 
0 0 
0 0 
0 0 
0 0 
250 244 
0 0 
0 0 
0 0 
0 0 
0 0 
250 246 
0 0 
0 0 
0 0 
0 0 
0 0 
0 0 
368 694 
0 0 
0 0 
0 0 
0 0 
0 0 
0 0 
0 0 
0 0 
0 0 
0 0 
242 250 
0 0 
0 0 
0 0 
0 0 
0 0 
248 250 
0 0 
0 0 
0 0 
0 0 
0 0 
248 222 
0 0 
0 0 
0 0 
0 0 
0 0 
252 254 
0 0 
0 0 
0 0 
0 0 
0 0 
250 248 
0 0 
0 0 
0 0 
0 0 
0 0 
248 574 
0 0 
0 0 
0 0 
0 0 
0 0 
0 0 
0 0 
0 0 
248 220 
0 0 
0 0 
0 0 
0 0 
0 0 
250 242 
0 0 
0 0 
0 0 
0 0 
0 0 
248 252 
0 0 
0 0 
0 0 
0 0 
0 0 
254 256 
0 0 
0 0 
0 0 
0 0 
0 0 
0 0 
248 258 
0 0 
0 0 
0 0 
0 0 
0 0 
252 250 
0 0 
0 0 
0 0 
0 0 
0 0 
480 248 
0 0 
0 0 
0 0 
0 0 
0 0 
0 0 
0 0 
0 0 
252 222 
0 0 
0 0 
0 0 
0 0 
0 0 
248 244 
0 0 
0 0 
0 0 
0 0 
0 0 
240 248 
0 0 
0 0 
0 0 
0 0 
0 0 
248 244 
0 0 
0 0 
0 0 
0 0 
0 0 
248 244 
0 0 
0 0 
0 0 
0 0 
0 0 
0 0 
250 248 
0 0 
0 0 
0 0 
0 0 
0 0 
0 0 
248 248 
0 0 
0 0 
0 0 
0 0 
0 0 
248 240 
0 0 
0 0 
0 0 
0 0 
0 0 
250 240 
0 0 
0 0 
0 0 
0 0 
0 0 
248 250 
0 0 
0 0 
0 0 
0 0 
0 0 
244 236 
0 0 
0 0 
0 0 
0 0 
0 0 
258 242 
0 0 
0 0 
0 0 
0 0 
0 0 
252 216 
0 0 
0 0 
0 0 
0 0 
0 0 
250 236 
0 0 
0 0 
0 0 
0 0 
0 0 
250 236 
0 0 
0 0 
0 0 
0 0 
0 0 
252 250 
0 0 
0 0 
0 0 
0 0 
0 0 
0 0 
248 248 
0 0 
0 0 
0 0 
0 0 
0 0 
226 256 
0 0 
0 0 
0 0 
0 0 
0 0 
252 232 
0 0 
0 0 
0 0 
0 0 
0 0 
246 250 
0 0 
0 0 
0 0 
0 0 
0 0 
278 254 
0 0 
0 0 
0 0 
0 0 
0 0 
0 0 
254 224 
0 0 
0 0 
0 0 
0 0 
0 0 
252 238 
0 0 
0 0 
0 0 
0 0 
0 0 
252 250 
0 0 
0 0 
0 0 
0 0 
0 0 
246 246 
0 0 
0 0 
0 0 
0 0 
0 0 
220 242 
0 0 
0 0 
0 0 
0 0 
0 0 
250 250 
0 0 
0 0 
0 0 
0 0 
0 0 
494 250 
0 0 
0 0 
0 0 
0 0 
0 0 
0 0 
0 0 
238 248 
0 0 
0 0 
0 0 
0 0 
0 0 
250 254 
0 0 
0 0 
0 0 
0 0 
0 0 
252 244 
0 0 
0 0 
0 0 
0 0 
0 0 
250 244 
0 0 
0 0 
0 0 
0 0 
0 0 
246 250 
0 0 
0 0 
0 0 
0 0 
0 0 
0 0 
250 250 
0 0 
0 0 
0 0 
0 0 
0 0 
262 236 
0 0 
0 0 
0 0 
0 0 
0 0 
250 246 
0 0 
0 0 
0 0 
0 0 
0 0 
246 244 
0 0 
0 0 
0 0 
0 0 
0 0 
256 246 
0 0 
0 0 
0 0 
0 0 
0 0 
246 254 
0 0 
0 0 
0 0 
0 0 
0 0 
248 242 
0 0 
0 0 
0 0 
0 0 
0 0 
258 256 
0 0 
0 0 
0 0 
0 0 
0 0 
594 222 
0 0 
0 0 
0 0 
0 0 
0 0 
0 0 
0 0 
0 0 
250 236 
0 0 
0 0 
0 0 
0 0 
0 0 
248 254 
0 0 
0 0 
0 0 
0 0 
0 0 
248 248 
0 0 
0 0 
0 0 
0 0 
0 0 
250 250 
0 0 
0 0 
0 0 
0 0 
0 0 
256 252 
0 0 
0 0 
0 0 
0 0 
0 0 
248 246 
0 0 
0 0 
0 0 
0 0 
0 0 
380 254 
0 0 
0 0 
0 0 
0 0 
0 0 
0 0 
248 236 
0 0 
0 0 
0 0 
0 0 
0 0 
250 246 
0 0 
0 0 
0 0 
0 0 
0 0 
248 246 
0 0 
0 0 
0 0 
0 0 
0 0 
288 248 
0 0 
0 0 
0 0 
0 0 
0 0 
0 0 
252 244 
0 0 
0 0 
0 0 
0 0 
0 0 
256 248 
0 0 
0 0 
0 0 
0 0 
0 0 
264 256 
0 0 
0 0 
0 0 
0 0 
0 0 
0 0 
246 238 
0 0 
0 0 
0 0 
0 0 
0 0 
248 244 
0 0 
0 0 
0 0 
0 0 
0 0 
242 242 
0 0 
0 0 
0 0 
0 0 
0 0 
250 256 
0 0 
0 0 
0 0 
0 0 
0 0 
0 0 
248 248 
0 0 
0 0 
0 0 
0 0 
0 0 
244 250 
0 0 
0 0 
0 0 
0 0 
0 0 
248 256 
0 0 
0 0 
0 0 
0 0 
0 0 
252 238 
0 0 
0 0 
0 0 
0 0 
0 0 
250 252 
0 0 
0 0 
0 0 
0 0 
0 0 
244 252 
0 0 
0 0 
0 0 
0 0 
0 0 
250 246 
0 0 
0 0 
0 0 
0 0 
0 0 
252 250 
0 0 
0 0 
0 0 
0 0 
0 0 
254 244 
0 0 
0 0 
0 0 
0 0 
0 0 
0 0 
378 256 
0 0 
0 0 
0 0 
0 0 
0 0 
0 0 
242 236 
0 0 
0 0 
0 0 
0 0 
0 0 
246 256 
0 0 
0 0 
0 0 
0 0 
0 0 
250 254 
0 0 
0 0 
0 0 
0 0 
0 0 
260 250 
0 0 
0 0 
0 0 
0 0 
0 0 
246 248 
0 0 
0 0 
0 0 
0 0 
0 0 
250 252 
0 0 
0 0 
0 0 
0 0 
0 0 
470 246 
0 0 
0 0 
0 0 
0 0 
0 0 
0 0 
0 0 
252 240 
0 0 
0 0 
0 0 
0 0 
0 0 
0 0 
246 252 
0 0 
0 0 
0 0 
0 0 
0 0 
250 248 
0 0 
0 0 
0 0 
0 0 
0 0 
250 248 
0 0 
0 0 
0 0 
0 0 
0 0 
248 248 
0 0 
0 0 
0 0 
0 0 
0 0 
246 248 
0 0 
0 0 
0 0 
0 0 
0 0 
256 246 
0 0 
0 0 
0 0 
0 0 
0 0 
250 236 
0 0 
0 0 
0 0 
0 0 
0 0 
252 248 
0 0 
0 0 
0 0 
0 0 
0 0 
250 248 
0 0 
0 0 
0 0 
0 0 
0 0 
244 254 
0 0 
0 0 
0 0 
0 0 
0 0 
254 248 
0 0 
0 0 
0 0 
0 0 
0 0 
230 248 
0 0 
0 0 
0 0 
0 0 
0 0 
612 246 
0 0 
0 0 
0 0 
0 0 
0 0 
0 0 
0 0 
0 0 
0 0 
250 240 
0 0 
0 0 
0 0 
0 0 
0 0 
242 250 
0 0 
0 0 
0 0 
0 0 
0 0 
250 250 
0 0 
0 0 
0 0 
0 0 
0 0 
252 250 
0 0 
0 0 
0 0 
0 0 
0 0 
0 0 
242 254 
0 0 
0 0 
0 0 
0 0 
0 0 
236 252 
0 0 
0 0 
0 0 
0 0 
0 0 
250 252 
0 0 
0 0 
0 0 
0 0 
0 0 
0 0 
248 238 
0 0 
0 0 
0 0 
0 0 
0 0 
248 250 
0 0 
0 0 
0 0 
0 0 
0 0 
244 252 
0 0 
0 0 
0 0 
0 0 
0 0 
246 238 
0 0 
0 0 
0 0 
0 0 
0 0 
252 248 
0 0 
0 0 
0 0 
0 0 
0 0 
218 238 
0 0 
0 0 
0 0 
0 0 
0 0 
254 250 
0 0 
0 0 
0 0 
0 0 
0 0 
244 236 
0 0 
0 0 
0 0 
0 0 
0 0 
254 252 
0 0 
0 0 
0 0 
0 0 
0 0 
246 252 
0 0 
0 0 
0 0 
0 0 
0 0 
246 244 
0 0 
0 0 
0 0 
0 0 
0 0 
252 246 
0 0 
0 0 
0 0 
0 0 
0 0 
240 246 
0 0 
0 0 
0 0 
0 0 
0 0 
522 242 
0 0 
0 0 
0 0 
0 0 
0 0 
0 0 
0 0 
244 236 
0 0 
0 0 
0 0 
0 0 
0 0 
240 244 
0 0 
0 0 
0 0 
0 0 
0 0 
252 236 
0 0 
0 0 
0 0 
0 0 
0 0 
248 248 
0 0 
0 0 
0 0 
0 0 
0 0 
248 242 
0 0 
0 0 
0 0 
0 0 
0 0 
218 248 
0 0 
0 0 
0 0 
0 0 
0 0 
498 254 
0 0 
0 0 
0 0 
0 0 
0 0 
0 0 
0 0 
238 234 
0 0 
0 0 
0 0 
0 0 
0 0 
0 0 
250 248 
0 0 
0 0 
0 0 
0 0 
0 0 
248 254 
0 0 
0 0 
0 0 
0 0 
0 0 
248 292 
0 0 
0 0 
0 0 
0 0 
0 0 
248 246 
0 0 
0 0 
0 0 
0 0 
0 0 
0 0 
250 240 
0 0 
0 0 
0 0 
0 0 
0 0 
264 248 
0 0 
0 0 
0 0 
0 0 
0 0 
248 238 
0 0 
0 0 
0 0 
0 0 
0 0 
254 252 
0 0 
0 0 
0 0 
0 0 
0 0 
240 260 
0 0 
0 0 
0 0 
0 0 
0 0 
0 0 
242 248 
0 0 
0 0 
0 0 
0 0 
0 0 
250 246 
0 0 
0 0 
0 0 
0 0 
0 0 
0 0 
250 698 
0 0 
0 0 
0 0 
0 0 
0 0 
0 0 
0 0 
0 0 
0 0 
246 250 
0 0 
0 0 
0 0 
0 0 
0 0 
0 0 
250 248 
0 0 
0 0 
0 0 
0 0 
0 0 
244 252 
0 0 
0 0 
0 0 
0 0 
0 0 
248 244 
0 0 
0 0 
0 0 
0 0 
0 0 
250 240 
0 0 
0 0 
0 0 
0 0 
0 0 
248 244 
0 0 
0 0 
0 0 
0 0 
0 0 
454 254 
0 0 
0 0 
0 0 
0 0 
0 0 
0 0 
0 0 
246 242 
0 0 
0 0 
0 0 
0 0 
0 0 
246 248 
0 0 
0 0 
0 0 
0 0 
0 0 
236 254 
0 0 
0 0 
0 0 
0 0 
0 0 
248 246 
0 0 
0 0 
0 0 
0 0 
0 0 
240 258 
0 0 
0 0 
0 0 
0 0 
0 0 
0 0 
262 250 
0 0 
0 0 
0 0 
0 0 
0 0 
274 252 
0 0 
0 0 
0 0 
0 0 
0 0 
238 248 
0 0 
0 0 
0 0 
0 0 
0 0 
250 264 
0 0 
0 0 
0 0 
0 0 
0 0 
250 252 
0 0 
0 0 
0 0 
0 0 
0 0 
0 0 
242 252 
0 0 
0 0 
0 0 
0 0 
0 0 
254 246 
0 0 
0 0 
0 0 
0 0 
0 0 
0 0 
246 242 
0 0 
0 0 
0 0 
0 0 
0 0 
254 248 
0 0 
0 0 
0 0 
0 0 
0 0 
0 0 
252 238 
0 0 
0 0 
0 0 
0 0 
0 0 
248 246 
0 0 
0 0 
0 0 
0 0 
0 0 
248 242 
0 0 
0 0 
0 0 
0 0 
0 0 
246 256 
0 0 
0 0 
0 0 
0 0 
0 0 
240 250 
0 0 
0 0 
0 0 
0 0 
0 0 
250 254 
0 0 
0 0 
0 0 
0 0 
0 0 
0 0 
250 246 
0 0 
0 0 
0 0 
0 0 
0 0 
248 242 
0 0 
0 0 
0 0 
0 0 
0 0 
242 250 
0 0 
0 0 
0 0 
0 0 
0 0 
254 252 
0 0 
0 0 
0 0 
0 0 
0 0 
248 248 
0 0 
0 0 
0 0 
0 0 
0 0 
250 250 
0 0 
0 0 
0 0 
0 0 
0 0 
244 248 
0 0 
0 0 
0 0 
0 0 
0 0 
536 250 
0 0 
0 0 
0 0 
0 0 
0 0 
0 0 
0 0 
246 244 
0 0 
0 0 
0 0 
0 0 
0 0 
0 0 
236 252 
0 0 
0 0 
0 0 
0 0 
0 0 
254 254 
0 0 
0 0 
0 0 
0 0 
0 0 
252 250 
0 0 
0 0 
0 0 
0 0 
0 0 
254 238 
0 0 
0 0 
0 0 
0 0 
0 0 
250 254 
0 0 
0 0 
0 0 
0 0 
0 0 
260 250 
0 0 
0 0 
0 0 
0 0 
0 0 
252 246 
0 0 
0 0 
0 0 
0 0 
0 0 
240 254 
0 0 
0 0 
0 0 
0 0 
0 0 
248 236 
0 0 
0 0 
0 0 
0 0 
0 0 
254 240 
0 0 
0 0 
0 0 
0 0 
0 0 
248 238 
0 0 
0 0 
0 0 
0 0 
0 0 
252 250 
0 0 
0 0 
0 0 
0 0 
0 0 
612 248 
0 0 
0 0 
0 0 
0 0 
0 0 
0 0 
0 0 
0 0 
234 238 
0 0 
0 0 
0 0 
0 0 
0 0 
250 254 
0 0 
0 0 
0 0 
0 0 
0 0 
0 0 
232 250 
0 0 
0 0 
0 0 
0 0 
0 0 
254 250 
0 0 
0 0 
0 0 
0 0 
0 0 
250 248 
0 0 
0 0 
0 0 
0 0 
0 0 
236 246 
0 0 
0 0 
0 0 
0 0 
0 0 
240 262 
0 0 
0 0 
0 0 
0 0 
0 0 
0 0 
250 234 
0 0 
0 0 
0 0 
0 0 
0 0 
240 252 
0 0 
0 0 
0 0 
0 0 
0 0 
252 242 
0 0 
0 0 
0 0 
0 0 
0 0 
250 246 
0 0 
0 0 
0 0 
0 0 
0 0 
0 0 
246 256 
0 0 
0 0 
0 0 
0 0 
0 0 
0 0 
250 642 
0 0 
0 0 
0 0 
0 0 
0 0 
0 0 
0 0 
0 0 
0 0 
246 248 
0 0 
0 0 
0 0 
0 0 
0 0 
234 252 
0 0 
0 0 
0 0 
0 0 
0 0 
246 238 
0 0 
0 0 
0 0 
0 0 
0 0 
250 252 
0 0 
0 0 
0 0 
0 0 
0 0 
242 246 
0 0 
0 0 
0 0 
0 0 
0 0 
252 248 
0 0 
0 0 
0 0 
0 0 
0 0 
714 246 
0 0 
0 0 
0 0 
0 0 
0 0 
0 0 
0 0 
0 0 
0 0 
250 236 
0 0 
0 0 
0 0 
0 0 
0 0 
246 254 
0 0 
0 0 
0 0 
0 0 
0 0 
0 0 
246 248 
0 0 
0 0 
0 0 
0 0 
0 0 
250 250 
0 0 
0 0 
0 0 
0 0 
0 0 
250 246 
0 0 
0 0 
0 0 
0 0 
0 0 
252 716 
0 0 
0 0 
0 0 
0 0 
0 0 
0 0 
0 0 
0 0 
0 0 
0 0 
252 236 
0 0 
0 0 
0 0 
0 0 
0 0 
250 250 
0 0 
0 0 
0 0 
0 0 
0 0 
252 248 
0 0 
0 0 
0 0 
0 0 
0 0 
0 0 
250 250 
0 0 
0 0 
0 0 
0 0 
0 0 
254 270 
0 0 
0 0 
0 0 
0 0 
0 0 
0 0 
248 246 
0 0 
0 0 
0 0 
0 0 
0 0 
0 0 
216 248 
0 0 
0 0 
0 0 
0 0 
0 0 
248 240 
0 0 
0 0 
0 0 
0 0 
0 0 
248 250 
0 0 
0 0 
0 0 
0 0 
0 0 
254 250 
0 0 
0 0 
0 0 
0 0 
0 0 
256 252 
0 0 
0 0 
0 0 
0 0 
0 0 
246 246 
0 0 
0 0 
0 0 
0 0 
0 0 
254 250 
0 0 
0 0 
0 0 
0 0 
0 0 
0 0 
252 248 
0 0 
0 0 
0 0 
0 0 
0 0 
248 220 
0 0 
0 0 
0 0 
0 0 
0 0 
256 226 
0 0 
0 0 
0 0 
0 0 
0 0 
260 250 
0 0 
0 0 
0 0 
0 0 
0 0 
226 244 
0 0 
0 0 
0 0 
0 0 
0 0 
248 250 
0 0 
0 0 
0 0 
0 0 
0 0 
268 248 
0 0 
0 0 
0 0 
0 0 
0 0 
658 244 
0 0 
0 0 
0 0 
0 0 
0 0 
0 0 
0 0 
0 0 
250 238 
0 0 
0 0 
0 0 
0 0 
0 0 
250 244 
0 0 
0 0 
0 0 
0 0 
0 0 
244 246 
0 0 
0 0 
0 0 
0 0 
0 0 
246 252 
0 0 
0 0 
0 0 
0 0 
0 0 
0 0 
252 240 
0 0 
0 0 
0 0 
0 0 
0 0 
248 252 
0 0 
0 0 
0 0 
0 0 
0 0 
418 250 
0 0 
0 0 
0 0 
0 0 
0 0 
0 0 
0 0 
236 246 
0 0 
0 0 
0 0 
0 0 
0 0 
246 224 
0 0 
0 0 
0 0 
0 0 
0 0 
248 254 
0 0 
0 0 
0 0 
0 0 
0 0 
250 242 
0 0 
0 0 
0 0 
0 0 
0 0 
250 252 
0 0 
0 0 
0 0 
0 0 
0 0 
218 254 
0 0 
0 0 
0 0 
0 0 
0 0 
248 248 
0 0 
0 0 
0 0 
0 0 
0 0 
0 0 
240 234 
0 0 
0 0 
0 0 
0 0 
0 0 
240 246 
0 0 
0 0 
0 0 
0 0 
0 0 
212 248 
0 0 
0 0 
0 0 
0 0 
0 0 
252 246 
0 0 
0 0 
0 0 
0 0 
0 0 
252 220 
0 0 
0 0 
0 0 
0 0 
0 0 
252 246 
0 0 
0 0 
0 0 
0 0 
0 0 
262 250 
0 0 
0 0 
0 0 
0 0 
0 0 
254 242 
0 0 
0 0 
0 0 
0 0 
0 0 
250 258 
0 0 
0 0 
0 0 
0 0 
0 0 
246 222 
0 0 
0 0 
0 0 
0 0 
0 0 
242 256 
0 0 
0 0 
0 0 
0 0 
0 0 
248 242 
0 0 
0 0 
0 0 
0 0 
0 0 
254 246 
0 0 
0 0 
0 0 
0 0 
0 0 
614 248 
0 0 
0 0 
0 0 
0 0 
0 0 
0 0 
0 0 
0 0 
254 242 
0 0 
0 0 
0 0 
0 0 
0 0 
0 0 
234 250 
0 0 
0 0 
0 0 
0 0 
0 0 
246 248 
0 0 
0 0 
0 0 
0 0 
0 0 
248 250 
0 0 
0 0 
0 0 
0 0 
0 0 
252 246 
0 0 
0 0 
0 0 
0 0 
0 0 
0 0 
248 548 
0 0 
0 0 
0 0 
0 0 
0 0 
0 0 
0 0 
0 0 
242 254 
0 0 
0 0 
0 0 
0 0 
0 0 
252 248 
0 0 
0 0 
0 0 
0 0 
0 0 
242 248 
0 0 
0 0 
0 0 
0 0 
0 0 
250 256 
0 0 
0 0 
0 0 
0 0 
0 0 
248 236 
0 0 
0 0 
0 0 
0 0 
0 0 
254 250 
0 0 
0 0 
0 0 
0 0 
0 0 
252 566 
0 0 
0 0 
0 0 
0 0 
0 0 
0 0 
0 0 
0 0 
254 238 
0 0 
0 0 
0 0 
0 0 
0 0 
248 246 
0 0 
0 0 
0 0 
0 0 
0 0 
0 0 
250 248 
0 0 
0 0 
0 0 
0 0 
0 0 
250 248 
0 0 
0 0 
0 0 
0 0 
0 0 
0 0 
252 254 
0 0 
0 0 
0 0 
0 0 
0 0 
316 248 
0 0 
0 0 
0 0 
0 0 
0 0 
0 0 
248 248 
0 0 
0 0 
0 0 
0 0 
0 0 
250 240 
0 0 
0 0 
0 0 
0 0 
0 0 
244 222 
0 0 
0 0 
0 0 
0 0 
0 0 
250 254 
0 0 
0 0 
0 0 
0 0 
0 0 
252 226 
0 0 
0 0 
0 0 
0 0 
0 0 
256 246 
0 0 
0 0 
0 0 
0 0 
0 0 
220 246 
0 0 
0 0 
0 0 
0 0 
0 0 
340 342 
0 0 
0 0 
0 0 
0 0 
0 0 
0 0 
0 0 
246 238 
0 0 
0 0 
0 0 
0 0 
0 0 
254 254 
0 0 
0 0 
0 0 
0 0 
0 0 
0 0 
250 240 
0 0 
0 0 
0 0 
0 0 
0 0 
236 256 
0 0 
0 0 
0 0 
0 0 
0 0 
242 248 
0 0 
0 0 
0 0 
0 0 
0 0 
244 250 
0 0 
0 0 
0 0 
0 0 
0 0 
262 248 
0 0 
0 0 
0 0 
0 0 
0 0 
248 324 
0 0 
0 0 
0 0 
0 0 
0 0 
0 0 
250 242 
0 0 
0 0 
0 0 
0 0 
0 0 
224 250 
0 0 
0 0 
0 0 
0 0 
0 0 
250 254 
0 0 
0 0 
0 0 
0 0 
0 0 
252 252 
0 0 
0 0 
0 0 
0 0 
0 0 
0 0 
234 744 
0 0 
0 0 
0 0 
0 0 
0 0 
0 0 
0 0 
0 0 
0 0 
244 250 
0 0 
0 0 
0 0 
0 0 
0 0 
252 248 
0 0 
0 0 
0 0 
0 0 
0 0 
248 250 
0 0 
0 0 
0 0 
0 0 
0 0 
250 226 
0 0 
0 0 
0 0 
0 0 
0 0 
248 254 
0 0 
0 0 
0 0 
0 0 
0 0 
0 0 
220 252 
0 0 
0 0 
0 0 
0 0 
0 0 
472 218 
0 0 
0 0 
0 0 
0 0 
0 0 
0 0 
0 0 
250 240 
0 0 
0 0 
0 0 
0 0 
0 0 
0 0 
252 248 
0 0 
0 0 
0 0 
0 0 
0 0 
248 248 
0 0 
0 0 
0 0 
0 0 
0 0 
0 0 
254 248 
0 0 
0 0 
0 0 
0 0 
0 0 
224 248 
0 0 
0 0 
0 0 
0 0 
0 0 
270 250 
0 0 
0 0 
0 0 
0 0 
0 0 
426 250 
0 0 
0 0 
0 0 
0 0 
0 0 
0 0 
0 0 
240 242 
0 0 
0 0 
0 0 
0 0 
0 0 
250 252 
0 0 
0 0 
0 0 
0 0 
0 0 
248 252 
0 0 
0 0 
0 0 
0 0 
0 0 
250 304 
0 0 
0 0 
0 0 
0 0 
0 0 
0 0 
252 242 
0 0 
0 0 
0 0 
0 0 
0 0 
244 572 
0 0 
0 0 
0 0 
0 0 
0 0 
0 0 
0 0 
0 0 
216 250 
0 0 
0 0 
0 0 
0 0 
0 0 
240 252 
0 0 
0 0 
0 0 
0 0 
0 0 
246 248 
0 0 
0 0 
0 0 
0 0 
0 0 
0 0 
246 250 
0 0 
0 0 
0 0 
0 0 
0 0 
252 256 
0 0 
0 0 
0 0 
0 0 
0 0 
250 252 
0 0 
0 0 
0 0 
0 0 
0 0 
570 314 
0 0 
0 0 
0 0 
0 0 
0 0 
0 0 
0 0 
0 0 
0 0 
240 248 
0 0 
0 0 
0 0 
0 0 
0 0 
248 250 
0 0 
0 0 
0 0 
0 0 
0 0 
246 248 
0 0 
0 0 
0 0 
0 0 
0 0 
252 256 
0 0 
0 0 
0 0 
0 0 
0 0 
244 250 
0 0 
0 0 
0 0 
0 0 
0 0 
248 256 
0 0 
0 0 
0 0 
0 0 
0 0 
0 0 
250 250 
0 0 
0 0 
0 0 
0 0 
0 0 
0 0 
242 240 
0 0 
0 0 
0 0 
0 0 
0 0 
250 250 
0 0 
0 0 
0 0 
0 0 
0 0 
250 248 
0 0 
0 0 
0 0 
0 0 
0 0 
248 250 
0 0 
0 0 
0 0 
0 0 
0 0 
250 248 
0 0 
0 0 
0 0 
0 0 
0 0 
222 246 
0 0 
0 0 
0 0 
0 0 
0 0 
248 248 
0 0 
0 0 
0 0 
0 0 
0 0 
246 240 
0 0 
0 0 
0 0 
0 0 
0 0 
250 248 
0 0 
0 0 
0 0 
0 0 
0 0 
248 250 
0 0 
0 0 
0 0 
0 0 
0 0 
0 0 
246 232 
0 0 
0 0 
0 0 
0 0 
0 0 
250 240 
0 0 
0 0 
0 0 
0 0 
0 0 
0 0 
250 248 
0 0 
0 0 
0 0 
0 0 
0 0 
226 254 
0 0 
0 0 
0 0 
0 0 
0 0 
244 236 
0 0 
0 0 
0 0 
0 0 
0 0 
252 252 
0 0 
0 0 
0 0 
0 0 
0 0 
246 266 
0 0 
0 0 
0 0 
0 0 
0 0 
0 0 
244 254 
0 0 
0 0 
0 0 
0 0 
0 0 
248 250 
0 0 
0 0 
0 0 
0 0 
0 0 
252 250 
0 0 
0 0 
0 0 
0 0 
0 0 
290 252 
0 0 
0 0 
0 0 
0 0 
0 0 
0 0 
226 236 
0 0 
0 0 
0 0 
0 0 
0 0 
252 258 
0 0 
0 0 
0 0 
0 0 
0 0 
252 244 
0 0 
0 0 
0 0 
0 0 
0 0 
246 224 
0 0 
0 0 
0 0 
0 0 
0 0 
268 246 
0 0 
0 0 
0 0 
0 0 
0 0 
0 0 
254 236 
0 0 
0 0 
0 0 
0 0 
0 0 
0 0 
252 218 
0 0 
0 0 
0 0 
0 0 
0 0 
246 238 
0 0 
0 0 
0 0 
0 0 
0 0 
246 252 
0 0 
0 0 
0 0 
0 0 
0 0 
252 246 
0 0 
0 0 
0 0 
0 0 
0 0 
274 244 
0 0 
0 0 
0 0 
0 0 
0 0 
248 270 
0 0 
0 0 
0 0 
0 0 
0 0 
246 250 
0 0 
0 0 
0 0 
0 0 
0 0 
278 242 
0 0 
0 0 
0 0 
0 0 
0 0 
250 246 
0 0 
0 0 
0 0 
0 0 
0 0 
246 246 
0 0 
0 0 
0 0 
0 0 
0 0 
0 0 
246 270 
0 0 
0 0 
0 0 
0 0 
0 0 
254 250 
0 0 
0 0 
0 0 
0 0 
0 0 
222 250 
0 0 
0 0 
0 0 
0 0 
0 0 
256 248 
0 0 
0 0 
0 0 
0 0 
0 0 
354 250 
0 0 
0 0 
0 0 
0 0 
0 0 
0 0 
308 236 
0 0 
0 0 
0 0 
0 0 
0 0 
0 0 
258 250 
0 0 
0 0 
0 0 
0 0 
0 0 
250 250 
0 0 
0 0 
0 0 
0 0 
0 0 
0 0 
0 0 
0 0 
248 246 
0 0 
0 0 
0 0 
0 0 
0 0 
248 220 
0 0 
0 0 
0 0 
0 0 
0 0 
250 568 
0 0 
0 0 
0 0 
0 0 
0 0 
0 0 
0 0 
0 0 
254 256 
0 0 
0 0 
0 0 
0 0 
0 0 
232 248 
0 0 
0 0 
0 0 
0 0 
0 0 
250 246 
0 0 
0 0 
0 0 
0 0 
0 0 
236 258 
0 0 
0 0 
0 0 
0 0 
0 0 
266 250 
0 0 
0 0 
0 0 
0 0 
0 0 
0 0 
252 246 
0 0 
0 0 
0 0 
0 0 
0 0 
500 250 
0 0 
0 0 
0 0 
0 0 
0 0 
0 0 
0 0 
0 0 
248 218 
0 0 
0 0 
0 0 
0 0 
0 0 
238 252 
0 0 
0 0 
0 0 
0 0 
0 0 
224 246 
0 0 
0 0 
0 0 
0 0 
0 0 
250 250 
0 0 
0 0 
0 0 
0 0 
0 0 
242 254 
0 0 
0 0 
0 0 
0 0 
0 0 
250 254 
0 0 
0 0 
0 0 
0 0 
0 0 
314 248 
0 0 
0 0 
0 0 
0 0 
0 0 
0 0 
250 234 
0 0 
0 0 
0 0 
0 0 
0 0 
248 246 
0 0 
0 0 
0 0 
0 0 
0 0 
254 248 
0 0 
0 0 
0 0 
0 0 
0 0 
248 252 
0 0 
0 0 
0 0 
0 0 
0 0 
246 222 
0 0 
0 0 
0 0 
0 0 
0 0 
242 244 
0 0 
0 0 
0 0 
0 0 
0 0 
432 344 
0 0 
0 0 
0 0 
0 0 
0 0 
0 0 
0 0 
0 0 
246 248 
0 0 
0 0 
0 0 
0 0 
0 0 
0 0 
250 250 
0 0 
0 0 
0 0 
0 0 
0 0 
252 238 
0 0 
0 0 
0 0 
0 0 
0 0 
248 250 
0 0 
0 0 
0 0 
0 0 
0 0 
222 254 
0 0 
0 0 
0 0 
0 0 
0 0 
252 732 
0 0 
0 0 
0 0 
0 0 
0 0 
0 0 
0 0 
0 0 
0 0 
0 0 
250 230 
0 0 
0 0 
0 0 
0 0 
0 0 
236 250 
0 0 
0 0 
0 0 
0 0 
0 0 
226 250 
0 0 
0 0 
0 0 
0 0 
0 0 
248 248 
0 0 
0 0 
0 0 
0 0 
0 0 
250 246 
0 0 
0 0 
0 0 
0 0 
0 0 
0 0 
248 252 
0 0 
0 0 
0 0 
0 0 
0 0 
344 250 
0 0 
0 0 
0 0 
0 0 
0 0 
0 0 
252 236 
0 0 
0 0 
0 0 
0 0 
0 0 
252 342 
0 0 
0 0 
0 0 
0 0 
0 0 
0 0 
250 248 
0 0 
0 0 
0 0 
0 0 
0 0 
252 248 
0 0 
0 0 
0 0 
0 0 
0 0 
0 0 
244 254 
0 0 
0 0 
0 0 
0 0 
0 0 
250 252 
0 0 
0 0 
0 0 
0 0 
0 0 
226 252 
0 0 
0 0 
0 0 
0 0 
0 0 
248 234 
0 0 
0 0 
0 0 
0 0 
0 0 
250 248 
0 0 
0 0 
0 0 
0 0 
0 0 
234 254 
0 0 
0 0 
0 0 
0 0 
0 0 
250 252 
0 0 
0 0 
0 0 
0 0 
0 0 
358 242 
0 0 
0 0 
0 0 
0 0 
0 0 
0 0 
246 248 
0 0 
0 0 
0 0 
0 0 
0 0 
0 0 
320 252 
0 0 
0 0 
0 0 
0 0 
0 0 
0 0 
272 240 
0 0 
0 0 
0 0 
0 0 
0 0 
252 250 
0 0 
0 0 
0 0 
0 0 
0 0 
262 246 
0 0 
0 0 
0 0 
0 0 
0 0 
254 220 
0 0 
0 0 
0 0 
0 0 
0 0 
254 252 
0 0 
0 0 
0 0 
0 0 
0 0 
266 244 
0 0 
0 0 
0 0 
0 0 
0 0 
0 0 
252 240 
0 0 
0 0 
0 0 
0 0 
0 0 
254 242 
0 0 
0 0 
0 0 
0 0 
0 0 
226 250 
0 0 
0 0 
0 0 
0 0 
0 0 
248 250 
0 0 
0 0 
0 0 
0 0 
0 0 
250 256 
0 0 
0 0 
0 0 
0 0 
0 0 
0 0 
226 224 
0 0 
0 0 
0 0 
0 0 
0 0 
250 250 
0 0 
0 0 
0 0 
0 0 
0 0 
240 250 
0 0 
0 0 
0 0 
0 0 
0 0 
256 230 
0 0 
0 0 
0 0 
0 0 
0 0 
250 232 
0 0 
0 0 
0 0 
0 0 
0 0 
0 0 
252 248 
0 0 
0 0 
0 0 
0 0 
0 0 
258 250 
0 0 
0 0 
0 0 
0 0 
0 0 
234 248 
0 0 
0 0 
0 0 
0 0 
0 0 
248 256 
0 0 
0 0 
0 0 
0 0 
0 0 
0 0 
224 250 
0 0 
0 0 
0 0 
0 0 
0 0 
250 238 
0 0 
0 0 
0 0 
0 0 
0 0 
250 244 
0 0 
0 0 
0 0 
0 0 
0 0 
250 240 
0 0 
0 0 
0 0 
0 0 
0 0 
252 244 
0 0 
0 0 
0 0 
0 0 
0 0 
248 244 
0 0 
0 0 
0 0 
0 0 
0 0 
250 248 
0 0 
0 0 
0 0 
0 0 
0 0 
0 0 
258 252 
0 0 
0 0 
0 0 
0 0 
0 0 
218 250 
0 0 
0 0 
0 0 
0 0 
0 0 
234 234 
0 0 
0 0 
0 0 
0 0 
0 0 
250 246 
0 0 
0 0 
0 0 
0 0 
0 0 
270 250 
0 0 
0 0 
0 0 
0 0 
0 0 
0 0 
254 242 
0 0 
0 0 
0 0 
0 0 
0 0 
252 246 
0 0 
0 0 
0 0 
0 0 
0 0 
0 0 
240 248 
0 0 
0 0 
0 0 
0 0 
0 0 
250 220 
0 0 
0 0 
0 0 
0 0 
0 0 
250 248 
0 0 
0 0 
0 0 
0 0 
0 0 
252 232 
0 0 
0 0 
0 0 
0 0 
0 0 
256 242 
0 0 
0 0 
0 0 
0 0 
0 0 
222 248 
0 0 
0 0 
0 0 
0 0 
0 0 
248 250 
0 0 
0 0 
0 0 
0 0 
0 0 
584 246 
0 0 
0 0 
0 0 
0 0 
0 0 
0 0 
0 0 
0 0 
244 236 
0 0 
0 0 
0 0 
0 0 
0 0 
248 328 
0 0 
0 0 
0 0 
0 0 
0 0 
0 0 
250 250 
0 0 
0 0 
0 0 
0 0 
0 0 
244 248 
0 0 
0 0 
0 0 
0 0 
0 0 
246 254 
0 0 
0 0 
0 0 
0 0 
0 0 
250 254 
0 0 
0 0 
0 0 
0 0 
0 0 
0 0 
248 252 
0 0 
0 0 
0 0 
0 0 
0 0 
244 240 
0 0 
0 0 
0 0 
0 0 
0 0 
242 246 
0 0 
0 0 
0 0 
0 0 
0 0 
248 252 
0 0 
0 0 
0 0 
0 0 
0 0 
244 250 
0 0 
0 0 
0 0 
0 0 
0 0 
242 218 
0 0 
0 0 
0 0 
0 0 
0 0 
218 244 
0 0 
0 0 
0 0 
0 0 
0 0 
232 258 
0 0 
0 0 
0 0 
0 0 
0 0 
248 254 
0 0 
0 0 
0 0 
0 0 
0 0 
244 252 
0 0 
0 0 
0 0 
0 0 
0 0 
248 250 
0 0 
0 0 
0 0 
0 0 
0 0 
0 0 
252 250 
0 0 
0 0 
0 0 
0 0 
0 0 
0 0 
248 250 
0 0 
0 0 
0 0 
0 0 
0 0 
256 250 
0 0 
0 0 
0 0 
0 0 
0 0 
266 248 
0 0 
0 0 
0 0 
0 0 
0 0 
250 240 
0 0 
0 0 
0 0 
0 0 
0 0 
252 250 
0 0 
0 0 
0 0 
0 0 
0 0 
256 248 
0 0 
0 0 
0 0 
0 0 
0 0 
0 0 
226 248 
0 0 
0 0 
0 0 
0 0 
0 0 
248 248 
0 0 
0 0 
0 0 
0 0 
0 0 
238 252 
0 0 
0 0 
0 0 
0 0 
0 0 
314 270 
0 0 
0 0 
0 0 
0 0 
0 0 
0 0 
250 238 
0 0 
0 0 
0 0 
0 0 
0 0 
222 246 
0 0 
0 0 
0 0 
0 0 
0 0 
252 248 
0 0 
0 0 
0 0 
0 0 
0 0 
250 250 
0 0 
0 0 
0 0 
0 0 
0 0 
244 246 
0 0 
0 0 
0 0 
0 0 
0 0 
248 248 
0 0 
0 0 
0 0 
0 0 
0 0 
514 216 
0 0 
0 0 
0 0 
0 0 
0 0 
0 0 
0 0 
250 224 
0 0 
0 0 
0 0 
0 0 
0 0 
252 250 
0 0 
0 0 
0 0 
0 0 
0 0 
270 250 
0 0 
0 0 
0 0 
0 0 
0 0 
258 248 
0 0 
0 0 
0 0 
0 0 
0 0 
252 250 
0 0 
0 0 
0 0 
0 0 
0 0 
0 0 
250 248 
0 0 
0 0 
0 0 
0 0 
0 0 
274 246 
0 0 
0 0 
0 0 
0 0 
0 0 
254 250 
0 0 
0 0 
0 0 
0 0 
0 0 
246 252 
0 0 
0 0 
0 0 
0 0 
0 0 
246 254 
0 0 
0 0 
0 0 
0 0 
0 0 
246 252 
0 0 
0 0 
0 0 
0 0 
0 0 
246 256 
0 0 
0 0 
0 0 
0 0 
0 0 
250 250 
0 0 
0 0 
0 0 
0 0 
0 0 
636 236 
0 0 
0 0 
0 0 
0 0 
0 0 
0 0 
0 0 
0 0 
250 238 
0 0 
0 0 
0 0 
0 0 
0 0 
246 246 
0 0 
0 0 
0 0 
0 0 
0 0 
250 256 
0 0 
0 0 
0 0 
0 0 
0 0 
0 0 
246 248 
0 0 
0 0 
0 0 
0 0 
0 0 
222 248 
0 0 
0 0 
0 0 
0 0 
0 0 
246 532 
0 0 
0 0 
0 0 
0 0 
0 0 
0 0 
0 0 
222 248 
0 0 
0 0 
0 0 
0 0 
0 0 
0 0 
234 248 
0 0 
0 0 
0 0 
0 0 
0 0 
254 248 
0 0 
0 0 
0 0 
0 0 
0 0 
0 0 
242 250 
0 0 
0 0 
0 0 
0 0 
0 0 
0 0 
246 258 
0 0 
0 0 
0 0 
0 0 
0 0 
252 242 
0 0 
0 0 
0 0 
0 0 
0 0 
0 0 
516 236 
0 0 
0 0 
0 0 
0 0 
0 0 
0 0 
0 0 
0 0 
252 240 
0 0 
0 0 
0 0 
0 0 
0 0 
284 254 
0 0 
0 0 
0 0 
0 0 
0 0 
0 0 
248 248 
0 0 
0 0 
0 0 
0 0 
0 0 
252 250 
0 0 
0 0 
0 0 
0 0 
0 0 
0 0 
232 238 
0 0 
0 0 
0 0 
0 0 
0 0 
246 570 
0 0 
0 0 
0 0 
0 0 
0 0 
0 0 
0 0 
0 0 
248 254 
0 0 
0 0 
0 0 
0 0 
0 0 
222 248 
0 0 
0 0 
0 0 
0 0 
0 0 
234 244 
0 0 
0 0 
0 0 
0 0 
0 0 
244 238 
0 0 
0 0 
0 0 
0 0 
0 0 
250 246 
0 0 
0 0 
0 0 
0 0 
0 0 
248 246 
0 0 
0 0 
0 0 
0 0 
0 0 
252 564 
0 0 
0 0 
0 0 
0 0 
0 0 
0 0 
0 0 
0 0 
242 236 
0 0 
0 0 
0 0 
0 0 
0 0 
246 250 
0 0 
0 0 
0 0 
0 0 
0 0 
224 254 
0 0 
0 0 
0 0 
0 0 
0 0 
252 242 
0 0 
0 0 
0 0 
0 0 
0 0 
0 0 
248 250 
0 0 
0 0 
0 0 
0 0 
0 0 
0 0 
252 250 
0 0 
0 0 
0 0 
0 0 
0 0 
246 336 
0 0 
0 0 
0 0 
0 0 
0 0 
0 0 
250 240 
0 0 
0 0 
0 0 
0 0 
0 0 
246 250 
0 0 
0 0 
0 0 
0 0 
0 0 
0 0 
250 248 
0 0 
0 0 
0 0 
0 0 
0 0 
0 0 
248 244 
0 0 
0 0 
0 0 
0 0 
0 0 
376 228 
0 0 
0 0 
0 0 
0 0 
0 0 
0 0 
250 598 
0 0 
0 0 
0 0 
0 0 
0 0 
0 0 
0 0 
0 0 
256 248 
0 0 
0 0 
0 0 
0 0 
0 0 
248 246 
0 0 
0 0 
0 0 
0 0 
0 0 
252 218 
0 0 
0 0 
0 0 
0 0 
0 0 
238 250 
0 0 
0 0 
0 0 
0 0 
0 0 
300 250 
0 0 
0 0 
0 0 
0 0 
0 0 
0 0 
250 246 
0 0 
0 0 
0 0 
0 0 
0 0 
522 252 
0 0 
0 0 
0 0 
0 0 
0 0 
0 0 
0 0 
0 0 
250 238 
0 0 
0 0 
0 0 
0 0 
0 0 
250 226 
0 0 
0 0 
0 0 
0 0 
0 0 
250 248 
0 0 
0 0 
0 0 
0 0 
0 0 
228 246 
0 0 
0 0 
0 0 
0 0 
0 0 
254 250 
0 0 
0 0 
0 0 
0 0 
0 0 
0 0 
252 256 
0 0 
0 0 
0 0 
0 0 
0 0 
268 238 
0 0 
0 0 
0 0 
0 0 
0 0 
232 240 
0 0 
0 0 
0 0 
0 0 
0 0 
250 252 
0 0 
0 0 
0 0 
0 0 
0 0 
250 250 
0 0 
0 0 
0 0 
0 0 
0 0 
248 248 
0 0 
0 0 
0 0 
0 0 
0 0 
0 0 
222 248 
0 0 
0 0 
0 0 
0 0 
0 0 
252 250 
0 0 
0 0 
0 0 
0 0 
0 0 
250 254 
0 0 
0 0 
0 0 
0 0 
0 0 
246 252 
0 0 
0 0 
0 0 
0 0 
0 0 
248 252 
0 0 
0 0 
0 0 
0 0 
0 0 
0 0 
254 236 
0 0 
0 0 
0 0 
0 0 
0 0 
0 0 
252 244 
0 0 
0 0 
0 0 
0 0 
0 0 
0 0 
254 248 
0 0 
0 0 
0 0 
0 0 
0 0 
266 648 
0 0 
0 0 
0 0 
0 0 
0 0 
0 0 
0 0 
0 0 
0 0 
262 220 
0 0 
0 0 
0 0 
0 0 
0 0 
250 248 
0 0 
0 0 
0 0 
0 0 
0 0 
0 0 
252 244 
0 0 
0 0 
0 0 
0 0 
0 0 
250 246 
0 0 
0 0 
0 0 
0 0 
0 0 
244 254 
0 0 
0 0 
0 0 
0 0 
0 0 
250 254 
0 0 
0 0 
0 0 
0 0 
0 0 
458 218 
0 0 
0 0 
0 0 
0 0 
0 0 
0 0 
0 0 
250 238 
0 0 
0 0 
0 0 
0 0 
0 0 
252 248 
0 0 
0 0 
0 0 
0 0 
0 0 
246 244 
0 0 
0 0 
0 0 
0 0 
0 0 
256 252 
0 0 
0 0 
0 0 
0 0 
0 0 
228 256 
0 0 
0 0 
0 0 
0 0 
0 0 
238 248 
0 0 
0 0 
0 0 
0 0 
0 0 
354 248 
0 0 
0 0 
0 0 
0 0 
0 0 
0 0 
0 0 
254 238 
0 0 
0 0 
0 0 
0 0 
0 0 
246 252 
0 0 
0 0 
0 0 
0 0 
0 0 
0 0 
248 238 
0 0 
0 0 
0 0 
0 0 
0 0 
246 266 
0 0 
0 0 
0 0 
0 0 
0 0 
0 0 
250 246 
0 0 
0 0 
0 0 
0 0 
0 0 
248 648 
0 0 
0 0 
0 0 
0 0 
0 0 
0 0 
0 0 
0 0 
0 0 
238 242 
0 0 
0 0 
0 0 
0 0 
0 0 
252 250 
0 0 
0 0 
0 0 
0 0 
0 0 
250 250 
0 0 
0 0 
0 0 
0 0 
0 0 
252 216 
0 0 
0 0 
0 0 
0 0 
0 0 
250 252 
0 0 
0 0 
0 0 
0 0 
0 0 
0 0 
248 242 
0 0 
0 0 
0 0 
0 0 
0 0 
508 250 
0 0 
0 0 
0 0 
0 0 
0 0 
0 0 
0 0 
0 0 
252 234 
0 0 
0 0 
0 0 
0 0 
0 0 
242 244 
0 0 
0 0 
0 0 
0 0 
0 0 
236 226 
0 0 
0 0 
0 0 
0 0 
0 0 
256 246 
0 0 
0 0 
0 0 
0 0 
0 0 
0 0 
252 246 
0 0 
0 0 
0 0 
0 0 
0 0 
0 0 
252 224 
0 0 
0 0 
0 0 
0 0 
0 0 
256 252 
0 0 
0 0 
0 0 
0 0 
0 0 
266 246 
0 0 
0 0 
0 0 
0 0 
0 0 
248 250 
0 0 
0 0 
0 0 
0 0 
0 0 
252 250 
0 0 
0 0 
0 0 
0 0 
0 0 
248 226 
0 0 
0 0 
0 0 
0 0 
0 0 
252 250 
0 0 
0 0 
0 0 
0 0 
0 0 
220 242 
0 0 
0 0 
0 0 
0 0 
0 0 
278 250 
0 0 
0 0 
0 0 
0 0 
0 0 
250 250 
0 0 
0 0 
0 0 
0 0 
0 0 
0 0 
246 240 
0 0 
0 0 
0 0 
0 0 
0 0 
252 250 
0 0 
0 0 
0 0 
0 0 
0 0 
250 244 
0 0 
0 0 
0 0 
0 0 
0 0 
0 0 
248 232 
0 0 
0 0 
0 0 
0 0 
0 0 
248 250 
0 0 
0 0 
0 0 
0 0 
0 0 
230 248 
0 0 
0 0 
0 0 
0 0 
0 0 
246 246 
0 0 
0 0 
0 0 
0 0 
0 0 
252 256 
0 0 
0 0 
0 0 
0 0 
0 0 
248 240 
0 0 
0 0 
0 0 
0 0 
0 0 
254 254 
0 0 
0 0 
0 0 
0 0 
0 0 
0 0 
240 254 
0 0 
0 0 
0 0 
0 0 
0 0 
254 296 
0 0 
0 0 
0 0 
0 0 
0 0 
0 0 
248 242 
0 0 
0 0 
0 0 
0 0 
0 0 
260 236 
0 0 
0 0 
0 0 
0 0 
0 0 
250 240 
0 0 
0 0 
0 0 
0 0 
0 0 
248 254 
0 0 
0 0 
0 0 
0 0 
0 0 
246 242 
0 0 
0 0 
0 0 
0 0 
0 0 
246 254 
0 0 
0 0 
0 0 
0 0 
0 0 
236 250 
0 0 
0 0 
0 0 
0 0 
0 0 
506 248 
0 0 
0 0 
0 0 
0 0 
0 0 
0 0 
0 0 
250 234 
0 0 
0 0 
0 0 
0 0 
0 0 
240 248 
0 0 
0 0 
0 0 
0 0 
0 0 
250 252 
0 0 
0 0 
0 0 
0 0 
0 0 
248 256 
0 0 
0 0 
0 0 
0 0 
0 0 
252 254 
0 0 
0 0 
0 0 
0 0 
0 0 
248 258 
0 0 
0 0 
0 0 
0 0 
0 0 
428 244 
0 0 
0 0 
0 0 
0 0 
0 0 
0 0 
0 0 
250 246 
0 0 
0 0 
0 0 
0 0 
0 0 
246 250 
0 0 
0 0 
0 0 
0 0 
0 0 
238 250 
0 0 
0 0 
0 0 
0 0 
0 0 
248 250 
0 0 
0 0 
0 0 
0 0 
0 0 
250 252 
0 0 
0 0 
0 0 
0 0 
0 0 
252 262 
0 0 
0 0 
0 0 
0 0 
0 0 
314 252 
0 0 
0 0 
0 0 
0 0 
0 0 
0 0 
250 238 
0 0 
0 0 
0 0 
0 0 
0 0 
248 250 
0 0 
0 0 
0 0 
0 0 
0 0 
0 0 
250 250 
0 0 
0 0 
0 0 
0 0 
0 0 
250 248 
0 0 
0 0 
0 0 
0 0 
0 0 
246 248 
0 0 
0 0 
0 0 
0 0 
0 0 
246 246 
0 0 
0 0 
0 0 
0 0 
0 0 
318 246 
0 0 
0 0 
0 0 
0 0 
0 0 
0 0 
252 240 
0 0 
0 0 
0 0 
0 0 
0 0 
232 250 
0 0 
0 0 
0 0 
0 0 
0 0 
250 254 
0 0 
0 0 
0 0 
0 0 
0 0 
250 248 
0 0 
0 0 
0 0 
0 0 
0 0 
256 238 
0 0 
0 0 
0 0 
0 0 
0 0 
0 0 
250 252 
0 0 
0 0 
0 0 
0 0 
0 0 
230 256 
0 0 
0 0 
0 0 
0 0 
0 0 
250 242 
0 0 
0 0 
0 0 
0 0 
0 0 
0 0 
254 250 
0 0 
0 0 
0 0 
0 0 
0 0 
240 252 
0 0 
0 0 
0 0 
0 0 
0 0 
252 244 
0 0 
0 0 
0 0 
0 0 
0 0 
0 0 
250 252 
0 0 
0 0 
0 0 
0 0 
0 0 
0 0 
238 252 
0 0 
0 0 
0 0 
0 0 
0 0 
260 250 
0 0 
0 0 
0 0 
0 0 
0 0 
248 238 
0 0 
0 0 
0 0 
0 0 
0 0 
248 236 
0 0 
0 0 
0 0 
0 0 
0 0 
246 250 
0 0 
0 0 
0 0 
0 0 
0 0 
240 250 
0 0 
0 0 
0 0 
0 0 
0 0 
248 252 
0 0 
0 0 
0 0 
0 0 
0 0 
0 0 
246 244 
0 0 
0 0 
0 0 
0 0 
0 0 
230 244 
0 0 
0 0 
0 0 
0 0 
0 0 
250 236 
0 0 
0 0 
0 0 
0 0 
0 0 
238 248 
0 0 
0 0 
0 0 
0 0 
0 0 
250 248 
0 0 
0 0 
0 0 
0 0 
0 0 
0 0 
250 250 
0 0 
0 0 
0 0 
0 0 
0 0 
0 0 
234 248 
0 0 
0 0 
0 0 
0 0 
0 0 
248 248 
0 0 
0 0 
0 0 
0 0 
0 0 
250 250 
0 0 
0 0 
0 0 
0 0 
0 0 
0 0 
248 240 
0 0 
0 0 
0 0 
0 0 
0 0 
246 246 
0 0 
0 0 
0 0 
0 0 
0 0 
0 0 
248 248 
0 0 
0 0 
0 0 
0 0 
0 0 
256 254 
0 0 
0 0 
0 0 
0 0 
0 0 
250 246 
0 0 
0 0 
0 0 
0 0 
0 0 
238 248 
0 0 
0 0 
0 0 
0 0 
0 0 
262 252 
0 0 
0 0 
0 0 
0 0 
0 0 
250 236 
0 0 
0 0 
0 0 
0 0 
0 0 
248 252 
0 0 
0 0 
0 0 
0 0 
0 0 
0 0 
250 246 
0 0 
0 0 
0 0 
0 0 
0 0 
250 248 
0 0 
0 0 
0 0 
0 0 
0 0 
256 266 
0 0 
0 0 
0 0 
0 0 
0 0 
250 252 
0 0 
0 0 
0 0 
0 0 
0 0 
276 236 
0 0 
0 0 
0 0 
0 0 
0 0 
236 250 
0 0 
0 0 
0 0 
0 0 
0 0 
236 250 
0 0 
0 0 
0 0 
0 0 
0 0 
248 242 
0 0 
0 0 
0 0 
0 0 
0 0 
252 248 
0 0 
0 0 
0 0 
0 0 
0 0 
252 246 
0 0 
0 0 
0 0 
0 0 
0 0 
248 270 
0 0 
0 0 
0 0 
0 0 
0 0 
0 0 
348 254 
0 0 
0 0 
0 0 
0 0 
0 0 
0 0 
252 240 
0 0 
0 0 
0 0 
0 0 
0 0 
286 250 
0 0 
0 0 
0 0 
0 0 
0 0 
0 0 
254 248 
0 0 
0 0 
0 0 
0 0 
0 0 
248 246 
0 0 
0 0 
0 0 
0 0 
0 0 
254 252 
0 0 
0 0 
0 0 
0 0 
0 0 
0 0 
234 248 
0 0 
0 0 
0 0 
0 0 
0 0 
256 250 
0 0 
0 0 
0 0 
0 0 
0 0 
252 234 
0 0 
0 0 
0 0 
0 0 
0 0 
250 244 
0 0 
0 0 
0 0 
0 0 
0 0 
250 254 
0 0 
0 0 
0 0 
0 0 
0 0 
238 244 
0 0 
0 0 
0 0 
0 0 
0 0 
258 246 
0 0 
0 0 
0 0 
0 0 
0 0 
248 246 
0 0 
0 0 
0 0 
0 0 
0 0 
498 248 
0 0 
0 0 
0 0 
0 0 
0 0 
0 0 
0 0 
242 236 
0 0 
0 0 
0 0 
0 0 
0 0 
252 254 
0 0 
0 0 
0 0 
0 0 
0 0 
220 238 
0 0 
0 0 
0 0 
0 0 
0 0 
248 238 
0 0 
0 0 
0 0 
0 0 
0 0 
252 248 
0 0 
0 0 
0 0 
0 0 
0 0 
248 260 
0 0 
0 0 
0 0 
0 0 
0 0 
0 0 
246 252 
0 0 
0 0 
0 0 
0 0 
0 0 
0 0 
238 236 
0 0 
0 0 
0 0 
0 0 
0 0 
240 250 
0 0 
0 0 
0 0 
0 0 
0 0 
248 256 
0 0 
0 0 
0 0 
0 0 
0 0 
0 0 
248 254 
0 0 
0 0 
0 0 
0 0 
0 0 
248 244 
0 0 
0 0 
0 0 
0 0 
0 0 
252 248 
0 0 
0 0 
0 0 
0 0 
0 0 
238 242 
0 0 
0 0 
0 0 
0 0 
0 0 
248 242 
0 0 
0 0 
0 0 
0 0 
0 0 
260 254 
0 0 
0 0 
0 0 
0 0 
0 0 
250 248 
0 0 
0 0 
0 0 
0 0 
0 0 
246 248 
0 0 
0 0 
0 0 
0 0 
0 0 
236 250 
0 0 
0 0 
0 0 
0 0 
0 0 
252 234 
0 0 
0 0 
0 0 
0 0 
0 0 
524 248 
0 0 
0 0 
0 0 
0 0 
0 0 
0 0 
0 0 
0 0 
246 242 
0 0 
0 0 
0 0 
0 0 
0 0 
250 272 
0 0 
0 0 
0 0 
0 0 
0 0 
244 248 
0 0 
0 0 
0 0 
0 0 
0 0 
244 244 
0 0 
0 0 
0 0 
0 0 
0 0 
250 250 
0 0 
0 0 
0 0 
0 0 
0 0 
254 242 
0 0 
0 0 
0 0 
0 0 
0 0 
300 246 
0 0 
0 0 
0 0 
0 0 
0 0 
0 0 
252 236 
0 0 
0 0 
0 0 
0 0 
0 0 
250 248 
0 0 
0 0 
0 0 
0 0 
0 0 
252 252 
0 0 
0 0 
0 0 
0 0 
0 0 
248 236 
0 0 
0 0 
0 0 
0 0 
0 0 
246 248 
0 0 
0 0 
0 0 
0 0 
0 0 
238 248 
0 0 
0 0 
0 0 
0 0 
0 0 
432 240 
0 0 
0 0 
0 0 
0 0 
0 0 
0 0 
0 0 
250 236 
0 0 
0 0 
0 0 
0 0 
0 0 
238 244 
0 0 
0 0 
0 0 
0 0 
0 0 
254 244 
0 0 
0 0 
0 0 
0 0 
0 0 
0 0 
246 246 
0 0 
0 0 
0 0 
0 0 
0 0 
242 252 
0 0 
0 0 
0 0 
0 0 
0 0 
252 242 
0 0 
0 0 
0 0 
0 0 
0 0 
262 248 
0 0 
0 0 
0 0 
0 0 
0 0 
246 238 
0 0 
0 0 
0 0 
0 0 
0 0 
248 252 
0 0 
0 0 
0 0 
0 0 
0 0 
0 0 
236 252 
0 0 
0 0 
0 0 
0 0 
0 0 
250 258 
0 0 
0 0 
0 0 
0 0 
0 0 
0 0 
250 246 
0 0 
0 0 
0 0 
0 0 
0 0 
0 0 
238 722 
0 0 
0 0 
0 0 
0 0 
0 0 
0 0 
0 0 
0 0 
0 0 
238 250 
0 0 
0 0 
0 0 
0 0 
0 0 
274 246 
0 0 
0 0 
0 0 
0 0 
0 0 
0 0 
252 248 
0 0 
0 0 
0 0 
0 0 
0 0 
248 244 
0 0 
0 0 
0 0 
0 0 
0 0 
254 250 
0 0 
0 0 
0 0 
0 0 
0 0 
248 246 
0 0 
0 0 
0 0 
0 0 
0 0 
510 240 
0 0 
0 0 
0 0 
0 0 
0 0 
0 0 
0 0 
252 242 
0 0 
0 0 
0 0 
0 0 
0 0 
252 252 
0 0 
0 0 
0 0 
0 0 
0 0 
0 0 
250 236 
0 0 
0 0 
0 0 
0 0 
0 0 
256 254 
0 0 
0 0 
0 0 
0 0 
0 0 
248 254 
0 0 
0 0 
0 0 
0 0 
0 0 
250 248 
0 0 
0 0 
0 0 
0 0 
0 0 
234 240 
0 0 
0 0 
0 0 
0 0 
0 0 
248 240 
0 0 
0 0 
0 0 
0 0 
0 0 
252 252 
0 0 
0 0 
0 0 
0 0 
0 0 
250 250 
0 0 
0 0 
0 0 
0 0 
0 0 
248 250 
0 0 
0 0 
0 0 
0 0 
0 0 
256 242 
0 0 
0 0 
0 0 
0 0 
0 0 
0 0 
240 238 
0 0 
0 0 
0 0 
0 0 
0 0 
424 248 
0 0 
0 0 
0 0 
0 0 
0 0 
0 0 
0 0 
246 240 
0 0 
0 0 
0 0 
0 0 
0 0 
250 250 
0 0 
0 0 
0 0 
0 0 
0 0 
238 246 
0 0 
0 0 
0 0 
0 0 
0 0 
246 256 
0 0 
0 0 
0 0 
0 0 
0 0 
252 254 
0 0 
0 0 
0 0 
0 0 
0 0 
238 250 
0 0 
0 0 
0 0 
0 0 
0 0 
412 238 
0 0 
0 0 
0 0 
0 0 
0 0 
0 0 
240 234 
0 0 
0 0 
0 0 
0 0 
0 0 
238 252 
0 0 
0 0 
0 0 
0 0 
0 0 
254 240 
0 0 
0 0 
0 0 
0 0 
0 0 
250 250 
0 0 
0 0 
0 0 
0 0 
0 0 
242 250 
0 0 
0 0 
0 0 
0 0 
0 0 
252 242 
0 0 
0 0 
0 0 
0 0 
0 0 
512 252 
0 0 
0 0 
0 0 
0 0 
0 0 
0 0 
0 0 
236 234 
0 0 
0 0 
0 0 
0 0 
0 0 
0 0 
250 244 
0 0 
0 0 
0 0 
0 0 
0 0 
254 244 
0 0 
0 0 
0 0 
0 0 
0 0 
252 238 
0 0 
0 0 
0 0 
0 0 
0 0 
0 0 
248 250 
0 0 
0 0 
0 0 
0 0 
0 0 
252 246 
0 0 
0 0 
0 0 
0 0 
0 0 
236 236 
0 0 
0 0 
0 0 
0 0 
0 0 
246 240 
0 0 
0 0 
0 0 
0 0 
0 0 
254 248 
0 0 
0 0 
0 0 
0 0 
0 0 
252 248 
0 0 
0 0 
0 0 
0 0 
0 0 
248 246 
0 0 
0 0 
0 0 
0 0 
0 0 
250 248 
0 0 
0 0 
0 0 
0 0 
0 0 
246 252 
0 0 
0 0 
0 0 
0 0 
0 0 
420 256 
0 0 
0 0 
0 0 
0 0 
0 0 
0 0 
246 232 
0 0 
0 0 
0 0 
0 0 
0 0 
0 0 
252 250 
0 0 
0 0 
0 0 
0 0 
0 0 
0 0 
240 248 
0 0 
0 0 
0 0 
0 0 
0 0 
248 250 
0 0 
0 0 
0 0 
0 0 
0 0 
254 258 
0 0 
0 0 
0 0 
0 0 
0 0 
0 0 
250 680 
0 0 
0 0 
0 0 
0 0 
0 0 
0 0 
0 0 
0 0 
0 0 
256 242 
0 0 
0 0 
0 0 
0 0 
0 0 
248 244 
0 0 
0 0 
0 0 
0 0 
0 0 
0 0 
250 250 
0 0 
0 0 
0 0 
0 0 
0 0 
250 240 
0 0 
0 0 
0 0 
0 0 
0 0 
250 252 
0 0 
0 0 
0 0 
0 0 
0 0 
246 248 
0 0 
0 0 
0 0 
0 0 
0 0 
458 350 
0 0 
0 0 
0 0 
0 0 
0 0 
0 0 
0 0 
0 0 
248 240 
0 0 
0 0 
0 0 
0 0 
0 0 
254 250 
0 0 
0 0 
0 0 
0 0 
0 0 
250 256 
0 0 
0 0 
0 0 
0 0 
0 0 
250 258 
0 0 
0 0 
0 0 
0 0 
0 0 
0 0 
240 248 
0 0 
0 0 
0 0 
0 0 
0 0 
252 254 
0 0 
0 0 
0 0 
0 0 
0 0 
258 246 
0 0 
0 0 
0 0 
0 0 
0 0 
254 236 
0 0 
0 0 
0 0 
0 0 
0 0 
250 248 
0 0 
0 0 
0 0 
0 0 
0 0 
254 250 
0 0 
0 0 
0 0 
0 0 
0 0 
0 0 
250 246 
0 0 
0 0 
0 0 
0 0 
0 0 
250 258 
0 0 
0 0 
0 0 
0 0 
0 0 
250 244 
0 0 
0 0 
0 0 
0 0 
0 0 
274 246 
0 0 
0 0 
0 0 
0 0 
0 0 
238 242 
0 0 
0 0 
0 0 
0 0 
0 0 
228 250 
0 0 
0 0 
0 0 
0 0 
0 0 
248 252 
0 0 
0 0 
0 0 
0 0 
0 0 
254 238 
0 0 
0 0 
0 0 
0 0 
0 0 
222 250 
0 0 
0 0 
0 0 
0 0 
0 0 
244 250 
0 0 
0 0 
0 0 
0 0 
0 0 
566 222 
0 0 
0 0 
0 0 
0 0 
0 0 
0 0 
0 0 
0 0 
252 240 
0 0 
0 0 
0 0 
0 0 
0 0 
248 248 
0 0 
0 0 
0 0 
0 0 
0 0 
0 0 
250 240 
0 0 
0 0 
0 0 
0 0 
0 0 
250 244 
0 0 
0 0 
0 0 
0 0 
0 0 
256 260 
0 0 
0 0 
0 0 
0 0 
0 0 
0 0 
250 688 
0 0 
0 0 
0 0 
0 0 
0 0 
0 0 
0 0 
0 0 
0 0 
226 228 
0 0 
0 0 
0 0 
0 0 
0 0 
254 246 
0 0 
0 0 
0 0 
0 0 
0 0 
252 234 
0 0 
0 0 
0 0 
0 0 
0 0 
250 250 
0 0 
0 0 
0 0 
0 0 
0 0 
0 0 
252 232 
0 0 
0 0 
0 0 
0 0 
0 0 
246 240 
0 0 
0 0 
0 0 
0 0 
0 0 
562 252 
0 0 
0 0 
0 0 
0 0 
0 0 
0 0 
0 0 
0 0 
250 234 
0 0 
0 0 
0 0 
0 0 
0 0 
246 248 
0 0 
0 0 
0 0 
0 0 
0 0 
246 248 
0 0 
0 0 
0 0 
0 0 
0 0 
236 250 
0 0 
0 0 
0 0 
0 0 
0 0 
246 246 
0 0 
0 0 
0 0 
0 0 
0 0 
0 0 
246 250 
0 0 
0 0 
0 0 
0 0 
0 0 
260 252 
0 0 
0 0 
0 0 
0 0 
0 0 
252 238 
0 0 
0 0 
0 0 
0 0 
0 0 
248 246 
0 0 
0 0 
0 0 
0 0 
0 0 
246 236 
0 0 
0 0 
0 0 
0 0 
0 0 
246 244 
0 0 
0 0 
0 0 
0 0 
0 0 
0 0 
246 246 
0 0 
0 0 
0 0 
0 0 
0 0 
254 248 
0 0 
0 0 
0 0 
0 0 
0 0 
272 246 
0 0 
0 0 
0 0 
0 0 
0 0 
254 236 
0 0 
0 0 
0 0 
0 0 
0 0 
0 0 
250 256 
0 0 
0 0 
0 0 
0 0 
0 0 
256 250 
0 0 
0 0 
0 0 
0 0 
0 0 
0 0 
250 240 
0 0 
0 0 
0 0 
0 0 
0 0 
246 258 
0 0 
0 0 
0 0 
0 0 
0 0 
234 250 
0 0 
0 0 
0 0 
0 0 
0 0 
254 250 
0 0 
0 0 
0 0 
0 0 
0 0 
0 0 
216 222 
0 0 
0 0 
0 0 
0 0 
0 0 
234 250 
0 0 
0 0 
0 0 
0 0 
0 0 
0 0 
248 250 
0 0 
0 0 
0 0 
0 0 
0 0 
0 0 
248 250 
0 0 
0 0 
0 0 
0 0 
0 0 
240 250 
0 0 
0 0 
0 0 
0 0 
0 0 
234 652 
0 0 
0 0 
0 0 
0 0 
0 0 
0 0 
0 0 
0 0 
256 248 
0 0 
0 0 
0 0 
0 0 
0 0 
0 0 
250 252 
0 0 
0 0 
0 0 
0 0 
0 0 
250 250 
0 0 
0 0 
0 0 
0 0 
0 0 
248 248 
0 0 
0 0 
0 0 
0 0 
0 0 
0 0 
232 252 
0 0 
0 0 
0 0 
0 0 
0 0 
246 250 
0 0 
0 0 
0 0 
0 0 
0 0 
356 244 
0 0 
0 0 
0 0 
0 0 
0 0 
0 0 
248 248 
0 0 
0 0 
0 0 
0 0 
0 0 
246 246 
0 0 
0 0 
0 0 
0 0 
0 0 
0 0 
256 252 
0 0 
0 0 
0 0 
0 0 
0 0 
250 240 
0 0 
0 0 
0 0 
0 0 
0 0 
252 252 
0 0 
0 0 
0 0 
0 0 
0 0 
0 0 
252 254 
0 0 
0 0 
0 0 
0 0 
0 0 
256 238 
0 0 
0 0 
0 0 
0 0 
0 0 
248 240 
0 0 
0 0 
0 0 
0 0 
0 0 
0 0 
238 252 
0 0 
0 0 
0 0 
0 0 
0 0 
0 0 
252 248 
0 0 
0 0 
0 0 
0 0 
0 0 
248 252 
0 0 
0 0 
0 0 
0 0 
0 0 
250 250 
0 0 
0 0 
0 0 
0 0 
0 0 
0 0 
252 726 
0 0 
0 0 
0 0 
0 0 
0 0 
0 0 
0 0 
0 0 
0 0 
250 246 
0 0 
0 0 
0 0 
0 0 
0 0 
244 250 
0 0 
0 0 
0 0 
0 0 
0 0 
252 234 
0 0 
0 0 
0 0 
0 0 
0 0 
246 228 
0 0 
0 0 
0 0 
0 0 
0 0 
244 246 
0 0 
0 0 
0 0 
0 0 
0 0 
250 246 
0 0 
0 0 
0 0 
0 0 
0 0 
696 248 
0 0 
0 0 
0 0 
0 0 
0 0 
0 0 
0 0 
0 0 
0 0 
250 242 
0 0 
0 0 
0 0 
0 0 
0 0 
250 242 
0 0 
0 0 
0 0 
0 0 
0 0 
0 0 
250 254 
0 0 
0 0 
0 0 
0 0 
0 0 
238 250 
0 0 
0 0 
0 0 
0 0 
0 0 
248 254 
0 0 
0 0 
0 0 
0 0 
0 0 
248 226 
0 0 
0 0 
0 0 
0 0 
0 0 
250 236 
0 0 
0 0 
0 0 
0 0 
0 0 
250 240 
0 0 
0 0 
0 0 
0 0 
0 0 
236 254 
0 0 
0 0 
0 0 
0 0 
0 0 
246 288 
0 0 
0 0 
0 0 
0 0 
0 0 
0 0 
246 244 
0 0 
0 0 
0 0 
0 0 
0 0 
326 250 
0 0 
0 0 
0 0 
0 0 
0 0 
0 0 
250 706 
0 0 
0 0 
0 0 
0 0 
0 0 
0 0 
0 0 
0 0 
0 0 
250 250 
0 0 
0 0 
0 0 
0 0 
0 0 
234 246 
0 0 
0 0 
0 0 
0 0 
0 0 
248 240 
0 0 
0 0 
0 0 
0 0 
0 0 
0 0 
240 246 
0 0 
0 0 
0 0 
0 0 
0 0 
250 252 
0 0 
0 0 
0 0 
0 0 
0 0 
248 242 
0 0 
0 0 
0 0 
0 0 
0 0 
0 0 
250 246 
0 0 
0 0 
0 0 
0 0 
0 0 
0 0 
242 240 
0 0 
0 0 
0 0 
0 0 
0 0 
248 250 
0 0 
0 0 
0 0 
0 0 
0 0 
246 250 
0 0 
0 0 
0 0 
0 0 
0 0 
238 246 
0 0 
0 0 
0 0 
0 0 
0 0 
246 242 
0 0 
0 0 
0 0 
0 0 
0 0 
248 250 
0 0 
0 0 
0 0 
0 0 
0 0 
0 0 
422 248 
0 0 
0 0 
0 0 
0 0 
0 0 
0 0 
0 0 
246 246 
0 0 
0 0 
0 0 
0 0 
0 0 
250 250 
0 0 
0 0 
0 0 
0 0 
0 0 
248 238 
0 0 
0 0 
0 0 
0 0 
0 0 
250 240 
0 0 
0 0 
0 0 
0 0 
0 0 
242 250 
0 0 
0 0 
0 0 
0 0 
0 0 
0 0 
254 250 
0 0 
0 0 
0 0 
0 0 
0 0 
262 252 
0 0 
0 0 
0 0 
0 0 
0 0 
246 236 
0 0 
0 0 
0 0 
0 0 
0 0 
250 246 
0 0 
0 0 
0 0 
