# FR-trace starting at Fri Apr 29 14:47:51 2022
################# CONFIG #################
# slot=200
# samples=100000
# threshold=100
# idle=10000
# minlen=30000
# runs=60000
# pdathreads=6
# nmonitored=2
#   monitor0=/usr/local/lib/libcrypto.so 828458 0xca42a
#   monitor1=/usr/local/lib/libcrypto.so 1375253 0x14fc15
# nevicted=0
# npdatargets=2
#   target0=/usr/local/lib/libcrypto.so 1375152 0x14fbb0
#   target1=/usr/local/lib/libcrypto.so 753917 0xb80fd
# affinity=all
############## SYSTEM INFO ###############
# mastik_version=
# sysname=Linux
# nodename=cyberdada
# release=5.13.0-39-generic
# version=#44~20.04.1-Ubuntu SMP Thu Mar 24 16:43:35 UTC 2022
# machine=x86_64
################## DATA ##################
# run=2
# datapoints=16041
248 72 
746 246 
0 0 
0 0 
0 0 
0 0 
0 0 
0 0 
0 0 
0 0 
0 0 
0 0 
0 0 
0 0 
0 0 
0 0 
0 0 
0 0 
0 0 
0 0 
248 242 
0 0 
0 0 
0 0 
0 0 
0 0 
0 0 
250 248 
0 0 
0 0 
0 0 
0 0 
0 0 
0 0 
228 66 
0 0 
0 0 
0 0 
0 0 
246 246 
0 0 
0 0 
0 0 
0 0 
0 0 
256 246 
0 0 
0 0 
0 0 
0 0 
0 0 
376 66 
0 0 
0 0 
0 0 
0 0 
0 0 
0 0 
234 64 
0 0 
0 0 
0 0 
0 0 
0 0 
250 254 
0 0 
0 0 
0 0 
0 0 
0 0 
248 248 
0 0 
0 0 
0 0 
0 0 
0 0 
0 0 
250 252 
0 0 
0 0 
0 0 
0 0 
0 0 
218 70 
0 0 
0 0 
0 0 
0 0 
242 70 
0 0 
0 0 
0 0 
0 0 
228 612 
0 0 
0 0 
0 0 
0 0 
0 0 
0 0 
0 0 
0 0 
220 68 
0 0 
0 0 
0 0 
0 0 
0 0 
262 76 
0 0 
0 0 
0 0 
0 0 
0 0 
226 242 
0 0 
0 0 
0 0 
0 0 
0 0 
272 70 
0 0 
0 0 
0 0 
0 0 
0 0 
222 70 
0 0 
0 0 
0 0 
0 0 
0 0 
224 74 
0 0 
0 0 
0 0 
0 0 
754 70 
0 0 
0 0 
0 0 
0 0 
0 0 
0 0 
0 0 
0 0 
248 238 
0 0 
0 0 
0 0 
0 0 
0 0 
246 220 
0 0 
0 0 
0 0 
0 0 
0 0 
250 248 
0 0 
0 0 
0 0 
0 0 
0 0 
224 254 
0 0 
0 0 
0 0 
0 0 
0 0 
0 0 
250 256 
0 0 
0 0 
0 0 
0 0 
0 0 
0 0 
256 210 
0 0 
0 0 
0 0 
0 0 
0 0 
0 0 
334 70 
0 0 
0 0 
0 0 
0 0 
0 0 
224 70 
0 0 
0 0 
0 0 
0 0 
222 60 
0 0 
0 0 
0 0 
0 0 
248 224 
0 0 
0 0 
0 0 
0 0 
0 0 
248 252 
0 0 
0 0 
0 0 
0 0 
0 0 
222 248 
0 0 
0 0 
0 0 
0 0 
0 0 
0 0 
224 248 
0 0 
0 0 
0 0 
0 0 
0 0 
0 0 
0 0 
250 250 
0 0 
0 0 
0 0 
0 0 
0 0 
0 0 
0 0 
0 0 
234 70 
0 0 
0 0 
0 0 
0 0 
222 218 
0 0 
0 0 
0 0 
0 0 
0 0 
0 0 
224 72 
0 0 
0 0 
0 0 
0 0 
0 0 
0 0 
246 68 
0 0 
0 0 
0 0 
0 0 
248 268 
0 0 
0 0 
0 0 
0 0 
0 0 
220 64 
0 0 
0 0 
0 0 
0 0 
0 0 
0 0 
226 68 
0 0 
0 0 
0 0 
0 0 
222 254 
0 0 
0 0 
0 0 
0 0 
0 0 
0 0 
222 68 
0 0 
0 0 
0 0 
0 0 
0 0 
242 64 
0 0 
0 0 
0 0 
0 0 
0 0 
266 216 
0 0 
0 0 
0 0 
0 0 
0 0 
0 0 
216 252 
0 0 
0 0 
0 0 
0 0 
0 0 
222 588 
0 0 
0 0 
0 0 
0 0 
0 0 
0 0 
0 0 
0 0 
254 244 
0 0 
0 0 
0 0 
0 0 
0 0 
0 0 
248 254 
0 0 
0 0 
0 0 
0 0 
0 0 
252 246 
0 0 
0 0 
0 0 
0 0 
0 0 
0 0 
208 248 
0 0 
0 0 
0 0 
0 0 
0 0 
252 244 
0 0 
0 0 
0 0 
0 0 
0 0 
0 0 
250 216 
0 0 
0 0 
0 0 
0 0 
0 0 
250 250 
0 0 
0 0 
0 0 
0 0 
0 0 
0 0 
250 240 
0 0 
0 0 
0 0 
0 0 
0 0 
0 0 
248 250 
0 0 
0 0 
0 0 
0 0 
0 0 
250 230 
0 0 
0 0 
0 0 
0 0 
0 0 
218 252 
0 0 
0 0 
0 0 
0 0 
0 0 
250 248 
0 0 
0 0 
0 0 
0 0 
0 0 
0 0 
220 586 
0 0 
0 0 
0 0 
0 0 
0 0 
0 0 
0 0 
0 0 
254 246 
0 0 
0 0 
0 0 
0 0 
0 0 
0 0 
238 250 
0 0 
0 0 
0 0 
0 0 
0 0 
252 248 
0 0 
0 0 
0 0 
0 0 
0 0 
0 0 
248 252 
0 0 
0 0 
0 0 
0 0 
0 0 
258 250 
0 0 
0 0 
0 0 
0 0 
0 0 
248 264 
0 0 
0 0 
0 0 
0 0 
0 0 
0 0 
404 246 
0 0 
0 0 
0 0 
0 0 
0 0 
0 0 
0 0 
0 0 
250 250 
0 0 
0 0 
0 0 
0 0 
0 0 
0 0 
250 240 
0 0 
0 0 
0 0 
0 0 
0 0 
0 0 
218 236 
0 0 
0 0 
0 0 
0 0 
0 0 
220 244 
0 0 
0 0 
0 0 
0 0 
0 0 
250 244 
0 0 
0 0 
0 0 
0 0 
0 0 
744 246 
0 0 
0 0 
0 0 
0 0 
0 0 
0 0 
0 0 
0 0 
0 0 
254 240 
0 0 
0 0 
0 0 
0 0 
0 0 
0 0 
250 244 
0 0 
0 0 
0 0 
0 0 
0 0 
258 250 
0 0 
0 0 
0 0 
0 0 
0 0 
252 248 
0 0 
0 0 
0 0 
0 0 
0 0 
242 250 
0 0 
0 0 
0 0 
0 0 
0 0 
250 254 
0 0 
0 0 
0 0 
0 0 
0 0 
250 246 
0 0 
0 0 
0 0 
0 0 
0 0 
0 0 
220 238 
0 0 
0 0 
0 0 
0 0 
0 0 
222 252 
0 0 
0 0 
0 0 
0 0 
0 0 
0 0 
252 248 
0 0 
0 0 
0 0 
0 0 
0 0 
0 0 
244 248 
0 0 
0 0 
0 0 
0 0 
0 0 
252 246 
0 0 
0 0 
0 0 
0 0 
0 0 
244 228 
0 0 
0 0 
0 0 
0 0 
0 0 
280 220 
0 0 
0 0 
0 0 
0 0 
0 0 
0 0 
238 246 
0 0 
0 0 
0 0 
0 0 
0 0 
246 254 
0 0 
0 0 
0 0 
0 0 
0 0 
246 222 
0 0 
0 0 
0 0 
0 0 
0 0 
0 0 
226 252 
0 0 
0 0 
0 0 
0 0 
0 0 
250 252 
0 0 
0 0 
0 0 
0 0 
0 0 
0 0 
252 576 
0 0 
0 0 
0 0 
0 0 
0 0 
0 0 
0 0 
0 0 
252 218 
0 0 
0 0 
0 0 
0 0 
0 0 
384 246 
0 0 
0 0 
0 0 
0 0 
0 0 
0 0 
250 246 
0 0 
0 0 
0 0 
0 0 
0 0 
0 0 
216 248 
0 0 
0 0 
0 0 
0 0 
0 0 
252 218 
0 0 
0 0 
0 0 
0 0 
0 0 
252 246 
0 0 
0 0 
0 0 
0 0 
0 0 
220 252 
0 0 
0 0 
0 0 
0 0 
0 0 
248 260 
0 0 
0 0 
0 0 
0 0 
0 0 
246 250 
0 0 
0 0 
0 0 
0 0 
0 0 
0 0 
248 242 
0 0 
0 0 
0 0 
0 0 
0 0 
0 0 
0 0 
374 256 
0 0 
0 0 
0 0 
0 0 
0 0 
0 0 
0 0 
250 218 
0 0 
0 0 
0 0 
0 0 
0 0 
246 576 
0 0 
0 0 
0 0 
0 0 
0 0 
0 0 
0 0 
0 0 
254 220 
0 0 
0 0 
0 0 
0 0 
0 0 
260 246 
0 0 
0 0 
0 0 
0 0 
0 0 
250 248 
0 0 
0 0 
0 0 
0 0 
0 0 
218 228 
0 0 
0 0 
0 0 
0 0 
0 0 
0 0 
250 248 
0 0 
0 0 
0 0 
0 0 
0 0 
0 0 
250 252 
0 0 
0 0 
0 0 
0 0 
0 0 
244 224 
0 0 
0 0 
0 0 
0 0 
0 0 
0 0 
246 218 
0 0 
0 0 
0 0 
0 0 
0 0 
226 220 
0 0 
0 0 
0 0 
0 0 
0 0 
0 0 
252 246 
0 0 
0 0 
0 0 
0 0 
0 0 
228 250 
0 0 
0 0 
0 0 
0 0 
0 0 
254 252 
0 0 
0 0 
0 0 
0 0 
0 0 
0 0 
246 620 
0 0 
0 0 
0 0 
0 0 
0 0 
0 0 
0 0 
0 0 
250 250 
0 0 
0 0 
0 0 
0 0 
0 0 
0 0 
250 254 
0 0 
0 0 
0 0 
0 0 
0 0 
250 288 
0 0 
0 0 
0 0 
0 0 
0 0 
0 0 
250 224 
0 0 
0 0 
0 0 
0 0 
0 0 
226 256 
0 0 
0 0 
0 0 
0 0 
0 0 
328 240 
0 0 
0 0 
0 0 
0 0 
0 0 
0 0 
246 246 
0 0 
0 0 
0 0 
0 0 
0 0 
250 246 
0 0 
0 0 
0 0 
0 0 
0 0 
250 224 
0 0 
0 0 
0 0 
0 0 
0 0 
0 0 
222 252 
0 0 
0 0 
0 0 
0 0 
0 0 
0 0 
0 0 
244 248 
0 0 
0 0 
0 0 
0 0 
0 0 
244 238 
0 0 
0 0 
0 0 
0 0 
0 0 
250 666 
0 0 
0 0 
0 0 
0 0 
0 0 
0 0 
0 0 
0 0 
0 0 
246 242 
0 0 
0 0 
0 0 
0 0 
0 0 
0 0 
0 0 
238 248 
0 0 
0 0 
0 0 
0 0 
0 0 
254 248 
0 0 
0 0 
0 0 
0 0 
0 0 
252 250 
0 0 
0 0 
0 0 
0 0 
0 0 
250 248 
0 0 
0 0 
0 0 
0 0 
0 0 
248 252 
0 0 
0 0 
0 0 
0 0 
0 0 
292 250 
0 0 
0 0 
0 0 
0 0 
0 0 
246 250 
0 0 
0 0 
0 0 
0 0 
0 0 
236 250 
0 0 
0 0 
0 0 
0 0 
0 0 
0 0 
238 248 
0 0 
0 0 
0 0 
0 0 
0 0 
0 0 
250 216 
0 0 
0 0 
0 0 
0 0 
0 0 
0 0 
252 246 
0 0 
0 0 
0 0 
0 0 
0 0 
236 252 
0 0 
0 0 
0 0 
0 0 
0 0 
272 246 
0 0 
0 0 
0 0 
0 0 
0 0 
0 0 
0 0 
0 0 
240 250 
0 0 
0 0 
0 0 
0 0 
0 0 
266 222 
0 0 
0 0 
0 0 
0 0 
0 0 
248 224 
0 0 
0 0 
0 0 
0 0 
0 0 
226 248 
0 0 
0 0 
0 0 
0 0 
0 0 
0 0 
240 250 
0 0 
0 0 
0 0 
0 0 
0 0 
734 258 
0 0 
0 0 
0 0 
0 0 
0 0 
0 0 
0 0 
0 0 
0 0 
0 0 
250 232 
0 0 
0 0 
0 0 
0 0 
0 0 
218 252 
0 0 
0 0 
0 0 
0 0 
0 0 
0 0 
222 216 
0 0 
0 0 
0 0 
0 0 
0 0 
0 0 
250 250 
0 0 
0 0 
0 0 
0 0 
0 0 
246 224 
0 0 
0 0 
0 0 
0 0 
0 0 
220 580 
0 0 
0 0 
0 0 
0 0 
0 0 
0 0 
0 0 
0 0 
250 240 
0 0 
0 0 
0 0 
0 0 
0 0 
218 250 
0 0 
0 0 
0 0 
0 0 
0 0 
220 378 
0 0 
0 0 
0 0 
0 0 
0 0 
0 0 
248 256 
0 0 
0 0 
0 0 
0 0 
0 0 
254 244 
0 0 
0 0 
0 0 
0 0 
0 0 
250 244 
0 0 
0 0 
0 0 
0 0 
0 0 
398 246 
0 0 
0 0 
0 0 
0 0 
0 0 
0 0 
0 0 
224 218 
0 0 
0 0 
0 0 
0 0 
0 0 
0 0 
246 244 
0 0 
0 0 
0 0 
0 0 
0 0 
250 250 
0 0 
0 0 
0 0 
0 0 
0 0 
0 0 
332 250 
0 0 
0 0 
0 0 
0 0 
0 0 
0 0 
294 242 
0 0 
0 0 
0 0 
0 0 
0 0 
0 0 
0 0 
606 250 
0 0 
0 0 
0 0 
0 0 
0 0 
0 0 
0 0 
0 0 
0 0 
244 252 
0 0 
0 0 
0 0 
0 0 
0 0 
0 0 
254 246 
0 0 
0 0 
0 0 
0 0 
0 0 
0 0 
234 248 
0 0 
0 0 
0 0 
0 0 
0 0 
254 248 
0 0 
0 0 
0 0 
0 0 
0 0 
246 242 
0 0 
0 0 
0 0 
0 0 
0 0 
216 528 
0 0 
0 0 
0 0 
0 0 
0 0 
0 0 
0 0 
0 0 
232 240 
0 0 
0 0 
0 0 
0 0 
0 0 
0 0 
0 0 
0 0 
248 248 
0 0 
0 0 
0 0 
0 0 
0 0 
220 248 
0 0 
0 0 
0 0 
0 0 
0 0 
0 0 
252 254 
0 0 
0 0 
0 0 
0 0 
0 0 
248 244 
0 0 
0 0 
0 0 
0 0 
0 0 
0 0 
256 446 
0 0 
0 0 
0 0 
0 0 
0 0 
0 0 
0 0 
0 0 
250 250 
0 0 
0 0 
0 0 
0 0 
0 0 
0 0 
248 238 
0 0 
0 0 
0 0 
0 0 
0 0 
252 254 
0 0 
0 0 
0 0 
0 0 
0 0 
236 248 
0 0 
0 0 
0 0 
0 0 
0 0 
250 254 
0 0 
0 0 
0 0 
0 0 
0 0 
244 242 
0 0 
0 0 
0 0 
0 0 
0 0 
528 226 
0 0 
0 0 
0 0 
0 0 
0 0 
0 0 
0 0 
0 0 
246 240 
0 0 
0 0 
0 0 
0 0 
0 0 
222 246 
0 0 
0 0 
0 0 
0 0 
0 0 
240 252 
0 0 
0 0 
0 0 
0 0 
0 0 
224 250 
0 0 
0 0 
0 0 
0 0 
0 0 
238 258 
0 0 
0 0 
0 0 
0 0 
0 0 
0 0 
250 234 
0 0 
0 0 
0 0 
0 0 
0 0 
262 244 
0 0 
0 0 
0 0 
0 0 
0 0 
296 240 
0 0 
0 0 
0 0 
0 0 
0 0 
0 0 
252 326 
0 0 
0 0 
0 0 
0 0 
0 0 
0 0 
252 260 
0 0 
0 0 
0 0 
0 0 
0 0 
312 232 
0 0 
0 0 
0 0 
0 0 
0 0 
0 0 
328 220 
0 0 
0 0 
0 0 
0 0 
0 0 
0 0 
0 0 
534 244 
0 0 
0 0 
0 0 
0 0 
0 0 
0 0 
0 0 
0 0 
260 236 
0 0 
0 0 
0 0 
0 0 
0 0 
0 0 
224 248 
0 0 
0 0 
0 0 
0 0 
0 0 
0 0 
0 0 
248 244 
0 0 
0 0 
0 0 
0 0 
0 0 
0 0 
254 252 
0 0 
0 0 
0 0 
0 0 
0 0 
0 0 
250 244 
0 0 
0 0 
0 0 
0 0 
0 0 
672 248 
0 0 
0 0 
0 0 
0 0 
0 0 
0 0 
0 0 
0 0 
0 0 
240 240 
0 0 
0 0 
0 0 
0 0 
0 0 
222 250 
0 0 
0 0 
0 0 
0 0 
0 0 
0 0 
246 250 
0 0 
0 0 
0 0 
0 0 
0 0 
254 286 
0 0 
0 0 
0 0 
0 0 
0 0 
0 0 
284 220 
0 0 
0 0 
0 0 
0 0 
0 0 
0 0 
562 254 
0 0 
0 0 
0 0 
0 0 
0 0 
0 0 
0 0 
0 0 
0 0 
292 238 
0 0 
0 0 
0 0 
0 0 
0 0 
254 284 
0 0 
0 0 
0 0 
0 0 
0 0 
0 0 
250 254 
0 0 
0 0 
0 0 
0 0 
0 0 
234 258 
0 0 
0 0 
0 0 
0 0 
0 0 
248 252 
0 0 
0 0 
0 0 
0 0 
0 0 
0 0 
248 574 
0 0 
0 0 
0 0 
0 0 
0 0 
0 0 
0 0 
0 0 
334 252 
0 0 
0 0 
0 0 
0 0 
0 0 
0 0 
222 256 
0 0 
0 0 
0 0 
0 0 
0 0 
250 248 
0 0 
0 0 
0 0 
0 0 
0 0 
248 252 
0 0 
0 0 
0 0 
0 0 
0 0 
0 0 
222 248 
0 0 
0 0 
0 0 
0 0 
0 0 
0 0 
248 246 
0 0 
0 0 
0 0 
0 0 
0 0 
0 0 
250 250 
0 0 
0 0 
0 0 
0 0 
0 0 
252 350 
0 0 
0 0 
0 0 
0 0 
0 0 
0 0 
252 250 
0 0 
0 0 
0 0 
0 0 
0 0 
250 246 
0 0 
0 0 
0 0 
0 0 
0 0 
0 0 
254 242 
0 0 
0 0 
0 0 
0 0 
0 0 
0 0 
252 258 
0 0 
0 0 
0 0 
0 0 
0 0 
0 0 
680 258 
0 0 
0 0 
0 0 
0 0 
0 0 
0 0 
0 0 
0 0 
0 0 
0 0 
0 0 
240 250 
0 0 
0 0 
0 0 
0 0 
0 0 
0 0 
250 258 
0 0 
0 0 
0 0 
0 0 
0 0 
0 0 
246 250 
0 0 
0 0 
0 0 
0 0 
0 0 
0 0 
252 250 
0 0 
0 0 
0 0 
0 0 
0 0 
244 246 
0 0 
0 0 
0 0 
0 0 
0 0 
0 0 
0 0 
352 220 
0 0 
0 0 
0 0 
0 0 
0 0 
0 0 
248 236 
0 0 
0 0 
0 0 
0 0 
0 0 
0 0 
248 246 
0 0 
0 0 
0 0 
0 0 
0 0 
250 252 
0 0 
0 0 
0 0 
0 0 
0 0 
246 254 
0 0 
0 0 
0 0 
0 0 
0 0 
296 216 
0 0 
0 0 
0 0 
0 0 
0 0 
282 240 
0 0 
0 0 
0 0 
0 0 
0 0 
230 244 
0 0 
0 0 
0 0 
0 0 
0 0 
248 238 
0 0 
0 0 
0 0 
0 0 
0 0 
252 246 
0 0 
0 0 
0 0 
0 0 
0 0 
0 0 
220 228 
0 0 
0 0 
0 0 
0 0 
0 0 
0 0 
0 0 
248 218 
0 0 
0 0 
0 0 
0 0 
0 0 
250 250 
0 0 
0 0 
0 0 
0 0 
0 0 
250 560 
0 0 
0 0 
0 0 
0 0 
0 0 
0 0 
0 0 
0 0 
236 258 
0 0 
0 0 
0 0 
0 0 
0 0 
244 248 
0 0 
0 0 
0 0 
0 0 
0 0 
250 280 
0 0 
0 0 
0 0 
0 0 
0 0 
250 272 
0 0 
0 0 
0 0 
0 0 
0 0 
0 0 
246 254 
0 0 
0 0 
0 0 
0 0 
0 0 
0 0 
250 250 
0 0 
0 0 
0 0 
0 0 
0 0 
0 0 
448 250 
0 0 
0 0 
0 0 
0 0 
0 0 
0 0 
0 0 
238 236 
0 0 
0 0 
0 0 
0 0 
0 0 
0 0 
246 244 
0 0 
0 0 
0 0 
0 0 
0 0 
236 248 
0 0 
0 0 
0 0 
0 0 
0 0 
248 252 
0 0 
0 0 
0 0 
0 0 
0 0 
252 248 
0 0 
0 0 
0 0 
0 0 
0 0 
254 606 
0 0 
0 0 
0 0 
0 0 
0 0 
0 0 
0 0 
0 0 
220 266 
0 0 
0 0 
0 0 
0 0 
0 0 
0 0 
284 230 
0 0 
0 0 
0 0 
0 0 
0 0 
0 0 
246 222 
0 0 
0 0 
0 0 
0 0 
0 0 
222 252 
0 0 
0 0 
0 0 
0 0 
0 0 
0 0 
250 250 
0 0 
0 0 
0 0 
0 0 
0 0 
0 0 
236 724 
0 0 
0 0 
0 0 
0 0 
0 0 
0 0 
0 0 
0 0 
0 0 
0 0 
250 246 
0 0 
0 0 
0 0 
0 0 
0 0 
250 246 
0 0 
0 0 
0 0 
0 0 
0 0 
0 0 
248 244 
0 0 
0 0 
0 0 
0 0 
0 0 
0 0 
218 254 
0 0 
0 0 
0 0 
0 0 
0 0 
222 250 
0 0 
0 0 
0 0 
0 0 
0 0 
254 246 
0 0 
0 0 
0 0 
0 0 
0 0 
220 248 
0 0 
0 0 
0 0 
0 0 
0 0 
0 0 
0 0 
234 240 
0 0 
0 0 
0 0 
0 0 
0 0 
250 254 
0 0 
0 0 
0 0 
0 0 
0 0 
240 254 
0 0 
0 0 
0 0 
0 0 
0 0 
0 0 
250 246 
0 0 
0 0 
0 0 
0 0 
0 0 
0 0 
254 254 
0 0 
0 0 
0 0 
0 0 
0 0 
0 0 
684 248 
0 0 
0 0 
0 0 
0 0 
0 0 
0 0 
0 0 
0 0 
0 0 
242 238 
0 0 
0 0 
0 0 
0 0 
0 0 
252 250 
0 0 
0 0 
0 0 
0 0 
0 0 
230 244 
0 0 
0 0 
0 0 
0 0 
0 0 
0 0 
248 216 
0 0 
0 0 
0 0 
0 0 
0 0 
0 0 
250 324 
0 0 
0 0 
0 0 
0 0 
0 0 
0 0 
220 654 
0 0 
0 0 
0 0 
0 0 
0 0 
0 0 
0 0 
0 0 
250 240 
0 0 
0 0 
0 0 
0 0 
0 0 
0 0 
240 250 
0 0 
0 0 
0 0 
0 0 
0 0 
0 0 
252 252 
0 0 
0 0 
0 0 
0 0 
0 0 
0 0 
244 252 
0 0 
0 0 
0 0 
0 0 
0 0 
236 250 
0 0 
0 0 
0 0 
0 0 
0 0 
250 252 
0 0 
0 0 
0 0 
0 0 
0 0 
232 242 
0 0 
0 0 
0 0 
0 0 
0 0 
222 218 
0 0 
0 0 
0 0 
0 0 
0 0 
222 234 
0 0 
0 0 
0 0 
0 0 
0 0 
0 0 
254 246 
0 0 
0 0 
0 0 
0 0 
0 0 
0 0 
0 0 
250 250 
0 0 
0 0 
0 0 
0 0 
0 0 
0 0 
248 244 
0 0 
0 0 
0 0 
0 0 
0 0 
246 562 
0 0 
0 0 
0 0 
0 0 
0 0 
0 0 
0 0 
0 0 
244 252 
0 0 
0 0 
0 0 
0 0 
0 0 
218 256 
0 0 
0 0 
0 0 
0 0 
0 0 
248 246 
0 0 
0 0 
0 0 
0 0 
0 0 
250 234 
0 0 
0 0 
0 0 
0 0 
0 0 
252 250 
0 0 
0 0 
0 0 
0 0 
0 0 
234 254 
0 0 
0 0 
0 0 
0 0 
0 0 
0 0 
352 238 
0 0 
0 0 
0 0 
0 0 
0 0 
0 0 
0 0 
0 0 
250 240 
0 0 
0 0 
0 0 
0 0 
0 0 
246 244 
0 0 
0 0 
0 0 
0 0 
0 0 
254 268 
0 0 
0 0 
0 0 
0 0 
0 0 
244 252 
0 0 
0 0 
0 0 
0 0 
0 0 
0 0 
0 0 
0 0 
258 242 
0 0 
0 0 
0 0 
0 0 
0 0 
670 248 
0 0 
0 0 
0 0 
0 0 
0 0 
0 0 
0 0 
0 0 
250 246 
0 0 
0 0 
0 0 
0 0 
0 0 
250 270 
0 0 
0 0 
0 0 
0 0 
0 0 
0 0 
250 236 
0 0 
0 0 
0 0 
0 0 
0 0 
0 0 
368 218 
0 0 
0 0 
0 0 
0 0 
0 0 
0 0 
0 0 
218 248 
0 0 
0 0 
0 0 
0 0 
0 0 
0 0 
680 256 
0 0 
0 0 
0 0 
0 0 
0 0 
0 0 
0 0 
0 0 
0 0 
252 242 
0 0 
0 0 
0 0 
0 0 
0 0 
246 248 
0 0 
0 0 
0 0 
0 0 
0 0 
254 250 
0 0 
0 0 
0 0 
0 0 
0 0 
248 250 
0 0 
0 0 
0 0 
0 0 
0 0 
256 252 
0 0 
0 0 
0 0 
0 0 
0 0 
0 0 
250 666 
0 0 
0 0 
0 0 
0 0 
0 0 
0 0 
0 0 
0 0 
220 246 
0 0 
0 0 
0 0 
0 0 
0 0 
0 0 
220 254 
0 0 
0 0 
0 0 
0 0 
0 0 
0 0 
240 246 
0 0 
0 0 
0 0 
0 0 
0 0 
0 0 
256 260 
0 0 
0 0 
0 0 
0 0 
0 0 
0 0 
252 222 
0 0 
0 0 
0 0 
0 0 
0 0 
246 246 
0 0 
0 0 
0 0 
0 0 
0 0 
420 236 
0 0 
0 0 
0 0 
0 0 
0 0 
0 0 
0 0 
244 238 
0 0 
0 0 
0 0 
0 0 
0 0 
246 250 
0 0 
0 0 
0 0 
0 0 
0 0 
252 248 
0 0 
0 0 
0 0 
0 0 
0 0 
220 230 
0 0 
0 0 
0 0 
0 0 
0 0 
246 242 
0 0 
0 0 
0 0 
0 0 
0 0 
222 260 
0 0 
0 0 
0 0 
0 0 
0 0 
230 248 
0 0 
0 0 
0 0 
0 0 
0 0 
244 328 
0 0 
0 0 
0 0 
0 0 
0 0 
0 0 
250 248 
0 0 
0 0 
0 0 
0 0 
0 0 
250 246 
0 0 
0 0 
0 0 
0 0 
0 0 
0 0 
250 250 
0 0 
0 0 
0 0 
0 0 
0 0 
0 0 
246 248 
0 0 
0 0 
0 0 
0 0 
0 0 
246 582 
0 0 
0 0 
0 0 
0 0 
0 0 
0 0 
0 0 
0 0 
250 298 
0 0 
0 0 
0 0 
0 0 
0 0 
0 0 
252 250 
0 0 
0 0 
0 0 
0 0 
0 0 
0 0 
244 218 
0 0 
0 0 
0 0 
0 0 
0 0 
246 248 
0 0 
0 0 
0 0 
0 0 
0 0 
284 250 
0 0 
0 0 
0 0 
0 0 
0 0 
0 0 
254 258 
0 0 
0 0 
0 0 
0 0 
0 0 
440 244 
0 0 
0 0 
0 0 
0 0 
0 0 
0 0 
0 0 
0 0 
0 0 
240 252 
0 0 
0 0 
0 0 
0 0 
0 0 
242 218 
0 0 
0 0 
0 0 
0 0 
0 0 
246 256 
0 0 
0 0 
0 0 
0 0 
0 0 
222 248 
0 0 
0 0 
0 0 
0 0 
0 0 
254 252 
0 0 
0 0 
0 0 
0 0 
0 0 
246 586 
0 0 
0 0 
0 0 
0 0 
0 0 
0 0 
0 0 
0 0 
0 0 
0 0 
222 238 
0 0 
0 0 
0 0 
0 0 
0 0 
254 242 
0 0 
0 0 
0 0 
0 0 
0 0 
238 218 
0 0 
0 0 
0 0 
0 0 
0 0 
0 0 
248 248 
0 0 
0 0 
0 0 
0 0 
0 0 
0 0 
248 262 
0 0 
0 0 
0 0 
0 0 
0 0 
0 0 
250 602 
0 0 
0 0 
0 0 
0 0 
0 0 
0 0 
0 0 
0 0 
246 244 
0 0 
0 0 
0 0 
0 0 
0 0 
248 244 
0 0 
0 0 
0 0 
0 0 
0 0 
254 244 
0 0 
0 0 
0 0 
0 0 
0 0 
250 252 
0 0 
0 0 
0 0 
0 0 
0 0 
218 218 
0 0 
0 0 
0 0 
0 0 
0 0 
0 0 
252 248 
0 0 
0 0 
0 0 
0 0 
0 0 
410 254 
0 0 
0 0 
0 0 
0 0 
0 0 
0 0 
250 238 
0 0 
0 0 
0 0 
0 0 
0 0 
0 0 
0 0 
220 254 
0 0 
0 0 
0 0 
0 0 
0 0 
250 250 
0 0 
0 0 
0 0 
0 0 
0 0 
0 0 
0 0 
216 218 
0 0 
0 0 
0 0 
0 0 
0 0 
328 220 
0 0 
0 0 
0 0 
0 0 
0 0 
0 0 
250 568 
0 0 
0 0 
0 0 
0 0 
0 0 
0 0 
0 0 
0 0 
254 240 
0 0 
0 0 
0 0 
0 0 
0 0 
0 0 
226 254 
0 0 
0 0 
0 0 
0 0 
0 0 
0 0 
252 250 
0 0 
0 0 
0 0 
0 0 
0 0 
250 250 
0 0 
0 0 
0 0 
0 0 
0 0 
248 220 
0 0 
0 0 
0 0 
0 0 
0 0 
250 216 
0 0 
0 0 
0 0 
0 0 
0 0 
252 248 
0 0 
0 0 
0 0 
0 0 
0 0 
0 0 
0 0 
248 238 
0 0 
0 0 
0 0 
0 0 
0 0 
250 248 
0 0 
0 0 
0 0 
0 0 
0 0 
256 250 
0 0 
0 0 
0 0 
0 0 
0 0 
0 0 
250 218 
0 0 
0 0 
0 0 
0 0 
0 0 
250 248 
0 0 
0 0 
0 0 
0 0 
0 0 
0 0 
226 562 
0 0 
0 0 
0 0 
0 0 
0 0 
0 0 
0 0 
0 0 
226 256 
0 0 
0 0 
0 0 
0 0 
0 0 
250 248 
0 0 
0 0 
0 0 
0 0 
0 0 
250 252 
0 0 
0 0 
0 0 
0 0 
0 0 
224 226 
0 0 
0 0 
0 0 
0 0 
0 0 
246 222 
0 0 
0 0 
0 0 
0 0 
0 0 
228 250 
0 0 
0 0 
0 0 
0 0 
0 0 
856 242 
0 0 
0 0 
0 0 
0 0 
0 0 
0 0 
0 0 
0 0 
0 0 
0 0 
0 0 
250 254 
0 0 
0 0 
0 0 
0 0 
0 0 
0 0 
250 250 
0 0 
0 0 
0 0 
0 0 
0 0 
224 218 
0 0 
0 0 
0 0 
0 0 
0 0 
0 0 
250 258 
0 0 
0 0 
0 0 
0 0 
0 0 
0 0 
0 0 
0 0 
250 258 
0 0 
0 0 
0 0 
0 0 
0 0 
440 250 
0 0 
0 0 
0 0 
0 0 
0 0 
0 0 
0 0 
216 248 
0 0 
0 0 
0 0 
0 0 
0 0 
250 252 
0 0 
0 0 
0 0 
0 0 
0 0 
248 256 
0 0 
0 0 
0 0 
0 0 
0 0 
0 0 
0 0 
254 324 
0 0 
0 0 
0 0 
0 0 
0 0 
0 0 
0 0 
248 220 
0 0 
0 0 
0 0 
0 0 
0 0 
594 252 
0 0 
0 0 
0 0 
0 0 
0 0 
0 0 
0 0 
0 0 
0 0 
234 216 
0 0 
0 0 
0 0 
0 0 
0 0 
0 0 
256 250 
0 0 
0 0 
0 0 
0 0 
0 0 
224 322 
0 0 
0 0 
0 0 
0 0 
0 0 
0 0 
252 254 
0 0 
0 0 
0 0 
0 0 
0 0 
222 258 
0 0 
0 0 
0 0 
0 0 
0 0 
700 250 
0 0 
0 0 
0 0 
0 0 
0 0 
0 0 
0 0 
0 0 
0 0 
252 294 
0 0 
0 0 
0 0 
0 0 
0 0 
0 0 
0 0 
242 242 
0 0 
0 0 
0 0 
0 0 
0 0 
222 246 
0 0 
0 0 
0 0 
0 0 
0 0 
250 258 
0 0 
0 0 
0 0 
0 0 
0 0 
0 0 
250 250 
0 0 
0 0 
0 0 
0 0 
0 0 
248 552 
0 0 
0 0 
0 0 
0 0 
0 0 
0 0 
0 0 
0 0 
0 0 
246 220 
0 0 
0 0 
0 0 
0 0 
0 0 
248 248 
0 0 
0 0 
0 0 
0 0 
0 0 
222 218 
0 0 
0 0 
0 0 
0 0 
0 0 
252 250 
0 0 
0 0 
0 0 
0 0 
0 0 
250 248 
0 0 
0 0 
0 0 
0 0 
0 0 
244 248 
0 0 
0 0 
0 0 
0 0 
0 0 
372 250 
0 0 
0 0 
0 0 
0 0 
0 0 
0 0 
250 240 
0 0 
0 0 
0 0 
0 0 
0 0 
0 0 
248 222 
0 0 
0 0 
0 0 
0 0 
0 0 
252 250 
0 0 
0 0 
0 0 
0 0 
0 0 
0 0 
220 250 
0 0 
0 0 
0 0 
0 0 
0 0 
0 0 
250 250 
0 0 
0 0 
0 0 
0 0 
0 0 
224 714 
0 0 
0 0 
0 0 
0 0 
0 0 
0 0 
0 0 
0 0 
246 242 
0 0 
0 0 
0 0 
0 0 
0 0 
0 0 
0 0 
252 250 
0 0 
0 0 
0 0 
0 0 
0 0 
246 226 
0 0 
0 0 
0 0 
0 0 
0 0 
250 248 
0 0 
0 0 
0 0 
0 0 
0 0 
236 248 
0 0 
0 0 
0 0 
0 0 
0 0 
252 250 
0 0 
0 0 
0 0 
0 0 
0 0 
706 248 
0 0 
0 0 
0 0 
0 0 
0 0 
0 0 
0 0 
0 0 
0 0 
238 224 
0 0 
0 0 
0 0 
0 0 
0 0 
222 284 
0 0 
0 0 
0 0 
0 0 
0 0 
254 252 
0 0 
0 0 
0 0 
0 0 
0 0 
0 0 
242 252 
0 0 
0 0 
0 0 
0 0 
0 0 
0 0 
244 246 
0 0 
0 0 
0 0 
0 0 
0 0 
0 0 
668 246 
0 0 
0 0 
0 0 
0 0 
0 0 
0 0 
0 0 
0 0 
0 0 
250 240 
0 0 
0 0 
0 0 
0 0 
0 0 
0 0 
222 246 
0 0 
0 0 
0 0 
0 0 
0 0 
256 248 
0 0 
0 0 
0 0 
0 0 
0 0 
244 250 
0 0 
0 0 
0 0 
0 0 
0 0 
0 0 
228 248 
0 0 
0 0 
0 0 
0 0 
0 0 
250 584 
0 0 
0 0 
0 0 
0 0 
0 0 
0 0 
0 0 
0 0 
0 0 
0 0 
250 232 
0 0 
0 0 
0 0 
0 0 
0 0 
248 248 
0 0 
0 0 
0 0 
0 0 
0 0 
0 0 
0 0 
306 246 
0 0 
0 0 
0 0 
0 0 
0 0 
0 0 
0 0 
250 220 
0 0 
0 0 
0 0 
0 0 
0 0 
248 244 
0 0 
0 0 
0 0 
0 0 
0 0 
248 560 
0 0 
0 0 
0 0 
0 0 
0 0 
0 0 
0 0 
0 0 
222 256 
0 0 
0 0 
0 0 
0 0 
0 0 
250 252 
0 0 
0 0 
0 0 
0 0 
0 0 
268 218 
0 0 
0 0 
0 0 
0 0 
0 0 
0 0 
228 250 
0 0 
0 0 
0 0 
0 0 
0 0 
0 0 
0 0 
246 246 
0 0 
0 0 
0 0 
0 0 
0 0 
244 784 
0 0 
0 0 
0 0 
0 0 
0 0 
0 0 
0 0 
0 0 
0 0 
0 0 
250 242 
0 0 
0 0 
0 0 
0 0 
0 0 
228 254 
0 0 
0 0 
0 0 
0 0 
0 0 
252 244 
0 0 
0 0 
0 0 
0 0 
0 0 
0 0 
248 254 
0 0 
0 0 
0 0 
0 0 
0 0 
0 0 
248 244 
0 0 
0 0 
0 0 
0 0 
0 0 
248 248 
0 0 
0 0 
0 0 
0 0 
0 0 
260 246 
0 0 
0 0 
0 0 
0 0 
0 0 
0 0 
252 224 
0 0 
0 0 
0 0 
0 0 
0 0 
252 230 
0 0 
0 0 
0 0 
0 0 
0 0 
216 248 
0 0 
0 0 
0 0 
0 0 
0 0 
0 0 
246 244 
0 0 
0 0 
0 0 
0 0 
0 0 
246 356 
0 0 
0 0 
0 0 
0 0 
0 0 
0 0 
224 532 
0 0 
0 0 
0 0 
0 0 
0 0 
0 0 
0 0 
0 0 
220 246 
0 0 
0 0 
0 0 
0 0 
0 0 
244 254 
0 0 
0 0 
0 0 
0 0 
0 0 
0 0 
224 250 
0 0 
0 0 
0 0 
0 0 
0 0 
0 0 
248 250 
0 0 
0 0 
0 0 
0 0 
0 0 
252 248 
0 0 
0 0 
0 0 
0 0 
0 0 
0 0 
0 0 
0 0 
0 0 
0 0 
0 0 
0 0 
0 0 
0 0 
0 0 
0 0 
0 0 
0 0 
0 0 
0 0 
0 0 
0 0 
0 0 
0 0 
0 0 
0 0 
0 0 
0 0 
0 0 
0 0 
0 0 
0 0 
0 0 
0 0 
0 0 
258 248 
0 0 
0 0 
0 0 
0 0 
0 0 
250 226 
0 0 
0 0 
0 0 
0 0 
0 0 
244 218 
0 0 
0 0 
0 0 
0 0 
0 0 
220 592 
0 0 
0 0 
0 0 
0 0 
0 0 
0 0 
0 0 
0 0 
0 0 
218 238 
0 0 
0 0 
0 0 
0 0 
0 0 
0 0 
0 0 
246 250 
0 0 
0 0 
0 0 
0 0 
0 0 
250 288 
0 0 
0 0 
0 0 
0 0 
0 0 
0 0 
250 254 
0 0 
0 0 
0 0 
0 0 
0 0 
246 252 
0 0 
0 0 
0 0 
0 0 
0 0 
258 566 
0 0 
0 0 
0 0 
0 0 
0 0 
0 0 
0 0 
0 0 
220 248 
0 0 
0 0 
0 0 
0 0 
0 0 
234 254 
0 0 
0 0 
0 0 
0 0 
0 0 
222 250 
0 0 
0 0 
0 0 
0 0 
0 0 
0 0 
218 246 
0 0 
0 0 
0 0 
0 0 
0 0 
232 218 
0 0 
0 0 
0 0 
0 0 
0 0 
248 250 
0 0 
0 0 
0 0 
0 0 
0 0 
0 0 
246 256 
0 0 
0 0 
0 0 
0 0 
0 0 
0 0 
252 218 
0 0 
0 0 
0 0 
0 0 
0 0 
256 250 
0 0 
0 0 
0 0 
0 0 
0 0 
0 0 
256 218 
0 0 
0 0 
0 0 
0 0 
0 0 
250 246 
0 0 
0 0 
0 0 
0 0 
0 0 
0 0 
250 218 
0 0 
0 0 
0 0 
0 0 
0 0 
262 224 
0 0 
0 0 
0 0 
0 0 
0 0 
0 0 
264 244 
0 0 
0 0 
0 0 
0 0 
0 0 
0 0 
0 0 
0 0 
246 250 
0 0 
0 0 
0 0 
0 0 
0 0 
0 0 
0 0 
248 248 
0 0 
0 0 
0 0 
0 0 
0 0 
252 216 
0 0 
0 0 
0 0 
0 0 
0 0 
244 250 
0 0 
0 0 
0 0 
0 0 
0 0 
0 0 
236 250 
0 0 
0 0 
0 0 
0 0 
0 0 
234 248 
0 0 
0 0 
0 0 
0 0 
0 0 
0 0 
230 240 
0 0 
0 0 
0 0 
0 0 
0 0 
374 250 
0 0 
0 0 
0 0 
0 0 
0 0 
0 0 
250 248 
0 0 
0 0 
0 0 
0 0 
0 0 
0 0 
248 246 
0 0 
0 0 
0 0 
0 0 
0 0 
246 246 
0 0 
0 0 
0 0 
0 0 
0 0 
256 218 
0 0 
0 0 
0 0 
0 0 
0 0 
0 0 
218 266 
0 0 
0 0 
0 0 
0 0 
0 0 
218 242 
0 0 
0 0 
0 0 
0 0 
0 0 
238 220 
0 0 
0 0 
0 0 
0 0 
0 0 
0 0 
246 360 
0 0 
0 0 
0 0 
0 0 
0 0 
0 0 
248 234 
0 0 
0 0 
0 0 
0 0 
0 0 
254 246 
0 0 
0 0 
0 0 
0 0 
0 0 
240 556 
0 0 
0 0 
0 0 
0 0 
0 0 
0 0 
0 0 
0 0 
250 218 
0 0 
0 0 
0 0 
0 0 
0 0 
222 248 
0 0 
0 0 
0 0 
0 0 
0 0 
252 250 
0 0 
0 0 
0 0 
0 0 
0 0 
252 246 
0 0 
0 0 
0 0 
0 0 
0 0 
248 250 
0 0 
0 0 
0 0 
0 0 
0 0 
250 284 
0 0 
0 0 
0 0 
0 0 
0 0 
748 236 
0 0 
0 0 
0 0 
0 0 
0 0 
0 0 
0 0 
0 0 
0 0 
256 220 
0 0 
0 0 
0 0 
0 0 
0 0 
238 214 
0 0 
0 0 
0 0 
0 0 
0 0 
246 244 
0 0 
0 0 
0 0 
0 0 
0 0 
220 246 
0 0 
0 0 
0 0 
0 0 
0 0 
216 246 
0 0 
0 0 
0 0 
0 0 
0 0 
246 246 
0 0 
0 0 
0 0 
0 0 
0 0 
258 244 
0 0 
0 0 
0 0 
0 0 
0 0 
250 238 
0 0 
0 0 
0 0 
0 0 
0 0 
250 248 
0 0 
0 0 
0 0 
0 0 
0 0 
250 252 
0 0 
0 0 
0 0 
0 0 
0 0 
240 246 
0 0 
0 0 
0 0 
0 0 
0 0 
0 0 
216 244 
0 0 
0 0 
0 0 
0 0 
0 0 
252 256 
0 0 
0 0 
0 0 
0 0 
0 0 
0 0 
218 248 
0 0 
0 0 
0 0 
0 0 
0 0 
0 0 
312 218 
0 0 
0 0 
0 0 
0 0 
0 0 
0 0 
248 236 
0 0 
0 0 
0 0 
0 0 
0 0 
248 250 
0 0 
0 0 
0 0 
0 0 
0 0 
236 246 
0 0 
0 0 
0 0 
0 0 
0 0 
252 246 
0 0 
0 0 
0 0 
0 0 
0 0 
254 250 
0 0 
0 0 
0 0 
0 0 
0 0 
292 242 
0 0 
0 0 
0 0 
0 0 
0 0 
218 244 
0 0 
0 0 
0 0 
0 0 
0 0 
0 0 
252 258 
0 0 
0 0 
0 0 
0 0 
0 0 
0 0 
262 220 
0 0 
0 0 
0 0 
0 0 
0 0 
216 252 
0 0 
0 0 
0 0 
0 0 
0 0 
0 0 
246 240 
0 0 
0 0 
0 0 
0 0 
0 0 
0 0 
246 564 
0 0 
0 0 
0 0 
0 0 
0 0 
0 0 
0 0 
0 0 
250 250 
0 0 
0 0 
0 0 
0 0 
0 0 
250 246 
0 0 
0 0 
0 0 
0 0 
0 0 
220 248 
0 0 
0 0 
0 0 
0 0 
0 0 
0 0 
246 248 
0 0 
0 0 
0 0 
0 0 
0 0 
0 0 
0 0 
244 244 
0 0 
0 0 
0 0 
0 0 
0 0 
0 0 
244 590 
0 0 
0 0 
0 0 
0 0 
0 0 
0 0 
0 0 
0 0 
238 222 
0 0 
0 0 
0 0 
0 0 
0 0 
250 220 
0 0 
0 0 
0 0 
0 0 
0 0 
224 246 
0 0 
0 0 
0 0 
0 0 
0 0 
248 244 
0 0 
0 0 
0 0 
0 0 
0 0 
250 250 
0 0 
0 0 
0 0 
0 0 
0 0 
0 0 
234 252 
0 0 
0 0 
0 0 
0 0 
0 0 
498 238 
0 0 
0 0 
0 0 
0 0 
0 0 
0 0 
0 0 
218 242 
0 0 
0 0 
0 0 
0 0 
0 0 
246 250 
0 0 
0 0 
0 0 
0 0 
0 0 
250 244 
0 0 
0 0 
0 0 
0 0 
0 0 
0 0 
252 282 
0 0 
0 0 
0 0 
0 0 
0 0 
238 252 
0 0 
0 0 
0 0 
0 0 
0 0 
0 0 
246 246 
0 0 
0 0 
0 0 
0 0 
0 0 
296 248 
0 0 
0 0 
0 0 
0 0 
0 0 
0 0 
238 240 
0 0 
0 0 
0 0 
0 0 
0 0 
248 250 
0 0 
0 0 
0 0 
0 0 
0 0 
0 0 
246 254 
0 0 
0 0 
0 0 
0 0 
0 0 
262 248 
0 0 
0 0 
0 0 
0 0 
0 0 
0 0 
220 250 
0 0 
0 0 
0 0 
0 0 
0 0 
220 540 
0 0 
0 0 
0 0 
0 0 
0 0 
0 0 
0 0 
0 0 
246 214 
0 0 
0 0 
0 0 
0 0 
0 0 
0 0 
248 218 
0 0 
0 0 
0 0 
0 0 
0 0 
0 0 
248 234 
0 0 
0 0 
0 0 
0 0 
0 0 
246 248 
0 0 
0 0 
0 0 
0 0 
0 0 
246 250 
0 0 
0 0 
0 0 
0 0 
0 0 
250 250 
0 0 
0 0 
0 0 
0 0 
0 0 
322 248 
0 0 
0 0 
0 0 
0 0 
0 0 
0 0 
248 238 
0 0 
0 0 
0 0 
0 0 
0 0 
250 246 
0 0 
0 0 
0 0 
0 0 
0 0 
0 0 
252 248 
0 0 
0 0 
0 0 
0 0 
0 0 
250 248 
0 0 
0 0 
0 0 
0 0 
0 0 
0 0 
236 220 
0 0 
0 0 
0 0 
0 0 
0 0 
242 224 
0 0 
0 0 
0 0 
0 0 
0 0 
220 258 
0 0 
0 0 
0 0 
0 0 
0 0 
244 220 
0 0 
0 0 
0 0 
0 0 
0 0 
0 0 
0 0 
252 254 
0 0 
0 0 
0 0 
0 0 
0 0 
0 0 
236 316 
0 0 
0 0 
0 0 
0 0 
0 0 
0 0 
248 250 
0 0 
0 0 
0 0 
0 0 
0 0 
0 0 
250 242 
0 0 
0 0 
0 0 
0 0 
0 0 
644 250 
0 0 
0 0 
0 0 
0 0 
0 0 
0 0 
0 0 
0 0 
248 240 
0 0 
0 0 
0 0 
0 0 
0 0 
0 0 
240 250 
0 0 
0 0 
0 0 
0 0 
0 0 
0 0 
256 252 
0 0 
0 0 
0 0 
0 0 
0 0 
250 248 
0 0 
0 0 
0 0 
0 0 
0 0 
0 0 
278 252 
0 0 
0 0 
0 0 
0 0 
0 0 
0 0 
0 0 
642 252 
0 0 
0 0 
0 0 
0 0 
0 0 
0 0 
0 0 
0 0 
0 0 
252 338 
0 0 
0 0 
0 0 
0 0 
0 0 
0 0 
234 244 
0 0 
0 0 
0 0 
0 0 
0 0 
0 0 
248 334 
0 0 
0 0 
0 0 
0 0 
0 0 
0 0 
232 240 
0 0 
0 0 
0 0 
0 0 
0 0 
250 252 
0 0 
0 0 
0 0 
0 0 
0 0 
0 0 
544 250 
0 0 
0 0 
0 0 
0 0 
0 0 
0 0 
0 0 
0 0 
250 240 
0 0 
0 0 
0 0 
0 0 
0 0 
248 248 
0 0 
0 0 
0 0 
0 0 
0 0 
0 0 
252 246 
0 0 
0 0 
0 0 
0 0 
0 0 
228 242 
0 0 
0 0 
0 0 
0 0 
0 0 
232 254 
0 0 
0 0 
0 0 
0 0 
0 0 
248 248 
0 0 
0 0 
0 0 
0 0 
0 0 
0 0 
250 216 
0 0 
0 0 
0 0 
0 0 
0 0 
248 236 
0 0 
0 0 
0 0 
0 0 
0 0 
236 242 
0 0 
0 0 
0 0 
0 0 
0 0 
238 254 
0 0 
0 0 
0 0 
0 0 
0 0 
244 296 
0 0 
0 0 
0 0 
0 0 
0 0 
0 0 
262 250 
0 0 
0 0 
0 0 
0 0 
0 0 
0 0 
248 608 
0 0 
0 0 
0 0 
0 0 
0 0 
0 0 
0 0 
0 0 
250 248 
0 0 
0 0 
0 0 
0 0 
0 0 
222 252 
0 0 
0 0 
0 0 
0 0 
0 0 
252 248 
0 0 
0 0 
0 0 
0 0 
0 0 
248 272 
0 0 
0 0 
0 0 
0 0 
0 0 
248 250 
0 0 
0 0 
0 0 
0 0 
0 0 
218 250 
0 0 
0 0 
0 0 
0 0 
0 0 
716 246 
0 0 
0 0 
0 0 
0 0 
0 0 
0 0 
0 0 
0 0 
0 0 
246 244 
0 0 
0 0 
0 0 
0 0 
0 0 
234 240 
0 0 
0 0 
0 0 
0 0 
0 0 
248 250 
0 0 
0 0 
0 0 
0 0 
0 0 
0 0 
240 250 
0 0 
0 0 
0 0 
0 0 
0 0 
0 0 
258 246 
0 0 
0 0 
0 0 
0 0 
0 0 
0 0 
292 498 
0 0 
0 0 
0 0 
0 0 
0 0 
0 0 
0 0 
0 0 
244 256 
0 0 
0 0 
0 0 
0 0 
0 0 
0 0 
254 248 
0 0 
0 0 
0 0 
0 0 
0 0 
238 246 
0 0 
0 0 
0 0 
0 0 
0 0 
0 0 
224 254 
0 0 
0 0 
0 0 
0 0 
0 0 
0 0 
0 0 
238 252 
0 0 
0 0 
0 0 
0 0 
0 0 
264 610 
0 0 
0 0 
0 0 
0 0 
0 0 
0 0 
0 0 
0 0 
256 272 
0 0 
0 0 
0 0 
0 0 
0 0 
0 0 
0 0 
248 222 
0 0 
0 0 
0 0 
0 0 
0 0 
220 252 
0 0 
0 0 
0 0 
0 0 
0 0 
0 0 
250 252 
0 0 
0 0 
0 0 
0 0 
0 0 
0 0 
254 250 
0 0 
0 0 
0 0 
0 0 
0 0 
0 0 
218 626 
0 0 
0 0 
0 0 
0 0 
0 0 
0 0 
0 0 
0 0 
234 412 
0 0 
0 0 
0 0 
0 0 
0 0 
0 0 
0 0 
248 240 
0 0 
0 0 
0 0 
0 0 
0 0 
246 248 
0 0 
0 0 
0 0 
0 0 
0 0 
0 0 
222 250 
0 0 
0 0 
0 0 
0 0 
0 0 
0 0 
218 256 
0 0 
0 0 
0 0 
0 0 
0 0 
0 0 
248 564 
0 0 
0 0 
0 0 
0 0 
0 0 
0 0 
0 0 
0 0 
246 246 
0 0 
0 0 
0 0 
0 0 
0 0 
242 244 
0 0 
0 0 
0 0 
0 0 
0 0 
252 216 
0 0 
0 0 
0 0 
0 0 
0 0 
270 220 
0 0 
0 0 
0 0 
0 0 
0 0 
0 0 
248 220 
0 0 
0 0 
0 0 
0 0 
0 0 
220 248 
0 0 
0 0 
0 0 
0 0 
0 0 
0 0 
366 248 
0 0 
0 0 
0 0 
0 0 
0 0 
0 0 
222 244 
0 0 
0 0 
0 0 
0 0 
0 0 
250 248 
0 0 
0 0 
0 0 
0 0 
0 0 
0 0 
238 252 
0 0 
0 0 
0 0 
0 0 
0 0 
250 248 
0 0 
0 0 
0 0 
0 0 
0 0 
250 250 
0 0 
0 0 
0 0 
0 0 
0 0 
298 248 
0 0 
0 0 
0 0 
0 0 
0 0 
0 0 
0 0 
246 240 
0 0 
0 0 
0 0 
0 0 
0 0 
250 242 
0 0 
0 0 
0 0 
0 0 
0 0 
0 0 
242 248 
0 0 
0 0 
0 0 
0 0 
0 0 
0 0 
0 0 
250 222 
0 0 
0 0 
0 0 
0 0 
0 0 
252 250 
0 0 
0 0 
0 0 
0 0 
0 0 
244 248 
0 0 
0 0 
0 0 
0 0 
0 0 
0 0 
754 246 
0 0 
0 0 
0 0 
0 0 
0 0 
0 0 
0 0 
0 0 
0 0 
240 256 
0 0 
0 0 
0 0 
0 0 
0 0 
0 0 
248 250 
0 0 
0 0 
0 0 
0 0 
0 0 
0 0 
254 250 
0 0 
0 0 
0 0 
0 0 
0 0 
250 248 
0 0 
0 0 
0 0 
0 0 
0 0 
246 244 
0 0 
0 0 
0 0 
0 0 
0 0 
248 556 
0 0 
0 0 
0 0 
0 0 
0 0 
0 0 
0 0 
0 0 
246 302 
0 0 
0 0 
0 0 
0 0 
0 0 
0 0 
248 252 
0 0 
0 0 
0 0 
0 0 
0 0 
0 0 
250 250 
0 0 
0 0 
0 0 
0 0 
0 0 
0 0 
0 0 
238 250 
0 0 
0 0 
0 0 
0 0 
0 0 
254 242 
0 0 
0 0 
0 0 
0 0 
0 0 
0 0 
250 584 
0 0 
0 0 
0 0 
0 0 
0 0 
0 0 
0 0 
0 0 
388 236 
0 0 
0 0 
0 0 
0 0 
0 0 
0 0 
0 0 
0 0 
242 250 
0 0 
0 0 
0 0 
0 0 
0 0 
252 250 
0 0 
0 0 
0 0 
0 0 
0 0 
250 248 
0 0 
0 0 
0 0 
0 0 
0 0 
250 242 
0 0 
0 0 
0 0 
0 0 
0 0 
248 246 
0 0 
0 0 
0 0 
0 0 
0 0 
286 246 
0 0 
0 0 
0 0 
0 0 
0 0 
0 0 
248 240 
0 0 
0 0 
0 0 
0 0 
0 0 
250 250 
0 0 
0 0 
0 0 
0 0 
0 0 
0 0 
236 252 
0 0 
0 0 
0 0 
0 0 
0 0 
0 0 
222 256 
0 0 
0 0 
0 0 
0 0 
0 0 
254 250 
0 0 
0 0 
0 0 
0 0 
0 0 
250 610 
0 0 
0 0 
0 0 
0 0 
0 0 
0 0 
0 0 
0 0 
248 218 
0 0 
0 0 
0 0 
0 0 
0 0 
248 220 
0 0 
0 0 
0 0 
0 0 
0 0 
0 0 
288 256 
0 0 
0 0 
0 0 
0 0 
0 0 
248 240 
0 0 
0 0 
0 0 
0 0 
0 0 
0 0 
252 256 
0 0 
0 0 
0 0 
0 0 
0 0 
242 250 
0 0 
0 0 
0 0 
0 0 
0 0 
572 250 
0 0 
0 0 
0 0 
0 0 
0 0 
0 0 
0 0 
0 0 
232 244 
0 0 
0 0 
0 0 
0 0 
0 0 
0 0 
254 250 
0 0 
0 0 
0 0 
0 0 
0 0 
250 222 
0 0 
0 0 
0 0 
0 0 
0 0 
254 250 
0 0 
0 0 
0 0 
0 0 
0 0 
218 244 
0 0 
0 0 
0 0 
0 0 
0 0 
222 248 
0 0 
0 0 
0 0 
0 0 
0 0 
0 0 
246 252 
0 0 
0 0 
0 0 
0 0 
0 0 
330 220 
0 0 
0 0 
0 0 
0 0 
0 0 
0 0 
248 240 
0 0 
0 0 
0 0 
0 0 
0 0 
248 220 
0 0 
0 0 
0 0 
0 0 
0 0 
248 226 
0 0 
0 0 
0 0 
0 0 
0 0 
246 248 
0 0 
0 0 
0 0 
0 0 
0 0 
250 730 
0 0 
0 0 
0 0 
0 0 
0 0 
0 0 
0 0 
0 0 
0 0 
278 214 
0 0 
0 0 
0 0 
0 0 
0 0 
0 0 
250 336 
0 0 
0 0 
0 0 
0 0 
0 0 
0 0 
244 248 
0 0 
0 0 
0 0 
0 0 
0 0 
282 244 
0 0 
0 0 
0 0 
0 0 
0 0 
0 0 
254 252 
0 0 
0 0 
0 0 
0 0 
0 0 
0 0 
240 558 
0 0 
0 0 
0 0 
0 0 
0 0 
0 0 
0 0 
0 0 
0 0 
0 0 
250 238 
0 0 
0 0 
0 0 
0 0 
0 0 
242 248 
0 0 
0 0 
0 0 
0 0 
0 0 
246 244 
0 0 
0 0 
0 0 
0 0 
0 0 
0 0 
250 246 
0 0 
0 0 
0 0 
0 0 
0 0 
240 250 
0 0 
0 0 
0 0 
0 0 
0 0 
250 248 
0 0 
0 0 
0 0 
0 0 
0 0 
742 248 
0 0 
0 0 
0 0 
0 0 
0 0 
0 0 
0 0 
0 0 
0 0 
238 250 
0 0 
0 0 
0 0 
0 0 
0 0 
0 0 
224 242 
0 0 
0 0 
0 0 
0 0 
0 0 
0 0 
218 264 
0 0 
0 0 
0 0 
0 0 
0 0 
0 0 
254 250 
0 0 
0 0 
0 0 
0 0 
0 0 
240 254 
0 0 
0 0 
0 0 
0 0 
0 0 
0 0 
230 418 
0 0 
0 0 
0 0 
0 0 
0 0 
0 0 
0 0 
242 242 
0 0 
0 0 
0 0 
0 0 
0 0 
244 232 
0 0 
0 0 
0 0 
0 0 
0 0 
0 0 
216 254 
0 0 
0 0 
0 0 
0 0 
0 0 
250 248 
0 0 
0 0 
0 0 
0 0 
0 0 
258 214 
0 0 
0 0 
0 0 
0 0 
0 0 
222 650 
0 0 
0 0 
0 0 
0 0 
0 0 
0 0 
0 0 
0 0 
224 252 
0 0 
0 0 
0 0 
0 0 
0 0 
0 0 
276 248 
0 0 
0 0 
0 0 
0 0 
0 0 
0 0 
0 0 
248 224 
0 0 
0 0 
0 0 
0 0 
0 0 
0 0 
240 218 
0 0 
0 0 
0 0 
0 0 
0 0 
0 0 
246 222 
0 0 
0 0 
0 0 
0 0 
0 0 
0 0 
732 246 
0 0 
0 0 
0 0 
0 0 
0 0 
0 0 
0 0 
0 0 
0 0 
0 0 
250 238 
0 0 
0 0 
0 0 
0 0 
0 0 
242 246 
0 0 
0 0 
0 0 
0 0 
0 0 
248 254 
0 0 
0 0 
0 0 
0 0 
0 0 
248 268 
0 0 
0 0 
0 0 
0 0 
0 0 
236 252 
0 0 
0 0 
0 0 
0 0 
0 0 
252 218 
0 0 
0 0 
0 0 
0 0 
0 0 
0 0 
250 222 
0 0 
0 0 
0 0 
0 0 
0 0 
0 0 
262 234 
0 0 
0 0 
0 0 
0 0 
0 0 
228 226 
0 0 
0 0 
0 0 
0 0 
0 0 
250 214 
0 0 
0 0 
0 0 
0 0 
0 0 
0 0 
248 256 
0 0 
0 0 
0 0 
0 0 
0 0 
0 0 
250 248 
0 0 
0 0 
0 0 
0 0 
0 0 
220 564 
0 0 
0 0 
0 0 
0 0 
0 0 
0 0 
0 0 
0 0 
0 0 
0 0 
226 242 
0 0 
0 0 
0 0 
0 0 
0 0 
0 0 
250 250 
0 0 
0 0 
0 0 
0 0 
0 0 
0 0 
226 234 
0 0 
0 0 
0 0 
0 0 
0 0 
254 248 
0 0 
0 0 
0 0 
0 0 
0 0 
248 248 
0 0 
0 0 
0 0 
0 0 
0 0 
250 226 
0 0 
0 0 
0 0 
0 0 
0 0 
290 248 
0 0 
0 0 
0 0 
0 0 
0 0 
0 0 
0 0 
238 234 
0 0 
0 0 
0 0 
0 0 
0 0 
246 222 
0 0 
0 0 
0 0 
0 0 
0 0 
220 250 
0 0 
0 0 
0 0 
0 0 
0 0 
272 252 
0 0 
0 0 
0 0 
0 0 
0 0 
0 0 
370 218 
0 0 
0 0 
0 0 
0 0 
0 0 
0 0 
692 240 
0 0 
0 0 
0 0 
0 0 
0 0 
0 0 
0 0 
0 0 
250 236 
0 0 
0 0 
0 0 
0 0 
0 0 
0 0 
274 238 
0 0 
0 0 
0 0 
0 0 
0 0 
250 218 
0 0 
0 0 
0 0 
0 0 
0 0 
244 218 
0 0 
0 0 
0 0 
0 0 
0 0 
0 0 
216 226 
0 0 
0 0 
0 0 
0 0 
0 0 
234 672 
0 0 
0 0 
0 0 
0 0 
0 0 
0 0 
0 0 
0 0 
0 0 
250 244 
0 0 
0 0 
0 0 
0 0 
0 0 
256 250 
0 0 
0 0 
0 0 
0 0 
0 0 
248 250 
0 0 
0 0 
0 0 
0 0 
0 0 
0 0 
0 0 
244 244 
0 0 
0 0 
0 0 
0 0 
0 0 
246 250 
0 0 
0 0 
0 0 
0 0 
0 0 
0 0 
0 0 
326 864 
0 0 
0 0 
0 0 
0 0 
0 0 
0 0 
0 0 
0 0 
0 0 
0 0 
0 0 
234 236 
0 0 
0 0 
0 0 
0 0 
0 0 
248 252 
0 0 
0 0 
0 0 
0 0 
0 0 
252 220 
0 0 
0 0 
0 0 
0 0 
0 0 
264 226 
0 0 
0 0 
0 0 
0 0 
0 0 
222 248 
0 0 
0 0 
0 0 
0 0 
0 0 
0 0 
0 0 
248 218 
0 0 
0 0 
0 0 
0 0 
0 0 
0 0 
244 244 
0 0 
0 0 
0 0 
0 0 
0 0 
236 238 
0 0 
0 0 
0 0 
0 0 
0 0 
224 254 
0 0 
0 0 
0 0 
0 0 
0 0 
250 222 
0 0 
0 0 
0 0 
0 0 
0 0 
238 254 
0 0 
0 0 
0 0 
0 0 
0 0 
348 254 
0 0 
0 0 
0 0 
0 0 
0 0 
0 0 
246 582 
0 0 
0 0 
0 0 
0 0 
0 0 
0 0 
0 0 
0 0 
250 250 
0 0 
0 0 
0 0 
0 0 
0 0 
252 256 
0 0 
0 0 
0 0 
0 0 
0 0 
240 304 
0 0 
0 0 
0 0 
0 0 
0 0 
0 0 
248 244 
0 0 
0 0 
0 0 
0 0 
0 0 
254 248 
0 0 
0 0 
0 0 
0 0 
0 0 
250 248 
0 0 
0 0 
0 0 
0 0 
0 0 
608 254 
0 0 
0 0 
0 0 
0 0 
0 0 
0 0 
0 0 
0 0 
252 238 
0 0 
0 0 
0 0 
0 0 
0 0 
0 0 
246 252 
0 0 
0 0 
0 0 
0 0 
0 0 
0 0 
248 248 
0 0 
0 0 
0 0 
0 0 
0 0 
248 252 
0 0 
0 0 
0 0 
0 0 
0 0 
252 252 
0 0 
0 0 
0 0 
0 0 
0 0 
0 0 
252 564 
0 0 
0 0 
0 0 
0 0 
0 0 
0 0 
0 0 
0 0 
256 244 
0 0 
0 0 
0 0 
0 0 
0 0 
246 250 
0 0 
0 0 
0 0 
0 0 
0 0 
252 248 
0 0 
0 0 
0 0 
0 0 
0 0 
268 248 
0 0 
0 0 
0 0 
0 0 
0 0 
250 254 
0 0 
0 0 
0 0 
0 0 
0 0 
250 246 
0 0 
0 0 
0 0 
0 0 
0 0 
696 252 
0 0 
0 0 
0 0 
0 0 
0 0 
0 0 
0 0 
0 0 
0 0 
380 246 
0 0 
0 0 
0 0 
0 0 
0 0 
0 0 
248 246 
0 0 
0 0 
0 0 
0 0 
0 0 
0 0 
252 246 
0 0 
0 0 
0 0 
0 0 
0 0 
0 0 
264 246 
0 0 
0 0 
0 0 
0 0 
0 0 
0 0 
250 234 
0 0 
0 0 
0 0 
0 0 
0 0 
612 244 
0 0 
0 0 
0 0 
0 0 
0 0 
0 0 
0 0 
0 0 
0 0 
250 242 
0 0 
0 0 
0 0 
0 0 
0 0 
248 244 
0 0 
0 0 
0 0 
0 0 
0 0 
0 0 
254 254 
0 0 
0 0 
0 0 
0 0 
0 0 
250 244 
0 0 
0 0 
0 0 
0 0 
0 0 
246 218 
0 0 
0 0 
0 0 
0 0 
0 0 
250 252 
0 0 
0 0 
0 0 
0 0 
0 0 
222 254 
0 0 
0 0 
0 0 
0 0 
0 0 
250 238 
0 0 
0 0 
0 0 
0 0 
0 0 
250 252 
0 0 
0 0 
0 0 
0 0 
0 0 
254 252 
0 0 
0 0 
0 0 
0 0 
0 0 
252 252 
0 0 
0 0 
0 0 
0 0 
0 0 
0 0 
222 250 
0 0 
0 0 
0 0 
0 0 
0 0 
252 248 
0 0 
0 0 
0 0 
0 0 
0 0 
0 0 
304 252 
0 0 
0 0 
0 0 
0 0 
0 0 
226 242 
0 0 
0 0 
0 0 
0 0 
0 0 
252 246 
0 0 
0 0 
0 0 
0 0 
0 0 
242 252 
0 0 
0 0 
0 0 
0 0 
0 0 
250 236 
0 0 
0 0 
0 0 
0 0 
0 0 
248 246 
0 0 
0 0 
0 0 
0 0 
0 0 
250 250 
0 0 
0 0 
0 0 
0 0 
0 0 
306 250 
0 0 
0 0 
0 0 
0 0 
0 0 
0 0 
250 236 
0 0 
0 0 
0 0 
0 0 
0 0 
250 220 
0 0 
0 0 
0 0 
0 0 
0 0 
250 252 
0 0 
0 0 
0 0 
0 0 
0 0 
272 252 
0 0 
0 0 
0 0 
0 0 
0 0 
0 0 
222 254 
0 0 
0 0 
0 0 
0 0 
0 0 
138 254 
0 0 
0 0 
0 0 
0 0 
0 0 
530 254 
0 0 
0 0 
0 0 
0 0 
0 0 
0 0 
0 0 
0 0 
240 270 
0 0 
0 0 
0 0 
0 0 
0 0 
254 252 
0 0 
0 0 
0 0 
0 0 
0 0 
254 252 
0 0 
0 0 
0 0 
0 0 
0 0 
248 86 
0 0 
0 0 
0 0 
0 0 
0 0 
248 256 
0 0 
0 0 
0 0 
0 0 
0 0 
0 0 
252 616 
0 0 
0 0 
0 0 
0 0 
0 0 
0 0 
0 0 
0 0 
216 254 
0 0 
0 0 
0 0 
0 0 
0 0 
250 252 
0 0 
0 0 
0 0 
0 0 
0 0 
0 0 
244 254 
0 0 
0 0 
0 0 
0 0 
0 0 
0 0 
254 248 
0 0 
0 0 
0 0 
0 0 
0 0 
248 250 
0 0 
0 0 
0 0 
0 0 
0 0 
226 254 
0 0 
0 0 
0 0 
0 0 
0 0 
342 250 
0 0 
0 0 
0 0 
0 0 
0 0 
0 0 
250 238 
0 0 
0 0 
0 0 
0 0 
0 0 
252 224 
0 0 
0 0 
0 0 
0 0 
0 0 
256 252 
0 0 
0 0 
0 0 
0 0 
0 0 
0 0 
236 244 
0 0 
0 0 
0 0 
0 0 
0 0 
250 224 
0 0 
0 0 
0 0 
0 0 
0 0 
246 72 
0 0 
0 0 
0 0 
0 0 
508 252 
0 0 
0 0 
0 0 
0 0 
0 0 
0 0 
0 0 
0 0 
250 218 
0 0 
0 0 
0 0 
0 0 
0 0 
252 248 
0 0 
0 0 
0 0 
0 0 
0 0 
290 248 
0 0 
0 0 
0 0 
0 0 
0 0 
0 0 
248 254 
0 0 
0 0 
0 0 
0 0 
0 0 
0 0 
250 232 
0 0 
0 0 
0 0 
0 0 
0 0 
354 562 
0 0 
0 0 
0 0 
0 0 
0 0 
0 0 
0 0 
0 0 
0 0 
248 250 
0 0 
0 0 
0 0 
0 0 
0 0 
254 246 
0 0 
0 0 
0 0 
0 0 
0 0 
228 246 
0 0 
0 0 
0 0 
0 0 
0 0 
244 230 
0 0 
0 0 
0 0 
0 0 
0 0 
250 246 
0 0 
0 0 
0 0 
0 0 
0 0 
236 244 
0 0 
0 0 
0 0 
0 0 
0 0 
606 250 
0 0 
0 0 
0 0 
0 0 
0 0 
0 0 
0 0 
0 0 
224 244 
0 0 
0 0 
0 0 
0 0 
0 0 
0 0 
252 246 
0 0 
0 0 
0 0 
0 0 
0 0 
250 246 
0 0 
0 0 
0 0 
0 0 
0 0 
226 244 
0 0 
0 0 
0 0 
0 0 
0 0 
252 236 
0 0 
0 0 
0 0 
0 0 
0 0 
238 238 
0 0 
0 0 
0 0 
0 0 
0 0 
230 584 
0 0 
0 0 
0 0 
0 0 
0 0 
0 0 
0 0 
0 0 
348 240 
0 0 
0 0 
0 0 
0 0 
0 0 
0 0 
226 218 
0 0 
0 0 
0 0 
0 0 
0 0 
222 236 
0 0 
0 0 
0 0 
0 0 
0 0 
238 252 
0 0 
0 0 
0 0 
0 0 
0 0 
244 232 
0 0 
0 0 
0 0 
0 0 
0 0 
254 776 
0 0 
0 0 
0 0 
0 0 
0 0 
0 0 
0 0 
0 0 
0 0 
0 0 
224 240 
0 0 
0 0 
0 0 
0 0 
0 0 
248 222 
0 0 
0 0 
0 0 
0 0 
0 0 
252 250 
0 0 
0 0 
0 0 
0 0 
0 0 
392 248 
0 0 
0 0 
0 0 
0 0 
0 0 
0 0 
0 0 
250 218 
0 0 
0 0 
0 0 
0 0 
0 0 
248 592 
0 0 
0 0 
0 0 
0 0 
0 0 
0 0 
0 0 
0 0 
236 254 
0 0 
0 0 
0 0 
0 0 
0 0 
240 238 
0 0 
0 0 
0 0 
0 0 
0 0 
256 250 
0 0 
0 0 
0 0 
0 0 
0 0 
0 0 
240 218 
0 0 
0 0 
0 0 
0 0 
0 0 
246 236 
0 0 
0 0 
0 0 
0 0 
0 0 
252 246 
0 0 
0 0 
0 0 
0 0 
0 0 
616 238 
0 0 
0 0 
0 0 
0 0 
0 0 
0 0 
0 0 
0 0 
240 238 
0 0 
0 0 
0 0 
0 0 
0 0 
250 256 
0 0 
0 0 
0 0 
0 0 
0 0 
0 0 
248 252 
0 0 
0 0 
0 0 
0 0 
0 0 
0 0 
246 238 
0 0 
0 0 
0 0 
0 0 
0 0 
250 246 
0 0 
0 0 
0 0 
0 0 
0 0 
0 0 
246 574 
0 0 
0 0 
0 0 
0 0 
0 0 
0 0 
0 0 
0 0 
242 250 
0 0 
0 0 
0 0 
0 0 
0 0 
250 250 
0 0 
0 0 
0 0 
0 0 
0 0 
254 250 
0 0 
0 0 
0 0 
0 0 
0 0 
258 238 
0 0 
0 0 
0 0 
0 0 
0 0 
250 256 
0 0 
0 0 
0 0 
0 0 
0 0 
246 246 
0 0 
0 0 
0 0 
0 0 
0 0 
722 240 
0 0 
0 0 
0 0 
0 0 
0 0 
0 0 
0 0 
0 0 
0 0 
248 242 
0 0 
0 0 
0 0 
0 0 
0 0 
248 250 
0 0 
0 0 
0 0 
0 0 
0 0 
0 0 
270 248 
0 0 
0 0 
0 0 
0 0 
0 0 
246 254 
0 0 
0 0 
0 0 
0 0 
0 0 
0 0 
220 252 
0 0 
0 0 
0 0 
0 0 
0 0 
250 656 
0 0 
0 0 
0 0 
0 0 
0 0 
0 0 
0 0 
0 0 
238 252 
0 0 
0 0 
0 0 
0 0 
0 0 
0 0 
248 250 
0 0 
0 0 
0 0 
0 0 
0 0 
0 0 
236 248 
0 0 
0 0 
0 0 
0 0 
0 0 
254 242 
0 0 
0 0 
0 0 
0 0 
0 0 
0 0 
250 256 
0 0 
0 0 
0 0 
0 0 
0 0 
244 250 
0 0 
0 0 
0 0 
0 0 
0 0 
0 0 
250 248 
0 0 
0 0 
0 0 
0 0 
0 0 
0 0 
248 236 
0 0 
0 0 
0 0 
0 0 
0 0 
250 250 
0 0 
0 0 
0 0 
0 0 
0 0 
250 250 
0 0 
0 0 
0 0 
0 0 
0 0 
240 248 
0 0 
0 0 
0 0 
0 0 
0 0 
252 236 
0 0 
0 0 
0 0 
0 0 
0 0 
0 0 
250 730 
0 0 
0 0 
0 0 
0 0 
0 0 
0 0 
0 0 
0 0 
0 0 
250 250 
0 0 
0 0 
0 0 
0 0 
0 0 
232 246 
0 0 
0 0 
0 0 
0 0 
0 0 
248 248 
0 0 
0 0 
0 0 
0 0 
0 0 
260 250 
0 0 
0 0 
0 0 
0 0 
0 0 
222 238 
0 0 
0 0 
0 0 
0 0 
0 0 
248 246 
0 0 
0 0 
0 0 
0 0 
0 0 
236 564 
0 0 
0 0 
0 0 
0 0 
0 0 
0 0 
0 0 
252 252 
0 0 
0 0 
0 0 
0 0 
0 0 
0 0 
248 252 
0 0 
0 0 
0 0 
0 0 
0 0 
0 0 
250 250 
0 0 
0 0 
0 0 
0 0 
0 0 
246 240 
0 0 
0 0 
0 0 
0 0 
0 0 
250 254 
0 0 
0 0 
0 0 
0 0 
0 0 
244 242 
0 0 
0 0 
0 0 
0 0 
0 0 
296 254 
0 0 
0 0 
0 0 
0 0 
0 0 
252 250 
0 0 
0 0 
0 0 
0 0 
0 0 
250 242 
0 0 
0 0 
0 0 
0 0 
0 0 
248 248 
0 0 
0 0 
0 0 
0 0 
0 0 
244 248 
0 0 
0 0 
0 0 
0 0 
0 0 
252 250 
0 0 
0 0 
0 0 
0 0 
0 0 
252 252 
0 0 
0 0 
0 0 
0 0 
0 0 
0 0 
414 254 
0 0 
0 0 
0 0 
0 0 
0 0 
0 0 
0 0 
250 242 
0 0 
0 0 
0 0 
0 0 
0 0 
252 248 
0 0 
0 0 
0 0 
0 0 
0 0 
252 246 
0 0 
0 0 
0 0 
0 0 
0 0 
250 250 
0 0 
0 0 
0 0 
0 0 
0 0 
250 250 
0 0 
0 0 
0 0 
0 0 
0 0 
248 244 
0 0 
0 0 
0 0 
0 0 
0 0 
396 246 
0 0 
0 0 
0 0 
0 0 
0 0 
0 0 
234 244 
0 0 
0 0 
0 0 
0 0 
0 0 
250 248 
0 0 
0 0 
0 0 
0 0 
0 0 
0 0 
246 246 
0 0 
0 0 
0 0 
0 0 
0 0 
0 0 
242 246 
0 0 
0 0 
0 0 
0 0 
0 0 
246 250 
0 0 
0 0 
0 0 
0 0 
0 0 
252 250 
0 0 
0 0 
0 0 
0 0 
0 0 
0 0 
248 252 
0 0 
0 0 
0 0 
0 0 
0 0 
258 242 
0 0 
0 0 
0 0 
0 0 
0 0 
0 0 
248 250 
0 0 
0 0 
0 0 
0 0 
0 0 
254 236 
0 0 
0 0 
0 0 
0 0 
0 0 
250 246 
0 0 
0 0 
0 0 
0 0 
0 0 
236 248 
0 0 
0 0 
0 0 
0 0 
0 0 
248 250 
0 0 
0 0 
0 0 
0 0 
0 0 
252 246 
0 0 
0 0 
0 0 
0 0 
0 0 
250 236 
0 0 
0 0 
0 0 
0 0 
0 0 
250 254 
0 0 
0 0 
0 0 
0 0 
0 0 
238 250 
0 0 
0 0 
0 0 
0 0 
0 0 
248 254 
0 0 
0 0 
0 0 
0 0 
0 0 
254 252 
0 0 
0 0 
0 0 
0 0 
0 0 
246 250 
0 0 
0 0 
0 0 
0 0 
0 0 
476 250 
0 0 
0 0 
0 0 
0 0 
0 0 
0 0 
0 0 
238 240 
0 0 
0 0 
0 0 
0 0 
0 0 
256 268 
0 0 
0 0 
0 0 
0 0 
0 0 
0 0 
254 248 
0 0 
0 0 
0 0 
0 0 
0 0 
240 246 
0 0 
0 0 
0 0 
0 0 
0 0 
248 258 
0 0 
0 0 
0 0 
0 0 
0 0 
0 0 
248 728 
0 0 
0 0 
0 0 
0 0 
0 0 
0 0 
0 0 
0 0 
0 0 
246 252 
0 0 
0 0 
0 0 
0 0 
0 0 
248 244 
0 0 
0 0 
0 0 
0 0 
0 0 
250 250 
0 0 
0 0 
0 0 
0 0 
0 0 
242 254 
0 0 
0 0 
0 0 
0 0 
0 0 
246 254 
0 0 
0 0 
0 0 
0 0 
0 0 
252 246 
0 0 
0 0 
0 0 
0 0 
0 0 
254 562 
0 0 
0 0 
0 0 
0 0 
0 0 
0 0 
0 0 
250 252 
0 0 
0 0 
0 0 
0 0 
0 0 
0 0 
246 248 
0 0 
0 0 
0 0 
0 0 
0 0 
240 250 
0 0 
0 0 
0 0 
0 0 
0 0 
252 248 
0 0 
0 0 
0 0 
0 0 
0 0 
256 250 
0 0 
0 0 
0 0 
0 0 
0 0 
260 220 
0 0 
0 0 
0 0 
0 0 
0 0 
446 248 
0 0 
0 0 
0 0 
0 0 
0 0 
0 0 
0 0 
248 240 
0 0 
0 0 
0 0 
0 0 
0 0 
0 0 
280 244 
0 0 
0 0 
0 0 
0 0 
0 0 
0 0 
254 252 
0 0 
0 0 
0 0 
0 0 
0 0 
250 246 
0 0 
0 0 
0 0 
0 0 
0 0 
0 0 
258 258 
0 0 
0 0 
0 0 
0 0 
0 0 
250 600 
0 0 
0 0 
0 0 
0 0 
0 0 
0 0 
0 0 
0 0 
248 254 
0 0 
0 0 
0 0 
0 0 
0 0 
238 252 
0 0 
0 0 
0 0 
0 0 
0 0 
248 250 
0 0 
0 0 
0 0 
0 0 
0 0 
250 248 
0 0 
0 0 
0 0 
0 0 
0 0 
248 252 
0 0 
0 0 
0 0 
0 0 
0 0 
250 254 
0 0 
0 0 
0 0 
0 0 
0 0 
254 560 
0 0 
0 0 
0 0 
0 0 
0 0 
0 0 
0 0 
252 240 
0 0 
0 0 
0 0 
0 0 
0 0 
250 246 
0 0 
0 0 
0 0 
0 0 
0 0 
234 246 
0 0 
0 0 
0 0 
0 0 
0 0 
252 254 
0 0 
0 0 
0 0 
0 0 
0 0 
248 254 
0 0 
0 0 
0 0 
0 0 
0 0 
252 238 
0 0 
0 0 
0 0 
0 0 
0 0 
718 250 
0 0 
0 0 
0 0 
0 0 
0 0 
0 0 
0 0 
0 0 
0 0 
252 242 
0 0 
0 0 
0 0 
0 0 
0 0 
250 250 
0 0 
0 0 
0 0 
0 0 
0 0 
250 252 
0 0 
0 0 
0 0 
0 0 
0 0 
248 254 
0 0 
0 0 
0 0 
0 0 
0 0 
248 250 
0 0 
0 0 
0 0 
0 0 
0 0 
248 246 
0 0 
0 0 
0 0 
0 0 
0 0 
338 244 
0 0 
0 0 
0 0 
0 0 
0 0 
0 0 
252 234 
0 0 
0 0 
0 0 
0 0 
0 0 
250 244 
0 0 
0 0 
0 0 
0 0 
0 0 
246 248 
0 0 
0 0 
0 0 
0 0 
0 0 
240 246 
0 0 
0 0 
0 0 
0 0 
0 0 
0 0 
250 246 
0 0 
0 0 
0 0 
0 0 
0 0 
250 246 
0 0 
0 0 
0 0 
0 0 
0 0 
276 248 
0 0 
0 0 
0 0 
0 0 
0 0 
246 248 
0 0 
0 0 
0 0 
0 0 
0 0 
250 240 
0 0 
0 0 
0 0 
0 0 
0 0 
240 248 
0 0 
0 0 
0 0 
0 0 
0 0 
254 250 
0 0 
0 0 
0 0 
0 0 
0 0 
0 0 
248 248 
0 0 
0 0 
0 0 
0 0 
0 0 
240 252 
0 0 
0 0 
0 0 
0 0 
0 0 
414 250 
0 0 
0 0 
0 0 
0 0 
0 0 
0 0 
0 0 
246 240 
0 0 
0 0 
0 0 
0 0 
0 0 
250 256 
0 0 
0 0 
0 0 
0 0 
0 0 
250 246 
0 0 
0 0 
0 0 
0 0 
0 0 
252 246 
0 0 
0 0 
0 0 
0 0 
0 0 
256 236 
0 0 
0 0 
0 0 
0 0 
0 0 
248 248 
0 0 
0 0 
0 0 
0 0 
0 0 
384 248 
0 0 
0 0 
0 0 
0 0 
0 0 
0 0 
238 240 
0 0 
0 0 
0 0 
0 0 
0 0 
246 250 
0 0 
0 0 
0 0 
0 0 
0 0 
246 254 
0 0 
0 0 
0 0 
0 0 
0 0 
250 244 
0 0 
0 0 
0 0 
0 0 
0 0 
226 246 
0 0 
0 0 
0 0 
0 0 
0 0 
246 254 
0 0 
0 0 
0 0 
0 0 
0 0 
0 0 
248 250 
0 0 
0 0 
0 0 
0 0 
0 0 
0 0 
244 240 
0 0 
0 0 
0 0 
0 0 
0 0 
250 246 
0 0 
0 0 
0 0 
0 0 
0 0 
0 0 
248 250 
0 0 
0 0 
0 0 
0 0 
0 0 
0 0 
246 254 
0 0 
0 0 
0 0 
0 0 
0 0 
250 252 
0 0 
0 0 
0 0 
0 0 
0 0 
250 248 
0 0 
0 0 
0 0 
0 0 
0 0 
264 236 
0 0 
0 0 
0 0 
0 0 
0 0 
242 246 
0 0 
0 0 
0 0 
0 0 
0 0 
244 236 
0 0 
0 0 
0 0 
0 0 
0 0 
248 248 
0 0 
0 0 
0 0 
0 0 
0 0 
242 244 
0 0 
0 0 
0 0 
0 0 
0 0 
240 230 
0 0 
0 0 
0 0 
0 0 
0 0 
252 250 
0 0 
0 0 
0 0 
0 0 
0 0 
404 254 
0 0 
0 0 
0 0 
0 0 
0 0 
0 0 
248 238 
0 0 
0 0 
0 0 
0 0 
0 0 
252 250 
0 0 
0 0 
0 0 
0 0 
0 0 
248 248 
0 0 
0 0 
0 0 
0 0 
0 0 
216 254 
0 0 
0 0 
0 0 
0 0 
0 0 
0 0 
0 0 
248 248 
0 0 
0 0 
0 0 
0 0 
0 0 
232 252 
0 0 
0 0 
0 0 
0 0 
0 0 
0 0 
316 224 
0 0 
0 0 
0 0 
0 0 
0 0 
0 0 
236 222 
0 0 
0 0 
0 0 
0 0 
0 0 
0 0 
238 246 
0 0 
0 0 
0 0 
0 0 
0 0 
0 0 
242 254 
0 0 
0 0 
0 0 
0 0 
0 0 
256 250 
0 0 
0 0 
0 0 
0 0 
0 0 
0 0 
226 226 
0 0 
0 0 
0 0 
0 0 
0 0 
214 618 
0 0 
0 0 
0 0 
0 0 
0 0 
0 0 
0 0 
0 0 
250 238 
0 0 
0 0 
0 0 
0 0 
0 0 
250 252 
0 0 
0 0 
0 0 
0 0 
0 0 
250 248 
0 0 
0 0 
0 0 
0 0 
0 0 
252 252 
0 0 
0 0 
0 0 
0 0 
0 0 
254 232 
0 0 
0 0 
0 0 
0 0 
0 0 
250 248 
0 0 
0 0 
0 0 
0 0 
0 0 
458 250 
0 0 
0 0 
0 0 
0 0 
0 0 
0 0 
0 0 
252 240 
0 0 
0 0 
0 0 
0 0 
0 0 
252 252 
0 0 
0 0 
0 0 
0 0 
0 0 
234 252 
0 0 
0 0 
0 0 
0 0 
0 0 
254 248 
0 0 
0 0 
0 0 
0 0 
0 0 
252 248 
0 0 
0 0 
0 0 
0 0 
0 0 
252 240 
0 0 
0 0 
0 0 
0 0 
0 0 
444 248 
0 0 
0 0 
0 0 
0 0 
0 0 
0 0 
0 0 
248 238 
0 0 
0 0 
0 0 
0 0 
0 0 
244 240 
0 0 
0 0 
0 0 
0 0 
0 0 
242 234 
0 0 
0 0 
0 0 
0 0 
0 0 
276 224 
0 0 
0 0 
0 0 
0 0 
0 0 
240 244 
0 0 
0 0 
0 0 
0 0 
0 0 
220 252 
0 0 
0 0 
0 0 
0 0 
0 0 
634 236 
0 0 
0 0 
0 0 
0 0 
0 0 
0 0 
0 0 
0 0 
226 220 
0 0 
0 0 
0 0 
0 0 
0 0 
228 254 
0 0 
0 0 
0 0 
0 0 
0 0 
250 250 
0 0 
0 0 
0 0 
0 0 
0 0 
226 236 
0 0 
0 0 
0 0 
0 0 
0 0 
258 244 
0 0 
0 0 
0 0 
0 0 
0 0 
236 220 
0 0 
0 0 
0 0 
0 0 
0 0 
266 248 
0 0 
0 0 
0 0 
0 0 
0 0 
246 248 
0 0 
0 0 
0 0 
0 0 
0 0 
218 278 
0 0 
0 0 
0 0 
0 0 
0 0 
250 250 
0 0 
0 0 
0 0 
0 0 
0 0 
0 0 
250 222 
0 0 
0 0 
0 0 
0 0 
0 0 
250 248 
0 0 
0 0 
0 0 
0 0 
0 0 
230 250 
0 0 
0 0 
0 0 
0 0 
0 0 
240 252 
0 0 
0 0 
0 0 
0 0 
0 0 
250 254 
0 0 
0 0 
0 0 
0 0 
0 0 
246 238 
0 0 
0 0 
0 0 
0 0 
0 0 
236 236 
0 0 
0 0 
0 0 
0 0 
0 0 
218 246 
0 0 
0 0 
0 0 
0 0 
0 0 
224 220 
0 0 
0 0 
0 0 
0 0 
0 0 
248 248 
0 0 
0 0 
0 0 
0 0 
0 0 
220 604 
0 0 
0 0 
0 0 
0 0 
0 0 
0 0 
0 0 
0 0 
250 222 
0 0 
0 0 
0 0 
0 0 
0 0 
244 254 
0 0 
0 0 
0 0 
0 0 
0 0 
268 246 
0 0 
0 0 
0 0 
0 0 
0 0 
0 0 
224 222 
0 0 
0 0 
0 0 
0 0 
0 0 
250 246 
0 0 
0 0 
0 0 
0 0 
0 0 
222 224 
0 0 
0 0 
0 0 
0 0 
0 0 
244 252 
0 0 
0 0 
0 0 
0 0 
0 0 
228 238 
0 0 
0 0 
0 0 
0 0 
0 0 
226 226 
0 0 
0 0 
0 0 
0 0 
0 0 
238 222 
0 0 
0 0 
0 0 
0 0 
0 0 
252 236 
0 0 
0 0 
0 0 
0 0 
0 0 
248 242 
0 0 
0 0 
0 0 
0 0 
0 0 
228 248 
0 0 
0 0 
0 0 
0 0 
0 0 
510 250 
0 0 
0 0 
0 0 
0 0 
0 0 
0 0 
0 0 
0 0 
220 238 
0 0 
0 0 
0 0 
0 0 
0 0 
250 240 
0 0 
0 0 
0 0 
0 0 
0 0 
256 252 
0 0 
0 0 
0 0 
0 0 
0 0 
250 246 
0 0 
0 0 
0 0 
0 0 
0 0 
222 218 
0 0 
0 0 
0 0 
0 0 
0 0 
256 246 
0 0 
0 0 
0 0 
0 0 
0 0 
0 0 
220 246 
0 0 
0 0 
0 0 
0 0 
0 0 
248 240 
0 0 
0 0 
0 0 
0 0 
0 0 
254 248 
0 0 
0 0 
0 0 
0 0 
0 0 
246 248 
0 0 
0 0 
0 0 
0 0 
0 0 
248 286 
0 0 
0 0 
0 0 
0 0 
0 0 
0 0 
248 244 
0 0 
0 0 
0 0 
0 0 
0 0 
246 220 
0 0 
0 0 
0 0 
0 0 
0 0 
248 246 
0 0 
0 0 
0 0 
0 0 
0 0 
246 250 
0 0 
0 0 
0 0 
0 0 
0 0 
244 248 
0 0 
0 0 
0 0 
0 0 
0 0 
246 252 
0 0 
0 0 
0 0 
0 0 
0 0 
256 228 
0 0 
0 0 
0 0 
0 0 
0 0 
246 242 
0 0 
0 0 
0 0 
0 0 
0 0 
224 252 
0 0 
0 0 
0 0 
0 0 
0 0 
574 220 
0 0 
0 0 
0 0 
0 0 
0 0 
0 0 
0 0 
0 0 
250 242 
0 0 
0 0 
0 0 
0 0 
0 0 
0 0 
250 254 
0 0 
0 0 
0 0 
0 0 
0 0 
0 0 
250 248 
0 0 
0 0 
0 0 
0 0 
0 0 
246 248 
0 0 
0 0 
0 0 
0 0 
0 0 
252 250 
0 0 
0 0 
0 0 
0 0 
0 0 
0 0 
248 716 
0 0 
0 0 
0 0 
0 0 
0 0 
0 0 
0 0 
0 0 
0 0 
216 236 
0 0 
0 0 
0 0 
0 0 
0 0 
236 250 
0 0 
0 0 
0 0 
0 0 
0 0 
286 252 
0 0 
0 0 
0 0 
0 0 
0 0 
0 0 
244 238 
0 0 
0 0 
0 0 
0 0 
0 0 
0 0 
250 252 
0 0 
0 0 
0 0 
0 0 
0 0 
228 248 
0 0 
0 0 
0 0 
0 0 
0 0 
264 252 
0 0 
0 0 
0 0 
0 0 
0 0 
224 238 
0 0 
0 0 
0 0 
0 0 
0 0 
230 228 
0 0 
0 0 
0 0 
0 0 
0 0 
244 244 
0 0 
0 0 
0 0 
0 0 
0 0 
226 246 
0 0 
0 0 
0 0 
0 0 
0 0 
248 244 
0 0 
0 0 
0 0 
0 0 
0 0 
250 254 
0 0 
0 0 
0 0 
0 0 
0 0 
414 216 
0 0 
0 0 
0 0 
0 0 
0 0 
0 0 
252 234 
0 0 
0 0 
0 0 
0 0 
0 0 
246 252 
0 0 
0 0 
0 0 
0 0 
0 0 
0 0 
252 224 
0 0 
0 0 
0 0 
0 0 
0 0 
250 252 
0 0 
0 0 
0 0 
0 0 
0 0 
252 248 
0 0 
0 0 
0 0 
0 0 
0 0 
246 248 
0 0 
0 0 
0 0 
0 0 
0 0 
558 254 
0 0 
0 0 
0 0 
0 0 
0 0 
0 0 
0 0 
0 0 
238 238 
0 0 
0 0 
0 0 
0 0 
0 0 
250 250 
0 0 
0 0 
0 0 
0 0 
0 0 
256 246 
0 0 
0 0 
0 0 
0 0 
0 0 
250 248 
0 0 
0 0 
0 0 
0 0 
0 0 
252 252 
0 0 
0 0 
0 0 
0 0 
0 0 
238 254 
0 0 
0 0 
0 0 
0 0 
0 0 
0 0 
222 252 
0 0 
0 0 
0 0 
0 0 
0 0 
0 0 
242 252 
0 0 
0 0 
0 0 
0 0 
0 0 
0 0 
220 254 
0 0 
0 0 
0 0 
0 0 
0 0 
252 218 
0 0 
0 0 
0 0 
0 0 
0 0 
222 252 
0 0 
0 0 
0 0 
0 0 
0 0 
248 244 
0 0 
0 0 
0 0 
0 0 
0 0 
262 660 
0 0 
0 0 
0 0 
0 0 
0 0 
0 0 
0 0 
0 0 
0 0 
252 238 
0 0 
0 0 
0 0 
0 0 
0 0 
252 252 
0 0 
0 0 
0 0 
0 0 
0 0 
0 0 
260 216 
0 0 
0 0 
0 0 
0 0 
0 0 
242 238 
0 0 
0 0 
0 0 
0 0 
0 0 
222 250 
0 0 
0 0 
0 0 
0 0 
0 0 
248 252 
0 0 
0 0 
0 0 
0 0 
0 0 
542 256 
0 0 
0 0 
0 0 
0 0 
0 0 
0 0 
0 0 
0 0 
224 240 
0 0 
0 0 
0 0 
0 0 
0 0 
252 252 
0 0 
0 0 
0 0 
0 0 
0 0 
0 0 
254 242 
0 0 
0 0 
0 0 
0 0 
0 0 
0 0 
246 260 
0 0 
0 0 
0 0 
0 0 
0 0 
0 0 
248 220 
0 0 
0 0 
0 0 
0 0 
0 0 
246 566 
0 0 
0 0 
0 0 
0 0 
0 0 
0 0 
0 0 
0 0 
250 246 
0 0 
0 0 
0 0 
0 0 
0 0 
246 252 
0 0 
0 0 
0 0 
0 0 
0 0 
256 248 
0 0 
0 0 
0 0 
0 0 
0 0 
248 248 
0 0 
0 0 
0 0 
0 0 
0 0 
228 260 
0 0 
0 0 
0 0 
0 0 
0 0 
248 250 
0 0 
0 0 
0 0 
0 0 
0 0 
546 286 
0 0 
0 0 
0 0 
0 0 
0 0 
0 0 
0 0 
0 0 
246 302 
0 0 
0 0 
0 0 
0 0 
0 0 
0 0 
238 272 
0 0 
0 0 
0 0 
0 0 
0 0 
0 0 
230 224 
0 0 
0 0 
0 0 
0 0 
0 0 
248 228 
0 0 
0 0 
0 0 
0 0 
0 0 
218 222 
0 0 
0 0 
0 0 
0 0 
0 0 
236 684 
0 0 
0 0 
0 0 
0 0 
0 0 
0 0 
0 0 
0 0 
0 0 
240 322 
0 0 
0 0 
0 0 
0 0 
0 0 
0 0 
242 250 
0 0 
0 0 
0 0 
0 0 
0 0 
242 274 
0 0 
0 0 
0 0 
0 0 
0 0 
0 0 
242 250 
0 0 
0 0 
0 0 
0 0 
0 0 
244 242 
0 0 
0 0 
0 0 
0 0 
0 0 
238 238 
0 0 
0 0 
0 0 
0 0 
0 0 
226 262 
0 0 
0 0 
0 0 
0 0 
0 0 
274 232 
0 0 
0 0 
0 0 
0 0 
0 0 
272 216 
0 0 
0 0 
0 0 
0 0 
0 0 
274 248 
0 0 
0 0 
0 0 
0 0 
0 0 
272 250 
0 0 
0 0 
0 0 
0 0 
0 0 
246 240 
0 0 
0 0 
0 0 
0 0 
0 0 
284 220 
0 0 
0 0 
0 0 
0 0 
0 0 
352 690 
0 0 
0 0 
0 0 
0 0 
0 0 
0 0 
0 0 
0 0 
0 0 
0 0 
268 240 
0 0 
0 0 
0 0 
0 0 
0 0 
250 244 
0 0 
0 0 
0 0 
0 0 
0 0 
244 244 
0 0 
0 0 
0 0 
0 0 
0 0 
232 346 
0 0 
0 0 
0 0 
0 0 
0 0 
0 0 
236 252 
0 0 
0 0 
0 0 
0 0 
0 0 
250 654 
0 0 
0 0 
0 0 
0 0 
0 0 
0 0 
0 0 
0 0 
222 236 
0 0 
0 0 
0 0 
0 0 
0 0 
0 0 
244 246 
0 0 
0 0 
0 0 
0 0 
0 0 
232 240 
0 0 
0 0 
0 0 
0 0 
0 0 
248 248 
0 0 
0 0 
0 0 
0 0 
0 0 
244 216 
0 0 
0 0 
0 0 
0 0 
0 0 
244 226 
0 0 
0 0 
0 0 
0 0 
0 0 
538 222 
0 0 
0 0 
0 0 
0 0 
0 0 
0 0 
0 0 
0 0 
240 246 
0 0 
0 0 
0 0 
0 0 
0 0 
266 248 
0 0 
0 0 
0 0 
0 0 
0 0 
254 258 
0 0 
0 0 
0 0 
0 0 
0 0 
254 238 
0 0 
0 0 
0 0 
0 0 
0 0 
240 242 
0 0 
0 0 
0 0 
0 0 
0 0 
256 252 
0 0 
0 0 
0 0 
0 0 
0 0 
0 0 
220 244 
0 0 
0 0 
0 0 
0 0 
0 0 
282 226 
0 0 
0 0 
0 0 
0 0 
0 0 
0 0 
250 254 
0 0 
0 0 
0 0 
0 0 
0 0 
224 228 
0 0 
0 0 
0 0 
0 0 
0 0 
226 228 
0 0 
0 0 
0 0 
0 0 
0 0 
230 224 
0 0 
0 0 
0 0 
0 0 
0 0 
248 246 
0 0 
0 0 
0 0 
0 0 
0 0 
376 240 
0 0 
0 0 
0 0 
0 0 
0 0 
0 0 
0 0 
224 222 
0 0 
0 0 
0 0 
0 0 
0 0 
224 240 
0 0 
0 0 
0 0 
0 0 
0 0 
248 246 
0 0 
0 0 
0 0 
0 0 
0 0 
260 248 
0 0 
0 0 
0 0 
0 0 
0 0 
0 0 
242 252 
0 0 
0 0 
0 0 
0 0 
0 0 
0 0 
240 568 
0 0 
0 0 
0 0 
0 0 
0 0 
0 0 
0 0 
0 0 
222 240 
0 0 
0 0 
0 0 
0 0 
0 0 
224 218 
0 0 
0 0 
0 0 
0 0 
0 0 
248 240 
0 0 
0 0 
0 0 
0 0 
0 0 
222 252 
0 0 
0 0 
0 0 
0 0 
0 0 
230 240 
0 0 
0 0 
0 0 
0 0 
0 0 
248 244 
0 0 
0 0 
0 0 
0 0 
0 0 
228 218 
0 0 
0 0 
0 0 
0 0 
0 0 
248 250 
0 0 
0 0 
0 0 
0 0 
0 0 
236 248 
0 0 
0 0 
0 0 
0 0 
0 0 
254 248 
0 0 
0 0 
0 0 
0 0 
0 0 
0 0 
250 252 
0 0 
0 0 
0 0 
0 0 
0 0 
0 0 
248 234 
0 0 
0 0 
0 0 
0 0 
0 0 
252 224 
0 0 
0 0 
0 0 
0 0 
0 0 
614 254 
0 0 
0 0 
0 0 
0 0 
0 0 
0 0 
0 0 
0 0 
246 232 
0 0 
0 0 
0 0 
0 0 
0 0 
252 246 
0 0 
0 0 
0 0 
0 0 
0 0 
0 0 
250 252 
0 0 
0 0 
0 0 
0 0 
0 0 
250 252 
0 0 
0 0 
0 0 
0 0 
0 0 
246 250 
0 0 
0 0 
0 0 
0 0 
0 0 
254 248 
0 0 
0 0 
0 0 
0 0 
0 0 
260 244 
0 0 
0 0 
0 0 
0 0 
0 0 
254 248 
0 0 
0 0 
0 0 
0 0 
0 0 
248 250 
0 0 
0 0 
0 0 
0 0 
0 0 
254 252 
0 0 
0 0 
0 0 
0 0 
0 0 
252 252 
0 0 
0 0 
0 0 
0 0 
0 0 
252 246 
0 0 
0 0 
0 0 
0 0 
0 0 
252 250 
0 0 
0 0 
0 0 
0 0 
0 0 
0 0 
492 248 
0 0 
0 0 
0 0 
0 0 
0 0 
0 0 
0 0 
0 0 
248 236 
0 0 
0 0 
0 0 
0 0 
0 0 
248 240 
0 0 
0 0 
0 0 
0 0 
0 0 
0 0 
252 248 
0 0 
0 0 
0 0 
0 0 
0 0 
0 0 
246 250 
0 0 
0 0 
0 0 
0 0 
0 0 
250 240 
0 0 
0 0 
0 0 
0 0 
0 0 
252 564 
0 0 
0 0 
0 0 
0 0 
0 0 
0 0 
0 0 
0 0 
250 248 
0 0 
0 0 
0 0 
0 0 
0 0 
248 214 
0 0 
0 0 
0 0 
0 0 
0 0 
252 254 
0 0 
0 0 
0 0 
0 0 
0 0 
222 248 
0 0 
0 0 
0 0 
0 0 
0 0 
248 250 
0 0 
0 0 
0 0 
0 0 
0 0 
0 0 
256 250 
0 0 
0 0 
0 0 
0 0 
0 0 
0 0 
262 252 
0 0 
0 0 
0 0 
0 0 
0 0 
248 242 
0 0 
0 0 
0 0 
0 0 
0 0 
252 250 
0 0 
0 0 
0 0 
0 0 
0 0 
0 0 
282 256 
0 0 
0 0 
0 0 
0 0 
0 0 
0 0 
250 246 
0 0 
0 0 
0 0 
0 0 
0 0 
256 250 
0 0 
0 0 
0 0 
0 0 
0 0 
252 220 
0 0 
0 0 
0 0 
0 0 
0 0 
230 250 
0 0 
0 0 
0 0 
0 0 
0 0 
220 252 
0 0 
0 0 
0 0 
0 0 
0 0 
246 250 
0 0 
0 0 
0 0 
0 0 
0 0 
258 244 
0 0 
0 0 
0 0 
0 0 
0 0 
250 254 
0 0 
0 0 
0 0 
0 0 
0 0 
252 248 
0 0 
0 0 
0 0 
0 0 
0 0 
0 0 
218 250 
0 0 
0 0 
0 0 
0 0 
0 0 
344 248 
0 0 
0 0 
0 0 
0 0 
0 0 
0 0 
248 238 
0 0 
0 0 
0 0 
0 0 
0 0 
240 258 
0 0 
0 0 
0 0 
0 0 
0 0 
0 0 
248 262 
0 0 
0 0 
0 0 
0 0 
0 0 
0 0 
250 252 
0 0 
0 0 
0 0 
0 0 
0 0 
282 254 
0 0 
0 0 
0 0 
0 0 
0 0 
246 246 
0 0 
0 0 
0 0 
0 0 
0 0 
282 246 
0 0 
0 0 
0 0 
0 0 
0 0 
244 236 
0 0 
0 0 
0 0 
0 0 
0 0 
258 250 
0 0 
0 0 
0 0 
0 0 
0 0 
246 246 
0 0 
0 0 
0 0 
0 0 
0 0 
246 248 
0 0 
0 0 
0 0 
0 0 
0 0 
250 246 
0 0 
0 0 
0 0 
0 0 
0 0 
252 236 
0 0 
0 0 
0 0 
0 0 
0 0 
448 250 
0 0 
0 0 
0 0 
0 0 
0 0 
0 0 
0 0 
248 232 
0 0 
0 0 
0 0 
0 0 
0 0 
246 240 
0 0 
0 0 
0 0 
0 0 
0 0 
248 246 
0 0 
0 0 
0 0 
0 0 
0 0 
248 238 
0 0 
0 0 
0 0 
0 0 
0 0 
250 254 
0 0 
0 0 
0 0 
0 0 
0 0 
0 0 
248 244 
0 0 
0 0 
0 0 
0 0 
0 0 
0 0 
230 254 
0 0 
0 0 
0 0 
0 0 
0 0 
254 240 
0 0 
0 0 
0 0 
0 0 
0 0 
250 246 
0 0 
0 0 
0 0 
0 0 
0 0 
0 0 
248 250 
0 0 
0 0 
0 0 
0 0 
0 0 
0 0 
258 250 
0 0 
0 0 
0 0 
0 0 
0 0 
222 254 
0 0 
0 0 
0 0 
0 0 
0 0 
250 656 
0 0 
0 0 
0 0 
0 0 
0 0 
0 0 
0 0 
0 0 
0 0 
248 240 
0 0 
0 0 
0 0 
0 0 
0 0 
234 252 
0 0 
0 0 
0 0 
0 0 
0 0 
0 0 
242 248 
0 0 
0 0 
0 0 
0 0 
0 0 
248 252 
0 0 
0 0 
0 0 
0 0 
0 0 
250 248 
0 0 
0 0 
0 0 
0 0 
0 0 
230 240 
0 0 
0 0 
0 0 
0 0 
0 0 
510 248 
0 0 
0 0 
0 0 
0 0 
0 0 
0 0 
0 0 
254 694 
0 0 
0 0 
0 0 
0 0 
0 0 
0 0 
0 0 
0 0 
0 0 
330 732 
0 0 
0 0 
0 0 
0 0 
0 0 
0 0 
0 0 
0 0 
0 0 
0 0 
548 1548 
0 0 
0 0 
0 0 
0 0 
0 0 
0 0 
0 0 
0 0 
0 0 
0 0 
0 0 
0 0 
0 0 
0 0 
0 0 
0 0 
0 0 
0 0 
1288 260 
0 0 
0 0 
0 0 
0 0 
0 0 
0 0 
0 0 
0 0 
0 0 
0 0 
0 0 
0 0 
0 0 
286 1526 
0 0 
0 0 
0 0 
0 0 
0 0 
0 0 
0 0 
0 0 
0 0 
0 0 
0 0 
0 0 
0 0 
0 0 
0 0 
856 1704 
0 0 
0 0 
0 0 
0 0 
0 0 
0 0 
0 0 
0 0 
0 0 
0 0 
0 0 
0 0 
0 0 
0 0 
0 0 
0 0 
0 0 
0 0 
0 0 
230 230 
0 0 
0 0 
0 0 
0 0 
0 0 
256 732 
0 0 
0 0 
0 0 
0 0 
0 0 
0 0 
0 0 
0 0 
0 0 
250 244 
0 0 
0 0 
0 0 
0 0 
0 0 
252 250 
0 0 
0 0 
0 0 
0 0 
0 0 
246 250 
0 0 
0 0 
0 0 
0 0 
0 0 
382 248 
0 0 
0 0 
0 0 
0 0 
0 0 
0 0 
246 244 
0 0 
0 0 
0 0 
0 0 
0 0 
0 0 
246 258 
0 0 
0 0 
0 0 
0 0 
0 0 
256 252 
0 0 
0 0 
0 0 
0 0 
0 0 
246 248 
0 0 
0 0 
0 0 
0 0 
0 0 
252 250 
0 0 
0 0 
0 0 
0 0 
0 0 
232 250 
0 0 
0 0 
0 0 
0 0 
0 0 
296 252 
0 0 
0 0 
0 0 
0 0 
0 0 
0 0 
252 238 
0 0 
0 0 
0 0 
0 0 
0 0 
246 252 
0 0 
0 0 
0 0 
0 0 
0 0 
252 240 
0 0 
0 0 
0 0 
0 0 
0 0 
252 244 
0 0 
0 0 
0 0 
0 0 
0 0 
240 248 
0 0 
0 0 
0 0 
0 0 
0 0 
250 250 
0 0 
0 0 
0 0 
0 0 
0 0 
476 248 
0 0 
0 0 
0 0 
0 0 
0 0 
0 0 
0 0 
240 236 
0 0 
0 0 
0 0 
0 0 
0 0 
250 242 
0 0 
0 0 
0 0 
0 0 
0 0 
252 250 
0 0 
0 0 
0 0 
0 0 
0 0 
0 0 
246 252 
0 0 
0 0 
0 0 
0 0 
0 0 
254 248 
0 0 
0 0 
0 0 
0 0 
0 0 
0 0 
252 740 
0 0 
0 0 
0 0 
0 0 
0 0 
0 0 
0 0 
0 0 
0 0 
248 248 
0 0 
0 0 
0 0 
0 0 
0 0 
0 0 
252 250 
0 0 
0 0 
0 0 
0 0 
0 0 
248 248 
0 0 
0 0 
0 0 
0 0 
0 0 
220 246 
0 0 
0 0 
0 0 
0 0 
0 0 
250 254 
0 0 
0 0 
0 0 
0 0 
0 0 
250 250 
0 0 
0 0 
0 0 
0 0 
0 0 
498 248 
0 0 
0 0 
0 0 
0 0 
0 0 
0 0 
0 0 
0 0 
252 240 
0 0 
0 0 
0 0 
0 0 
0 0 
250 254 
0 0 
0 0 
0 0 
0 0 
0 0 
0 0 
240 248 
0 0 
0 0 
0 0 
0 0 
0 0 
246 250 
0 0 
0 0 
0 0 
0 0 
0 0 
250 248 
0 0 
0 0 
0 0 
0 0 
0 0 
0 0 
296 580 
0 0 
0 0 
0 0 
0 0 
0 0 
0 0 
0 0 
0 0 
256 248 
0 0 
0 0 
0 0 
0 0 
0 0 
0 0 
230 250 
0 0 
0 0 
0 0 
0 0 
0 0 
250 250 
0 0 
0 0 
0 0 
0 0 
0 0 
254 242 
0 0 
0 0 
0 0 
0 0 
0 0 
258 246 
0 0 
0 0 
0 0 
0 0 
0 0 
254 248 
0 0 
0 0 
0 0 
0 0 
0 0 
640 240 
0 0 
0 0 
0 0 
0 0 
0 0 
0 0 
0 0 
0 0 
0 0 
248 242 
0 0 
0 0 
0 0 
0 0 
0 0 
246 246 
0 0 
0 0 
0 0 
0 0 
0 0 
0 0 
252 252 
0 0 
0 0 
0 0 
0 0 
0 0 
254 248 
0 0 
0 0 
0 0 
0 0 
0 0 
226 256 
0 0 
0 0 
0 0 
0 0 
0 0 
256 252 
0 0 
0 0 
0 0 
0 0 
0 0 
248 244 
0 0 
0 0 
0 0 
0 0 
0 0 
0 0 
256 244 
0 0 
0 0 
0 0 
0 0 
0 0 
0 0 
246 250 
0 0 
0 0 
0 0 
0 0 
0 0 
248 254 
0 0 
0 0 
0 0 
0 0 
0 0 
256 240 
0 0 
0 0 
0 0 
0 0 
0 0 
254 254 
0 0 
0 0 
0 0 
0 0 
0 0 
234 256 
0 0 
0 0 
0 0 
0 0 
0 0 
230 246 
0 0 
0 0 
0 0 
0 0 
0 0 
246 238 
0 0 
0 0 
0 0 
0 0 
0 0 
250 244 
0 0 
0 0 
0 0 
0 0 
0 0 
256 248 
0 0 
0 0 
0 0 
0 0 
0 0 
234 250 
0 0 
0 0 
0 0 
0 0 
0 0 
250 242 
0 0 
0 0 
0 0 
0 0 
0 0 
250 244 
0 0 
0 0 
0 0 
0 0 
0 0 
300 240 
0 0 
0 0 
0 0 
0 0 
0 0 
0 0 
248 238 
0 0 
0 0 
0 0 
0 0 
0 0 
252 252 
0 0 
0 0 
0 0 
0 0 
0 0 
250 290 
0 0 
0 0 
0 0 
0 0 
0 0 
248 248 
0 0 
0 0 
0 0 
0 0 
0 0 
0 0 
238 250 
0 0 
0 0 
0 0 
0 0 
0 0 
0 0 
250 302 
0 0 
0 0 
0 0 
0 0 
0 0 
0 0 
256 244 
0 0 
0 0 
0 0 
0 0 
0 0 
250 244 
0 0 
0 0 
0 0 
0 0 
0 0 
250 256 
0 0 
0 0 
0 0 
0 0 
0 0 
254 248 
0 0 
0 0 
0 0 
0 0 
0 0 
248 222 
0 0 
0 0 
0 0 
0 0 
0 0 
248 252 
0 0 
0 0 
0 0 
0 0 
0 0 
252 248 
0 0 
0 0 
0 0 
0 0 
0 0 
246 248 
0 0 
0 0 
0 0 
0 0 
0 0 
254 244 
0 0 
0 0 
0 0 
0 0 
0 0 
254 246 
0 0 
0 0 
0 0 
0 0 
0 0 
250 250 
0 0 
0 0 
0 0 
0 0 
0 0 
246 250 
0 0 
0 0 
0 0 
0 0 
0 0 
248 248 
0 0 
0 0 
0 0 
0 0 
0 0 
246 244 
0 0 
0 0 
0 0 
0 0 
0 0 
574 234 
0 0 
0 0 
0 0 
0 0 
0 0 
0 0 
0 0 
248 238 
0 0 
0 0 
0 0 
0 0 
0 0 
252 250 
0 0 
0 0 
0 0 
0 0 
0 0 
250 242 
0 0 
0 0 
0 0 
0 0 
0 0 
0 0 
244 246 
0 0 
0 0 
0 0 
0 0 
0 0 
240 252 
0 0 
0 0 
0 0 
0 0 
0 0 
252 250 
0 0 
0 0 
0 0 
0 0 
0 0 
240 250 
0 0 
0 0 
0 0 
0 0 
0 0 
0 0 
250 244 
0 0 
0 0 
0 0 
0 0 
0 0 
252 252 
0 0 
0 0 
0 0 
0 0 
0 0 
0 0 
250 250 
0 0 
0 0 
0 0 
0 0 
0 0 
0 0 
252 250 
0 0 
0 0 
0 0 
0 0 
0 0 
252 254 
0 0 
0 0 
0 0 
0 0 
0 0 
256 248 
0 0 
0 0 
0 0 
0 0 
0 0 
248 250 
0 0 
0 0 
0 0 
0 0 
0 0 
0 0 
246 238 
0 0 
0 0 
0 0 
0 0 
0 0 
224 252 
0 0 
0 0 
0 0 
0 0 
0 0 
254 254 
0 0 
0 0 
0 0 
0 0 
0 0 
250 250 
0 0 
0 0 
0 0 
0 0 
0 0 
252 254 
0 0 
0 0 
0 0 
0 0 
0 0 
252 248 
0 0 
0 0 
0 0 
0 0 
0 0 
282 250 
0 0 
0 0 
0 0 
0 0 
0 0 
252 246 
0 0 
0 0 
0 0 
0 0 
0 0 
246 250 
0 0 
0 0 
0 0 
0 0 
0 0 
252 240 
0 0 
0 0 
0 0 
0 0 
0 0 
250 248 
0 0 
0 0 
0 0 
0 0 
0 0 
264 252 
0 0 
0 0 
0 0 
0 0 
0 0 
252 250 
0 0 
0 0 
0 0 
0 0 
0 0 
594 250 
0 0 
0 0 
0 0 
0 0 
0 0 
0 0 
0 0 
0 0 
240 244 
0 0 
0 0 
0 0 
0 0 
0 0 
250 252 
0 0 
0 0 
0 0 
0 0 
0 0 
0 0 
252 250 
0 0 
0 0 
0 0 
0 0 
0 0 
0 0 
248 258 
0 0 
0 0 
0 0 
0 0 
0 0 
250 250 
0 0 
0 0 
0 0 
0 0 
0 0 
242 728 
0 0 
0 0 
0 0 
0 0 
0 0 
0 0 
0 0 
0 0 
0 0 
254 246 
0 0 
0 0 
0 0 
0 0 
0 0 
258 248 
0 0 
0 0 
0 0 
0 0 
0 0 
248 248 
0 0 
0 0 
0 0 
0 0 
0 0 
244 244 
0 0 
0 0 
0 0 
0 0 
0 0 
248 250 
0 0 
0 0 
0 0 
0 0 
0 0 
252 246 
0 0 
0 0 
0 0 
0 0 
0 0 
670 250 
0 0 
0 0 
0 0 
0 0 
0 0 
0 0 
0 0 
0 0 
0 0 
248 248 
0 0 
0 0 
0 0 
0 0 
0 0 
250 250 
0 0 
0 0 
0 0 
0 0 
0 0 
222 250 
0 0 
0 0 
0 0 
0 0 
0 0 
246 246 
0 0 
0 0 
0 0 
0 0 
0 0 
250 246 
0 0 
0 0 
0 0 
0 0 
0 0 
250 246 
0 0 
0 0 
0 0 
0 0 
0 0 
266 250 
0 0 
0 0 
0 0 
0 0 
0 0 
356 242 
0 0 
0 0 
0 0 
0 0 
0 0 
0 0 
250 248 
0 0 
0 0 
0 0 
0 0 
0 0 
248 246 
0 0 
0 0 
0 0 
0 0 
0 0 
322 248 
0 0 
0 0 
0 0 
0 0 
0 0 
0 0 
250 252 
0 0 
0 0 
0 0 
0 0 
0 0 
0 0 
250 742 
0 0 
0 0 
0 0 
0 0 
0 0 
0 0 
0 0 
0 0 
0 0 
246 242 
0 0 
0 0 
0 0 
0 0 
0 0 
0 0 
238 250 
0 0 
0 0 
0 0 
0 0 
0 0 
250 244 
0 0 
0 0 
0 0 
0 0 
0 0 
248 246 
0 0 
0 0 
0 0 
0 0 
0 0 
248 238 
0 0 
0 0 
0 0 
0 0 
0 0 
242 250 
0 0 
0 0 
0 0 
0 0 
0 0 
534 252 
0 0 
0 0 
0 0 
0 0 
0 0 
0 0 
0 0 
250 238 
0 0 
0 0 
0 0 
0 0 
0 0 
252 248 
0 0 
0 0 
0 0 
0 0 
0 0 
242 246 
0 0 
0 0 
0 0 
0 0 
0 0 
254 250 
0 0 
0 0 
0 0 
0 0 
0 0 
248 250 
0 0 
0 0 
0 0 
0 0 
0 0 
248 252 
0 0 
0 0 
0 0 
0 0 
0 0 
434 250 
0 0 
0 0 
0 0 
0 0 
0 0 
0 0 
0 0 
256 244 
0 0 
0 0 
0 0 
0 0 
0 0 
248 240 
0 0 
0 0 
0 0 
0 0 
0 0 
254 246 
0 0 
0 0 
0 0 
0 0 
0 0 
0 0 
252 246 
0 0 
0 0 
0 0 
0 0 
0 0 
252 256 
0 0 
0 0 
0 0 
0 0 
0 0 
252 246 
0 0 
0 0 
0 0 
0 0 
0 0 
0 0 
250 254 
0 0 
0 0 
0 0 
0 0 
0 0 
268 238 
0 0 
0 0 
0 0 
0 0 
0 0 
246 250 
0 0 
0 0 
0 0 
0 0 
0 0 
252 236 
0 0 
0 0 
0 0 
0 0 
0 0 
252 242 
0 0 
0 0 
0 0 
0 0 
0 0 
252 236 
0 0 
0 0 
0 0 
0 0 
0 0 
250 252 
0 0 
0 0 
0 0 
0 0 
0 0 
0 0 
586 254 
0 0 
0 0 
0 0 
0 0 
0 0 
0 0 
0 0 
0 0 
236 244 
0 0 
0 0 
0 0 
0 0 
0 0 
248 230 
0 0 
0 0 
0 0 
0 0 
0 0 
252 248 
0 0 
0 0 
0 0 
0 0 
0 0 
246 246 
0 0 
0 0 
0 0 
0 0 
0 0 
246 248 
0 0 
0 0 
0 0 
0 0 
0 0 
250 672 
0 0 
0 0 
0 0 
0 0 
0 0 
0 0 
0 0 
0 0 
0 0 
246 254 
0 0 
0 0 
0 0 
0 0 
0 0 
252 234 
0 0 
0 0 
0 0 
0 0 
0 0 
252 250 
0 0 
0 0 
0 0 
0 0 
0 0 
242 252 
0 0 
0 0 
0 0 
0 0 
0 0 
248 252 
0 0 
0 0 
0 0 
0 0 
0 0 
242 242 
0 0 
0 0 
0 0 
0 0 
0 0 
698 244 
0 0 
0 0 
0 0 
0 0 
0 0 
0 0 
0 0 
0 0 
0 0 
252 242 
0 0 
0 0 
0 0 
0 0 
0 0 
248 248 
0 0 
0 0 
0 0 
0 0 
0 0 
240 244 
0 0 
0 0 
0 0 
0 0 
0 0 
0 0 
250 256 
0 0 
0 0 
0 0 
0 0 
0 0 
248 254 
0 0 
0 0 
0 0 
0 0 
0 0 
0 0 
254 606 
0 0 
0 0 
0 0 
0 0 
0 0 
0 0 
0 0 
0 0 
244 234 
0 0 
0 0 
0 0 
0 0 
0 0 
0 0 
246 250 
0 0 
0 0 
0 0 
0 0 
0 0 
240 248 
0 0 
0 0 
0 0 
0 0 
0 0 
0 0 
244 248 
0 0 
0 0 
0 0 
0 0 
0 0 
0 0 
250 250 
0 0 
0 0 
0 0 
0 0 
0 0 
250 248 
0 0 
0 0 
0 0 
0 0 
0 0 
0 0 
252 224 
0 0 
0 0 
0 0 
0 0 
0 0 
248 240 
0 0 
0 0 
0 0 
0 0 
0 0 
244 252 
0 0 
0 0 
0 0 
0 0 
0 0 
246 248 
0 0 
0 0 
0 0 
0 0 
0 0 
250 250 
0 0 
0 0 
0 0 
0 0 
0 0 
252 226 
0 0 
0 0 
0 0 
0 0 
0 0 
250 252 
0 0 
0 0 
0 0 
0 0 
0 0 
314 244 
0 0 
0 0 
0 0 
0 0 
0 0 
0 0 
252 236 
0 0 
0 0 
0 0 
0 0 
0 0 
0 0 
248 250 
0 0 
0 0 
0 0 
0 0 
0 0 
0 0 
228 248 
0 0 
0 0 
0 0 
0 0 
0 0 
250 254 
0 0 
0 0 
0 0 
0 0 
0 0 
0 0 
252 260 
0 0 
0 0 
0 0 
0 0 
0 0 
0 0 
234 564 
0 0 
0 0 
0 0 
0 0 
0 0 
0 0 
0 0 
0 0 
242 250 
0 0 
0 0 
0 0 
0 0 
0 0 
0 0 
252 242 
0 0 
0 0 
0 0 
0 0 
0 0 
0 0 
252 250 
0 0 
0 0 
0 0 
0 0 
0 0 
0 0 
254 250 
0 0 
0 0 
0 0 
0 0 
0 0 
250 250 
0 0 
0 0 
0 0 
0 0 
0 0 
250 252 
0 0 
0 0 
0 0 
0 0 
0 0 
250 240 
0 0 
0 0 
0 0 
0 0 
0 0 
252 240 
0 0 
0 0 
0 0 
0 0 
0 0 
240 250 
0 0 
0 0 
0 0 
0 0 
0 0 
252 252 
0 0 
0 0 
0 0 
0 0 
0 0 
248 244 
0 0 
0 0 
0 0 
0 0 
0 0 
256 228 
0 0 
0 0 
0 0 
0 0 
0 0 
248 246 
0 0 
0 0 
0 0 
0 0 
0 0 
504 250 
0 0 
0 0 
0 0 
0 0 
0 0 
0 0 
0 0 
0 0 
252 236 
0 0 
0 0 
0 0 
0 0 
0 0 
250 250 
0 0 
0 0 
0 0 
0 0 
0 0 
256 248 
0 0 
0 0 
0 0 
0 0 
0 0 
0 0 
248 222 
0 0 
0 0 
0 0 
0 0 
0 0 
246 252 
0 0 
0 0 
0 0 
0 0 
0 0 
266 684 
0 0 
0 0 
0 0 
0 0 
0 0 
0 0 
0 0 
0 0 
0 0 
322 254 
0 0 
0 0 
0 0 
0 0 
0 0 
0 0 
254 250 
0 0 
0 0 
0 0 
0 0 
0 0 
0 0 
248 250 
0 0 
0 0 
0 0 
0 0 
0 0 
0 0 
242 246 
0 0 
0 0 
0 0 
0 0 
0 0 
244 248 
0 0 
0 0 
0 0 
0 0 
0 0 
248 250 
0 0 
0 0 
0 0 
0 0 
0 0 
0 0 
234 248 
0 0 
0 0 
0 0 
0 0 
0 0 
254 234 
0 0 
0 0 
0 0 
0 0 
0 0 
252 254 
0 0 
0 0 
0 0 
0 0 
0 0 
252 244 
0 0 
0 0 
0 0 
0 0 
0 0 
252 250 
0 0 
0 0 
0 0 
0 0 
0 0 
244 252 
0 0 
0 0 
0 0 
0 0 
0 0 
250 248 
0 0 
0 0 
0 0 
0 0 
0 0 
254 246 
0 0 
0 0 
0 0 
0 0 
0 0 
0 0 
244 234 
0 0 
0 0 
0 0 
0 0 
0 0 
248 248 
0 0 
0 0 
0 0 
0 0 
0 0 
334 250 
0 0 
0 0 
0 0 
0 0 
0 0 
0 0 
252 242 
0 0 
0 0 
0 0 
0 0 
0 0 
248 246 
0 0 
0 0 
0 0 
0 0 
0 0 
248 246 
0 0 
0 0 
0 0 
0 0 
0 0 
246 246 
0 0 
0 0 
0 0 
0 0 
0 0 
0 0 
248 236 
0 0 
0 0 
0 0 
0 0 
0 0 
250 226 
0 0 
0 0 
0 0 
0 0 
0 0 
248 246 
0 0 
0 0 
0 0 
0 0 
0 0 
270 244 
0 0 
0 0 
0 0 
0 0 
0 0 
252 250 
0 0 
0 0 
0 0 
0 0 
0 0 
246 252 
0 0 
0 0 
0 0 
0 0 
0 0 
286 218 
0 0 
0 0 
0 0 
0 0 
0 0 
0 0 
250 240 
0 0 
0 0 
0 0 
0 0 
0 0 
248 250 
0 0 
0 0 
0 0 
0 0 
0 0 
250 252 
0 0 
0 0 
0 0 
0 0 
0 0 
0 0 
256 246 
0 0 
0 0 
0 0 
0 0 
0 0 
234 252 
0 0 
0 0 
0 0 
0 0 
0 0 
250 244 
0 0 
0 0 
0 0 
0 0 
0 0 
246 250 
0 0 
0 0 
0 0 
0 0 
0 0 
250 248 
0 0 
0 0 
0 0 
0 0 
0 0 
250 256 
0 0 
0 0 
0 0 
0 0 
0 0 
248 244 
0 0 
0 0 
0 0 
0 0 
0 0 
254 256 
0 0 
0 0 
0 0 
0 0 
0 0 
258 244 
0 0 
0 0 
0 0 
0 0 
0 0 
0 0 
250 240 
0 0 
0 0 
0 0 
0 0 
0 0 
468 246 
0 0 
0 0 
0 0 
0 0 
0 0 
0 0 
0 0 
250 238 
0 0 
0 0 
0 0 
0 0 
0 0 
248 218 
0 0 
0 0 
0 0 
0 0 
0 0 
258 246 
0 0 
0 0 
0 0 
0 0 
0 0 
266 252 
0 0 
0 0 
0 0 
0 0 
0 0 
254 246 
0 0 
0 0 
0 0 
0 0 
0 0 
248 246 
0 0 
0 0 
0 0 
0 0 
0 0 
0 0 
338 252 
0 0 
0 0 
0 0 
0 0 
0 0 
0 0 
256 242 
0 0 
0 0 
0 0 
0 0 
0 0 
254 250 
0 0 
0 0 
0 0 
0 0 
0 0 
248 246 
0 0 
0 0 
0 0 
0 0 
0 0 
0 0 
252 250 
0 0 
0 0 
0 0 
0 0 
0 0 
248 250 
0 0 
0 0 
0 0 
0 0 
0 0 
242 234 
0 0 
0 0 
0 0 
0 0 
0 0 
234 250 
0 0 
0 0 
0 0 
0 0 
0 0 
242 250 
0 0 
0 0 
0 0 
0 0 
0 0 
254 246 
0 0 
0 0 
0 0 
0 0 
0 0 
236 256 
0 0 
0 0 
0 0 
0 0 
0 0 
250 284 
0 0 
0 0 
0 0 
0 0 
0 0 
252 244 
0 0 
0 0 
0 0 
0 0 
0 0 
246 252 
0 0 
0 0 
0 0 
0 0 
0 0 
492 254 
0 0 
0 0 
0 0 
0 0 
0 0 
0 0 
0 0 
0 0 
254 240 
0 0 
0 0 
0 0 
0 0 
0 0 
0 0 
254 258 
0 0 
0 0 
0 0 
0 0 
0 0 
248 250 
0 0 
0 0 
0 0 
0 0 
0 0 
236 246 
0 0 
0 0 
0 0 
0 0 
0 0 
246 248 
0 0 
0 0 
0 0 
0 0 
0 0 
244 242 
0 0 
0 0 
0 0 
0 0 
0 0 
262 244 
0 0 
0 0 
0 0 
0 0 
0 0 
252 238 
0 0 
0 0 
0 0 
0 0 
0 0 
256 250 
0 0 
0 0 
0 0 
0 0 
0 0 
246 250 
0 0 
0 0 
0 0 
0 0 
0 0 
246 252 
0 0 
0 0 
0 0 
0 0 
0 0 
254 246 
0 0 
0 0 
0 0 
0 0 
0 0 
0 0 
254 224 
0 0 
0 0 
0 0 
0 0 
0 0 
274 250 
0 0 
0 0 
0 0 
0 0 
0 0 
348 244 
0 0 
0 0 
0 0 
0 0 
0 0 
0 0 
242 252 
0 0 
0 0 
0 0 
0 0 
0 0 
254 256 
0 0 
0 0 
0 0 
0 0 
0 0 
0 0 
230 250 
0 0 
0 0 
0 0 
0 0 
0 0 
234 250 
0 0 
0 0 
0 0 
0 0 
0 0 
248 250 
0 0 
0 0 
0 0 
0 0 
0 0 
232 220 
0 0 
0 0 
0 0 
0 0 
0 0 
246 240 
0 0 
0 0 
0 0 
0 0 
0 0 
252 246 
0 0 
0 0 
0 0 
0 0 
0 0 
246 252 
0 0 
0 0 
0 0 
0 0 
0 0 
248 246 
0 0 
0 0 
0 0 
0 0 
0 0 
0 0 
254 242 
0 0 
0 0 
0 0 
0 0 
0 0 
224 248 
0 0 
0 0 
0 0 
0 0 
0 0 
268 250 
0 0 
0 0 
0 0 
0 0 
0 0 
0 0 
252 240 
0 0 
0 0 
0 0 
0 0 
0 0 
248 250 
0 0 
0 0 
0 0 
0 0 
0 0 
0 0 
238 252 
0 0 
0 0 
0 0 
0 0 
0 0 
244 250 
0 0 
0 0 
0 0 
0 0 
0 0 
248 248 
0 0 
0 0 
0 0 
0 0 
0 0 
250 240 
0 0 
0 0 
0 0 
0 0 
0 0 
248 252 
0 0 
0 0 
0 0 
0 0 
0 0 
274 240 
0 0 
0 0 
0 0 
0 0 
0 0 
0 0 
248 230 
0 0 
0 0 
0 0 
0 0 
0 0 
250 252 
0 0 
0 0 
0 0 
0 0 
0 0 
232 254 
0 0 
0 0 
0 0 
0 0 
0 0 
252 248 
0 0 
0 0 
0 0 
0 0 
0 0 
252 250 
0 0 
0 0 
0 0 
0 0 
0 0 
406 222 
0 0 
0 0 
0 0 
0 0 
0 0 
0 0 
250 232 
0 0 
0 0 
0 0 
0 0 
0 0 
268 244 
0 0 
0 0 
0 0 
0 0 
0 0 
242 246 
0 0 
0 0 
0 0 
0 0 
0 0 
254 256 
0 0 
0 0 
0 0 
0 0 
0 0 
252 226 
0 0 
0 0 
0 0 
0 0 
0 0 
254 252 
0 0 
0 0 
0 0 
0 0 
0 0 
220 560 
0 0 
0 0 
0 0 
0 0 
0 0 
0 0 
0 0 
0 0 
256 500 
0 0 
0 0 
0 0 
0 0 
0 0 
0 0 
0 0 
0 0 
254 236 
0 0 
0 0 
0 0 
0 0 
0 0 
226 252 
0 0 
0 0 
0 0 
0 0 
0 0 
238 252 
0 0 
0 0 
0 0 
0 0 
0 0 
246 250 
0 0 
0 0 
0 0 
0 0 
0 0 
252 560 
0 0 
0 0 
0 0 
0 0 
0 0 
0 0 
0 0 
0 0 
252 246 
0 0 
0 0 
0 0 
0 0 
0 0 
250 248 
0 0 
0 0 
0 0 
0 0 
0 0 
248 250 
0 0 
0 0 
0 0 
0 0 
0 0 
248 246 
0 0 
0 0 
0 0 
0 0 
0 0 
248 252 
0 0 
0 0 
0 0 
0 0 
0 0 
238 250 
0 0 
0 0 
0 0 
0 0 
0 0 
640 222 
0 0 
0 0 
0 0 
0 0 
0 0 
0 0 
0 0 
0 0 
250 238 
0 0 
0 0 
0 0 
0 0 
0 0 
0 0 
248 244 
0 0 
0 0 
0 0 
0 0 
0 0 
248 242 
0 0 
0 0 
0 0 
0 0 
0 0 
242 250 
0 0 
0 0 
0 0 
0 0 
0 0 
264 252 
0 0 
0 0 
0 0 
0 0 
0 0 
0 0 
250 230 
0 0 
0 0 
0 0 
0 0 
0 0 
272 238 
0 0 
0 0 
0 0 
0 0 
0 0 
322 240 
0 0 
0 0 
0 0 
0 0 
0 0 
0 0 
248 244 
0 0 
0 0 
0 0 
0 0 
0 0 
248 250 
0 0 
0 0 
0 0 
0 0 
0 0 
250 220 
0 0 
0 0 
0 0 
0 0 
0 0 
256 246 
0 0 
0 0 
0 0 
0 0 
0 0 
246 252 
0 0 
0 0 
0 0 
0 0 
0 0 
0 0 
246 246 
0 0 
0 0 
0 0 
0 0 
0 0 
252 238 
0 0 
0 0 
0 0 
0 0 
0 0 
242 248 
0 0 
0 0 
0 0 
0 0 
0 0 
254 248 
0 0 
0 0 
0 0 
0 0 
0 0 
0 0 
246 246 
0 0 
0 0 
0 0 
0 0 
0 0 
238 246 
0 0 
0 0 
0 0 
0 0 
0 0 
238 240 
0 0 
0 0 
0 0 
0 0 
0 0 
260 252 
0 0 
0 0 
0 0 
0 0 
0 0 
250 234 
0 0 
0 0 
0 0 
0 0 
0 0 
238 248 
0 0 
0 0 
0 0 
0 0 
0 0 
248 260 
0 0 
0 0 
0 0 
0 0 
0 0 
248 240 
0 0 
0 0 
0 0 
0 0 
0 0 
228 258 
0 0 
0 0 
0 0 
0 0 
0 0 
248 250 
0 0 
0 0 
0 0 
0 0 
0 0 
566 254 
0 0 
0 0 
0 0 
0 0 
0 0 
0 0 
0 0 
0 0 
250 240 
0 0 
0 0 
0 0 
0 0 
0 0 
0 0 
248 234 
0 0 
0 0 
0 0 
0 0 
0 0 
248 246 
0 0 
0 0 
0 0 
0 0 
0 0 
242 240 
0 0 
0 0 
0 0 
0 0 
0 0 
240 244 
0 0 
0 0 
0 0 
0 0 
0 0 
248 240 
0 0 
0 0 
0 0 
0 0 
0 0 
246 238 
0 0 
0 0 
0 0 
0 0 
0 0 
252 240 
0 0 
0 0 
0 0 
0 0 
0 0 
242 254 
0 0 
0 0 
0 0 
0 0 
0 0 
252 256 
0 0 
0 0 
0 0 
0 0 
0 0 
260 246 
0 0 
0 0 
0 0 
0 0 
0 0 
256 236 
0 0 
0 0 
0 0 
0 0 
0 0 
248 256 
0 0 
0 0 
0 0 
0 0 
0 0 
338 248 
0 0 
0 0 
0 0 
0 0 
0 0 
0 0 
252 240 
0 0 
0 0 
0 0 
0 0 
0 0 
0 0 
250 250 
0 0 
0 0 
0 0 
0 0 
0 0 
228 246 
0 0 
0 0 
0 0 
0 0 
0 0 
246 248 
0 0 
0 0 
0 0 
0 0 
0 0 
252 246 
0 0 
0 0 
0 0 
0 0 
0 0 
250 248 
0 0 
0 0 
0 0 
0 0 
0 0 
0 0 
254 248 
0 0 
0 0 
0 0 
0 0 
0 0 
224 242 
0 0 
0 0 
0 0 
0 0 
0 0 
246 242 
0 0 
0 0 
0 0 
0 0 
0 0 
250 244 
0 0 
0 0 
0 0 
0 0 
0 0 
0 0 
246 250 
0 0 
0 0 
0 0 
0 0 
0 0 
250 248 
0 0 
0 0 
0 0 
0 0 
0 0 
0 0 
250 248 
0 0 
0 0 
0 0 
0 0 
0 0 
248 270 
0 0 
0 0 
0 0 
0 0 
0 0 
0 0 
248 236 
0 0 
0 0 
0 0 
0 0 
0 0 
252 256 
0 0 
0 0 
0 0 
0 0 
0 0 
250 246 
0 0 
0 0 
0 0 
0 0 
0 0 
254 248 
0 0 
0 0 
0 0 
0 0 
0 0 
250 244 
0 0 
0 0 
0 0 
0 0 
0 0 
252 250 
0 0 
0 0 
0 0 
0 0 
0 0 
0 0 
250 246 
0 0 
0 0 
0 0 
0 0 
0 0 
246 236 
0 0 
0 0 
0 0 
0 0 
0 0 
254 246 
0 0 
0 0 
0 0 
0 0 
0 0 
238 246 
0 0 
0 0 
0 0 
0 0 
0 0 
248 252 
0 0 
0 0 
0 0 
0 0 
0 0 
0 0 
248 248 
0 0 
0 0 
0 0 
0 0 
0 0 
0 0 
308 654 
0 0 
0 0 
0 0 
0 0 
0 0 
0 0 
0 0 
0 0 
0 0 
220 246 
0 0 
0 0 
0 0 
0 0 
0 0 
252 250 
0 0 
0 0 
0 0 
0 0 
0 0 
248 250 
0 0 
0 0 
0 0 
0 0 
0 0 
246 244 
0 0 
0 0 
0 0 
0 0 
0 0 
252 252 
0 0 
0 0 
0 0 
0 0 
0 0 
0 0 
252 246 
0 0 
0 0 
0 0 
0 0 
0 0 
0 0 
310 320 
0 0 
0 0 
0 0 
0 0 
0 0 
0 0 
260 236 
0 0 
0 0 
0 0 
0 0 
0 0 
0 0 
252 244 
0 0 
0 0 
0 0 
0 0 
0 0 
0 0 
246 248 
0 0 
0 0 
0 0 
0 0 
0 0 
250 246 
0 0 
0 0 
0 0 
0 0 
0 0 
224 246 
0 0 
0 0 
0 0 
0 0 
0 0 
250 246 
0 0 
0 0 
0 0 
0 0 
0 0 
388 250 
0 0 
0 0 
0 0 
0 0 
0 0 
0 0 
0 0 
236 240 
0 0 
0 0 
0 0 
0 0 
0 0 
244 244 
0 0 
0 0 
0 0 
0 0 
0 0 
254 250 
0 0 
0 0 
0 0 
0 0 
0 0 
250 234 
0 0 
0 0 
0 0 
0 0 
0 0 
248 248 
0 0 
0 0 
0 0 
0 0 
0 0 
236 246 
0 0 
0 0 
0 0 
0 0 
0 0 
250 252 
0 0 
0 0 
0 0 
0 0 
0 0 
252 242 
0 0 
0 0 
0 0 
0 0 
0 0 
254 240 
0 0 
0 0 
0 0 
0 0 
0 0 
250 250 
0 0 
0 0 
0 0 
0 0 
0 0 
0 0 
244 250 
0 0 
0 0 
0 0 
0 0 
0 0 
252 226 
0 0 
0 0 
0 0 
0 0 
0 0 
254 254 
0 0 
0 0 
0 0 
0 0 
0 0 
264 250 
0 0 
0 0 
0 0 
0 0 
0 0 
248 248 
0 0 
0 0 
0 0 
0 0 
0 0 
250 252 
0 0 
0 0 
0 0 
0 0 
0 0 
246 250 
0 0 
0 0 
0 0 
0 0 
0 0 
248 240 
0 0 
0 0 
0 0 
0 0 
0 0 
0 0 
248 246 
0 0 
0 0 
0 0 
0 0 
0 0 
248 248 
0 0 
0 0 
0 0 
0 0 
0 0 
620 252 
0 0 
0 0 
0 0 
0 0 
0 0 
0 0 
0 0 
0 0 
246 230 
0 0 
0 0 
0 0 
0 0 
0 0 
250 252 
0 0 
0 0 
0 0 
0 0 
0 0 
248 248 
0 0 
0 0 
0 0 
0 0 
0 0 
250 238 
0 0 
0 0 
0 0 
0 0 
0 0 
252 250 
0 0 
0 0 
0 0 
0 0 
0 0 
0 0 
248 658 
0 0 
0 0 
0 0 
0 0 
0 0 
0 0 
0 0 
0 0 
0 0 
246 250 
0 0 
0 0 
0 0 
0 0 
0 0 
252 238 
0 0 
0 0 
0 0 
0 0 
0 0 
242 244 
0 0 
0 0 
0 0 
0 0 
0 0 
234 248 
0 0 
0 0 
0 0 
0 0 
0 0 
248 246 
0 0 
0 0 
0 0 
0 0 
0 0 
250 246 
0 0 
0 0 
0 0 
0 0 
0 0 
630 252 
0 0 
0 0 
0 0 
0 0 
0 0 
0 0 
0 0 
0 0 
0 0 
248 402 
0 0 
0 0 
0 0 
0 0 
0 0 
0 0 
0 0 
250 248 
0 0 
0 0 
0 0 
0 0 
0 0 
248 248 
0 0 
0 0 
0 0 
0 0 
0 0 
0 0 
252 270 
0 0 
0 0 
0 0 
0 0 
0 0 
248 254 
0 0 
0 0 
0 0 
0 0 
0 0 
242 558 
0 0 
0 0 
0 0 
0 0 
0 0 
0 0 
0 0 
0 0 
224 252 
0 0 
0 0 
0 0 
0 0 
0 0 
250 244 
0 0 
0 0 
0 0 
0 0 
0 0 
242 248 
0 0 
0 0 
0 0 
0 0 
0 0 
248 254 
0 0 
0 0 
0 0 
0 0 
0 0 
0 0 
250 248 
0 0 
0 0 
0 0 
0 0 
0 0 
222 248 
0 0 
0 0 
0 0 
0 0 
0 0 
284 248 
0 0 
0 0 
0 0 
0 0 
0 0 
0 0 
250 242 
0 0 
0 0 
0 0 
0 0 
0 0 
250 252 
0 0 
0 0 
0 0 
0 0 
0 0 
248 248 
0 0 
0 0 
0 0 
0 0 
0 0 
246 248 
0 0 
0 0 
0 0 
0 0 
0 0 
220 256 
0 0 
0 0 
0 0 
0 0 
0 0 
252 248 
0 0 
0 0 
0 0 
0 0 
0 0 
480 248 
0 0 
0 0 
0 0 
0 0 
0 0 
0 0 
0 0 
252 236 
0 0 
0 0 
0 0 
0 0 
0 0 
246 246 
0 0 
0 0 
0 0 
0 0 
0 0 
248 246 
0 0 
0 0 
0 0 
0 0 
0 0 
246 250 
0 0 
0 0 
0 0 
0 0 
0 0 
0 0 
252 250 
0 0 
0 0 
0 0 
0 0 
0 0 
0 0 
238 252 
0 0 
0 0 
0 0 
0 0 
0 0 
266 252 
0 0 
0 0 
0 0 
0 0 
0 0 
246 240 
0 0 
0 0 
0 0 
0 0 
0 0 
246 232 
0 0 
0 0 
0 0 
0 0 
0 0 
0 0 
260 246 
0 0 
0 0 
0 0 
0 0 
0 0 
0 0 
218 250 
0 0 
0 0 
0 0 
0 0 
0 0 
256 382 
0 0 
0 0 
0 0 
0 0 
0 0 
0 0 
0 0 
730 270 
0 0 
0 0 
0 0 
0 0 
0 0 
0 0 
0 0 
0 0 
0 0 
250 240 
0 0 
0 0 
0 0 
0 0 
0 0 
0 0 
254 250 
0 0 
0 0 
0 0 
0 0 
0 0 
248 252 
0 0 
0 0 
0 0 
0 0 
0 0 
256 222 
0 0 
0 0 
0 0 
0 0 
0 0 
248 250 
0 0 
0 0 
0 0 
0 0 
0 0 
250 252 
0 0 
0 0 
0 0 
0 0 
0 0 
238 240 
0 0 
0 0 
0 0 
0 0 
0 0 
0 0 
248 240 
0 0 
0 0 
0 0 
0 0 
0 0 
250 248 
0 0 
0 0 
0 0 
0 0 
0 0 
218 250 
0 0 
0 0 
0 0 
0 0 
0 0 
250 248 
0 0 
0 0 
0 0 
0 0 
0 0 
0 0 
252 250 
0 0 
0 0 
0 0 
0 0 
0 0 
240 250 
0 0 
0 0 
0 0 
0 0 
0 0 
272 250 
0 0 
0 0 
0 0 
0 0 
0 0 
248 238 
0 0 
0 0 
0 0 
0 0 
0 0 
248 232 
0 0 
0 0 
0 0 
0 0 
0 0 
0 0 
238 246 
0 0 
0 0 
0 0 
0 0 
0 0 
240 248 
0 0 
0 0 
0 0 
0 0 
0 0 
248 252 
0 0 
0 0 
0 0 
0 0 
0 0 
254 248 
0 0 
0 0 
0 0 
0 0 
0 0 
292 236 
0 0 
0 0 
0 0 
0 0 
0 0 
252 250 
0 0 
0 0 
0 0 
0 0 
0 0 
236 250 
0 0 
0 0 
0 0 
0 0 
0 0 
246 254 
0 0 
0 0 
0 0 
0 0 
0 0 
244 256 
0 0 
0 0 
0 0 
0 0 
0 0 
246 254 
0 0 
0 0 
0 0 
0 0 
0 0 
248 244 
0 0 
0 0 
0 0 
0 0 
0 0 
750 250 
0 0 
0 0 
0 0 
0 0 
0 0 
0 0 
0 0 
0 0 
0 0 
244 238 
0 0 
0 0 
0 0 
0 0 
0 0 
0 0 
246 248 
0 0 
0 0 
0 0 
0 0 
0 0 
248 252 
0 0 
0 0 
0 0 
0 0 
0 0 
0 0 
218 252 
0 0 
0 0 
0 0 
0 0 
0 0 
250 252 
0 0 
0 0 
0 0 
0 0 
0 0 
248 560 
0 0 
0 0 
0 0 
0 0 
0 0 
0 0 
0 0 
0 0 
246 242 
0 0 
0 0 
0 0 
0 0 
0 0 
248 248 
0 0 
0 0 
0 0 
0 0 
0 0 
248 248 
0 0 
0 0 
0 0 
0 0 
0 0 
254 250 
0 0 
0 0 
0 0 
0 0 
0 0 
0 0 
242 248 
0 0 
0 0 
0 0 
0 0 
0 0 
250 244 
0 0 
0 0 
0 0 
0 0 
0 0 
442 254 
0 0 
0 0 
0 0 
0 0 
0 0 
0 0 
0 0 
246 242 
0 0 
0 0 
0 0 
0 0 
0 0 
250 246 
0 0 
0 0 
0 0 
0 0 
0 0 
248 236 
0 0 
0 0 
0 0 
0 0 
0 0 
248 250 
0 0 
0 0 
0 0 
0 0 
0 0 
234 250 
0 0 
0 0 
0 0 
0 0 
0 0 
254 250 
0 0 
0 0 
0 0 
0 0 
0 0 
406 250 
0 0 
0 0 
0 0 
0 0 
0 0 
0 0 
0 0 
234 238 
0 0 
0 0 
0 0 
0 0 
0 0 
248 250 
0 0 
0 0 
0 0 
0 0 
0 0 
238 254 
0 0 
0 0 
0 0 
0 0 
0 0 
246 306 
0 0 
0 0 
0 0 
0 0 
0 0 
248 248 
0 0 
0 0 
0 0 
0 0 
0 0 
228 252 
0 0 
0 0 
0 0 
0 0 
0 0 
352 246 
0 0 
0 0 
0 0 
0 0 
0 0 
0 0 
250 236 
0 0 
0 0 
0 0 
0 0 
0 0 
244 250 
0 0 
0 0 
0 0 
0 0 
0 0 
0 0 
248 258 
0 0 
0 0 
0 0 
0 0 
0 0 
250 246 
0 0 
0 0 
0 0 
0 0 
0 0 
246 230 
0 0 
0 0 
0 0 
0 0 
0 0 
252 250 
0 0 
0 0 
0 0 
0 0 
0 0 
0 0 
226 246 
0 0 
0 0 
0 0 
0 0 
0 0 
254 240 
0 0 
0 0 
0 0 
0 0 
0 0 
250 248 
0 0 
0 0 
0 0 
0 0 
0 0 
0 0 
250 248 
0 0 
0 0 
0 0 
0 0 
0 0 
0 0 
252 248 
0 0 
0 0 
0 0 
0 0 
0 0 
0 0 
248 250 
0 0 
0 0 
0 0 
0 0 
0 0 
254 664 
0 0 
0 0 
0 0 
0 0 
0 0 
0 0 
0 0 
0 0 
0 0 
250 250 
0 0 
0 0 
0 0 
0 0 
0 0 
256 250 
0 0 
0 0 
0 0 
0 0 
0 0 
252 248 
0 0 
0 0 
0 0 
0 0 
0 0 
0 0 
252 244 
0 0 
0 0 
0 0 
0 0 
0 0 
252 250 
0 0 
0 0 
0 0 
0 0 
0 0 
240 240 
0 0 
0 0 
0 0 
0 0 
0 0 
484 252 
0 0 
0 0 
0 0 
0 0 
0 0 
0 0 
0 0 
250 242 
0 0 
0 0 
0 0 
0 0 
0 0 
240 248 
0 0 
0 0 
0 0 
0 0 
0 0 
248 250 
0 0 
0 0 
0 0 
0 0 
0 0 
250 250 
0 0 
0 0 
0 0 
0 0 
0 0 
256 218 
0 0 
0 0 
0 0 
0 0 
0 0 
248 246 
0 0 
0 0 
0 0 
0 0 
0 0 
432 254 
0 0 
0 0 
0 0 
0 0 
0 0 
0 0 
0 0 
254 240 
0 0 
0 0 
0 0 
0 0 
0 0 
0 0 
252 250 
0 0 
0 0 
0 0 
0 0 
0 0 
218 248 
0 0 
0 0 
0 0 
0 0 
0 0 
252 248 
0 0 
0 0 
0 0 
0 0 
0 0 
248 254 
0 0 
0 0 
0 0 
0 0 
0 0 
256 248 
0 0 
0 0 
0 0 
0 0 
0 0 
260 256 
0 0 
0 0 
0 0 
0 0 
0 0 
218 240 
0 0 
0 0 
0 0 
0 0 
0 0 
248 252 
0 0 
0 0 
0 0 
0 0 
0 0 
248 250 
0 0 
0 0 
0 0 
0 0 
0 0 
246 236 
0 0 
0 0 
0 0 
0 0 
0 0 
252 252 
0 0 
0 0 
0 0 
0 0 
0 0 
248 252 
0 0 
0 0 
0 0 
0 0 
0 0 
512 306 
0 0 
0 0 
0 0 
0 0 
0 0 
0 0 
0 0 
0 0 
246 238 
0 0 
0 0 
0 0 
0 0 
0 0 
252 250 
0 0 
0 0 
0 0 
0 0 
0 0 
254 274 
0 0 
0 0 
0 0 
0 0 
0 0 
0 0 
248 250 
0 0 
0 0 
0 0 
0 0 
0 0 
226 246 
0 0 
0 0 
0 0 
0 0 
0 0 
250 250 
0 0 
0 0 
0 0 
0 0 
0 0 
354 246 
0 0 
0 0 
0 0 
0 0 
0 0 
0 0 
248 390 
0 0 
0 0 
0 0 
0 0 
0 0 
0 0 
252 246 
0 0 
0 0 
0 0 
0 0 
0 0 
248 252 
0 0 
0 0 
0 0 
0 0 
0 0 
246 254 
0 0 
0 0 
0 0 
0 0 
0 0 
256 248 
0 0 
0 0 
0 0 
0 0 
0 0 
0 0 
254 560 
0 0 
0 0 
0 0 
0 0 
0 0 
0 0 
0 0 
0 0 
246 250 
0 0 
0 0 
0 0 
0 0 
0 0 
244 250 
0 0 
0 0 
0 0 
0 0 
0 0 
0 0 
252 246 
0 0 
0 0 
0 0 
0 0 
0 0 
0 0 
228 254 
0 0 
0 0 
0 0 
0 0 
0 0 
218 252 
0 0 
0 0 
0 0 
0 0 
0 0 
254 254 
0 0 
0 0 
0 0 
0 0 
0 0 
0 0 
250 244 
0 0 
0 0 
0 0 
0 0 
0 0 
250 238 
0 0 
0 0 
0 0 
0 0 
0 0 
250 254 
0 0 
0 0 
0 0 
0 0 
0 0 
0 0 
260 216 
0 0 
0 0 
0 0 
0 0 
0 0 
254 246 
0 0 
0 0 
0 0 
0 0 
0 0 
232 250 
0 0 
0 0 
0 0 
0 0 
0 0 
232 250 
0 0 
0 0 
0 0 
0 0 
0 0 
576 248 
0 0 
0 0 
0 0 
0 0 
0 0 
0 0 
0 0 
0 0 
242 246 
0 0 
0 0 
0 0 
0 0 
0 0 
248 252 
0 0 
0 0 
0 0 
0 0 
0 0 
222 232 
0 0 
0 0 
0 0 
0 0 
0 0 
250 248 
0 0 
0 0 
0 0 
0 0 
0 0 
252 246 
0 0 
0 0 
0 0 
0 0 
0 0 
250 228 
0 0 
0 0 
0 0 
0 0 
0 0 
258 238 
0 0 
0 0 
0 0 
0 0 
0 0 
226 236 
0 0 
0 0 
0 0 
0 0 
0 0 
248 226 
0 0 
0 0 
0 0 
0 0 
0 0 
248 246 
0 0 
0 0 
0 0 
0 0 
0 0 
250 244 
0 0 
0 0 
0 0 
0 0 
0 0 
0 0 
250 220 
0 0 
0 0 
0 0 
0 0 
0 0 
230 250 
0 0 
0 0 
0 0 
0 0 
0 0 
294 252 
0 0 
0 0 
0 0 
0 0 
0 0 
250 250 
0 0 
0 0 
0 0 
0 0 
0 0 
244 244 
0 0 
0 0 
0 0 
0 0 
0 0 
252 248 
0 0 
0 0 
0 0 
0 0 
0 0 
252 248 
0 0 
0 0 
0 0 
0 0 
0 0 
244 248 
0 0 
0 0 
0 0 
0 0 
0 0 
252 250 
0 0 
0 0 
0 0 
0 0 
0 0 
0 0 
488 250 
0 0 
0 0 
0 0 
0 0 
0 0 
0 0 
0 0 
0 0 
252 238 
0 0 
0 0 
0 0 
0 0 
0 0 
246 236 
0 0 
0 0 
0 0 
0 0 
0 0 
222 252 
0 0 
0 0 
0 0 
0 0 
0 0 
224 250 
0 0 
0 0 
0 0 
0 0 
0 0 
250 252 
0 0 
0 0 
0 0 
0 0 
0 0 
246 252 
0 0 
0 0 
0 0 
0 0 
0 0 
248 330 
0 0 
0 0 
0 0 
0 0 
0 0 
0 0 
246 222 
0 0 
0 0 
0 0 
0 0 
0 0 
220 246 
0 0 
0 0 
0 0 
0 0 
0 0 
250 244 
0 0 
0 0 
0 0 
0 0 
0 0 
224 246 
0 0 
0 0 
0 0 
0 0 
0 0 
256 240 
0 0 
0 0 
0 0 
0 0 
0 0 
250 244 
0 0 
0 0 
0 0 
0 0 
0 0 
260 250 
0 0 
0 0 
0 0 
0 0 
0 0 
254 240 
0 0 
0 0 
0 0 
0 0 
0 0 
236 254 
0 0 
0 0 
0 0 
0 0 
0 0 
244 220 
0 0 
0 0 
0 0 
0 0 
0 0 
256 258 
0 0 
0 0 
0 0 
0 0 
0 0 
250 254 
0 0 
0 0 
0 0 
0 0 
0 0 
250 254 
0 0 
0 0 
0 0 
0 0 
0 0 
0 0 
364 252 
0 0 
0 0 
0 0 
0 0 
0 0 
0 0 
244 244 
0 0 
0 0 
0 0 
0 0 
0 0 
0 0 
252 254 
0 0 
0 0 
0 0 
0 0 
0 0 
244 246 
0 0 
0 0 
0 0 
0 0 
0 0 
248 246 
0 0 
0 0 
0 0 
0 0 
0 0 
246 256 
0 0 
0 0 
0 0 
0 0 
0 0 
222 256 
0 0 
0 0 
0 0 
0 0 
0 0 
372 252 
0 0 
0 0 
0 0 
0 0 
0 0 
0 0 
248 234 
0 0 
0 0 
0 0 
0 0 
0 0 
228 246 
0 0 
0 0 
0 0 
0 0 
0 0 
246 246 
0 0 
0 0 
0 0 
0 0 
0 0 
252 252 
0 0 
0 0 
0 0 
0 0 
0 0 
248 352 
0 0 
0 0 
0 0 
0 0 
0 0 
0 0 
250 248 
0 0 
0 0 
0 0 
0 0 
0 0 
0 0 
220 252 
0 0 
0 0 
0 0 
0 0 
0 0 
252 244 
0 0 
0 0 
0 0 
0 0 
0 0 
250 246 
0 0 
0 0 
0 0 
0 0 
0 0 
252 258 
0 0 
0 0 
0 0 
0 0 
0 0 
250 248 
0 0 
0 0 
0 0 
0 0 
0 0 
256 250 
0 0 
0 0 
0 0 
0 0 
0 0 
248 242 
0 0 
0 0 
0 0 
0 0 
0 0 
0 0 
242 248 
0 0 
0 0 
0 0 
0 0 
0 0 
242 244 
0 0 
0 0 
0 0 
0 0 
0 0 
250 246 
0 0 
0 0 
0 0 
0 0 
0 0 
0 0 
246 246 
0 0 
0 0 
0 0 
0 0 
0 0 
248 250 
0 0 
0 0 
0 0 
0 0 
0 0 
250 254 
0 0 
0 0 
0 0 
0 0 
0 0 
254 244 
0 0 
0 0 
0 0 
0 0 
0 0 
394 222 
0 0 
0 0 
0 0 
0 0 
0 0 
0 0 
0 0 
248 242 
0 0 
0 0 
0 0 
0 0 
0 0 
0 0 
254 254 
0 0 
0 0 
0 0 
0 0 
0 0 
0 0 
250 244 
0 0 
0 0 
0 0 
0 0 
0 0 
250 248 
0 0 
0 0 
0 0 
0 0 
0 0 
246 244 
0 0 
0 0 
0 0 
0 0 
0 0 
250 684 
0 0 
0 0 
0 0 
0 0 
0 0 
0 0 
0 0 
0 0 
0 0 
246 252 
0 0 
0 0 
0 0 
0 0 
0 0 
0 0 
246 250 
0 0 
0 0 
0 0 
0 0 
0 0 
224 250 
0 0 
0 0 
0 0 
0 0 
0 0 
246 242 
0 0 
0 0 
0 0 
0 0 
0 0 
246 246 
0 0 
0 0 
0 0 
0 0 
0 0 
254 278 
0 0 
0 0 
0 0 
0 0 
0 0 
510 248 
0 0 
0 0 
0 0 
0 0 
0 0 
0 0 
0 0 
0 0 
250 236 
0 0 
0 0 
0 0 
0 0 
0 0 
250 244 
0 0 
0 0 
0 0 
0 0 
0 0 
250 252 
0 0 
0 0 
0 0 
0 0 
0 0 
0 0 
248 254 
0 0 
0 0 
0 0 
0 0 
0 0 
250 250 
0 0 
0 0 
0 0 
0 0 
0 0 
248 246 
0 0 
0 0 
0 0 
0 0 
0 0 
260 252 
0 0 
0 0 
0 0 
0 0 
0 0 
0 0 
256 248 
0 0 
0 0 
0 0 
0 0 
0 0 
252 254 
0 0 
0 0 
0 0 
0 0 
0 0 
0 0 
250 254 
0 0 
0 0 
0 0 
0 0 
0 0 
242 254 
0 0 
0 0 
0 0 
0 0 
0 0 
248 250 
0 0 
0 0 
0 0 
0 0 
0 0 
250 716 
0 0 
0 0 
0 0 
0 0 
0 0 
0 0 
0 0 
0 0 
0 0 
250 250 
0 0 
0 0 
0 0 
0 0 
0 0 
242 248 
0 0 
0 0 
0 0 
0 0 
0 0 
0 0 
222 250 
0 0 
0 0 
0 0 
0 0 
0 0 
252 250 
0 0 
0 0 
0 0 
0 0 
0 0 
686 252 
0 0 
0 0 
0 0 
0 0 
0 0 
0 0 
0 0 
0 0 
0 0 
252 564 
0 0 
0 0 
0 0 
0 0 
0 0 
0 0 
0 0 
0 0 
248 248 
0 0 
0 0 
0 0 
0 0 
0 0 
252 250 
0 0 
0 0 
0 0 
0 0 
0 0 
254 250 
0 0 
0 0 
0 0 
0 0 
0 0 
238 252 
0 0 
0 0 
0 0 
0 0 
0 0 
0 0 
250 244 
0 0 
0 0 
0 0 
0 0 
0 0 
246 250 
0 0 
0 0 
0 0 
0 0 
0 0 
536 256 
0 0 
0 0 
0 0 
0 0 
0 0 
0 0 
0 0 
0 0 
252 518 
0 0 
0 0 
0 0 
0 0 
0 0 
0 0 
0 0 
252 248 
0 0 
0 0 
0 0 
0 0 
0 0 
0 0 
246 250 
0 0 
0 0 
0 0 
0 0 
0 0 
248 238 
0 0 
0 0 
0 0 
0 0 
0 0 
0 0 
258 246 
0 0 
0 0 
0 0 
0 0 
0 0 
686 246 
0 0 
0 0 
0 0 
0 0 
0 0 
0 0 
0 0 
0 0 
0 0 
250 240 
0 0 
0 0 
0 0 
0 0 
0 0 
244 250 
0 0 
0 0 
0 0 
0 0 
0 0 
252 248 
0 0 
0 0 
0 0 
0 0 
0 0 
258 248 
0 0 
0 0 
0 0 
0 0 
0 0 
254 250 
0 0 
0 0 
0 0 
0 0 
0 0 
220 250 
0 0 
0 0 
0 0 
0 0 
0 0 
240 248 
0 0 
0 0 
0 0 
0 0 
0 0 
252 248 
0 0 
0 0 
0 0 
0 0 
0 0 
250 246 
0 0 
0 0 
0 0 
0 0 
0 0 
0 0 
250 248 
0 0 
0 0 
0 0 
0 0 
0 0 
248 254 
0 0 
0 0 
0 0 
0 0 
0 0 
254 242 
0 0 
0 0 
0 0 
0 0 
0 0 
248 246 
0 0 
0 0 
0 0 
0 0 
0 0 
428 250 
0 0 
0 0 
0 0 
0 0 
0 0 
0 0 
0 0 
254 218 
0 0 
0 0 
0 0 
0 0 
0 0 
252 246 
0 0 
0 0 
0 0 
0 0 
0 0 
250 250 
0 0 
0 0 
0 0 
0 0 
0 0 
250 244 
0 0 
0 0 
0 0 
0 0 
0 0 
246 254 
0 0 
0 0 
0 0 
0 0 
0 0 
0 0 
250 244 
0 0 
0 0 
0 0 
0 0 
0 0 
266 250 
0 0 
0 0 
0 0 
0 0 
0 0 
218 234 
0 0 
0 0 
0 0 
0 0 
0 0 
248 250 
0 0 
0 0 
0 0 
0 0 
0 0 
0 0 
250 248 
0 0 
0 0 
0 0 
0 0 
0 0 
250 254 
0 0 
0 0 
0 0 
0 0 
0 0 
248 252 
0 0 
0 0 
0 0 
0 0 
0 0 
250 252 
0 0 
0 0 
0 0 
0 0 
0 0 
236 222 
0 0 
0 0 
0 0 
0 0 
0 0 
250 256 
0 0 
0 0 
0 0 
0 0 
0 0 
248 250 
0 0 
0 0 
0 0 
0 0 
0 0 
0 0 
250 246 
0 0 
0 0 
0 0 
0 0 
0 0 
244 248 
0 0 
0 0 
0 0 
0 0 
0 0 
250 216 
0 0 
0 0 
0 0 
0 0 
0 0 
246 250 
0 0 
0 0 
0 0 
0 0 
0 0 
406 248 
0 0 
0 0 
0 0 
0 0 
0 0 
0 0 
0 0 
252 240 
0 0 
0 0 
0 0 
0 0 
0 0 
0 0 
254 252 
0 0 
0 0 
0 0 
0 0 
0 0 
0 0 
258 250 
0 0 
0 0 
0 0 
0 0 
0 0 
250 224 
0 0 
0 0 
0 0 
0 0 
0 0 
250 248 
0 0 
0 0 
0 0 
0 0 
0 0 
222 736 
0 0 
0 0 
0 0 
0 0 
0 0 
0 0 
0 0 
0 0 
0 0 
228 252 
0 0 
0 0 
0 0 
0 0 
0 0 
252 246 
0 0 
0 0 
0 0 
0 0 
0 0 
248 248 
0 0 
0 0 
0 0 
0 0 
0 0 
258 274 
0 0 
0 0 
0 0 
0 0 
0 0 
250 250 
0 0 
0 0 
0 0 
0 0 
0 0 
226 248 
0 0 
0 0 
0 0 
0 0 
0 0 
232 558 
0 0 
0 0 
0 0 
0 0 
0 0 
0 0 
0 0 
250 248 
0 0 
0 0 
0 0 
0 0 
0 0 
224 250 
0 0 
0 0 
0 0 
0 0 
0 0 
252 254 
0 0 
0 0 
0 0 
0 0 
0 0 
256 246 
0 0 
0 0 
0 0 
0 0 
0 0 
240 224 
0 0 
0 0 
0 0 
0 0 
0 0 
250 250 
0 0 
0 0 
0 0 
0 0 
0 0 
228 566 
0 0 
0 0 
0 0 
0 0 
0 0 
0 0 
0 0 
250 250 
0 0 
0 0 
0 0 
0 0 
0 0 
246 248 
0 0 
0 0 
0 0 
0 0 
0 0 
228 242 
0 0 
0 0 
0 0 
0 0 
0 0 
256 248 
0 0 
0 0 
0 0 
0 0 
0 0 
246 246 
0 0 
0 0 
0 0 
0 0 
0 0 
246 266 
0 0 
0 0 
0 0 
0 0 
0 0 
0 0 
424 248 
0 0 
0 0 
0 0 
0 0 
0 0 
0 0 
0 0 
254 240 
0 0 
0 0 
0 0 
0 0 
0 0 
248 240 
0 0 
0 0 
0 0 
0 0 
0 0 
248 250 
0 0 
0 0 
0 0 
0 0 
0 0 
240 254 
0 0 
0 0 
0 0 
0 0 
0 0 
254 250 
0 0 
0 0 
0 0 
0 0 
0 0 
254 270 
0 0 
0 0 
0 0 
0 0 
0 0 
460 244 
0 0 
0 0 
0 0 
0 0 
0 0 
0 0 
0 0 
254 234 
0 0 
0 0 
0 0 
0 0 
0 0 
254 252 
0 0 
0 0 
0 0 
0 0 
0 0 
0 0 
250 248 
0 0 
0 0 
0 0 
0 0 
0 0 
220 254 
0 0 
0 0 
0 0 
0 0 
0 0 
250 250 
0 0 
0 0 
0 0 
0 0 
0 0 
256 258 
0 0 
0 0 
0 0 
0 0 
0 0 
220 244 
0 0 
0 0 
0 0 
0 0 
0 0 
270 236 
0 0 
0 0 
0 0 
0 0 
0 0 
0 0 
220 246 
0 0 
0 0 
0 0 
0 0 
0 0 
252 244 
0 0 
0 0 
0 0 
0 0 
0 0 
248 220 
0 0 
0 0 
0 0 
0 0 
0 0 
248 248 
0 0 
0 0 
0 0 
0 0 
0 0 
222 254 
0 0 
0 0 
0 0 
0 0 
0 0 
290 248 
0 0 
0 0 
0 0 
0 0 
0 0 
246 250 
0 0 
0 0 
0 0 
0 0 
0 0 
0 0 
248 246 
0 0 
0 0 
0 0 
0 0 
0 0 
248 248 
0 0 
0 0 
0 0 
0 0 
0 0 
220 244 
0 0 
0 0 
0 0 
0 0 
0 0 
248 252 
0 0 
0 0 
0 0 
0 0 
0 0 
246 252 
0 0 
0 0 
0 0 
0 0 
0 0 
436 246 
0 0 
0 0 
0 0 
0 0 
0 0 
0 0 
0 0 
228 240 
0 0 
0 0 
0 0 
0 0 
0 0 
246 246 
0 0 
0 0 
0 0 
0 0 
0 0 
256 236 
0 0 
0 0 
0 0 
0 0 
0 0 
248 250 
0 0 
0 0 
0 0 
0 0 
0 0 
0 0 
244 242 
0 0 
0 0 
0 0 
0 0 
0 0 
0 0 
244 718 
0 0 
0 0 
0 0 
0 0 
0 0 
0 0 
0 0 
0 0 
0 0 
248 240 
0 0 
0 0 
0 0 
0 0 
0 0 
218 254 
0 0 
0 0 
0 0 
0 0 
0 0 
242 246 
0 0 
0 0 
0 0 
0 0 
0 0 
250 248 
0 0 
0 0 
0 0 
0 0 
0 0 
254 246 
0 0 
0 0 
0 0 
0 0 
0 0 
252 240 
0 0 
0 0 
0 0 
0 0 
0 0 
688 244 
0 0 
0 0 
0 0 
0 0 
0 0 
0 0 
0 0 
0 0 
0 0 
250 240 
0 0 
0 0 
0 0 
0 0 
0 0 
218 252 
0 0 
0 0 
0 0 
0 0 
0 0 
246 246 
0 0 
0 0 
0 0 
0 0 
0 0 
256 258 
0 0 
0 0 
0 0 
0 0 
0 0 
250 222 
0 0 
0 0 
0 0 
0 0 
0 0 
250 250 
0 0 
0 0 
0 0 
0 0 
0 0 
298 248 
0 0 
0 0 
0 0 
0 0 
0 0 
252 252 
0 0 
0 0 
0 0 
0 0 
0 0 
254 246 
0 0 
0 0 
0 0 
0 0 
0 0 
250 226 
0 0 
0 0 
0 0 
0 0 
0 0 
252 248 
0 0 
0 0 
0 0 
0 0 
0 0 
238 246 
0 0 
0 0 
0 0 
0 0 
0 0 
256 242 
0 0 
0 0 
0 0 
0 0 
0 0 
630 246 
0 0 
0 0 
0 0 
0 0 
0 0 
0 0 
0 0 
0 0 
0 0 
252 242 
0 0 
0 0 
0 0 
0 0 
0 0 
252 238 
0 0 
0 0 
0 0 
0 0 
0 0 
250 254 
0 0 
0 0 
0 0 
0 0 
0 0 
238 252 
0 0 
0 0 
0 0 
0 0 
0 0 
258 248 
0 0 
0 0 
0 0 
0 0 
0 0 
246 250 
0 0 
0 0 
0 0 
0 0 
0 0 
274 240 
0 0 
0 0 
0 0 
0 0 
0 0 
254 244 
0 0 
0 0 
0 0 
0 0 
0 0 
246 242 
0 0 
0 0 
0 0 
0 0 
0 0 
248 244 
0 0 
0 0 
0 0 
0 0 
0 0 
252 250 
0 0 
0 0 
0 0 
0 0 
0 0 
246 242 
0 0 
0 0 
0 0 
0 0 
0 0 
250 254 
0 0 
0 0 
0 0 
0 0 
0 0 
566 244 
0 0 
0 0 
0 0 
0 0 
0 0 
0 0 
0 0 
0 0 
250 222 
0 0 
0 0 
0 0 
0 0 
0 0 
246 252 
0 0 
0 0 
0 0 
0 0 
0 0 
244 242 
0 0 
0 0 
0 0 
0 0 
0 0 
252 248 
0 0 
0 0 
0 0 
0 0 
0 0 
250 254 
0 0 
0 0 
0 0 
0 0 
0 0 
254 250 
0 0 
0 0 
0 0 
0 0 
0 0 
272 248 
0 0 
0 0 
0 0 
0 0 
0 0 
0 0 
250 238 
0 0 
0 0 
0 0 
0 0 
0 0 
244 248 
0 0 
0 0 
0 0 
0 0 
0 0 
250 250 
0 0 
0 0 
0 0 
0 0 
0 0 
248 250 
0 0 
0 0 
0 0 
0 0 
0 0 
254 246 
0 0 
0 0 
0 0 
0 0 
0 0 
250 246 
0 0 
0 0 
0 0 
0 0 
0 0 
458 240 
0 0 
0 0 
0 0 
0 0 
0 0 
0 0 
0 0 
250 240 
0 0 
0 0 
0 0 
0 0 
0 0 
254 258 
0 0 
0 0 
0 0 
0 0 
0 0 
0 0 
250 240 
0 0 
0 0 
0 0 
0 0 
0 0 
250 248 
0 0 
0 0 
0 0 
0 0 
0 0 
232 256 
0 0 
0 0 
0 0 
0 0 
0 0 
250 254 
0 0 
0 0 
0 0 
0 0 
0 0 
250 244 
0 0 
0 0 
0 0 
0 0 
0 0 
246 228 
0 0 
0 0 
0 0 
0 0 
0 0 
246 254 
0 0 
0 0 
0 0 
0 0 
0 0 
242 250 
0 0 
0 0 
0 0 
0 0 
0 0 
246 250 
0 0 
0 0 
0 0 
0 0 
0 0 
248 220 
0 0 
0 0 
0 0 
0 0 
0 0 
248 244 
0 0 
0 0 
0 0 
0 0 
0 0 
552 250 
0 0 
0 0 
0 0 
0 0 
0 0 
0 0 
0 0 
262 238 
0 0 
0 0 
0 0 
0 0 
0 0 
248 218 
0 0 
0 0 
0 0 
0 0 
0 0 
248 244 
0 0 
0 0 
0 0 
0 0 
0 0 
224 254 
0 0 
0 0 
0 0 
0 0 
0 0 
244 248 
0 0 
0 0 
0 0 
0 0 
0 0 
260 254 
0 0 
0 0 
0 0 
0 0 
0 0 
518 252 
0 0 
0 0 
0 0 
0 0 
0 0 
0 0 
0 0 
256 242 
0 0 
0 0 
0 0 
0 0 
0 0 
0 0 
250 250 
0 0 
0 0 
0 0 
0 0 
0 0 
252 240 
0 0 
0 0 
0 0 
0 0 
0 0 
258 252 
0 0 
0 0 
0 0 
0 0 
0 0 
242 250 
0 0 
0 0 
0 0 
0 0 
0 0 
256 252 
0 0 
0 0 
0 0 
0 0 
0 0 
246 250 
0 0 
0 0 
0 0 
0 0 
0 0 
0 0 
246 240 
0 0 
0 0 
0 0 
0 0 
0 0 
248 244 
0 0 
0 0 
0 0 
0 0 
0 0 
252 246 
0 0 
0 0 
0 0 
0 0 
0 0 
250 238 
0 0 
0 0 
0 0 
0 0 
0 0 
250 252 
0 0 
0 0 
0 0 
0 0 
0 0 
256 244 
0 0 
0 0 
0 0 
0 0 
0 0 
0 0 
248 242 
0 0 
0 0 
0 0 
0 0 
0 0 
252 246 
0 0 
0 0 
0 0 
0 0 
0 0 
248 250 
0 0 
0 0 
0 0 
0 0 
0 0 
252 260 
0 0 
0 0 
0 0 
0 0 
0 0 
240 252 
0 0 
0 0 
0 0 
0 0 
0 0 
254 252 
0 0 
0 0 
0 0 
0 0 
0 0 
0 0 
252 248 
0 0 
0 0 
0 0 
0 0 
0 0 
376 246 
0 0 
0 0 
0 0 
0 0 
0 0 
0 0 
248 236 
0 0 
0 0 
0 0 
0 0 
0 0 
250 252 
0 0 
0 0 
0 0 
0 0 
0 0 
248 232 
0 0 
0 0 
0 0 
0 0 
0 0 
248 246 
0 0 
0 0 
0 0 
0 0 
0 0 
250 254 
0 0 
0 0 
0 0 
0 0 
0 0 
250 244 
0 0 
0 0 
0 0 
0 0 
0 0 
484 248 
0 0 
0 0 
0 0 
0 0 
0 0 
0 0 
0 0 
0 0 
228 240 
0 0 
0 0 
0 0 
0 0 
0 0 
250 248 
0 0 
0 0 
0 0 
0 0 
0 0 
248 246 
0 0 
0 0 
0 0 
0 0 
0 0 
308 248 
0 0 
0 0 
0 0 
0 0 
0 0 
0 0 
250 252 
0 0 
0 0 
0 0 
0 0 
0 0 
238 248 
0 0 
0 0 
0 0 
0 0 
0 0 
252 234 
0 0 
0 0 
0 0 
0 0 
0 0 
248 240 
0 0 
0 0 
0 0 
0 0 
0 0 
242 248 
0 0 
0 0 
0 0 
0 0 
0 0 
248 242 
0 0 
0 0 
0 0 
0 0 
0 0 
250 250 
0 0 
0 0 
0 0 
0 0 
0 0 
250 246 
0 0 
0 0 
0 0 
0 0 
0 0 
252 248 
0 0 
0 0 
0 0 
0 0 
0 0 
346 254 
0 0 
0 0 
0 0 
0 0 
0 0 
0 0 
254 240 
0 0 
0 0 
0 0 
0 0 
0 0 
234 254 
0 0 
0 0 
0 0 
0 0 
0 0 
254 244 
0 0 
0 0 
0 0 
0 0 
0 0 
0 0 
248 246 
0 0 
0 0 
0 0 
0 0 
0 0 
250 254 
0 0 
0 0 
0 0 
0 0 
0 0 
0 0 
252 218 
0 0 
0 0 
0 0 
0 0 
0 0 
246 252 
0 0 
0 0 
0 0 
0 0 
0 0 
220 240 
0 0 
0 0 
0 0 
0 0 
0 0 
250 248 
0 0 
0 0 
0 0 
0 0 
0 0 
246 244 
0 0 
0 0 
0 0 
0 0 
0 0 
248 246 
0 0 
0 0 
0 0 
0 0 
0 0 
250 252 
0 0 
0 0 
0 0 
0 0 
0 0 
234 240 
0 0 
0 0 
0 0 
0 0 
0 0 
522 246 
0 0 
0 0 
0 0 
0 0 
0 0 
0 0 
0 0 
236 238 
0 0 
0 0 
0 0 
0 0 
0 0 
242 246 
0 0 
0 0 
0 0 
0 0 
0 0 
246 248 
0 0 
0 0 
0 0 
0 0 
0 0 
238 250 
0 0 
0 0 
0 0 
0 0 
0 0 
250 240 
0 0 
0 0 
0 0 
0 0 
0 0 
0 0 
244 252 
0 0 
0 0 
0 0 
0 0 
0 0 
258 256 
0 0 
0 0 
0 0 
0 0 
0 0 
248 260 
0 0 
0 0 
0 0 
0 0 
0 0 
236 250 
0 0 
0 0 
0 0 
0 0 
0 0 
280 250 
0 0 
0 0 
0 0 
0 0 
0 0 
254 252 
0 0 
0 0 
0 0 
0 0 
0 0 
248 250 
0 0 
0 0 
0 0 
0 0 
0 0 
246 268 
0 0 
0 0 
0 0 
0 0 
0 0 
620 256 
0 0 
0 0 
0 0 
0 0 
0 0 
0 0 
0 0 
0 0 
248 238 
0 0 
0 0 
0 0 
0 0 
0 0 
254 248 
0 0 
0 0 
0 0 
0 0 
0 0 
250 250 
0 0 
0 0 
0 0 
0 0 
0 0 
244 252 
0 0 
0 0 
0 0 
0 0 
0 0 
0 0 
252 220 
0 0 
0 0 
0 0 
0 0 
0 0 
244 246 
0 0 
0 0 
0 0 
0 0 
0 0 
256 246 
0 0 
0 0 
0 0 
0 0 
0 0 
252 246 
0 0 
0 0 
0 0 
0 0 
0 0 
258 250 
0 0 
0 0 
0 0 
0 0 
0 0 
0 0 
250 236 
0 0 
0 0 
0 0 
0 0 
0 0 
250 248 
0 0 
0 0 
0 0 
0 0 
0 0 
248 248 
0 0 
0 0 
0 0 
0 0 
0 0 
252 254 
0 0 
0 0 
0 0 
0 0 
0 0 
0 0 
218 248 
0 0 
0 0 
0 0 
0 0 
0 0 
254 244 
0 0 
0 0 
0 0 
0 0 
0 0 
240 258 
0 0 
0 0 
0 0 
0 0 
0 0 
236 250 
0 0 
0 0 
0 0 
0 0 
0 0 
246 258 
0 0 
0 0 
0 0 
0 0 
0 0 
246 250 
0 0 
0 0 
0 0 
0 0 
0 0 
250 236 
0 0 
0 0 
0 0 
0 0 
0 0 
442 254 
0 0 
0 0 
0 0 
0 0 
0 0 
0 0 
0 0 
252 238 
0 0 
0 0 
0 0 
0 0 
0 0 
252 244 
0 0 
0 0 
0 0 
0 0 
0 0 
250 252 
0 0 
0 0 
0 0 
0 0 
0 0 
244 250 
0 0 
0 0 
0 0 
0 0 
0 0 
242 254 
0 0 
0 0 
0 0 
0 0 
0 0 
252 248 
0 0 
0 0 
0 0 
0 0 
0 0 
394 242 
0 0 
0 0 
0 0 
0 0 
0 0 
0 0 
0 0 
252 244 
0 0 
0 0 
0 0 
0 0 
0 0 
238 246 
0 0 
0 0 
0 0 
0 0 
0 0 
250 252 
0 0 
0 0 
0 0 
0 0 
0 0 
0 0 
248 248 
0 0 
0 0 
0 0 
0 0 
0 0 
240 240 
0 0 
0 0 
0 0 
0 0 
0 0 
252 242 
0 0 
0 0 
0 0 
0 0 
0 0 
262 256 
0 0 
0 0 
0 0 
0 0 
0 0 
244 236 
0 0 
0 0 
0 0 
0 0 
0 0 
252 248 
0 0 
0 0 
0 0 
0 0 
0 0 
252 254 
0 0 
0 0 
0 0 
0 0 
0 0 
256 250 
0 0 
0 0 
0 0 
0 0 
0 0 
248 258 
0 0 
0 0 
0 0 
0 0 
0 0 
252 236 
0 0 
0 0 
0 0 
0 0 
0 0 
468 246 
0 0 
0 0 
0 0 
0 0 
0 0 
0 0 
0 0 
252 238 
0 0 
0 0 
0 0 
0 0 
0 0 
300 254 
0 0 
0 0 
0 0 
0 0 
0 0 
0 0 
256 250 
0 0 
0 0 
0 0 
0 0 
0 0 
250 246 
0 0 
0 0 
0 0 
0 0 
0 0 
248 228 
0 0 
0 0 
0 0 
0 0 
0 0 
250 252 
0 0 
0 0 
0 0 
0 0 
0 0 
244 254 
0 0 
0 0 
0 0 
0 0 
0 0 
0 0 
250 232 
0 0 
0 0 
0 0 
0 0 
0 0 
254 246 
0 0 
0 0 
0 0 
0 0 
0 0 
248 250 
0 0 
0 0 
0 0 
0 0 
0 0 
254 254 
0 0 
0 0 
0 0 
0 0 
0 0 
252 246 
0 0 
0 0 
0 0 
0 0 
0 0 
250 240 
0 0 
0 0 
0 0 
0 0 
0 0 
460 250 
0 0 
0 0 
0 0 
0 0 
0 0 
0 0 
0 0 
230 238 
0 0 
0 0 
0 0 
0 0 
0 0 
250 252 
0 0 
0 0 
0 0 
0 0 
0 0 
256 244 
0 0 
0 0 
0 0 
0 0 
0 0 
254 248 
0 0 
0 0 
0 0 
0 0 
0 0 
246 252 
0 0 
0 0 
0 0 
0 0 
0 0 
238 244 
0 0 
0 0 
0 0 
0 0 
0 0 
370 238 
0 0 
0 0 
0 0 
0 0 
0 0 
0 0 
248 216 
0 0 
0 0 
0 0 
0 0 
0 0 
224 218 
0 0 
0 0 
0 0 
0 0 
0 0 
