# FR-trace starting at Fri Apr 29 14:47:59 2022
################# CONFIG #################
# slot=200
# samples=100000
# threshold=100
# idle=10000
# minlen=30000
# runs=60000
# pdathreads=6
# nmonitored=2
#   monitor0=/usr/local/lib/libcrypto.so 828458 0xca42a
#   monitor1=/usr/local/lib/libcrypto.so 1375253 0x14fc15
# nevicted=0
# npdatargets=2
#   target0=/usr/local/lib/libcrypto.so 1375152 0x14fbb0
#   target1=/usr/local/lib/libcrypto.so 753917 0xb80fd
# affinity=all
############## SYSTEM INFO ###############
# mastik_version=
# sysname=Linux
# nodename=cyberdada
# release=5.13.0-39-generic
# version=#44~20.04.1-Ubuntu SMP Thu Mar 24 16:43:35 UTC 2022
# machine=x86_64
################## DATA ##################
# run=1
# datapoints=16259
248 64 
254 254 
0 0 
0 0 
0 0 
0 0 
0 0 
0 0 
0 0 
0 0 
0 0 
0 0 
0 0 
0 0 
0 0 
0 0 
226 598 
0 0 
0 0 
0 0 
0 0 
0 0 
0 0 
0 0 
0 0 
0 0 
220 236 
0 0 
0 0 
0 0 
0 0 
0 0 
0 0 
248 250 
0 0 
0 0 
0 0 
0 0 
0 0 
0 0 
250 254 
0 0 
0 0 
0 0 
0 0 
0 0 
0 0 
222 246 
0 0 
0 0 
0 0 
0 0 
0 0 
248 248 
0 0 
0 0 
0 0 
0 0 
0 0 
0 0 
224 68 
0 0 
0 0 
0 0 
0 0 
312 248 
0 0 
0 0 
0 0 
0 0 
0 0 
0 0 
252 240 
0 0 
0 0 
0 0 
0 0 
0 0 
224 62 
0 0 
0 0 
0 0 
0 0 
246 66 
0 0 
0 0 
0 0 
0 0 
0 0 
220 62 
0 0 
0 0 
0 0 
0 0 
218 68 
0 0 
0 0 
0 0 
0 0 
252 286 
0 0 
0 0 
0 0 
0 0 
0 0 
0 0 
672 66 
0 0 
0 0 
0 0 
0 0 
0 0 
0 0 
0 0 
0 0 
224 68 
0 0 
0 0 
0 0 
0 0 
226 66 
0 0 
0 0 
0 0 
0 0 
220 64 
0 0 
0 0 
0 0 
0 0 
258 248 
0 0 
0 0 
0 0 
0 0 
0 0 
0 0 
238 258 
0 0 
0 0 
0 0 
0 0 
0 0 
0 0 
252 242 
0 0 
0 0 
0 0 
0 0 
0 0 
0 0 
472 256 
0 0 
0 0 
0 0 
0 0 
0 0 
0 0 
0 0 
248 236 
0 0 
0 0 
0 0 
0 0 
0 0 
254 240 
0 0 
0 0 
0 0 
0 0 
0 0 
0 0 
246 68 
0 0 
0 0 
0 0 
0 0 
222 70 
0 0 
0 0 
0 0 
0 0 
0 0 
256 64 
0 0 
0 0 
0 0 
0 0 
270 240 
0 0 
0 0 
0 0 
0 0 
0 0 
0 0 
248 222 
0 0 
0 0 
0 0 
0 0 
0 0 
256 248 
0 0 
0 0 
0 0 
0 0 
0 0 
224 248 
0 0 
0 0 
0 0 
0 0 
0 0 
0 0 
222 244 
0 0 
0 0 
0 0 
0 0 
0 0 
0 0 
222 244 
0 0 
0 0 
0 0 
0 0 
0 0 
224 242 
0 0 
0 0 
0 0 
0 0 
0 0 
248 246 
0 0 
0 0 
0 0 
0 0 
0 0 
0 0 
222 246 
0 0 
0 0 
0 0 
0 0 
0 0 
0 0 
0 0 
0 0 
236 64 
0 0 
0 0 
0 0 
0 0 
254 70 
0 0 
0 0 
0 0 
0 0 
246 68 
0 0 
0 0 
0 0 
0 0 
250 60 
0 0 
0 0 
0 0 
0 0 
236 62 
0 0 
0 0 
0 0 
0 0 
222 68 
0 0 
0 0 
0 0 
0 0 
246 68 
0 0 
0 0 
0 0 
0 0 
246 62 
0 0 
0 0 
0 0 
0 0 
0 0 
220 62 
0 0 
0 0 
0 0 
0 0 
256 246 
0 0 
0 0 
0 0 
0 0 
0 0 
0 0 
240 248 
0 0 
0 0 
0 0 
0 0 
0 0 
250 244 
0 0 
0 0 
0 0 
0 0 
0 0 
0 0 
252 222 
0 0 
0 0 
0 0 
0 0 
0 0 
246 916 
0 0 
0 0 
0 0 
0 0 
0 0 
0 0 
0 0 
0 0 
0 0 
0 0 
0 0 
242 238 
0 0 
0 0 
0 0 
0 0 
0 0 
250 246 
0 0 
0 0 
0 0 
0 0 
0 0 
246 222 
0 0 
0 0 
0 0 
0 0 
0 0 
242 240 
0 0 
0 0 
0 0 
0 0 
0 0 
256 226 
0 0 
0 0 
0 0 
0 0 
0 0 
254 240 
0 0 
0 0 
0 0 
0 0 
0 0 
644 246 
0 0 
0 0 
0 0 
0 0 
0 0 
0 0 
0 0 
0 0 
0 0 
240 244 
0 0 
0 0 
0 0 
0 0 
0 0 
252 266 
0 0 
0 0 
0 0 
0 0 
0 0 
0 0 
250 250 
0 0 
0 0 
0 0 
0 0 
0 0 
0 0 
256 252 
0 0 
0 0 
0 0 
0 0 
0 0 
248 228 
0 0 
0 0 
0 0 
0 0 
0 0 
794 244 
0 0 
0 0 
0 0 
0 0 
0 0 
0 0 
0 0 
0 0 
0 0 
226 236 
0 0 
0 0 
0 0 
0 0 
0 0 
242 242 
0 0 
0 0 
0 0 
0 0 
0 0 
250 232 
0 0 
0 0 
0 0 
0 0 
0 0 
0 0 
250 242 
0 0 
0 0 
0 0 
0 0 
0 0 
218 272 
0 0 
0 0 
0 0 
0 0 
0 0 
302 248 
0 0 
0 0 
0 0 
0 0 
0 0 
0 0 
230 250 
0 0 
0 0 
0 0 
0 0 
0 0 
248 216 
0 0 
0 0 
0 0 
0 0 
0 0 
0 0 
254 250 
0 0 
0 0 
0 0 
0 0 
0 0 
242 246 
0 0 
0 0 
0 0 
0 0 
0 0 
232 248 
0 0 
0 0 
0 0 
0 0 
0 0 
244 246 
0 0 
0 0 
0 0 
0 0 
0 0 
254 242 
0 0 
0 0 
0 0 
0 0 
0 0 
0 0 
256 212 
0 0 
0 0 
0 0 
0 0 
0 0 
0 0 
240 232 
0 0 
0 0 
0 0 
0 0 
0 0 
254 218 
0 0 
0 0 
0 0 
0 0 
0 0 
218 248 
0 0 
0 0 
0 0 
0 0 
0 0 
226 240 
0 0 
0 0 
0 0 
0 0 
0 0 
0 0 
252 246 
0 0 
0 0 
0 0 
0 0 
0 0 
0 0 
250 552 
0 0 
0 0 
0 0 
0 0 
0 0 
0 0 
0 0 
0 0 
250 244 
0 0 
0 0 
0 0 
0 0 
0 0 
246 216 
0 0 
0 0 
0 0 
0 0 
0 0 
248 240 
0 0 
0 0 
0 0 
0 0 
0 0 
0 0 
244 248 
0 0 
0 0 
0 0 
0 0 
0 0 
252 220 
0 0 
0 0 
0 0 
0 0 
0 0 
242 242 
0 0 
0 0 
0 0 
0 0 
0 0 
454 248 
0 0 
0 0 
0 0 
0 0 
0 0 
0 0 
0 0 
0 0 
252 232 
0 0 
0 0 
0 0 
0 0 
0 0 
258 230 
0 0 
0 0 
0 0 
0 0 
0 0 
0 0 
252 246 
0 0 
0 0 
0 0 
0 0 
0 0 
252 242 
0 0 
0 0 
0 0 
0 0 
0 0 
258 244 
0 0 
0 0 
0 0 
0 0 
0 0 
246 676 
0 0 
0 0 
0 0 
0 0 
0 0 
0 0 
0 0 
0 0 
0 0 
222 216 
0 0 
0 0 
0 0 
0 0 
0 0 
246 232 
0 0 
0 0 
0 0 
0 0 
0 0 
0 0 
254 246 
0 0 
0 0 
0 0 
0 0 
0 0 
216 244 
0 0 
0 0 
0 0 
0 0 
0 0 
250 394 
0 0 
0 0 
0 0 
0 0 
0 0 
0 0 
0 0 
0 0 
248 602 
0 0 
0 0 
0 0 
0 0 
0 0 
0 0 
0 0 
0 0 
248 290 
0 0 
0 0 
0 0 
0 0 
0 0 
0 0 
288 244 
0 0 
0 0 
0 0 
0 0 
0 0 
246 250 
0 0 
0 0 
0 0 
0 0 
0 0 
250 250 
0 0 
0 0 
0 0 
0 0 
0 0 
254 218 
0 0 
0 0 
0 0 
0 0 
0 0 
0 0 
250 268 
0 0 
0 0 
0 0 
0 0 
0 0 
436 244 
0 0 
0 0 
0 0 
0 0 
0 0 
0 0 
0 0 
248 226 
0 0 
0 0 
0 0 
0 0 
0 0 
252 252 
0 0 
0 0 
0 0 
0 0 
0 0 
0 0 
250 214 
0 0 
0 0 
0 0 
0 0 
0 0 
0 0 
0 0 
240 250 
0 0 
0 0 
0 0 
0 0 
0 0 
0 0 
252 244 
0 0 
0 0 
0 0 
0 0 
0 0 
732 246 
0 0 
0 0 
0 0 
0 0 
0 0 
0 0 
0 0 
0 0 
0 0 
252 236 
0 0 
0 0 
0 0 
0 0 
0 0 
252 218 
0 0 
0 0 
0 0 
0 0 
0 0 
252 216 
0 0 
0 0 
0 0 
0 0 
0 0 
250 240 
0 0 
0 0 
0 0 
0 0 
0 0 
0 0 
250 354 
0 0 
0 0 
0 0 
0 0 
0 0 
0 0 
250 650 
0 0 
0 0 
0 0 
0 0 
0 0 
0 0 
0 0 
0 0 
0 0 
246 246 
0 0 
0 0 
0 0 
0 0 
0 0 
248 246 
0 0 
0 0 
0 0 
0 0 
0 0 
252 222 
0 0 
0 0 
0 0 
0 0 
0 0 
250 246 
0 0 
0 0 
0 0 
0 0 
0 0 
0 0 
250 244 
0 0 
0 0 
0 0 
0 0 
0 0 
248 250 
0 0 
0 0 
0 0 
0 0 
0 0 
438 250 
0 0 
0 0 
0 0 
0 0 
0 0 
0 0 
0 0 
224 236 
0 0 
0 0 
0 0 
0 0 
0 0 
0 0 
0 0 
254 244 
0 0 
0 0 
0 0 
0 0 
0 0 
250 252 
0 0 
0 0 
0 0 
0 0 
0 0 
0 0 
248 224 
0 0 
0 0 
0 0 
0 0 
0 0 
252 244 
0 0 
0 0 
0 0 
0 0 
0 0 
0 0 
220 560 
0 0 
0 0 
0 0 
0 0 
0 0 
0 0 
0 0 
0 0 
0 0 
258 238 
0 0 
0 0 
0 0 
0 0 
0 0 
250 232 
0 0 
0 0 
0 0 
0 0 
0 0 
252 242 
0 0 
0 0 
0 0 
0 0 
0 0 
0 0 
252 220 
0 0 
0 0 
0 0 
0 0 
0 0 
262 222 
0 0 
0 0 
0 0 
0 0 
0 0 
0 0 
254 728 
0 0 
0 0 
0 0 
0 0 
0 0 
0 0 
0 0 
0 0 
0 0 
248 246 
0 0 
0 0 
0 0 
0 0 
0 0 
238 244 
0 0 
0 0 
0 0 
0 0 
0 0 
258 244 
0 0 
0 0 
0 0 
0 0 
0 0 
250 220 
0 0 
0 0 
0 0 
0 0 
0 0 
0 0 
234 246 
0 0 
0 0 
0 0 
0 0 
0 0 
252 224 
0 0 
0 0 
0 0 
0 0 
0 0 
596 248 
0 0 
0 0 
0 0 
0 0 
0 0 
0 0 
0 0 
0 0 
214 218 
0 0 
0 0 
0 0 
0 0 
0 0 
234 254 
0 0 
0 0 
0 0 
0 0 
0 0 
0 0 
258 250 
0 0 
0 0 
0 0 
0 0 
0 0 
0 0 
236 244 
0 0 
0 0 
0 0 
0 0 
0 0 
0 0 
248 248 
0 0 
0 0 
0 0 
0 0 
0 0 
0 0 
0 0 
600 242 
0 0 
0 0 
0 0 
0 0 
0 0 
0 0 
0 0 
0 0 
248 218 
0 0 
0 0 
0 0 
0 0 
0 0 
262 252 
0 0 
0 0 
0 0 
0 0 
0 0 
252 240 
0 0 
0 0 
0 0 
0 0 
0 0 
0 0 
238 216 
0 0 
0 0 
0 0 
0 0 
0 0 
226 250 
0 0 
0 0 
0 0 
0 0 
0 0 
0 0 
248 564 
0 0 
0 0 
0 0 
0 0 
0 0 
0 0 
0 0 
0 0 
250 244 
0 0 
0 0 
0 0 
0 0 
0 0 
0 0 
252 248 
0 0 
0 0 
0 0 
0 0 
0 0 
0 0 
260 250 
0 0 
0 0 
0 0 
0 0 
0 0 
0 0 
0 0 
254 246 
0 0 
0 0 
0 0 
0 0 
0 0 
252 248 
0 0 
0 0 
0 0 
0 0 
0 0 
246 672 
0 0 
0 0 
0 0 
0 0 
0 0 
0 0 
0 0 
0 0 
0 0 
250 244 
0 0 
0 0 
0 0 
0 0 
0 0 
222 246 
0 0 
0 0 
0 0 
0 0 
0 0 
226 274 
0 0 
0 0 
0 0 
0 0 
0 0 
0 0 
222 226 
0 0 
0 0 
0 0 
0 0 
0 0 
252 250 
0 0 
0 0 
0 0 
0 0 
0 0 
248 246 
0 0 
0 0 
0 0 
0 0 
0 0 
0 0 
256 248 
0 0 
0 0 
0 0 
0 0 
0 0 
0 0 
252 276 
0 0 
0 0 
0 0 
0 0 
0 0 
0 0 
220 250 
0 0 
0 0 
0 0 
0 0 
0 0 
0 0 
226 238 
0 0 
0 0 
0 0 
0 0 
0 0 
252 250 
0 0 
0 0 
0 0 
0 0 
0 0 
0 0 
240 244 
0 0 
0 0 
0 0 
0 0 
0 0 
242 656 
0 0 
0 0 
0 0 
0 0 
0 0 
0 0 
0 0 
0 0 
0 0 
252 244 
0 0 
0 0 
0 0 
0 0 
0 0 
274 222 
0 0 
0 0 
0 0 
0 0 
0 0 
0 0 
220 250 
0 0 
0 0 
0 0 
0 0 
0 0 
0 0 
248 246 
0 0 
0 0 
0 0 
0 0 
0 0 
0 0 
250 220 
0 0 
0 0 
0 0 
0 0 
0 0 
260 218 
0 0 
0 0 
0 0 
0 0 
0 0 
0 0 
262 216 
0 0 
0 0 
0 0 
0 0 
0 0 
248 236 
0 0 
0 0 
0 0 
0 0 
0 0 
0 0 
254 224 
0 0 
0 0 
0 0 
0 0 
0 0 
318 218 
0 0 
0 0 
0 0 
0 0 
0 0 
0 0 
226 246 
0 0 
0 0 
0 0 
0 0 
0 0 
222 238 
0 0 
0 0 
0 0 
0 0 
0 0 
248 534 
0 0 
0 0 
0 0 
0 0 
0 0 
0 0 
0 0 
0 0 
256 246 
0 0 
0 0 
0 0 
0 0 
0 0 
0 0 
220 252 
0 0 
0 0 
0 0 
0 0 
0 0 
260 252 
0 0 
0 0 
0 0 
0 0 
0 0 
0 0 
216 246 
0 0 
0 0 
0 0 
0 0 
0 0 
0 0 
224 214 
0 0 
0 0 
0 0 
0 0 
0 0 
248 246 
0 0 
0 0 
0 0 
0 0 
0 0 
252 218 
0 0 
0 0 
0 0 
0 0 
0 0 
238 240 
0 0 
0 0 
0 0 
0 0 
0 0 
0 0 
246 234 
0 0 
0 0 
0 0 
0 0 
0 0 
238 246 
0 0 
0 0 
0 0 
0 0 
0 0 
252 218 
0 0 
0 0 
0 0 
0 0 
0 0 
252 246 
0 0 
0 0 
0 0 
0 0 
0 0 
250 242 
0 0 
0 0 
0 0 
0 0 
0 0 
248 248 
0 0 
0 0 
0 0 
0 0 
0 0 
0 0 
248 236 
0 0 
0 0 
0 0 
0 0 
0 0 
242 220 
0 0 
0 0 
0 0 
0 0 
0 0 
228 214 
0 0 
0 0 
0 0 
0 0 
0 0 
272 248 
0 0 
0 0 
0 0 
0 0 
0 0 
254 246 
0 0 
0 0 
0 0 
0 0 
0 0 
248 222 
0 0 
0 0 
0 0 
0 0 
0 0 
0 0 
322 236 
0 0 
0 0 
0 0 
0 0 
0 0 
0 0 
220 220 
0 0 
0 0 
0 0 
0 0 
0 0 
218 250 
0 0 
0 0 
0 0 
0 0 
0 0 
226 270 
0 0 
0 0 
0 0 
0 0 
0 0 
0 0 
0 0 
254 244 
0 0 
0 0 
0 0 
0 0 
0 0 
0 0 
250 242 
0 0 
0 0 
0 0 
0 0 
0 0 
0 0 
710 248 
0 0 
0 0 
0 0 
0 0 
0 0 
0 0 
0 0 
0 0 
0 0 
220 214 
0 0 
0 0 
0 0 
0 0 
0 0 
216 244 
0 0 
0 0 
0 0 
0 0 
0 0 
226 218 
0 0 
0 0 
0 0 
0 0 
0 0 
0 0 
346 242 
0 0 
0 0 
0 0 
0 0 
0 0 
0 0 
250 248 
0 0 
0 0 
0 0 
0 0 
0 0 
0 0 
254 556 
0 0 
0 0 
0 0 
0 0 
0 0 
0 0 
0 0 
0 0 
274 214 
0 0 
0 0 
0 0 
0 0 
0 0 
0 0 
250 244 
0 0 
0 0 
0 0 
0 0 
0 0 
0 0 
250 254 
0 0 
0 0 
0 0 
0 0 
0 0 
0 0 
254 248 
0 0 
0 0 
0 0 
0 0 
0 0 
0 0 
324 250 
0 0 
0 0 
0 0 
0 0 
0 0 
0 0 
256 580 
0 0 
0 0 
0 0 
0 0 
0 0 
0 0 
0 0 
0 0 
262 234 
0 0 
0 0 
0 0 
0 0 
0 0 
0 0 
248 246 
0 0 
0 0 
0 0 
0 0 
0 0 
250 236 
0 0 
0 0 
0 0 
0 0 
0 0 
0 0 
258 222 
0 0 
0 0 
0 0 
0 0 
0 0 
226 250 
0 0 
0 0 
0 0 
0 0 
0 0 
218 244 
0 0 
0 0 
0 0 
0 0 
0 0 
250 248 
0 0 
0 0 
0 0 
0 0 
0 0 
0 0 
248 218 
0 0 
0 0 
0 0 
0 0 
0 0 
274 222 
0 0 
0 0 
0 0 
0 0 
0 0 
224 252 
0 0 
0 0 
0 0 
0 0 
0 0 
250 230 
0 0 
0 0 
0 0 
0 0 
0 0 
250 248 
0 0 
0 0 
0 0 
0 0 
0 0 
240 242 
0 0 
0 0 
0 0 
0 0 
0 0 
390 280 
0 0 
0 0 
0 0 
0 0 
0 0 
0 0 
0 0 
244 240 
0 0 
0 0 
0 0 
0 0 
0 0 
0 0 
230 250 
0 0 
0 0 
0 0 
0 0 
0 0 
252 242 
0 0 
0 0 
0 0 
0 0 
0 0 
252 244 
0 0 
0 0 
0 0 
0 0 
0 0 
0 0 
254 250 
0 0 
0 0 
0 0 
0 0 
0 0 
0 0 
0 0 
718 244 
0 0 
0 0 
0 0 
0 0 
0 0 
0 0 
0 0 
0 0 
0 0 
250 232 
0 0 
0 0 
0 0 
0 0 
0 0 
250 248 
0 0 
0 0 
0 0 
0 0 
0 0 
250 246 
0 0 
0 0 
0 0 
0 0 
0 0 
0 0 
256 246 
0 0 
0 0 
0 0 
0 0 
0 0 
0 0 
254 244 
0 0 
0 0 
0 0 
0 0 
0 0 
0 0 
0 0 
626 322 
0 0 
0 0 
0 0 
0 0 
0 0 
0 0 
0 0 
0 0 
0 0 
254 236 
0 0 
0 0 
0 0 
0 0 
0 0 
0 0 
220 236 
0 0 
0 0 
0 0 
0 0 
0 0 
230 244 
0 0 
0 0 
0 0 
0 0 
0 0 
0 0 
226 244 
0 0 
0 0 
0 0 
0 0 
0 0 
0 0 
0 0 
248 240 
0 0 
0 0 
0 0 
0 0 
0 0 
616 292 
0 0 
0 0 
0 0 
0 0 
0 0 
0 0 
0 0 
0 0 
252 240 
0 0 
0 0 
0 0 
0 0 
0 0 
0 0 
236 244 
0 0 
0 0 
0 0 
0 0 
0 0 
246 268 
0 0 
0 0 
0 0 
0 0 
0 0 
250 248 
0 0 
0 0 
0 0 
0 0 
0 0 
256 240 
0 0 
0 0 
0 0 
0 0 
0 0 
252 244 
0 0 
0 0 
0 0 
0 0 
0 0 
0 0 
260 216 
0 0 
0 0 
0 0 
0 0 
0 0 
0 0 
242 214 
0 0 
0 0 
0 0 
0 0 
0 0 
224 252 
0 0 
0 0 
0 0 
0 0 
0 0 
0 0 
250 244 
0 0 
0 0 
0 0 
0 0 
0 0 
254 226 
0 0 
0 0 
0 0 
0 0 
0 0 
0 0 
258 246 
0 0 
0 0 
0 0 
0 0 
0 0 
0 0 
220 562 
0 0 
0 0 
0 0 
0 0 
0 0 
0 0 
0 0 
0 0 
250 240 
0 0 
0 0 
0 0 
0 0 
0 0 
0 0 
250 242 
0 0 
0 0 
0 0 
0 0 
0 0 
248 248 
0 0 
0 0 
0 0 
0 0 
0 0 
230 250 
0 0 
0 0 
0 0 
0 0 
0 0 
258 240 
0 0 
0 0 
0 0 
0 0 
0 0 
228 250 
0 0 
0 0 
0 0 
0 0 
0 0 
0 0 
248 236 
0 0 
0 0 
0 0 
0 0 
0 0 
256 288 
0 0 
0 0 
0 0 
0 0 
0 0 
0 0 
246 224 
0 0 
0 0 
0 0 
0 0 
0 0 
246 222 
0 0 
0 0 
0 0 
0 0 
0 0 
252 250 
0 0 
0 0 
0 0 
0 0 
0 0 
244 258 
0 0 
0 0 
0 0 
0 0 
0 0 
0 0 
250 222 
0 0 
0 0 
0 0 
0 0 
0 0 
272 244 
0 0 
0 0 
0 0 
0 0 
0 0 
0 0 
224 238 
0 0 
0 0 
0 0 
0 0 
0 0 
250 252 
0 0 
0 0 
0 0 
0 0 
0 0 
248 242 
0 0 
0 0 
0 0 
0 0 
0 0 
252 230 
0 0 
0 0 
0 0 
0 0 
0 0 
250 250 
0 0 
0 0 
0 0 
0 0 
0 0 
0 0 
224 732 
0 0 
0 0 
0 0 
0 0 
0 0 
0 0 
0 0 
0 0 
0 0 
222 248 
0 0 
0 0 
0 0 
0 0 
0 0 
252 240 
0 0 
0 0 
0 0 
0 0 
0 0 
0 0 
246 246 
0 0 
0 0 
0 0 
0 0 
0 0 
252 246 
0 0 
0 0 
0 0 
0 0 
0 0 
248 244 
0 0 
0 0 
0 0 
0 0 
0 0 
0 0 
216 244 
0 0 
0 0 
0 0 
0 0 
0 0 
360 240 
0 0 
0 0 
0 0 
0 0 
0 0 
0 0 
252 236 
0 0 
0 0 
0 0 
0 0 
0 0 
250 244 
0 0 
0 0 
0 0 
0 0 
0 0 
0 0 
250 224 
0 0 
0 0 
0 0 
0 0 
0 0 
306 218 
0 0 
0 0 
0 0 
0 0 
0 0 
0 0 
0 0 
252 248 
0 0 
0 0 
0 0 
0 0 
0 0 
244 712 
0 0 
0 0 
0 0 
0 0 
0 0 
0 0 
0 0 
0 0 
0 0 
0 0 
324 234 
0 0 
0 0 
0 0 
0 0 
0 0 
0 0 
252 244 
0 0 
0 0 
0 0 
0 0 
0 0 
252 244 
0 0 
0 0 
0 0 
0 0 
0 0 
0 0 
228 238 
0 0 
0 0 
0 0 
0 0 
0 0 
236 254 
0 0 
0 0 
0 0 
0 0 
0 0 
242 244 
0 0 
0 0 
0 0 
0 0 
0 0 
230 250 
0 0 
0 0 
0 0 
0 0 
0 0 
254 238 
0 0 
0 0 
0 0 
0 0 
0 0 
0 0 
230 244 
0 0 
0 0 
0 0 
0 0 
0 0 
250 230 
0 0 
0 0 
0 0 
0 0 
0 0 
252 222 
0 0 
0 0 
0 0 
0 0 
0 0 
218 250 
0 0 
0 0 
0 0 
0 0 
0 0 
262 244 
0 0 
0 0 
0 0 
0 0 
0 0 
348 244 
0 0 
0 0 
0 0 
0 0 
0 0 
0 0 
0 0 
226 220 
0 0 
0 0 
0 0 
0 0 
0 0 
258 254 
0 0 
0 0 
0 0 
0 0 
0 0 
0 0 
226 248 
0 0 
0 0 
0 0 
0 0 
0 0 
248 246 
0 0 
0 0 
0 0 
0 0 
0 0 
252 248 
0 0 
0 0 
0 0 
0 0 
0 0 
0 0 
246 534 
0 0 
0 0 
0 0 
0 0 
0 0 
0 0 
0 0 
258 238 
0 0 
0 0 
0 0 
0 0 
0 0 
0 0 
248 252 
0 0 
0 0 
0 0 
0 0 
0 0 
0 0 
248 250 
0 0 
0 0 
0 0 
0 0 
0 0 
0 0 
0 0 
242 238 
0 0 
0 0 
0 0 
0 0 
0 0 
246 244 
0 0 
0 0 
0 0 
0 0 
0 0 
0 0 
230 580 
0 0 
0 0 
0 0 
0 0 
0 0 
0 0 
0 0 
0 0 
248 252 
0 0 
0 0 
0 0 
0 0 
0 0 
0 0 
220 234 
0 0 
0 0 
0 0 
0 0 
0 0 
0 0 
252 244 
0 0 
0 0 
0 0 
0 0 
0 0 
0 0 
258 242 
0 0 
0 0 
0 0 
0 0 
0 0 
0 0 
310 232 
0 0 
0 0 
0 0 
0 0 
0 0 
250 244 
0 0 
0 0 
0 0 
0 0 
0 0 
0 0 
250 240 
0 0 
0 0 
0 0 
0 0 
0 0 
258 530 
0 0 
0 0 
0 0 
0 0 
0 0 
0 0 
0 0 
0 0 
0 0 
252 222 
0 0 
0 0 
0 0 
0 0 
0 0 
236 246 
0 0 
0 0 
0 0 
0 0 
0 0 
238 242 
0 0 
0 0 
0 0 
0 0 
0 0 
0 0 
0 0 
224 256 
0 0 
0 0 
0 0 
0 0 
0 0 
276 252 
0 0 
0 0 
0 0 
0 0 
0 0 
242 240 
0 0 
0 0 
0 0 
0 0 
0 0 
0 0 
252 244 
0 0 
0 0 
0 0 
0 0 
0 0 
258 242 
0 0 
0 0 
0 0 
0 0 
0 0 
0 0 
254 222 
0 0 
0 0 
0 0 
0 0 
0 0 
0 0 
246 244 
0 0 
0 0 
0 0 
0 0 
0 0 
0 0 
252 550 
0 0 
0 0 
0 0 
0 0 
0 0 
0 0 
0 0 
248 212 
0 0 
0 0 
0 0 
0 0 
0 0 
0 0 
250 222 
0 0 
0 0 
0 0 
0 0 
0 0 
248 248 
0 0 
0 0 
0 0 
0 0 
0 0 
0 0 
0 0 
220 250 
0 0 
0 0 
0 0 
0 0 
0 0 
224 218 
0 0 
0 0 
0 0 
0 0 
0 0 
224 246 
0 0 
0 0 
0 0 
0 0 
0 0 
354 246 
0 0 
0 0 
0 0 
0 0 
0 0 
0 0 
252 234 
0 0 
0 0 
0 0 
0 0 
0 0 
250 248 
0 0 
0 0 
0 0 
0 0 
0 0 
250 242 
0 0 
0 0 
0 0 
0 0 
0 0 
250 248 
0 0 
0 0 
0 0 
0 0 
0 0 
244 244 
0 0 
0 0 
0 0 
0 0 
0 0 
240 228 
0 0 
0 0 
0 0 
0 0 
0 0 
0 0 
336 250 
0 0 
0 0 
0 0 
0 0 
0 0 
0 0 
218 238 
0 0 
0 0 
0 0 
0 0 
0 0 
0 0 
250 224 
0 0 
0 0 
0 0 
0 0 
0 0 
252 244 
0 0 
0 0 
0 0 
0 0 
0 0 
240 240 
0 0 
0 0 
0 0 
0 0 
0 0 
248 250 
0 0 
0 0 
0 0 
0 0 
0 0 
0 0 
252 734 
0 0 
0 0 
0 0 
0 0 
0 0 
0 0 
0 0 
0 0 
0 0 
0 0 
218 248 
0 0 
0 0 
0 0 
0 0 
0 0 
252 246 
0 0 
0 0 
0 0 
0 0 
0 0 
256 244 
0 0 
0 0 
0 0 
0 0 
0 0 
222 248 
0 0 
0 0 
0 0 
0 0 
0 0 
250 236 
0 0 
0 0 
0 0 
0 0 
0 0 
252 240 
0 0 
0 0 
0 0 
0 0 
0 0 
0 0 
360 248 
0 0 
0 0 
0 0 
0 0 
0 0 
0 0 
252 214 
0 0 
0 0 
0 0 
0 0 
0 0 
246 254 
0 0 
0 0 
0 0 
0 0 
0 0 
226 226 
0 0 
0 0 
0 0 
0 0 
0 0 
250 256 
0 0 
0 0 
0 0 
0 0 
0 0 
0 0 
254 240 
0 0 
0 0 
0 0 
0 0 
0 0 
250 244 
0 0 
0 0 
0 0 
0 0 
0 0 
0 0 
250 248 
0 0 
0 0 
0 0 
0 0 
0 0 
248 220 
0 0 
0 0 
0 0 
0 0 
0 0 
250 224 
0 0 
0 0 
0 0 
0 0 
0 0 
354 256 
0 0 
0 0 
0 0 
0 0 
0 0 
0 0 
252 246 
0 0 
0 0 
0 0 
0 0 
0 0 
232 220 
0 0 
0 0 
0 0 
0 0 
0 0 
244 254 
0 0 
0 0 
0 0 
0 0 
0 0 
0 0 
230 246 
0 0 
0 0 
0 0 
0 0 
0 0 
254 236 
0 0 
0 0 
0 0 
0 0 
0 0 
0 0 
0 0 
262 240 
0 0 
0 0 
0 0 
0 0 
0 0 
0 0 
244 246 
0 0 
0 0 
0 0 
0 0 
0 0 
0 0 
254 232 
0 0 
0 0 
0 0 
0 0 
0 0 
256 244 
0 0 
0 0 
0 0 
0 0 
0 0 
0 0 
604 244 
0 0 
0 0 
0 0 
0 0 
0 0 
0 0 
0 0 
0 0 
0 0 
254 236 
0 0 
0 0 
0 0 
0 0 
0 0 
254 248 
0 0 
0 0 
0 0 
0 0 
0 0 
250 244 
0 0 
0 0 
0 0 
0 0 
0 0 
0 0 
250 250 
0 0 
0 0 
0 0 
0 0 
0 0 
252 244 
0 0 
0 0 
0 0 
0 0 
0 0 
0 0 
226 572 
0 0 
0 0 
0 0 
0 0 
0 0 
0 0 
0 0 
0 0 
246 218 
0 0 
0 0 
0 0 
0 0 
0 0 
248 240 
0 0 
0 0 
0 0 
0 0 
0 0 
0 0 
260 240 
0 0 
0 0 
0 0 
0 0 
0 0 
224 244 
0 0 
0 0 
0 0 
0 0 
0 0 
246 240 
0 0 
0 0 
0 0 
0 0 
0 0 
250 218 
0 0 
0 0 
0 0 
0 0 
0 0 
740 248 
0 0 
0 0 
0 0 
0 0 
0 0 
0 0 
0 0 
0 0 
0 0 
0 0 
218 242 
0 0 
0 0 
0 0 
0 0 
0 0 
254 244 
0 0 
0 0 
0 0 
0 0 
0 0 
248 246 
0 0 
0 0 
0 0 
0 0 
0 0 
0 0 
252 222 
0 0 
0 0 
0 0 
0 0 
0 0 
246 248 
0 0 
0 0 
0 0 
0 0 
0 0 
220 560 
0 0 
0 0 
0 0 
0 0 
0 0 
0 0 
0 0 
0 0 
312 244 
0 0 
0 0 
0 0 
0 0 
0 0 
0 0 
218 246 
0 0 
0 0 
0 0 
0 0 
0 0 
246 214 
0 0 
0 0 
0 0 
0 0 
0 0 
0 0 
256 248 
0 0 
0 0 
0 0 
0 0 
0 0 
0 0 
250 250 
0 0 
0 0 
0 0 
0 0 
0 0 
254 644 
0 0 
0 0 
0 0 
0 0 
0 0 
0 0 
0 0 
0 0 
0 0 
246 250 
0 0 
0 0 
0 0 
0 0 
0 0 
254 240 
0 0 
0 0 
0 0 
0 0 
0 0 
238 212 
0 0 
0 0 
0 0 
0 0 
0 0 
0 0 
0 0 
272 250 
0 0 
0 0 
0 0 
0 0 
0 0 
0 0 
0 0 
242 244 
0 0 
0 0 
0 0 
0 0 
0 0 
0 0 
254 550 
0 0 
0 0 
0 0 
0 0 
0 0 
0 0 
0 0 
0 0 
252 244 
0 0 
0 0 
0 0 
0 0 
0 0 
252 248 
0 0 
0 0 
0 0 
0 0 
0 0 
246 214 
0 0 
0 0 
0 0 
0 0 
0 0 
258 248 
0 0 
0 0 
0 0 
0 0 
0 0 
0 0 
218 244 
0 0 
0 0 
0 0 
0 0 
0 0 
256 302 
0 0 
0 0 
0 0 
0 0 
0 0 
0 0 
698 246 
0 0 
0 0 
0 0 
0 0 
0 0 
0 0 
0 0 
0 0 
0 0 
240 252 
0 0 
0 0 
0 0 
0 0 
0 0 
228 240 
0 0 
0 0 
0 0 
0 0 
0 0 
252 250 
0 0 
0 0 
0 0 
0 0 
0 0 
248 242 
0 0 
0 0 
0 0 
0 0 
0 0 
0 0 
250 242 
0 0 
0 0 
0 0 
0 0 
0 0 
0 0 
0 0 
490 284 
0 0 
0 0 
0 0 
0 0 
0 0 
0 0 
0 0 
250 234 
0 0 
0 0 
0 0 
0 0 
0 0 
238 242 
0 0 
0 0 
0 0 
0 0 
0 0 
0 0 
362 216 
0 0 
0 0 
0 0 
0 0 
0 0 
0 0 
250 250 
0 0 
0 0 
0 0 
0 0 
0 0 
0 0 
252 248 
0 0 
0 0 
0 0 
0 0 
0 0 
0 0 
254 550 
0 0 
0 0 
0 0 
0 0 
0 0 
0 0 
0 0 
0 0 
250 246 
0 0 
0 0 
0 0 
0 0 
0 0 
246 252 
0 0 
0 0 
0 0 
0 0 
0 0 
0 0 
282 212 
0 0 
0 0 
0 0 
0 0 
0 0 
254 250 
0 0 
0 0 
0 0 
0 0 
0 0 
0 0 
250 248 
0 0 
0 0 
0 0 
0 0 
0 0 
248 246 
0 0 
0 0 
0 0 
0 0 
0 0 
0 0 
252 216 
0 0 
0 0 
0 0 
0 0 
0 0 
0 0 
0 0 
218 246 
0 0 
0 0 
0 0 
0 0 
0 0 
0 0 
246 240 
0 0 
0 0 
0 0 
0 0 
0 0 
0 0 
254 218 
0 0 
0 0 
0 0 
0 0 
0 0 
248 252 
0 0 
0 0 
0 0 
0 0 
0 0 
0 0 
224 248 
0 0 
0 0 
0 0 
0 0 
0 0 
598 218 
0 0 
0 0 
0 0 
0 0 
0 0 
0 0 
0 0 
0 0 
256 230 
0 0 
0 0 
0 0 
0 0 
0 0 
250 240 
0 0 
0 0 
0 0 
0 0 
0 0 
252 228 
0 0 
0 0 
0 0 
0 0 
0 0 
272 244 
0 0 
0 0 
0 0 
0 0 
0 0 
0 0 
220 246 
0 0 
0 0 
0 0 
0 0 
0 0 
234 218 
0 0 
0 0 
0 0 
0 0 
0 0 
410 244 
0 0 
0 0 
0 0 
0 0 
0 0 
0 0 
218 232 
0 0 
0 0 
0 0 
0 0 
0 0 
0 0 
250 242 
0 0 
0 0 
0 0 
0 0 
0 0 
0 0 
246 246 
0 0 
0 0 
0 0 
0 0 
0 0 
242 246 
0 0 
0 0 
0 0 
0 0 
0 0 
256 246 
0 0 
0 0 
0 0 
0 0 
0 0 
224 724 
0 0 
0 0 
0 0 
0 0 
0 0 
0 0 
0 0 
0 0 
0 0 
218 232 
0 0 
0 0 
0 0 
0 0 
0 0 
0 0 
256 252 
0 0 
0 0 
0 0 
0 0 
0 0 
244 222 
0 0 
0 0 
0 0 
0 0 
0 0 
224 252 
0 0 
0 0 
0 0 
0 0 
0 0 
294 244 
0 0 
0 0 
0 0 
0 0 
0 0 
0 0 
0 0 
252 792 
0 0 
0 0 
0 0 
0 0 
0 0 
0 0 
0 0 
0 0 
0 0 
244 244 
0 0 
0 0 
0 0 
0 0 
0 0 
218 246 
0 0 
0 0 
0 0 
0 0 
0 0 
256 244 
0 0 
0 0 
0 0 
0 0 
0 0 
0 0 
250 246 
0 0 
0 0 
0 0 
0 0 
0 0 
224 250 
0 0 
0 0 
0 0 
0 0 
0 0 
230 244 
0 0 
0 0 
0 0 
0 0 
0 0 
702 248 
0 0 
0 0 
0 0 
0 0 
0 0 
0 0 
0 0 
0 0 
0 0 
220 236 
0 0 
0 0 
0 0 
0 0 
0 0 
220 228 
0 0 
0 0 
0 0 
0 0 
0 0 
0 0 
250 242 
0 0 
0 0 
0 0 
0 0 
0 0 
224 246 
0 0 
0 0 
0 0 
0 0 
0 0 
220 250 
0 0 
0 0 
0 0 
0 0 
0 0 
334 720 
0 0 
0 0 
0 0 
0 0 
0 0 
0 0 
0 0 
0 0 
0 0 
0 0 
0 0 
258 232 
0 0 
0 0 
0 0 
0 0 
0 0 
246 250 
0 0 
0 0 
0 0 
0 0 
0 0 
256 246 
0 0 
0 0 
0 0 
0 0 
0 0 
0 0 
248 236 
0 0 
0 0 
0 0 
0 0 
0 0 
226 244 
0 0 
0 0 
0 0 
0 0 
0 0 
0 0 
250 580 
0 0 
0 0 
0 0 
0 0 
0 0 
0 0 
0 0 
0 0 
220 242 
0 0 
0 0 
0 0 
0 0 
0 0 
0 0 
238 246 
0 0 
0 0 
0 0 
0 0 
0 0 
252 254 
0 0 
0 0 
0 0 
0 0 
0 0 
248 246 
0 0 
0 0 
0 0 
0 0 
0 0 
228 260 
0 0 
0 0 
0 0 
0 0 
0 0 
0 0 
224 250 
0 0 
0 0 
0 0 
0 0 
0 0 
550 244 
0 0 
0 0 
0 0 
0 0 
0 0 
0 0 
0 0 
0 0 
0 0 
250 254 
0 0 
0 0 
0 0 
0 0 
0 0 
0 0 
234 246 
0 0 
0 0 
0 0 
0 0 
0 0 
248 242 
0 0 
0 0 
0 0 
0 0 
0 0 
252 252 
0 0 
0 0 
0 0 
0 0 
0 0 
0 0 
248 236 
0 0 
0 0 
0 0 
0 0 
0 0 
226 558 
0 0 
0 0 
0 0 
0 0 
0 0 
0 0 
0 0 
0 0 
0 0 
248 240 
0 0 
0 0 
0 0 
0 0 
0 0 
0 0 
228 248 
0 0 
0 0 
0 0 
0 0 
0 0 
0 0 
250 214 
0 0 
0 0 
0 0 
0 0 
0 0 
222 242 
0 0 
0 0 
0 0 
0 0 
0 0 
0 0 
250 244 
0 0 
0 0 
0 0 
0 0 
0 0 
0 0 
660 246 
0 0 
0 0 
0 0 
0 0 
0 0 
0 0 
0 0 
0 0 
0 0 
254 240 
0 0 
0 0 
0 0 
0 0 
0 0 
246 236 
0 0 
0 0 
0 0 
0 0 
0 0 
240 218 
0 0 
0 0 
0 0 
0 0 
0 0 
254 246 
0 0 
0 0 
0 0 
0 0 
0 0 
0 0 
246 246 
0 0 
0 0 
0 0 
0 0 
0 0 
252 218 
0 0 
0 0 
0 0 
0 0 
0 0 
334 242 
0 0 
0 0 
0 0 
0 0 
0 0 
0 0 
246 234 
0 0 
0 0 
0 0 
0 0 
0 0 
256 232 
0 0 
0 0 
0 0 
0 0 
0 0 
0 0 
258 244 
0 0 
0 0 
0 0 
0 0 
0 0 
250 246 
0 0 
0 0 
0 0 
0 0 
0 0 
252 220 
0 0 
0 0 
0 0 
0 0 
0 0 
0 0 
250 548 
0 0 
0 0 
0 0 
0 0 
0 0 
0 0 
0 0 
0 0 
254 242 
0 0 
0 0 
0 0 
0 0 
0 0 
258 252 
0 0 
0 0 
0 0 
0 0 
0 0 
0 0 
250 250 
0 0 
0 0 
0 0 
0 0 
0 0 
274 242 
0 0 
0 0 
0 0 
0 0 
0 0 
0 0 
0 0 
0 0 
224 240 
0 0 
0 0 
0 0 
0 0 
0 0 
246 702 
0 0 
0 0 
0 0 
0 0 
0 0 
0 0 
0 0 
0 0 
248 222 
0 0 
0 0 
0 0 
0 0 
0 0 
0 0 
256 246 
0 0 
0 0 
0 0 
0 0 
0 0 
0 0 
230 248 
0 0 
0 0 
0 0 
0 0 
0 0 
0 0 
250 248 
0 0 
0 0 
0 0 
0 0 
0 0 
252 244 
0 0 
0 0 
0 0 
0 0 
0 0 
254 220 
0 0 
0 0 
0 0 
0 0 
0 0 
282 246 
0 0 
0 0 
0 0 
0 0 
0 0 
222 244 
0 0 
0 0 
0 0 
0 0 
0 0 
0 0 
248 218 
0 0 
0 0 
0 0 
0 0 
0 0 
248 248 
0 0 
0 0 
0 0 
0 0 
0 0 
0 0 
248 248 
0 0 
0 0 
0 0 
0 0 
0 0 
224 276 
0 0 
0 0 
0 0 
0 0 
0 0 
0 0 
254 216 
0 0 
0 0 
0 0 
0 0 
0 0 
0 0 
0 0 
248 248 
0 0 
0 0 
0 0 
0 0 
0 0 
0 0 
238 248 
0 0 
0 0 
0 0 
0 0 
0 0 
0 0 
254 258 
0 0 
0 0 
0 0 
0 0 
0 0 
0 0 
248 246 
0 0 
0 0 
0 0 
0 0 
0 0 
0 0 
250 242 
0 0 
0 0 
0 0 
0 0 
0 0 
254 246 
0 0 
0 0 
0 0 
0 0 
0 0 
374 242 
0 0 
0 0 
0 0 
0 0 
0 0 
0 0 
248 230 
0 0 
0 0 
0 0 
0 0 
0 0 
0 0 
248 236 
0 0 
0 0 
0 0 
0 0 
0 0 
0 0 
220 256 
0 0 
0 0 
0 0 
0 0 
0 0 
0 0 
256 244 
0 0 
0 0 
0 0 
0 0 
0 0 
248 220 
0 0 
0 0 
0 0 
0 0 
0 0 
252 340 
0 0 
0 0 
0 0 
0 0 
0 0 
0 0 
328 392 
0 0 
0 0 
0 0 
0 0 
0 0 
0 0 
0 0 
240 240 
0 0 
0 0 
0 0 
0 0 
0 0 
248 244 
0 0 
0 0 
0 0 
0 0 
0 0 
0 0 
0 0 
238 236 
0 0 
0 0 
0 0 
0 0 
0 0 
250 242 
0 0 
0 0 
0 0 
0 0 
0 0 
0 0 
244 246 
0 0 
0 0 
0 0 
0 0 
0 0 
304 248 
0 0 
0 0 
0 0 
0 0 
0 0 
0 0 
256 236 
0 0 
0 0 
0 0 
0 0 
0 0 
252 248 
0 0 
0 0 
0 0 
0 0 
0 0 
0 0 
222 250 
0 0 
0 0 
0 0 
0 0 
0 0 
244 244 
0 0 
0 0 
0 0 
0 0 
0 0 
256 246 
0 0 
0 0 
0 0 
0 0 
0 0 
0 0 
254 218 
0 0 
0 0 
0 0 
0 0 
0 0 
378 254 
0 0 
0 0 
0 0 
0 0 
0 0 
0 0 
242 234 
0 0 
0 0 
0 0 
0 0 
0 0 
252 244 
0 0 
0 0 
0 0 
0 0 
0 0 
0 0 
248 240 
0 0 
0 0 
0 0 
0 0 
0 0 
220 250 
0 0 
0 0 
0 0 
0 0 
0 0 
254 248 
0 0 
0 0 
0 0 
0 0 
0 0 
0 0 
252 594 
0 0 
0 0 
0 0 
0 0 
0 0 
0 0 
0 0 
0 0 
220 250 
0 0 
0 0 
0 0 
0 0 
0 0 
252 234 
0 0 
0 0 
0 0 
0 0 
0 0 
246 252 
0 0 
0 0 
0 0 
0 0 
0 0 
0 0 
218 248 
0 0 
0 0 
0 0 
0 0 
0 0 
222 244 
0 0 
0 0 
0 0 
0 0 
0 0 
220 244 
0 0 
0 0 
0 0 
0 0 
0 0 
542 244 
0 0 
0 0 
0 0 
0 0 
0 0 
0 0 
0 0 
270 230 
0 0 
0 0 
0 0 
0 0 
0 0 
0 0 
248 240 
0 0 
0 0 
0 0 
0 0 
0 0 
0 0 
0 0 
256 244 
0 0 
0 0 
0 0 
0 0 
0 0 
254 220 
0 0 
0 0 
0 0 
0 0 
0 0 
250 250 
0 0 
0 0 
0 0 
0 0 
0 0 
0 0 
220 560 
0 0 
0 0 
0 0 
0 0 
0 0 
0 0 
0 0 
0 0 
240 366 
0 0 
0 0 
0 0 
0 0 
0 0 
0 0 
222 248 
0 0 
0 0 
0 0 
0 0 
0 0 
250 250 
0 0 
0 0 
0 0 
0 0 
0 0 
0 0 
252 250 
0 0 
0 0 
0 0 
0 0 
0 0 
262 246 
0 0 
0 0 
0 0 
0 0 
0 0 
0 0 
0 0 
232 660 
0 0 
0 0 
0 0 
0 0 
0 0 
0 0 
0 0 
0 0 
0 0 
224 238 
0 0 
0 0 
0 0 
0 0 
0 0 
0 0 
216 244 
0 0 
0 0 
0 0 
0 0 
0 0 
0 0 
218 242 
0 0 
0 0 
0 0 
0 0 
0 0 
252 248 
0 0 
0 0 
0 0 
0 0 
0 0 
256 240 
0 0 
0 0 
0 0 
0 0 
0 0 
0 0 
250 728 
0 0 
0 0 
0 0 
0 0 
0 0 
0 0 
0 0 
0 0 
0 0 
252 288 
0 0 
0 0 
0 0 
0 0 
0 0 
288 248 
0 0 
0 0 
0 0 
0 0 
0 0 
0 0 
256 248 
0 0 
0 0 
0 0 
0 0 
0 0 
0 0 
256 216 
0 0 
0 0 
0 0 
0 0 
0 0 
0 0 
250 256 
0 0 
0 0 
0 0 
0 0 
0 0 
0 0 
222 480 
0 0 
0 0 
0 0 
0 0 
0 0 
0 0 
0 0 
0 0 
0 0 
236 270 
0 0 
0 0 
0 0 
0 0 
0 0 
0 0 
236 216 
0 0 
0 0 
0 0 
0 0 
0 0 
0 0 
246 218 
0 0 
0 0 
0 0 
0 0 
0 0 
224 246 
0 0 
0 0 
0 0 
0 0 
0 0 
248 246 
0 0 
0 0 
0 0 
0 0 
0 0 
0 0 
250 244 
0 0 
0 0 
0 0 
0 0 
0 0 
234 244 
0 0 
0 0 
0 0 
0 0 
0 0 
250 236 
0 0 
0 0 
0 0 
0 0 
0 0 
252 242 
0 0 
0 0 
0 0 
0 0 
0 0 
0 0 
224 252 
0 0 
0 0 
0 0 
0 0 
0 0 
226 246 
0 0 
0 0 
0 0 
0 0 
0 0 
224 234 
0 0 
0 0 
0 0 
0 0 
0 0 
252 278 
0 0 
0 0 
0 0 
0 0 
0 0 
0 0 
240 248 
0 0 
0 0 
0 0 
0 0 
0 0 
250 236 
0 0 
0 0 
0 0 
0 0 
0 0 
0 0 
254 244 
0 0 
0 0 
0 0 
0 0 
0 0 
234 252 
0 0 
0 0 
0 0 
0 0 
0 0 
254 256 
0 0 
0 0 
0 0 
0 0 
0 0 
0 0 
0 0 
232 248 
0 0 
0 0 
0 0 
0 0 
0 0 
0 0 
250 554 
0 0 
0 0 
0 0 
0 0 
0 0 
0 0 
0 0 
0 0 
224 240 
0 0 
0 0 
0 0 
0 0 
0 0 
248 264 
0 0 
0 0 
0 0 
0 0 
0 0 
0 0 
254 244 
0 0 
0 0 
0 0 
0 0 
0 0 
250 246 
0 0 
0 0 
0 0 
0 0 
0 0 
0 0 
246 236 
0 0 
0 0 
0 0 
0 0 
0 0 
250 244 
0 0 
0 0 
0 0 
0 0 
0 0 
0 0 
376 264 
0 0 
0 0 
0 0 
0 0 
0 0 
0 0 
248 258 
0 0 
0 0 
0 0 
0 0 
0 0 
0 0 
252 246 
0 0 
0 0 
0 0 
0 0 
0 0 
222 244 
0 0 
0 0 
0 0 
0 0 
0 0 
250 248 
0 0 
0 0 
0 0 
0 0 
0 0 
254 218 
0 0 
0 0 
0 0 
0 0 
0 0 
252 220 
0 0 
0 0 
0 0 
0 0 
0 0 
0 0 
224 242 
0 0 
0 0 
0 0 
0 0 
0 0 
240 232 
0 0 
0 0 
0 0 
0 0 
0 0 
250 250 
0 0 
0 0 
0 0 
0 0 
0 0 
414 246 
0 0 
0 0 
0 0 
0 0 
0 0 
0 0 
358 250 
0 0 
0 0 
0 0 
0 0 
0 0 
0 0 
0 0 
252 226 
0 0 
0 0 
0 0 
0 0 
0 0 
582 244 
0 0 
0 0 
0 0 
0 0 
0 0 
0 0 
0 0 
0 0 
222 232 
0 0 
0 0 
0 0 
0 0 
0 0 
248 214 
0 0 
0 0 
0 0 
0 0 
0 0 
248 246 
0 0 
0 0 
0 0 
0 0 
0 0 
242 244 
0 0 
0 0 
0 0 
0 0 
0 0 
254 244 
0 0 
0 0 
0 0 
0 0 
0 0 
0 0 
252 248 
0 0 
0 0 
0 0 
0 0 
0 0 
266 248 
0 0 
0 0 
0 0 
0 0 
0 0 
250 248 
0 0 
0 0 
0 0 
0 0 
0 0 
240 246 
0 0 
0 0 
0 0 
0 0 
0 0 
252 242 
0 0 
0 0 
0 0 
0 0 
0 0 
232 244 
0 0 
0 0 
0 0 
0 0 
0 0 
0 0 
218 242 
0 0 
0 0 
0 0 
0 0 
0 0 
256 248 
0 0 
0 0 
0 0 
0 0 
0 0 
410 248 
0 0 
0 0 
0 0 
0 0 
0 0 
0 0 
0 0 
0 0 
254 214 
0 0 
0 0 
0 0 
0 0 
0 0 
218 220 
0 0 
0 0 
0 0 
0 0 
0 0 
250 250 
0 0 
0 0 
0 0 
0 0 
0 0 
250 248 
0 0 
0 0 
0 0 
0 0 
0 0 
250 246 
0 0 
0 0 
0 0 
0 0 
0 0 
0 0 
254 722 
0 0 
0 0 
0 0 
0 0 
0 0 
0 0 
0 0 
0 0 
0 0 
246 242 
0 0 
0 0 
0 0 
0 0 
0 0 
0 0 
254 246 
0 0 
0 0 
0 0 
0 0 
0 0 
0 0 
250 244 
0 0 
0 0 
0 0 
0 0 
0 0 
250 212 
0 0 
0 0 
0 0 
0 0 
0 0 
0 0 
254 242 
0 0 
0 0 
0 0 
0 0 
0 0 
0 0 
252 636 
0 0 
0 0 
0 0 
0 0 
0 0 
0 0 
0 0 
0 0 
0 0 
250 248 
0 0 
0 0 
0 0 
0 0 
0 0 
0 0 
250 244 
0 0 
0 0 
0 0 
0 0 
0 0 
252 248 
0 0 
0 0 
0 0 
0 0 
0 0 
252 254 
0 0 
0 0 
0 0 
0 0 
0 0 
240 246 
0 0 
0 0 
0 0 
0 0 
0 0 
350 230 
0 0 
0 0 
0 0 
0 0 
0 0 
0 0 
256 248 
0 0 
0 0 
0 0 
0 0 
0 0 
238 248 
0 0 
0 0 
0 0 
0 0 
0 0 
0 0 
0 0 
250 232 
0 0 
0 0 
0 0 
0 0 
0 0 
0 0 
250 242 
0 0 
0 0 
0 0 
0 0 
0 0 
248 234 
0 0 
0 0 
0 0 
0 0 
0 0 
286 210 
0 0 
0 0 
0 0 
0 0 
0 0 
0 0 
252 642 
0 0 
0 0 
0 0 
0 0 
0 0 
0 0 
0 0 
0 0 
0 0 
0 0 
252 234 
0 0 
0 0 
0 0 
0 0 
0 0 
0 0 
240 248 
0 0 
0 0 
0 0 
0 0 
0 0 
254 216 
0 0 
0 0 
0 0 
0 0 
0 0 
256 222 
0 0 
0 0 
0 0 
0 0 
0 0 
364 244 
0 0 
0 0 
0 0 
0 0 
0 0 
0 0 
228 624 
0 0 
0 0 
0 0 
0 0 
0 0 
0 0 
0 0 
0 0 
254 246 
0 0 
0 0 
0 0 
0 0 
0 0 
242 236 
0 0 
0 0 
0 0 
0 0 
0 0 
250 216 
0 0 
0 0 
0 0 
0 0 
0 0 
0 0 
252 244 
0 0 
0 0 
0 0 
0 0 
0 0 
0 0 
252 250 
0 0 
0 0 
0 0 
0 0 
0 0 
0 0 
250 234 
0 0 
0 0 
0 0 
0 0 
0 0 
248 250 
0 0 
0 0 
0 0 
0 0 
0 0 
0 0 
250 234 
0 0 
0 0 
0 0 
0 0 
0 0 
0 0 
252 232 
0 0 
0 0 
0 0 
0 0 
0 0 
0 0 
254 250 
0 0 
0 0 
0 0 
0 0 
0 0 
254 246 
0 0 
0 0 
0 0 
0 0 
0 0 
250 246 
0 0 
0 0 
0 0 
0 0 
0 0 
248 722 
0 0 
0 0 
0 0 
0 0 
0 0 
0 0 
0 0 
0 0 
0 0 
0 0 
258 234 
0 0 
0 0 
0 0 
0 0 
0 0 
0 0 
256 250 
0 0 
0 0 
0 0 
0 0 
0 0 
0 0 
248 214 
0 0 
0 0 
0 0 
0 0 
0 0 
0 0 
252 214 
0 0 
0 0 
0 0 
0 0 
0 0 
0 0 
258 248 
0 0 
0 0 
0 0 
0 0 
0 0 
0 0 
246 558 
0 0 
0 0 
0 0 
0 0 
0 0 
0 0 
0 0 
0 0 
250 226 
0 0 
0 0 
0 0 
0 0 
0 0 
244 244 
0 0 
0 0 
0 0 
0 0 
0 0 
0 0 
222 250 
0 0 
0 0 
0 0 
0 0 
0 0 
258 220 
0 0 
0 0 
0 0 
0 0 
0 0 
0 0 
0 0 
252 244 
0 0 
0 0 
0 0 
0 0 
0 0 
0 0 
242 548 
0 0 
0 0 
0 0 
0 0 
0 0 
0 0 
0 0 
0 0 
224 248 
0 0 
0 0 
0 0 
0 0 
0 0 
0 0 
220 222 
0 0 
0 0 
0 0 
0 0 
0 0 
226 244 
0 0 
0 0 
0 0 
0 0 
0 0 
270 252 
0 0 
0 0 
0 0 
0 0 
0 0 
252 240 
0 0 
0 0 
0 0 
0 0 
0 0 
256 248 
0 0 
0 0 
0 0 
0 0 
0 0 
466 218 
0 0 
0 0 
0 0 
0 0 
0 0 
0 0 
0 0 
226 234 
0 0 
0 0 
0 0 
0 0 
0 0 
0 0 
246 256 
0 0 
0 0 
0 0 
0 0 
0 0 
242 248 
0 0 
0 0 
0 0 
0 0 
0 0 
250 378 
0 0 
0 0 
0 0 
0 0 
0 0 
0 0 
246 246 
0 0 
0 0 
0 0 
0 0 
0 0 
248 614 
0 0 
0 0 
0 0 
0 0 
0 0 
0 0 
0 0 
0 0 
0 0 
254 246 
0 0 
0 0 
0 0 
0 0 
0 0 
0 0 
0 0 
246 220 
0 0 
0 0 
0 0 
0 0 
0 0 
0 0 
254 246 
0 0 
0 0 
0 0 
0 0 
0 0 
244 236 
0 0 
0 0 
0 0 
0 0 
0 0 
252 252 
0 0 
0 0 
0 0 
0 0 
0 0 
0 0 
252 702 
0 0 
0 0 
0 0 
0 0 
0 0 
0 0 
0 0 
0 0 
0 0 
246 244 
0 0 
0 0 
0 0 
0 0 
0 0 
254 262 
0 0 
0 0 
0 0 
0 0 
0 0 
248 242 
0 0 
0 0 
0 0 
0 0 
0 0 
238 246 
0 0 
0 0 
0 0 
0 0 
0 0 
248 246 
0 0 
0 0 
0 0 
0 0 
0 0 
0 0 
220 244 
0 0 
0 0 
0 0 
0 0 
0 0 
0 0 
646 246 
0 0 
0 0 
0 0 
0 0 
0 0 
0 0 
0 0 
0 0 
0 0 
240 234 
0 0 
0 0 
0 0 
0 0 
0 0 
0 0 
0 0 
250 250 
0 0 
0 0 
0 0 
0 0 
0 0 
0 0 
0 0 
252 250 
0 0 
0 0 
0 0 
0 0 
0 0 
0 0 
260 248 
0 0 
0 0 
0 0 
0 0 
0 0 
238 234 
0 0 
0 0 
0 0 
0 0 
0 0 
252 244 
0 0 
0 0 
0 0 
0 0 
0 0 
0 0 
242 232 
0 0 
0 0 
0 0 
0 0 
0 0 
248 256 
0 0 
0 0 
0 0 
0 0 
0 0 
256 242 
0 0 
0 0 
0 0 
0 0 
0 0 
284 308 
0 0 
0 0 
0 0 
0 0 
0 0 
0 0 
222 248 
0 0 
0 0 
0 0 
0 0 
0 0 
0 0 
220 598 
0 0 
0 0 
0 0 
0 0 
0 0 
0 0 
0 0 
0 0 
0 0 
244 244 
0 0 
0 0 
0 0 
0 0 
0 0 
254 250 
0 0 
0 0 
0 0 
0 0 
0 0 
220 250 
0 0 
0 0 
0 0 
0 0 
0 0 
0 0 
252 250 
0 0 
0 0 
0 0 
0 0 
0 0 
0 0 
256 244 
0 0 
0 0 
0 0 
0 0 
0 0 
0 0 
248 748 
0 0 
0 0 
0 0 
0 0 
0 0 
0 0 
0 0 
0 0 
0 0 
254 254 
0 0 
0 0 
0 0 
0 0 
0 0 
244 250 
0 0 
0 0 
0 0 
0 0 
0 0 
0 0 
0 0 
0 0 
240 216 
0 0 
0 0 
0 0 
0 0 
0 0 
254 244 
0 0 
0 0 
0 0 
0 0 
0 0 
248 244 
0 0 
0 0 
0 0 
0 0 
0 0 
0 0 
252 704 
0 0 
0 0 
0 0 
0 0 
0 0 
0 0 
0 0 
0 0 
0 0 
0 0 
238 238 
0 0 
0 0 
0 0 
0 0 
0 0 
256 248 
0 0 
0 0 
0 0 
0 0 
0 0 
0 0 
248 250 
0 0 
0 0 
0 0 
0 0 
0 0 
254 268 
0 0 
0 0 
0 0 
0 0 
0 0 
248 248 
0 0 
0 0 
0 0 
0 0 
0 0 
246 250 
0 0 
0 0 
0 0 
0 0 
0 0 
270 264 
0 0 
0 0 
0 0 
0 0 
0 0 
0 0 
252 234 
0 0 
0 0 
0 0 
0 0 
0 0 
242 242 
0 0 
0 0 
0 0 
0 0 
0 0 
0 0 
252 226 
0 0 
0 0 
0 0 
0 0 
0 0 
342 250 
0 0 
0 0 
0 0 
0 0 
0 0 
0 0 
222 250 
0 0 
0 0 
0 0 
0 0 
0 0 
222 698 
0 0 
0 0 
0 0 
0 0 
0 0 
0 0 
0 0 
0 0 
0 0 
250 224 
0 0 
0 0 
0 0 
0 0 
0 0 
0 0 
254 250 
0 0 
0 0 
0 0 
0 0 
0 0 
310 246 
0 0 
0 0 
0 0 
0 0 
0 0 
0 0 
252 242 
0 0 
0 0 
0 0 
0 0 
0 0 
0 0 
254 248 
0 0 
0 0 
0 0 
0 0 
0 0 
226 240 
0 0 
0 0 
0 0 
0 0 
0 0 
292 256 
0 0 
0 0 
0 0 
0 0 
0 0 
0 0 
250 232 
0 0 
0 0 
0 0 
0 0 
0 0 
250 232 
0 0 
0 0 
0 0 
0 0 
0 0 
268 216 
0 0 
0 0 
0 0 
0 0 
0 0 
0 0 
0 0 
248 244 
0 0 
0 0 
0 0 
0 0 
0 0 
0 0 
244 242 
0 0 
0 0 
0 0 
0 0 
0 0 
0 0 
710 240 
0 0 
0 0 
0 0 
0 0 
0 0 
0 0 
0 0 
0 0 
0 0 
246 254 
0 0 
0 0 
0 0 
0 0 
0 0 
0 0 
250 216 
0 0 
0 0 
0 0 
0 0 
0 0 
252 242 
0 0 
0 0 
0 0 
0 0 
0 0 
0 0 
254 254 
0 0 
0 0 
0 0 
0 0 
0 0 
0 0 
248 250 
0 0 
0 0 
0 0 
0 0 
0 0 
260 564 
0 0 
0 0 
0 0 
0 0 
0 0 
0 0 
0 0 
0 0 
250 218 
0 0 
0 0 
0 0 
0 0 
0 0 
218 246 
0 0 
0 0 
0 0 
0 0 
0 0 
318 248 
0 0 
0 0 
0 0 
0 0 
0 0 
0 0 
254 242 
0 0 
0 0 
0 0 
0 0 
0 0 
230 250 
0 0 
0 0 
0 0 
0 0 
0 0 
220 222 
0 0 
0 0 
0 0 
0 0 
0 0 
494 248 
0 0 
0 0 
0 0 
0 0 
0 0 
0 0 
0 0 
0 0 
236 228 
0 0 
0 0 
0 0 
0 0 
0 0 
230 256 
0 0 
0 0 
0 0 
0 0 
0 0 
0 0 
254 240 
0 0 
0 0 
0 0 
0 0 
0 0 
0 0 
250 246 
0 0 
0 0 
0 0 
0 0 
0 0 
250 244 
0 0 
0 0 
0 0 
0 0 
0 0 
0 0 
746 252 
0 0 
0 0 
0 0 
0 0 
0 0 
0 0 
0 0 
0 0 
0 0 
256 222 
0 0 
0 0 
0 0 
0 0 
0 0 
0 0 
252 246 
0 0 
0 0 
0 0 
0 0 
0 0 
0 0 
250 246 
0 0 
0 0 
0 0 
0 0 
0 0 
226 250 
0 0 
0 0 
0 0 
0 0 
0 0 
0 0 
246 250 
0 0 
0 0 
0 0 
0 0 
0 0 
0 0 
320 538 
0 0 
0 0 
0 0 
0 0 
0 0 
0 0 
0 0 
0 0 
256 282 
0 0 
0 0 
0 0 
0 0 
0 0 
0 0 
248 268 
0 0 
0 0 
0 0 
0 0 
0 0 
0 0 
248 246 
0 0 
0 0 
0 0 
0 0 
0 0 
0 0 
242 248 
0 0 
0 0 
0 0 
0 0 
0 0 
252 244 
0 0 
0 0 
0 0 
0 0 
0 0 
254 702 
0 0 
0 0 
0 0 
0 0 
0 0 
0 0 
0 0 
0 0 
0 0 
0 0 
258 232 
0 0 
0 0 
0 0 
0 0 
0 0 
0 0 
224 222 
0 0 
0 0 
0 0 
0 0 
0 0 
0 0 
250 242 
0 0 
0 0 
0 0 
0 0 
0 0 
250 248 
0 0 
0 0 
0 0 
0 0 
0 0 
0 0 
226 246 
0 0 
0 0 
0 0 
0 0 
0 0 
0 0 
232 598 
0 0 
0 0 
0 0 
0 0 
0 0 
0 0 
0 0 
0 0 
244 228 
0 0 
0 0 
0 0 
0 0 
0 0 
0 0 
254 242 
0 0 
0 0 
0 0 
0 0 
0 0 
0 0 
230 248 
0 0 
0 0 
0 0 
0 0 
0 0 
246 248 
0 0 
0 0 
0 0 
0 0 
0 0 
222 248 
0 0 
0 0 
0 0 
0 0 
0 0 
0 0 
216 240 
0 0 
0 0 
0 0 
0 0 
0 0 
0 0 
246 250 
0 0 
0 0 
0 0 
0 0 
0 0 
254 234 
0 0 
0 0 
0 0 
0 0 
0 0 
0 0 
250 240 
0 0 
0 0 
0 0 
0 0 
0 0 
220 248 
0 0 
0 0 
0 0 
0 0 
0 0 
0 0 
248 244 
0 0 
0 0 
0 0 
0 0 
0 0 
254 242 
0 0 
0 0 
0 0 
0 0 
0 0 
0 0 
730 246 
0 0 
0 0 
0 0 
0 0 
0 0 
0 0 
0 0 
0 0 
0 0 
256 234 
0 0 
0 0 
0 0 
0 0 
0 0 
246 242 
0 0 
0 0 
0 0 
0 0 
0 0 
252 248 
0 0 
0 0 
0 0 
0 0 
0 0 
0 0 
240 250 
0 0 
0 0 
0 0 
0 0 
0 0 
0 0 
238 232 
0 0 
0 0 
0 0 
0 0 
0 0 
242 646 
0 0 
0 0 
0 0 
0 0 
0 0 
0 0 
0 0 
0 0 
252 244 
0 0 
0 0 
0 0 
0 0 
0 0 
268 254 
0 0 
0 0 
0 0 
0 0 
0 0 
0 0 
250 216 
0 0 
0 0 
0 0 
0 0 
0 0 
252 248 
0 0 
0 0 
0 0 
0 0 
0 0 
218 250 
0 0 
0 0 
0 0 
0 0 
0 0 
246 250 
0 0 
0 0 
0 0 
0 0 
0 0 
0 0 
416 246 
0 0 
0 0 
0 0 
0 0 
0 0 
0 0 
0 0 
248 232 
0 0 
0 0 
0 0 
0 0 
0 0 
250 272 
0 0 
0 0 
0 0 
0 0 
0 0 
252 246 
0 0 
0 0 
0 0 
0 0 
0 0 
0 0 
240 254 
0 0 
0 0 
0 0 
0 0 
0 0 
252 248 
0 0 
0 0 
0 0 
0 0 
0 0 
254 246 
0 0 
0 0 
0 0 
0 0 
0 0 
254 240 
0 0 
0 0 
0 0 
0 0 
0 0 
0 0 
252 238 
0 0 
0 0 
0 0 
0 0 
0 0 
248 230 
0 0 
0 0 
0 0 
0 0 
0 0 
250 252 
0 0 
0 0 
0 0 
0 0 
0 0 
0 0 
256 246 
0 0 
0 0 
0 0 
0 0 
0 0 
236 246 
0 0 
0 0 
0 0 
0 0 
0 0 
248 248 
0 0 
0 0 
0 0 
0 0 
0 0 
230 244 
0 0 
0 0 
0 0 
0 0 
0 0 
254 232 
0 0 
0 0 
0 0 
0 0 
0 0 
252 244 
0 0 
0 0 
0 0 
0 0 
0 0 
0 0 
238 240 
0 0 
0 0 
0 0 
0 0 
0 0 
256 690 
0 0 
0 0 
0 0 
0 0 
0 0 
0 0 
0 0 
0 0 
0 0 
252 248 
0 0 
0 0 
0 0 
0 0 
0 0 
738 248 
0 0 
0 0 
0 0 
0 0 
0 0 
0 0 
0 0 
0 0 
0 0 
256 230 
0 0 
0 0 
0 0 
0 0 
0 0 
254 248 
0 0 
0 0 
0 0 
0 0 
0 0 
0 0 
250 244 
0 0 
0 0 
0 0 
0 0 
0 0 
250 250 
0 0 
0 0 
0 0 
0 0 
0 0 
0 0 
246 248 
0 0 
0 0 
0 0 
0 0 
0 0 
244 634 
0 0 
0 0 
0 0 
0 0 
0 0 
0 0 
0 0 
0 0 
250 246 
0 0 
0 0 
0 0 
0 0 
0 0 
226 248 
0 0 
0 0 
0 0 
0 0 
0 0 
254 250 
0 0 
0 0 
0 0 
0 0 
0 0 
0 0 
250 242 
0 0 
0 0 
0 0 
0 0 
0 0 
0 0 
248 250 
0 0 
0 0 
0 0 
0 0 
0 0 
254 250 
0 0 
0 0 
0 0 
0 0 
0 0 
400 244 
0 0 
0 0 
0 0 
0 0 
0 0 
0 0 
0 0 
250 234 
0 0 
0 0 
0 0 
0 0 
0 0 
250 244 
0 0 
0 0 
0 0 
0 0 
0 0 
0 0 
248 250 
0 0 
0 0 
0 0 
0 0 
0 0 
246 234 
0 0 
0 0 
0 0 
0 0 
0 0 
250 248 
0 0 
0 0 
0 0 
0 0 
0 0 
0 0 
246 644 
0 0 
0 0 
0 0 
0 0 
0 0 
0 0 
0 0 
0 0 
0 0 
252 246 
0 0 
0 0 
0 0 
0 0 
0 0 
240 246 
0 0 
0 0 
0 0 
0 0 
0 0 
0 0 
252 252 
0 0 
0 0 
0 0 
0 0 
0 0 
0 0 
244 70 
0 0 
0 0 
0 0 
0 0 
248 246 
0 0 
0 0 
0 0 
0 0 
0 0 
248 230 
0 0 
0 0 
0 0 
0 0 
0 0 
486 62 
0 0 
0 0 
0 0 
0 0 
0 0 
0 0 
250 248 
0 0 
0 0 
0 0 
0 0 
0 0 
240 72 
0 0 
0 0 
0 0 
0 0 
250 242 
0 0 
0 0 
0 0 
0 0 
0 0 
0 0 
248 244 
0 0 
0 0 
0 0 
0 0 
0 0 
256 246 
0 0 
0 0 
0 0 
0 0 
0 0 
0 0 
258 240 
0 0 
0 0 
0 0 
0 0 
0 0 
0 0 
388 248 
0 0 
0 0 
0 0 
0 0 
0 0 
0 0 
222 236 
0 0 
0 0 
0 0 
0 0 
0 0 
250 220 
0 0 
0 0 
0 0 
0 0 
0 0 
224 244 
0 0 
0 0 
0 0 
0 0 
0 0 
254 66 
0 0 
0 0 
0 0 
0 0 
248 242 
0 0 
0 0 
0 0 
0 0 
0 0 
0 0 
240 250 
0 0 
0 0 
0 0 
0 0 
0 0 
0 0 
254 246 
0 0 
0 0 
0 0 
0 0 
0 0 
0 0 
250 220 
0 0 
0 0 
0 0 
0 0 
0 0 
254 242 
0 0 
0 0 
0 0 
0 0 
0 0 
252 222 
0 0 
0 0 
0 0 
0 0 
0 0 
236 248 
0 0 
0 0 
0 0 
0 0 
0 0 
250 244 
0 0 
0 0 
0 0 
0 0 
0 0 
0 0 
254 252 
0 0 
0 0 
0 0 
0 0 
0 0 
238 250 
0 0 
0 0 
0 0 
0 0 
0 0 
250 240 
0 0 
0 0 
0 0 
0 0 
0 0 
250 246 
0 0 
0 0 
0 0 
0 0 
0 0 
0 0 
250 254 
0 0 
0 0 
0 0 
0 0 
0 0 
234 244 
0 0 
0 0 
0 0 
0 0 
0 0 
248 246 
0 0 
0 0 
0 0 
0 0 
0 0 
250 222 
0 0 
0 0 
0 0 
0 0 
0 0 
278 248 
0 0 
0 0 
0 0 
0 0 
0 0 
0 0 
226 234 
0 0 
0 0 
0 0 
0 0 
0 0 
250 246 
0 0 
0 0 
0 0 
0 0 
0 0 
252 248 
0 0 
0 0 
0 0 
0 0 
0 0 
0 0 
232 216 
0 0 
0 0 
0 0 
0 0 
0 0 
232 252 
0 0 
0 0 
0 0 
0 0 
0 0 
254 248 
0 0 
0 0 
0 0 
0 0 
0 0 
296 230 
0 0 
0 0 
0 0 
0 0 
0 0 
238 218 
0 0 
0 0 
0 0 
0 0 
0 0 
248 216 
0 0 
0 0 
0 0 
0 0 
0 0 
248 246 
0 0 
0 0 
0 0 
0 0 
0 0 
238 222 
0 0 
0 0 
0 0 
0 0 
0 0 
240 334 
0 0 
0 0 
0 0 
0 0 
0 0 
0 0 
242 232 
0 0 
0 0 
0 0 
0 0 
0 0 
388 242 
0 0 
0 0 
0 0 
0 0 
0 0 
0 0 
0 0 
238 234 
0 0 
0 0 
0 0 
0 0 
0 0 
228 220 
0 0 
0 0 
0 0 
0 0 
0 0 
256 248 
0 0 
0 0 
0 0 
0 0 
0 0 
250 248 
0 0 
0 0 
0 0 
0 0 
0 0 
246 252 
0 0 
0 0 
0 0 
0 0 
0 0 
252 222 
0 0 
0 0 
0 0 
0 0 
0 0 
386 242 
0 0 
0 0 
0 0 
0 0 
0 0 
0 0 
224 236 
0 0 
0 0 
0 0 
0 0 
0 0 
224 244 
0 0 
0 0 
0 0 
0 0 
0 0 
254 240 
0 0 
0 0 
0 0 
0 0 
0 0 
250 234 
0 0 
0 0 
0 0 
0 0 
0 0 
228 220 
0 0 
0 0 
0 0 
0 0 
0 0 
226 216 
0 0 
0 0 
0 0 
0 0 
0 0 
490 216 
0 0 
0 0 
0 0 
0 0 
0 0 
0 0 
0 0 
244 254 
0 0 
0 0 
0 0 
0 0 
0 0 
288 248 
0 0 
0 0 
0 0 
0 0 
0 0 
238 240 
0 0 
0 0 
0 0 
0 0 
0 0 
254 246 
0 0 
0 0 
0 0 
0 0 
0 0 
0 0 
246 246 
0 0 
0 0 
0 0 
0 0 
0 0 
252 242 
0 0 
0 0 
0 0 
0 0 
0 0 
234 246 
0 0 
0 0 
0 0 
0 0 
0 0 
0 0 
256 216 
0 0 
0 0 
0 0 
0 0 
0 0 
252 250 
0 0 
0 0 
0 0 
0 0 
0 0 
218 250 
0 0 
0 0 
0 0 
0 0 
0 0 
250 244 
0 0 
0 0 
0 0 
0 0 
0 0 
0 0 
254 222 
0 0 
0 0 
0 0 
0 0 
0 0 
258 250 
0 0 
0 0 
0 0 
0 0 
0 0 
258 252 
0 0 
0 0 
0 0 
0 0 
0 0 
0 0 
246 232 
0 0 
0 0 
0 0 
0 0 
0 0 
252 226 
0 0 
0 0 
0 0 
0 0 
0 0 
250 240 
0 0 
0 0 
0 0 
0 0 
0 0 
0 0 
220 244 
0 0 
0 0 
0 0 
0 0 
0 0 
252 312 
0 0 
0 0 
0 0 
0 0 
0 0 
0 0 
256 686 
0 0 
0 0 
0 0 
0 0 
0 0 
0 0 
0 0 
0 0 
0 0 
242 244 
0 0 
0 0 
0 0 
0 0 
0 0 
226 246 
0 0 
0 0 
0 0 
0 0 
0 0 
252 246 
0 0 
0 0 
0 0 
0 0 
0 0 
250 244 
0 0 
0 0 
0 0 
0 0 
0 0 
250 242 
0 0 
0 0 
0 0 
0 0 
0 0 
0 0 
250 244 
0 0 
0 0 
0 0 
0 0 
0 0 
0 0 
608 244 
0 0 
0 0 
0 0 
0 0 
0 0 
0 0 
0 0 
0 0 
242 236 
0 0 
0 0 
0 0 
0 0 
0 0 
256 244 
0 0 
0 0 
0 0 
0 0 
0 0 
0 0 
254 250 
0 0 
0 0 
0 0 
0 0 
0 0 
242 246 
0 0 
0 0 
0 0 
0 0 
0 0 
252 248 
0 0 
0 0 
0 0 
0 0 
0 0 
258 602 
0 0 
0 0 
0 0 
0 0 
0 0 
0 0 
0 0 
0 0 
220 244 
0 0 
0 0 
0 0 
0 0 
0 0 
240 256 
0 0 
0 0 
0 0 
0 0 
0 0 
248 216 
0 0 
0 0 
0 0 
0 0 
0 0 
250 246 
0 0 
0 0 
0 0 
0 0 
0 0 
250 240 
0 0 
0 0 
0 0 
0 0 
0 0 
0 0 
250 248 
0 0 
0 0 
0 0 
0 0 
0 0 
640 246 
0 0 
0 0 
0 0 
0 0 
0 0 
0 0 
0 0 
0 0 
0 0 
250 236 
0 0 
0 0 
0 0 
0 0 
0 0 
256 244 
0 0 
0 0 
0 0 
0 0 
0 0 
0 0 
220 252 
0 0 
0 0 
0 0 
0 0 
0 0 
252 244 
0 0 
0 0 
0 0 
0 0 
0 0 
0 0 
252 242 
0 0 
0 0 
0 0 
0 0 
0 0 
222 702 
0 0 
0 0 
0 0 
0 0 
0 0 
0 0 
0 0 
0 0 
0 0 
246 236 
0 0 
0 0 
0 0 
0 0 
0 0 
250 242 
0 0 
0 0 
0 0 
0 0 
0 0 
258 246 
0 0 
0 0 
0 0 
0 0 
0 0 
0 0 
242 216 
0 0 
0 0 
0 0 
0 0 
0 0 
252 244 
0 0 
0 0 
0 0 
0 0 
0 0 
224 252 
0 0 
0 0 
0 0 
0 0 
0 0 
334 244 
0 0 
0 0 
0 0 
0 0 
0 0 
0 0 
250 230 
0 0 
0 0 
0 0 
0 0 
0 0 
0 0 
246 246 
0 0 
0 0 
0 0 
0 0 
0 0 
250 234 
0 0 
0 0 
0 0 
0 0 
0 0 
250 244 
0 0 
0 0 
0 0 
0 0 
0 0 
0 0 
252 240 
0 0 
0 0 
0 0 
0 0 
0 0 
0 0 
254 536 
0 0 
0 0 
0 0 
0 0 
0 0 
0 0 
0 0 
0 0 
250 246 
0 0 
0 0 
0 0 
0 0 
0 0 
0 0 
248 244 
0 0 
0 0 
0 0 
0 0 
0 0 
250 222 
0 0 
0 0 
0 0 
0 0 
0 0 
254 244 
0 0 
0 0 
0 0 
0 0 
0 0 
254 246 
0 0 
0 0 
0 0 
0 0 
0 0 
252 242 
0 0 
0 0 
0 0 
0 0 
0 0 
576 248 
0 0 
0 0 
0 0 
0 0 
0 0 
0 0 
0 0 
0 0 
250 232 
0 0 
0 0 
0 0 
0 0 
0 0 
250 248 
0 0 
0 0 
0 0 
0 0 
0 0 
256 244 
0 0 
0 0 
0 0 
0 0 
0 0 
250 242 
0 0 
0 0 
0 0 
0 0 
0 0 
0 0 
254 242 
0 0 
0 0 
0 0 
0 0 
0 0 
250 248 
0 0 
0 0 
0 0 
0 0 
0 0 
262 244 
0 0 
0 0 
0 0 
0 0 
0 0 
250 236 
0 0 
0 0 
0 0 
0 0 
0 0 
0 0 
226 248 
0 0 
0 0 
0 0 
0 0 
0 0 
254 246 
0 0 
0 0 
0 0 
0 0 
0 0 
246 248 
0 0 
0 0 
0 0 
0 0 
0 0 
0 0 
250 244 
0 0 
0 0 
0 0 
0 0 
0 0 
252 248 
0 0 
0 0 
0 0 
0 0 
0 0 
250 246 
0 0 
0 0 
0 0 
0 0 
0 0 
0 0 
256 236 
0 0 
0 0 
0 0 
0 0 
0 0 
250 252 
0 0 
0 0 
0 0 
0 0 
0 0 
240 246 
0 0 
0 0 
0 0 
0 0 
0 0 
246 244 
0 0 
0 0 
0 0 
0 0 
0 0 
250 250 
0 0 
0 0 
0 0 
0 0 
0 0 
0 0 
252 252 
0 0 
0 0 
0 0 
0 0 
0 0 
250 248 
0 0 
0 0 
0 0 
0 0 
0 0 
254 244 
0 0 
0 0 
0 0 
0 0 
0 0 
250 218 
0 0 
0 0 
0 0 
0 0 
0 0 
250 248 
0 0 
0 0 
0 0 
0 0 
0 0 
248 252 
0 0 
0 0 
0 0 
0 0 
0 0 
0 0 
252 248 
0 0 
0 0 
0 0 
0 0 
0 0 
256 246 
0 0 
0 0 
0 0 
0 0 
0 0 
0 0 
250 242 
0 0 
0 0 
0 0 
0 0 
0 0 
0 0 
254 240 
0 0 
0 0 
0 0 
0 0 
0 0 
222 248 
0 0 
0 0 
0 0 
0 0 
0 0 
250 218 
0 0 
0 0 
0 0 
0 0 
0 0 
250 242 
0 0 
0 0 
0 0 
0 0 
0 0 
286 258 
0 0 
0 0 
0 0 
0 0 
0 0 
248 246 
0 0 
0 0 
0 0 
0 0 
0 0 
268 240 
0 0 
0 0 
0 0 
0 0 
0 0 
248 222 
0 0 
0 0 
0 0 
0 0 
0 0 
248 244 
0 0 
0 0 
0 0 
0 0 
0 0 
236 252 
0 0 
0 0 
0 0 
0 0 
0 0 
256 242 
0 0 
0 0 
0 0 
0 0 
0 0 
0 0 
248 244 
0 0 
0 0 
0 0 
0 0 
0 0 
250 250 
0 0 
0 0 
0 0 
0 0 
0 0 
0 0 
244 250 
0 0 
0 0 
0 0 
0 0 
0 0 
218 244 
0 0 
0 0 
0 0 
0 0 
0 0 
246 238 
0 0 
0 0 
0 0 
0 0 
0 0 
250 246 
0 0 
0 0 
0 0 
0 0 
0 0 
222 246 
0 0 
0 0 
0 0 
0 0 
0 0 
250 244 
0 0 
0 0 
0 0 
0 0 
0 0 
252 240 
0 0 
0 0 
0 0 
0 0 
0 0 
458 244 
0 0 
0 0 
0 0 
0 0 
0 0 
0 0 
0 0 
254 234 
0 0 
0 0 
0 0 
0 0 
0 0 
0 0 
254 242 
0 0 
0 0 
0 0 
0 0 
0 0 
258 248 
0 0 
0 0 
0 0 
0 0 
0 0 
0 0 
246 242 
0 0 
0 0 
0 0 
0 0 
0 0 
248 250 
0 0 
0 0 
0 0 
0 0 
0 0 
254 222 
0 0 
0 0 
0 0 
0 0 
0 0 
260 246 
0 0 
0 0 
0 0 
0 0 
0 0 
254 236 
0 0 
0 0 
0 0 
0 0 
0 0 
252 232 
0 0 
0 0 
0 0 
0 0 
0 0 
254 246 
0 0 
0 0 
0 0 
0 0 
0 0 
256 220 
0 0 
0 0 
0 0 
0 0 
0 0 
0 0 
246 244 
0 0 
0 0 
0 0 
0 0 
0 0 
0 0 
248 740 
0 0 
0 0 
0 0 
0 0 
0 0 
0 0 
0 0 
0 0 
0 0 
252 252 
0 0 
0 0 
0 0 
0 0 
0 0 
0 0 
254 242 
0 0 
0 0 
0 0 
0 0 
0 0 
260 244 
0 0 
0 0 
0 0 
0 0 
0 0 
0 0 
250 244 
0 0 
0 0 
0 0 
0 0 
0 0 
248 236 
0 0 
0 0 
0 0 
0 0 
0 0 
0 0 
250 252 
0 0 
0 0 
0 0 
0 0 
0 0 
0 0 
224 246 
0 0 
0 0 
0 0 
0 0 
0 0 
252 240 
0 0 
0 0 
0 0 
0 0 
0 0 
250 248 
0 0 
0 0 
0 0 
0 0 
0 0 
272 248 
0 0 
0 0 
0 0 
0 0 
0 0 
0 0 
250 252 
0 0 
0 0 
0 0 
0 0 
0 0 
248 246 
0 0 
0 0 
0 0 
0 0 
0 0 
0 0 
246 674 
0 0 
0 0 
0 0 
0 0 
0 0 
0 0 
0 0 
0 0 
250 250 
0 0 
0 0 
0 0 
0 0 
0 0 
0 0 
240 248 
0 0 
0 0 
0 0 
0 0 
0 0 
248 246 
0 0 
0 0 
0 0 
0 0 
0 0 
252 246 
0 0 
0 0 
0 0 
0 0 
0 0 
240 250 
0 0 
0 0 
0 0 
0 0 
0 0 
250 212 
0 0 
0 0 
0 0 
0 0 
0 0 
640 246 
0 0 
0 0 
0 0 
0 0 
0 0 
0 0 
0 0 
0 0 
252 234 
0 0 
0 0 
0 0 
0 0 
0 0 
228 252 
0 0 
0 0 
0 0 
0 0 
0 0 
252 248 
0 0 
0 0 
0 0 
0 0 
0 0 
254 248 
0 0 
0 0 
0 0 
0 0 
0 0 
238 232 
0 0 
0 0 
0 0 
0 0 
0 0 
252 220 
0 0 
0 0 
0 0 
0 0 
0 0 
388 244 
0 0 
0 0 
0 0 
0 0 
0 0 
0 0 
248 238 
0 0 
0 0 
0 0 
0 0 
0 0 
0 0 
244 246 
0 0 
0 0 
0 0 
0 0 
0 0 
242 250 
0 0 
0 0 
0 0 
0 0 
0 0 
258 248 
0 0 
0 0 
0 0 
0 0 
0 0 
250 242 
0 0 
0 0 
0 0 
0 0 
0 0 
250 244 
0 0 
0 0 
0 0 
0 0 
0 0 
304 250 
0 0 
0 0 
0 0 
0 0 
0 0 
0 0 
244 232 
0 0 
0 0 
0 0 
0 0 
0 0 
244 246 
0 0 
0 0 
0 0 
0 0 
0 0 
252 242 
0 0 
0 0 
0 0 
0 0 
0 0 
0 0 
248 246 
0 0 
0 0 
0 0 
0 0 
0 0 
248 246 
0 0 
0 0 
0 0 
0 0 
0 0 
234 248 
0 0 
0 0 
0 0 
0 0 
0 0 
254 216 
0 0 
0 0 
0 0 
0 0 
0 0 
248 248 
0 0 
0 0 
0 0 
0 0 
0 0 
0 0 
240 248 
0 0 
0 0 
0 0 
0 0 
0 0 
254 260 
0 0 
0 0 
0 0 
0 0 
0 0 
248 248 
0 0 
0 0 
0 0 
0 0 
0 0 
0 0 
250 248 
0 0 
0 0 
0 0 
0 0 
0 0 
0 0 
252 244 
0 0 
0 0 
0 0 
0 0 
0 0 
220 218 
0 0 
0 0 
0 0 
0 0 
0 0 
220 224 
0 0 
0 0 
0 0 
0 0 
0 0 
0 0 
222 244 
0 0 
0 0 
0 0 
0 0 
0 0 
224 220 
0 0 
0 0 
0 0 
0 0 
0 0 
248 242 
0 0 
0 0 
0 0 
0 0 
0 0 
250 246 
0 0 
0 0 
0 0 
0 0 
0 0 
316 246 
0 0 
0 0 
0 0 
0 0 
0 0 
0 0 
288 218 
0 0 
0 0 
0 0 
0 0 
0 0 
222 214 
0 0 
0 0 
0 0 
0 0 
0 0 
248 222 
0 0 
0 0 
0 0 
0 0 
0 0 
246 254 
0 0 
0 0 
0 0 
0 0 
0 0 
240 246 
0 0 
0 0 
0 0 
0 0 
0 0 
250 246 
0 0 
0 0 
0 0 
0 0 
0 0 
0 0 
252 252 
0 0 
0 0 
0 0 
0 0 
0 0 
0 0 
216 274 
0 0 
0 0 
0 0 
0 0 
0 0 
0 0 
248 240 
0 0 
0 0 
0 0 
0 0 
0 0 
248 250 
0 0 
0 0 
0 0 
0 0 
0 0 
0 0 
240 240 
0 0 
0 0 
0 0 
0 0 
0 0 
0 0 
260 248 
0 0 
0 0 
0 0 
0 0 
0 0 
252 248 
0 0 
0 0 
0 0 
0 0 
0 0 
262 556 
0 0 
0 0 
0 0 
0 0 
0 0 
0 0 
0 0 
0 0 
250 244 
0 0 
0 0 
0 0 
0 0 
0 0 
0 0 
250 248 
0 0 
0 0 
0 0 
0 0 
0 0 
252 242 
0 0 
0 0 
0 0 
0 0 
0 0 
0 0 
398 268 
0 0 
0 0 
0 0 
0 0 
0 0 
0 0 
0 0 
296 222 
0 0 
0 0 
0 0 
0 0 
0 0 
0 0 
224 214 
0 0 
0 0 
0 0 
0 0 
0 0 
326 224 
0 0 
0 0 
0 0 
0 0 
0 0 
0 0 
240 266 
0 0 
0 0 
0 0 
0 0 
0 0 
0 0 
226 238 
0 0 
0 0 
0 0 
0 0 
0 0 
250 242 
0 0 
0 0 
0 0 
0 0 
0 0 
240 240 
0 0 
0 0 
0 0 
0 0 
0 0 
242 226 
0 0 
0 0 
0 0 
0 0 
0 0 
256 546 
0 0 
0 0 
0 0 
0 0 
0 0 
0 0 
0 0 
0 0 
250 250 
0 0 
0 0 
0 0 
0 0 
0 0 
0 0 
258 238 
0 0 
0 0 
0 0 
0 0 
0 0 
0 0 
256 246 
0 0 
0 0 
0 0 
0 0 
0 0 
238 252 
0 0 
0 0 
0 0 
0 0 
0 0 
250 242 
0 0 
0 0 
0 0 
0 0 
0 0 
0 0 
246 656 
0 0 
0 0 
0 0 
0 0 
0 0 
0 0 
0 0 
0 0 
0 0 
248 232 
0 0 
0 0 
0 0 
0 0 
0 0 
250 254 
0 0 
0 0 
0 0 
0 0 
0 0 
252 248 
0 0 
0 0 
0 0 
0 0 
0 0 
234 248 
0 0 
0 0 
0 0 
0 0 
0 0 
230 220 
0 0 
0 0 
0 0 
0 0 
0 0 
222 212 
0 0 
0 0 
0 0 
0 0 
0 0 
744 242 
0 0 
0 0 
0 0 
0 0 
0 0 
0 0 
0 0 
0 0 
0 0 
258 218 
0 0 
0 0 
0 0 
0 0 
0 0 
246 248 
0 0 
0 0 
0 0 
0 0 
0 0 
252 252 
0 0 
0 0 
0 0 
0 0 
0 0 
0 0 
246 238 
0 0 
0 0 
0 0 
0 0 
0 0 
248 218 
0 0 
0 0 
0 0 
0 0 
0 0 
252 244 
0 0 
0 0 
0 0 
0 0 
0 0 
258 250 
0 0 
0 0 
0 0 
0 0 
0 0 
254 230 
0 0 
0 0 
0 0 
0 0 
0 0 
250 244 
0 0 
0 0 
0 0 
0 0 
0 0 
248 220 
0 0 
0 0 
0 0 
0 0 
0 0 
252 248 
0 0 
0 0 
0 0 
0 0 
0 0 
234 252 
0 0 
0 0 
0 0 
0 0 
0 0 
0 0 
252 228 
0 0 
0 0 
0 0 
0 0 
0 0 
424 240 
0 0 
0 0 
0 0 
0 0 
0 0 
0 0 
0 0 
224 234 
0 0 
0 0 
0 0 
0 0 
0 0 
250 236 
0 0 
0 0 
0 0 
0 0 
0 0 
250 246 
0 0 
0 0 
0 0 
0 0 
0 0 
240 252 
0 0 
0 0 
0 0 
0 0 
0 0 
254 234 
0 0 
0 0 
0 0 
0 0 
0 0 
248 244 
0 0 
0 0 
0 0 
0 0 
0 0 
0 0 
248 252 
0 0 
0 0 
0 0 
0 0 
0 0 
256 214 
0 0 
0 0 
0 0 
0 0 
0 0 
240 238 
0 0 
0 0 
0 0 
0 0 
0 0 
238 244 
0 0 
0 0 
0 0 
0 0 
0 0 
0 0 
250 244 
0 0 
0 0 
0 0 
0 0 
0 0 
260 248 
0 0 
0 0 
0 0 
0 0 
0 0 
238 244 
0 0 
0 0 
0 0 
0 0 
0 0 
260 238 
0 0 
0 0 
0 0 
0 0 
0 0 
250 232 
0 0 
0 0 
0 0 
0 0 
0 0 
0 0 
250 254 
0 0 
0 0 
0 0 
0 0 
0 0 
0 0 
238 248 
0 0 
0 0 
0 0 
0 0 
0 0 
252 244 
0 0 
0 0 
0 0 
0 0 
0 0 
250 250 
0 0 
0 0 
0 0 
0 0 
0 0 
248 246 
0 0 
0 0 
0 0 
0 0 
0 0 
268 248 
0 0 
0 0 
0 0 
0 0 
0 0 
238 240 
0 0 
0 0 
0 0 
0 0 
0 0 
252 266 
0 0 
0 0 
0 0 
0 0 
0 0 
0 0 
248 246 
0 0 
0 0 
0 0 
0 0 
0 0 
0 0 
238 252 
0 0 
0 0 
0 0 
0 0 
0 0 
250 246 
0 0 
0 0 
0 0 
0 0 
0 0 
0 0 
250 570 
0 0 
0 0 
0 0 
0 0 
0 0 
0 0 
0 0 
0 0 
254 248 
0 0 
0 0 
0 0 
0 0 
0 0 
238 236 
0 0 
0 0 
0 0 
0 0 
0 0 
252 228 
0 0 
0 0 
0 0 
0 0 
0 0 
228 242 
0 0 
0 0 
0 0 
0 0 
0 0 
250 248 
0 0 
0 0 
0 0 
0 0 
0 0 
256 248 
0 0 
0 0 
0 0 
0 0 
0 0 
740 240 
0 0 
0 0 
0 0 
0 0 
0 0 
0 0 
0 0 
0 0 
0 0 
0 0 
252 238 
0 0 
0 0 
0 0 
0 0 
0 0 
244 244 
0 0 
0 0 
0 0 
0 0 
0 0 
252 254 
0 0 
0 0 
0 0 
0 0 
0 0 
0 0 
222 250 
0 0 
0 0 
0 0 
0 0 
0 0 
244 250 
0 0 
0 0 
0 0 
0 0 
0 0 
272 718 
0 0 
0 0 
0 0 
0 0 
0 0 
0 0 
0 0 
0 0 
0 0 
220 252 
0 0 
0 0 
0 0 
0 0 
0 0 
246 248 
0 0 
0 0 
0 0 
0 0 
0 0 
252 246 
0 0 
0 0 
0 0 
0 0 
0 0 
0 0 
256 244 
0 0 
0 0 
0 0 
0 0 
0 0 
214 234 
0 0 
0 0 
0 0 
0 0 
0 0 
252 246 
0 0 
0 0 
0 0 
0 0 
0 0 
414 248 
0 0 
0 0 
0 0 
0 0 
0 0 
0 0 
0 0 
262 230 
0 0 
0 0 
0 0 
0 0 
0 0 
0 0 
256 244 
0 0 
0 0 
0 0 
0 0 
0 0 
240 238 
0 0 
0 0 
0 0 
0 0 
0 0 
252 244 
0 0 
0 0 
0 0 
0 0 
0 0 
0 0 
250 246 
0 0 
0 0 
0 0 
0 0 
0 0 
242 740 
0 0 
0 0 
0 0 
0 0 
0 0 
0 0 
0 0 
0 0 
0 0 
250 244 
0 0 
0 0 
0 0 
0 0 
0 0 
238 242 
0 0 
0 0 
0 0 
0 0 
0 0 
248 248 
0 0 
0 0 
0 0 
0 0 
0 0 
244 234 
0 0 
0 0 
0 0 
0 0 
0 0 
268 218 
0 0 
0 0 
0 0 
0 0 
0 0 
0 0 
250 236 
0 0 
0 0 
0 0 
0 0 
0 0 
530 242 
0 0 
0 0 
0 0 
0 0 
0 0 
0 0 
0 0 
224 242 
0 0 
0 0 
0 0 
0 0 
0 0 
224 222 
0 0 
0 0 
0 0 
0 0 
0 0 
256 222 
0 0 
0 0 
0 0 
0 0 
0 0 
242 244 
0 0 
0 0 
0 0 
0 0 
0 0 
264 238 
0 0 
0 0 
0 0 
0 0 
0 0 
250 218 
0 0 
0 0 
0 0 
0 0 
0 0 
0 0 
298 214 
0 0 
0 0 
0 0 
0 0 
0 0 
244 260 
0 0 
0 0 
0 0 
0 0 
0 0 
240 220 
0 0 
0 0 
0 0 
0 0 
0 0 
250 248 
0 0 
0 0 
0 0 
0 0 
0 0 
0 0 
248 254 
0 0 
0 0 
0 0 
0 0 
0 0 
240 252 
0 0 
0 0 
0 0 
0 0 
0 0 
242 244 
0 0 
0 0 
0 0 
0 0 
0 0 
462 244 
0 0 
0 0 
0 0 
0 0 
0 0 
0 0 
0 0 
250 232 
0 0 
0 0 
0 0 
0 0 
0 0 
252 246 
0 0 
0 0 
0 0 
0 0 
0 0 
250 246 
0 0 
0 0 
0 0 
0 0 
0 0 
0 0 
250 236 
0 0 
0 0 
0 0 
0 0 
0 0 
252 242 
0 0 
0 0 
0 0 
0 0 
0 0 
224 252 
0 0 
0 0 
0 0 
0 0 
0 0 
234 226 
0 0 
0 0 
0 0 
0 0 
0 0 
250 252 
0 0 
0 0 
0 0 
0 0 
0 0 
236 232 
0 0 
0 0 
0 0 
0 0 
0 0 
238 236 
0 0 
0 0 
0 0 
0 0 
0 0 
244 254 
0 0 
0 0 
0 0 
0 0 
0 0 
244 228 
0 0 
0 0 
0 0 
0 0 
0 0 
232 244 
0 0 
0 0 
0 0 
0 0 
0 0 
592 216 
0 0 
0 0 
0 0 
0 0 
0 0 
0 0 
0 0 
0 0 
262 236 
0 0 
0 0 
0 0 
0 0 
0 0 
0 0 
236 340 
0 0 
0 0 
0 0 
0 0 
0 0 
0 0 
232 228 
0 0 
0 0 
0 0 
0 0 
0 0 
220 242 
0 0 
0 0 
0 0 
0 0 
0 0 
236 216 
0 0 
0 0 
0 0 
0 0 
0 0 
236 220 
0 0 
0 0 
0 0 
0 0 
0 0 
244 240 
0 0 
0 0 
0 0 
0 0 
0 0 
222 256 
0 0 
0 0 
0 0 
0 0 
0 0 
242 280 
0 0 
0 0 
0 0 
0 0 
0 0 
248 234 
0 0 
0 0 
0 0 
0 0 
0 0 
234 236 
0 0 
0 0 
0 0 
0 0 
0 0 
240 234 
0 0 
0 0 
0 0 
0 0 
0 0 
0 0 
242 252 
0 0 
0 0 
0 0 
0 0 
0 0 
0 0 
278 374 
0 0 
0 0 
0 0 
0 0 
0 0 
0 0 
0 0 
374 232 
0 0 
0 0 
0 0 
0 0 
0 0 
0 0 
266 216 
0 0 
0 0 
0 0 
0 0 
0 0 
240 244 
0 0 
0 0 
0 0 
0 0 
0 0 
246 222 
0 0 
0 0 
0 0 
0 0 
0 0 
230 224 
0 0 
0 0 
0 0 
0 0 
0 0 
268 552 
0 0 
0 0 
0 0 
0 0 
0 0 
0 0 
0 0 
0 0 
230 230 
0 0 
0 0 
0 0 
0 0 
0 0 
242 250 
0 0 
0 0 
0 0 
0 0 
0 0 
240 224 
0 0 
0 0 
0 0 
0 0 
0 0 
222 240 
0 0 
0 0 
0 0 
0 0 
0 0 
242 248 
0 0 
0 0 
0 0 
0 0 
0 0 
250 240 
0 0 
0 0 
0 0 
0 0 
0 0 
0 0 
302 226 
0 0 
0 0 
0 0 
0 0 
0 0 
0 0 
238 238 
0 0 
0 0 
0 0 
0 0 
0 0 
242 250 
0 0 
0 0 
0 0 
0 0 
0 0 
0 0 
244 230 
0 0 
0 0 
0 0 
0 0 
0 0 
222 246 
0 0 
0 0 
0 0 
0 0 
0 0 
250 250 
0 0 
0 0 
0 0 
0 0 
0 0 
220 246 
0 0 
0 0 
0 0 
0 0 
0 0 
226 594 
0 0 
0 0 
0 0 
0 0 
0 0 
0 0 
0 0 
0 0 
238 242 
0 0 
0 0 
0 0 
0 0 
0 0 
244 230 
0 0 
0 0 
0 0 
0 0 
0 0 
220 226 
0 0 
0 0 
0 0 
0 0 
0 0 
246 246 
0 0 
0 0 
0 0 
0 0 
0 0 
242 238 
0 0 
0 0 
0 0 
0 0 
0 0 
0 0 
240 220 
0 0 
0 0 
0 0 
0 0 
0 0 
362 250 
0 0 
0 0 
0 0 
0 0 
0 0 
0 0 
0 0 
244 236 
0 0 
0 0 
0 0 
0 0 
0 0 
250 222 
0 0 
0 0 
0 0 
0 0 
0 0 
0 0 
240 218 
0 0 
0 0 
0 0 
0 0 
0 0 
226 268 
0 0 
0 0 
0 0 
0 0 
0 0 
350 236 
0 0 
0 0 
0 0 
0 0 
0 0 
0 0 
228 222 
0 0 
0 0 
0 0 
0 0 
0 0 
292 224 
0 0 
0 0 
0 0 
0 0 
0 0 
220 244 
0 0 
0 0 
0 0 
0 0 
0 0 
224 232 
0 0 
0 0 
0 0 
0 0 
0 0 
234 218 
0 0 
0 0 
0 0 
0 0 
0 0 
224 246 
0 0 
0 0 
0 0 
0 0 
0 0 
298 240 
0 0 
0 0 
0 0 
0 0 
0 0 
0 0 
244 574 
0 0 
0 0 
0 0 
0 0 
0 0 
0 0 
0 0 
0 0 
244 230 
0 0 
0 0 
0 0 
0 0 
0 0 
236 244 
0 0 
0 0 
0 0 
0 0 
0 0 
336 218 
0 0 
0 0 
0 0 
0 0 
0 0 
0 0 
242 220 
0 0 
0 0 
0 0 
0 0 
0 0 
242 244 
0 0 
0 0 
0 0 
0 0 
0 0 
0 0 
252 260 
0 0 
0 0 
0 0 
0 0 
0 0 
0 0 
670 244 
0 0 
0 0 
0 0 
0 0 
0 0 
0 0 
0 0 
0 0 
244 250 
0 0 
0 0 
0 0 
0 0 
0 0 
242 224 
0 0 
0 0 
0 0 
0 0 
0 0 
252 222 
0 0 
0 0 
0 0 
0 0 
0 0 
252 224 
0 0 
0 0 
0 0 
0 0 
0 0 
244 246 
0 0 
0 0 
0 0 
0 0 
0 0 
250 552 
0 0 
0 0 
0 0 
0 0 
0 0 
0 0 
0 0 
0 0 
258 252 
0 0 
0 0 
0 0 
0 0 
0 0 
0 0 
244 248 
0 0 
0 0 
0 0 
0 0 
0 0 
252 242 
0 0 
0 0 
0 0 
0 0 
0 0 
0 0 
246 250 
0 0 
0 0 
0 0 
0 0 
0 0 
0 0 
250 246 
0 0 
0 0 
0 0 
0 0 
0 0 
246 246 
0 0 
0 0 
0 0 
0 0 
0 0 
220 250 
0 0 
0 0 
0 0 
0 0 
0 0 
252 236 
0 0 
0 0 
0 0 
0 0 
0 0 
0 0 
252 246 
0 0 
0 0 
0 0 
0 0 
0 0 
0 0 
242 250 
0 0 
0 0 
0 0 
0 0 
0 0 
248 250 
0 0 
0 0 
0 0 
0 0 
0 0 
252 252 
0 0 
0 0 
0 0 
0 0 
0 0 
250 732 
0 0 
0 0 
0 0 
0 0 
0 0 
0 0 
0 0 
0 0 
0 0 
252 234 
0 0 
0 0 
0 0 
0 0 
0 0 
248 248 
0 0 
0 0 
0 0 
0 0 
0 0 
0 0 
252 250 
0 0 
0 0 
0 0 
0 0 
0 0 
0 0 
258 248 
0 0 
0 0 
0 0 
0 0 
0 0 
258 250 
0 0 
0 0 
0 0 
0 0 
0 0 
0 0 
234 244 
0 0 
0 0 
0 0 
0 0 
0 0 
234 246 
0 0 
0 0 
0 0 
0 0 
0 0 
228 240 
0 0 
0 0 
0 0 
0 0 
0 0 
236 250 
0 0 
0 0 
0 0 
0 0 
0 0 
246 246 
0 0 
0 0 
0 0 
0 0 
0 0 
0 0 
250 250 
0 0 
0 0 
0 0 
0 0 
0 0 
254 228 
0 0 
0 0 
0 0 
0 0 
0 0 
240 252 
0 0 
0 0 
0 0 
0 0 
0 0 
254 244 
0 0 
0 0 
0 0 
0 0 
0 0 
252 244 
0 0 
0 0 
0 0 
0 0 
0 0 
236 244 
0 0 
0 0 
0 0 
0 0 
0 0 
254 230 
0 0 
0 0 
0 0 
0 0 
0 0 
258 246 
0 0 
0 0 
0 0 
0 0 
0 0 
244 246 
0 0 
0 0 
0 0 
0 0 
0 0 
246 250 
0 0 
0 0 
0 0 
0 0 
0 0 
0 0 
462 248 
0 0 
0 0 
0 0 
0 0 
0 0 
0 0 
0 0 
250 238 
0 0 
0 0 
0 0 
0 0 
0 0 
0 0 
250 238 
0 0 
0 0 
0 0 
0 0 
0 0 
0 0 
250 248 
0 0 
0 0 
0 0 
0 0 
0 0 
242 246 
0 0 
0 0 
0 0 
0 0 
0 0 
250 244 
0 0 
0 0 
0 0 
0 0 
0 0 
244 250 
0 0 
0 0 
0 0 
0 0 
0 0 
256 252 
0 0 
0 0 
0 0 
0 0 
0 0 
244 236 
0 0 
0 0 
0 0 
0 0 
0 0 
252 244 
0 0 
0 0 
0 0 
0 0 
0 0 
0 0 
254 244 
0 0 
0 0 
0 0 
0 0 
0 0 
254 246 
0 0 
0 0 
0 0 
0 0 
0 0 
240 252 
0 0 
0 0 
0 0 
0 0 
0 0 
250 250 
0 0 
0 0 
0 0 
0 0 
0 0 
260 248 
0 0 
0 0 
0 0 
0 0 
0 0 
234 238 
0 0 
0 0 
0 0 
0 0 
0 0 
254 242 
0 0 
0 0 
0 0 
0 0 
0 0 
240 248 
0 0 
0 0 
0 0 
0 0 
0 0 
0 0 
248 242 
0 0 
0 0 
0 0 
0 0 
0 0 
248 248 
0 0 
0 0 
0 0 
0 0 
0 0 
248 238 
0 0 
0 0 
0 0 
0 0 
0 0 
282 240 
0 0 
0 0 
0 0 
0 0 
0 0 
0 0 
258 236 
0 0 
0 0 
0 0 
0 0 
0 0 
246 252 
0 0 
0 0 
0 0 
0 0 
0 0 
254 244 
0 0 
0 0 
0 0 
0 0 
0 0 
248 238 
0 0 
0 0 
0 0 
0 0 
0 0 
252 242 
0 0 
0 0 
0 0 
0 0 
0 0 
246 246 
0 0 
0 0 
0 0 
0 0 
0 0 
0 0 
246 230 
0 0 
0 0 
0 0 
0 0 
0 0 
252 240 
0 0 
0 0 
0 0 
0 0 
0 0 
0 0 
252 232 
0 0 
0 0 
0 0 
0 0 
0 0 
250 234 
0 0 
0 0 
0 0 
0 0 
0 0 
250 246 
0 0 
0 0 
0 0 
0 0 
0 0 
0 0 
238 242 
0 0 
0 0 
0 0 
0 0 
0 0 
254 240 
0 0 
0 0 
0 0 
0 0 
0 0 
0 0 
250 236 
0 0 
0 0 
0 0 
0 0 
0 0 
252 238 
0 0 
0 0 
0 0 
0 0 
0 0 
248 248 
0 0 
0 0 
0 0 
0 0 
0 0 
254 250 
0 0 
0 0 
0 0 
0 0 
0 0 
250 240 
0 0 
0 0 
0 0 
0 0 
0 0 
254 234 
0 0 
0 0 
0 0 
0 0 
0 0 
246 236 
0 0 
0 0 
0 0 
0 0 
0 0 
346 246 
0 0 
0 0 
0 0 
0 0 
0 0 
0 0 
252 234 
0 0 
0 0 
0 0 
0 0 
0 0 
248 246 
0 0 
0 0 
0 0 
0 0 
0 0 
254 250 
0 0 
0 0 
0 0 
0 0 
0 0 
274 252 
0 0 
0 0 
0 0 
0 0 
0 0 
0 0 
252 244 
0 0 
0 0 
0 0 
0 0 
0 0 
0 0 
240 246 
0 0 
0 0 
0 0 
0 0 
0 0 
262 246 
0 0 
0 0 
0 0 
0 0 
0 0 
250 236 
0 0 
0 0 
0 0 
0 0 
0 0 
252 244 
0 0 
0 0 
0 0 
0 0 
0 0 
0 0 
250 248 
0 0 
0 0 
0 0 
0 0 
0 0 
0 0 
240 244 
0 0 
0 0 
0 0 
0 0 
0 0 
240 250 
0 0 
0 0 
0 0 
0 0 
0 0 
248 244 
0 0 
0 0 
0 0 
0 0 
0 0 
264 244 
0 0 
0 0 
0 0 
0 0 
0 0 
250 236 
0 0 
0 0 
0 0 
0 0 
0 0 
252 244 
0 0 
0 0 
0 0 
0 0 
0 0 
0 0 
252 236 
0 0 
0 0 
0 0 
0 0 
0 0 
250 236 
0 0 
0 0 
0 0 
0 0 
0 0 
0 0 
258 256 
0 0 
0 0 
0 0 
0 0 
0 0 
248 706 
0 0 
0 0 
0 0 
0 0 
0 0 
0 0 
0 0 
0 0 
0 0 
256 246 
0 0 
0 0 
0 0 
0 0 
0 0 
258 248 
0 0 
0 0 
0 0 
0 0 
0 0 
256 244 
0 0 
0 0 
0 0 
0 0 
0 0 
254 246 
0 0 
0 0 
0 0 
0 0 
0 0 
246 248 
0 0 
0 0 
0 0 
0 0 
0 0 
230 236 
0 0 
0 0 
0 0 
0 0 
0 0 
752 244 
0 0 
0 0 
0 0 
0 0 
0 0 
0 0 
0 0 
0 0 
0 0 
248 506 
0 0 
0 0 
0 0 
0 0 
0 0 
0 0 
0 0 
0 0 
256 248 
0 0 
0 0 
0 0 
0 0 
0 0 
254 244 
0 0 
0 0 
0 0 
0 0 
0 0 
0 0 
266 244 
0 0 
0 0 
0 0 
0 0 
0 0 
250 244 
0 0 
0 0 
0 0 
0 0 
0 0 
736 248 
0 0 
0 0 
0 0 
0 0 
0 0 
0 0 
0 0 
0 0 
0 0 
242 242 
0 0 
0 0 
0 0 
0 0 
0 0 
254 248 
0 0 
0 0 
0 0 
0 0 
0 0 
252 250 
0 0 
0 0 
0 0 
0 0 
0 0 
0 0 
240 250 
0 0 
0 0 
0 0 
0 0 
0 0 
246 246 
0 0 
0 0 
0 0 
0 0 
0 0 
0 0 
246 596 
0 0 
0 0 
0 0 
0 0 
0 0 
0 0 
0 0 
0 0 
248 250 
0 0 
0 0 
0 0 
0 0 
0 0 
234 238 
0 0 
0 0 
0 0 
0 0 
0 0 
250 242 
0 0 
0 0 
0 0 
0 0 
0 0 
0 0 
244 234 
0 0 
0 0 
0 0 
0 0 
0 0 
248 244 
0 0 
0 0 
0 0 
0 0 
0 0 
248 246 
0 0 
0 0 
0 0 
0 0 
0 0 
0 0 
412 244 
0 0 
0 0 
0 0 
0 0 
0 0 
0 0 
246 236 
0 0 
0 0 
0 0 
0 0 
0 0 
0 0 
254 246 
0 0 
0 0 
0 0 
0 0 
0 0 
248 242 
0 0 
0 0 
0 0 
0 0 
0 0 
256 244 
0 0 
0 0 
0 0 
0 0 
0 0 
0 0 
258 244 
0 0 
0 0 
0 0 
0 0 
0 0 
250 234 
0 0 
0 0 
0 0 
0 0 
0 0 
272 240 
0 0 
0 0 
0 0 
0 0 
0 0 
244 230 
0 0 
0 0 
0 0 
0 0 
0 0 
254 242 
0 0 
0 0 
0 0 
0 0 
0 0 
250 250 
0 0 
0 0 
0 0 
0 0 
0 0 
0 0 
258 246 
0 0 
0 0 
0 0 
0 0 
0 0 
250 248 
0 0 
0 0 
0 0 
0 0 
0 0 
0 0 
246 242 
0 0 
0 0 
0 0 
0 0 
0 0 
232 242 
0 0 
0 0 
0 0 
0 0 
0 0 
250 236 
0 0 
0 0 
0 0 
0 0 
0 0 
0 0 
246 242 
0 0 
0 0 
0 0 
0 0 
0 0 
0 0 
252 236 
0 0 
0 0 
0 0 
0 0 
0 0 
254 250 
0 0 
0 0 
0 0 
0 0 
0 0 
242 244 
0 0 
0 0 
0 0 
0 0 
0 0 
250 246 
0 0 
0 0 
0 0 
0 0 
0 0 
266 246 
0 0 
0 0 
0 0 
0 0 
0 0 
252 238 
0 0 
0 0 
0 0 
0 0 
0 0 
248 284 
0 0 
0 0 
0 0 
0 0 
0 0 
0 0 
250 234 
0 0 
0 0 
0 0 
0 0 
0 0 
246 252 
0 0 
0 0 
0 0 
0 0 
0 0 
0 0 
254 248 
0 0 
0 0 
0 0 
0 0 
0 0 
0 0 
250 542 
0 0 
0 0 
0 0 
0 0 
0 0 
0 0 
0 0 
0 0 
250 246 
0 0 
0 0 
0 0 
0 0 
0 0 
248 248 
0 0 
0 0 
0 0 
0 0 
0 0 
250 244 
0 0 
0 0 
0 0 
0 0 
0 0 
0 0 
248 236 
0 0 
0 0 
0 0 
0 0 
0 0 
246 250 
0 0 
0 0 
0 0 
0 0 
0 0 
242 246 
0 0 
0 0 
0 0 
0 0 
0 0 
542 234 
0 0 
0 0 
0 0 
0 0 
0 0 
0 0 
0 0 
0 0 
246 232 
0 0 
0 0 
0 0 
0 0 
0 0 
254 248 
0 0 
0 0 
0 0 
0 0 
0 0 
252 234 
0 0 
0 0 
0 0 
0 0 
0 0 
248 248 
0 0 
0 0 
0 0 
0 0 
0 0 
242 240 
0 0 
0 0 
0 0 
0 0 
0 0 
246 248 
0 0 
0 0 
0 0 
0 0 
0 0 
0 0 
248 250 
0 0 
0 0 
0 0 
0 0 
0 0 
254 238 
0 0 
0 0 
0 0 
0 0 
0 0 
248 240 
0 0 
0 0 
0 0 
0 0 
0 0 
0 0 
248 246 
0 0 
0 0 
0 0 
0 0 
0 0 
254 240 
0 0 
0 0 
0 0 
0 0 
0 0 
0 0 
246 246 
0 0 
0 0 
0 0 
0 0 
0 0 
0 0 
256 646 
0 0 
0 0 
0 0 
0 0 
0 0 
0 0 
0 0 
0 0 
266 248 
0 0 
0 0 
0 0 
0 0 
0 0 
236 248 
0 0 
0 0 
0 0 
0 0 
0 0 
254 242 
0 0 
0 0 
0 0 
0 0 
0 0 
0 0 
242 246 
0 0 
0 0 
0 0 
0 0 
0 0 
248 244 
0 0 
0 0 
0 0 
0 0 
0 0 
0 0 
250 246 
0 0 
0 0 
0 0 
0 0 
0 0 
0 0 
246 246 
0 0 
0 0 
0 0 
0 0 
0 0 
252 236 
0 0 
0 0 
0 0 
0 0 
0 0 
242 242 
0 0 
0 0 
0 0 
0 0 
0 0 
250 248 
0 0 
0 0 
0 0 
0 0 
0 0 
0 0 
248 248 
0 0 
0 0 
0 0 
0 0 
0 0 
242 250 
0 0 
0 0 
0 0 
0 0 
0 0 
250 238 
0 0 
0 0 
0 0 
0 0 
0 0 
284 248 
0 0 
0 0 
0 0 
0 0 
0 0 
0 0 
248 238 
0 0 
0 0 
0 0 
0 0 
0 0 
250 246 
0 0 
0 0 
0 0 
0 0 
0 0 
0 0 
256 248 
0 0 
0 0 
0 0 
0 0 
0 0 
0 0 
246 236 
0 0 
0 0 
0 0 
0 0 
0 0 
250 244 
0 0 
0 0 
0 0 
0 0 
0 0 
236 244 
0 0 
0 0 
0 0 
0 0 
0 0 
238 248 
0 0 
0 0 
0 0 
0 0 
0 0 
252 230 
0 0 
0 0 
0 0 
0 0 
0 0 
0 0 
238 244 
0 0 
0 0 
0 0 
0 0 
0 0 
0 0 
246 250 
0 0 
0 0 
0 0 
0 0 
0 0 
242 250 
0 0 
0 0 
0 0 
0 0 
0 0 
0 0 
236 254 
0 0 
0 0 
0 0 
0 0 
0 0 
0 0 
254 542 
0 0 
0 0 
0 0 
0 0 
0 0 
0 0 
0 0 
0 0 
252 248 
0 0 
0 0 
0 0 
0 0 
0 0 
0 0 
246 236 
0 0 
0 0 
0 0 
0 0 
0 0 
218 238 
0 0 
0 0 
0 0 
0 0 
0 0 
256 246 
0 0 
0 0 
0 0 
0 0 
0 0 
0 0 
250 246 
0 0 
0 0 
0 0 
0 0 
0 0 
254 310 
0 0 
0 0 
0 0 
0 0 
0 0 
0 0 
246 250 
0 0 
0 0 
0 0 
0 0 
0 0 
224 238 
0 0 
0 0 
0 0 
0 0 
0 0 
254 248 
0 0 
0 0 
0 0 
0 0 
0 0 
0 0 
256 246 
0 0 
0 0 
0 0 
0 0 
0 0 
0 0 
248 246 
0 0 
0 0 
0 0 
0 0 
0 0 
250 244 
0 0 
0 0 
0 0 
0 0 
0 0 
252 736 
0 0 
0 0 
0 0 
0 0 
0 0 
0 0 
0 0 
0 0 
0 0 
250 264 
0 0 
0 0 
0 0 
0 0 
0 0 
238 232 
0 0 
0 0 
0 0 
0 0 
0 0 
254 316 
0 0 
0 0 
0 0 
0 0 
0 0 
0 0 
250 250 
0 0 
0 0 
0 0 
0 0 
0 0 
254 236 
0 0 
0 0 
0 0 
0 0 
0 0 
246 242 
0 0 
0 0 
0 0 
0 0 
0 0 
0 0 
356 250 
0 0 
0 0 
0 0 
0 0 
0 0 
0 0 
256 480 
0 0 
0 0 
0 0 
0 0 
0 0 
0 0 
0 0 
0 0 
252 248 
0 0 
0 0 
0 0 
0 0 
0 0 
224 238 
0 0 
0 0 
0 0 
0 0 
0 0 
248 234 
0 0 
0 0 
0 0 
0 0 
0 0 
0 0 
250 250 
0 0 
0 0 
0 0 
0 0 
0 0 
246 558 
0 0 
0 0 
0 0 
0 0 
0 0 
0 0 
0 0 
0 0 
234 246 
0 0 
0 0 
0 0 
0 0 
0 0 
248 244 
0 0 
0 0 
0 0 
0 0 
0 0 
248 248 
0 0 
0 0 
0 0 
0 0 
0 0 
248 248 
0 0 
0 0 
0 0 
0 0 
0 0 
252 244 
0 0 
0 0 
0 0 
0 0 
0 0 
258 244 
0 0 
0 0 
0 0 
0 0 
0 0 
586 246 
0 0 
0 0 
0 0 
0 0 
0 0 
0 0 
0 0 
0 0 
246 240 
0 0 
0 0 
0 0 
0 0 
0 0 
240 246 
0 0 
0 0 
0 0 
0 0 
0 0 
256 242 
0 0 
0 0 
0 0 
0 0 
0 0 
250 248 
0 0 
0 0 
0 0 
0 0 
0 0 
226 286 
0 0 
0 0 
0 0 
0 0 
0 0 
254 238 
0 0 
0 0 
0 0 
0 0 
0 0 
368 242 
0 0 
0 0 
0 0 
0 0 
0 0 
0 0 
252 230 
0 0 
0 0 
0 0 
0 0 
0 0 
222 252 
0 0 
0 0 
0 0 
0 0 
0 0 
250 292 
0 0 
0 0 
0 0 
0 0 
0 0 
0 0 
246 250 
0 0 
0 0 
0 0 
0 0 
0 0 
248 248 
0 0 
0 0 
0 0 
0 0 
0 0 
250 244 
0 0 
0 0 
0 0 
0 0 
0 0 
314 216 
0 0 
0 0 
0 0 
0 0 
0 0 
218 242 
0 0 
0 0 
0 0 
0 0 
0 0 
250 244 
0 0 
0 0 
0 0 
0 0 
0 0 
254 244 
0 0 
0 0 
0 0 
0 0 
0 0 
0 0 
240 244 
0 0 
0 0 
0 0 
0 0 
0 0 
244 244 
0 0 
0 0 
0 0 
0 0 
0 0 
242 240 
0 0 
0 0 
0 0 
0 0 
0 0 
402 238 
0 0 
0 0 
0 0 
0 0 
0 0 
0 0 
0 0 
258 238 
0 0 
0 0 
0 0 
0 0 
0 0 
0 0 
256 248 
0 0 
0 0 
0 0 
0 0 
0 0 
248 246 
0 0 
0 0 
0 0 
0 0 
0 0 
250 246 
0 0 
0 0 
0 0 
0 0 
0 0 
250 246 
0 0 
0 0 
0 0 
0 0 
0 0 
0 0 
254 258 
0 0 
0 0 
0 0 
0 0 
0 0 
264 244 
0 0 
0 0 
0 0 
0 0 
0 0 
256 232 
0 0 
0 0 
0 0 
0 0 
0 0 
250 244 
0 0 
0 0 
0 0 
0 0 
0 0 
0 0 
250 250 
0 0 
0 0 
0 0 
0 0 
0 0 
260 238 
0 0 
0 0 
0 0 
0 0 
0 0 
0 0 
254 246 
0 0 
0 0 
0 0 
0 0 
0 0 
240 738 
0 0 
0 0 
0 0 
0 0 
0 0 
0 0 
0 0 
0 0 
0 0 
250 246 
0 0 
0 0 
0 0 
0 0 
0 0 
250 254 
0 0 
0 0 
0 0 
0 0 
0 0 
248 246 
0 0 
0 0 
0 0 
0 0 
0 0 
256 244 
0 0 
0 0 
0 0 
0 0 
0 0 
256 248 
0 0 
0 0 
0 0 
0 0 
0 0 
0 0 
252 246 
0 0 
0 0 
0 0 
0 0 
0 0 
558 240 
0 0 
0 0 
0 0 
0 0 
0 0 
0 0 
0 0 
0 0 
256 236 
0 0 
0 0 
0 0 
0 0 
0 0 
250 248 
0 0 
0 0 
0 0 
0 0 
0 0 
248 246 
0 0 
0 0 
0 0 
0 0 
0 0 
248 240 
0 0 
0 0 
0 0 
0 0 
0 0 
238 256 
0 0 
0 0 
0 0 
0 0 
0 0 
252 250 
0 0 
0 0 
0 0 
0 0 
0 0 
0 0 
252 250 
0 0 
0 0 
0 0 
0 0 
0 0 
242 230 
0 0 
0 0 
0 0 
0 0 
0 0 
250 250 
0 0 
0 0 
0 0 
0 0 
0 0 
0 0 
248 246 
0 0 
0 0 
0 0 
0 0 
0 0 
246 246 
0 0 
0 0 
0 0 
0 0 
0 0 
254 248 
0 0 
0 0 
0 0 
0 0 
0 0 
236 242 
0 0 
0 0 
0 0 
0 0 
0 0 
0 0 
256 300 
0 0 
0 0 
0 0 
0 0 
0 0 
0 0 
252 238 
0 0 
0 0 
0 0 
0 0 
0 0 
244 248 
0 0 
0 0 
0 0 
0 0 
0 0 
256 240 
0 0 
0 0 
0 0 
0 0 
0 0 
282 250 
0 0 
0 0 
0 0 
0 0 
0 0 
0 0 
248 252 
0 0 
0 0 
0 0 
0 0 
0 0 
254 682 
0 0 
0 0 
0 0 
0 0 
0 0 
0 0 
0 0 
0 0 
0 0 
250 248 
0 0 
0 0 
0 0 
0 0 
0 0 
248 246 
0 0 
0 0 
0 0 
0 0 
0 0 
0 0 
248 214 
0 0 
0 0 
0 0 
0 0 
0 0 
254 244 
0 0 
0 0 
0 0 
0 0 
0 0 
220 254 
0 0 
0 0 
0 0 
0 0 
0 0 
244 248 
0 0 
0 0 
0 0 
0 0 
0 0 
602 250 
0 0 
0 0 
0 0 
0 0 
0 0 
0 0 
0 0 
0 0 
262 236 
0 0 
0 0 
0 0 
0 0 
0 0 
256 258 
0 0 
0 0 
0 0 
0 0 
0 0 
248 252 
0 0 
0 0 
0 0 
0 0 
0 0 
240 230 
0 0 
0 0 
0 0 
0 0 
0 0 
252 248 
0 0 
0 0 
0 0 
0 0 
0 0 
0 0 
252 244 
0 0 
0 0 
0 0 
0 0 
0 0 
246 236 
0 0 
0 0 
0 0 
0 0 
0 0 
0 0 
254 234 
0 0 
0 0 
0 0 
0 0 
0 0 
252 238 
0 0 
0 0 
0 0 
0 0 
0 0 
250 246 
0 0 
0 0 
0 0 
0 0 
0 0 
0 0 
250 242 
0 0 
0 0 
0 0 
0 0 
0 0 
244 248 
0 0 
0 0 
0 0 
0 0 
0 0 
240 732 
0 0 
0 0 
0 0 
0 0 
0 0 
0 0 
0 0 
0 0 
0 0 
248 250 
0 0 
0 0 
0 0 
0 0 
0 0 
258 256 
0 0 
0 0 
0 0 
0 0 
0 0 
244 230 
0 0 
0 0 
0 0 
0 0 
0 0 
258 244 
0 0 
0 0 
0 0 
0 0 
0 0 
0 0 
246 252 
0 0 
0 0 
0 0 
0 0 
0 0 
252 240 
0 0 
0 0 
0 0 
0 0 
0 0 
0 0 
400 248 
0 0 
0 0 
0 0 
0 0 
0 0 
0 0 
0 0 
248 232 
0 0 
0 0 
0 0 
0 0 
0 0 
254 216 
0 0 
0 0 
0 0 
0 0 
0 0 
246 248 
0 0 
0 0 
0 0 
0 0 
0 0 
226 248 
0 0 
0 0 
0 0 
0 0 
0 0 
250 250 
0 0 
0 0 
0 0 
0 0 
0 0 
240 248 
0 0 
0 0 
0 0 
0 0 
0 0 
0 0 
250 220 
0 0 
0 0 
0 0 
0 0 
0 0 
250 232 
0 0 
0 0 
0 0 
0 0 
0 0 
222 246 
0 0 
0 0 
0 0 
0 0 
0 0 
244 252 
0 0 
0 0 
0 0 
0 0 
0 0 
254 250 
0 0 
0 0 
0 0 
0 0 
0 0 
258 236 
0 0 
0 0 
0 0 
0 0 
0 0 
258 248 
0 0 
0 0 
0 0 
0 0 
0 0 
0 0 
310 246 
0 0 
0 0 
0 0 
0 0 
0 0 
0 0 
244 240 
0 0 
0 0 
0 0 
0 0 
0 0 
244 244 
0 0 
0 0 
0 0 
0 0 
0 0 
0 0 
250 242 
0 0 
0 0 
0 0 
0 0 
0 0 
248 248 
0 0 
0 0 
0 0 
0 0 
0 0 
0 0 
252 246 
0 0 
0 0 
0 0 
0 0 
0 0 
244 714 
0 0 
0 0 
0 0 
0 0 
0 0 
0 0 
0 0 
0 0 
0 0 
0 0 
252 250 
0 0 
0 0 
0 0 
0 0 
0 0 
224 248 
0 0 
0 0 
0 0 
0 0 
0 0 
256 242 
0 0 
0 0 
0 0 
0 0 
0 0 
0 0 
242 244 
0 0 
0 0 
0 0 
0 0 
0 0 
0 0 
244 246 
0 0 
0 0 
0 0 
0 0 
0 0 
0 0 
248 686 
0 0 
0 0 
0 0 
0 0 
0 0 
0 0 
0 0 
0 0 
0 0 
252 242 
0 0 
0 0 
0 0 
0 0 
0 0 
218 240 
0 0 
0 0 
0 0 
0 0 
0 0 
246 252 
0 0 
0 0 
0 0 
0 0 
0 0 
250 244 
0 0 
0 0 
0 0 
0 0 
0 0 
0 0 
246 242 
0 0 
0 0 
0 0 
0 0 
0 0 
0 0 
244 244 
0 0 
0 0 
0 0 
0 0 
0 0 
588 246 
0 0 
0 0 
0 0 
0 0 
0 0 
0 0 
0 0 
0 0 
238 242 
0 0 
0 0 
0 0 
0 0 
0 0 
246 246 
0 0 
0 0 
0 0 
0 0 
0 0 
222 244 
0 0 
0 0 
0 0 
0 0 
0 0 
250 244 
0 0 
0 0 
0 0 
0 0 
0 0 
0 0 
258 246 
0 0 
0 0 
0 0 
0 0 
0 0 
0 0 
250 566 
0 0 
0 0 
0 0 
0 0 
0 0 
0 0 
0 0 
0 0 
250 252 
0 0 
0 0 
0 0 
0 0 
0 0 
0 0 
248 244 
0 0 
0 0 
0 0 
0 0 
0 0 
250 244 
0 0 
0 0 
0 0 
0 0 
0 0 
0 0 
248 246 
0 0 
0 0 
0 0 
0 0 
0 0 
254 248 
0 0 
0 0 
0 0 
0 0 
0 0 
260 244 
0 0 
0 0 
0 0 
0 0 
0 0 
276 244 
0 0 
0 0 
0 0 
0 0 
0 0 
0 0 
254 240 
0 0 
0 0 
0 0 
0 0 
0 0 
0 0 
256 244 
0 0 
0 0 
0 0 
0 0 
0 0 
298 248 
0 0 
0 0 
0 0 
0 0 
0 0 
0 0 
250 246 
0 0 
0 0 
0 0 
0 0 
0 0 
0 0 
250 242 
0 0 
0 0 
0 0 
0 0 
0 0 
224 550 
0 0 
0 0 
0 0 
0 0 
0 0 
0 0 
0 0 
0 0 
246 228 
0 0 
0 0 
0 0 
0 0 
0 0 
244 244 
0 0 
0 0 
0 0 
0 0 
0 0 
0 0 
252 246 
0 0 
0 0 
0 0 
0 0 
0 0 
254 218 
0 0 
0 0 
0 0 
0 0 
0 0 
252 246 
0 0 
0 0 
0 0 
0 0 
0 0 
0 0 
222 246 
0 0 
0 0 
0 0 
0 0 
0 0 
336 248 
0 0 
0 0 
0 0 
0 0 
0 0 
0 0 
252 232 
0 0 
0 0 
0 0 
0 0 
0 0 
250 236 
0 0 
0 0 
0 0 
0 0 
0 0 
254 248 
0 0 
0 0 
0 0 
0 0 
0 0 
250 242 
0 0 
0 0 
0 0 
0 0 
0 0 
270 236 
0 0 
0 0 
0 0 
0 0 
0 0 
0 0 
224 248 
0 0 
0 0 
0 0 
0 0 
0 0 
328 248 
0 0 
0 0 
0 0 
0 0 
0 0 
0 0 
250 242 
0 0 
0 0 
0 0 
0 0 
0 0 
240 246 
0 0 
0 0 
0 0 
0 0 
0 0 
248 236 
0 0 
0 0 
0 0 
0 0 
0 0 
248 248 
0 0 
0 0 
0 0 
0 0 
0 0 
0 0 
248 252 
0 0 
0 0 
0 0 
0 0 
0 0 
256 242 
0 0 
0 0 
0 0 
0 0 
0 0 
0 0 
248 250 
0 0 
0 0 
0 0 
0 0 
0 0 
248 230 
0 0 
0 0 
0 0 
0 0 
0 0 
250 220 
0 0 
0 0 
0 0 
0 0 
0 0 
250 246 
0 0 
0 0 
0 0 
0 0 
0 0 
250 248 
0 0 
0 0 
0 0 
0 0 
0 0 
250 240 
0 0 
0 0 
0 0 
0 0 
0 0 
0 0 
246 240 
0 0 
0 0 
0 0 
0 0 
0 0 
248 220 
0 0 
0 0 
0 0 
0 0 
0 0 
248 230 
0 0 
0 0 
0 0 
0 0 
0 0 
240 252 
0 0 
0 0 
0 0 
0 0 
0 0 
224 252 
0 0 
0 0 
0 0 
0 0 
0 0 
252 246 
0 0 
0 0 
0 0 
0 0 
0 0 
254 226 
0 0 
0 0 
0 0 
0 0 
0 0 
244 246 
0 0 
0 0 
0 0 
0 0 
0 0 
522 246 
0 0 
0 0 
0 0 
0 0 
0 0 
0 0 
0 0 
0 0 
252 230 
0 0 
0 0 
0 0 
0 0 
0 0 
250 244 
0 0 
0 0 
0 0 
0 0 
0 0 
240 248 
0 0 
0 0 
0 0 
0 0 
0 0 
250 248 
0 0 
0 0 
0 0 
0 0 
0 0 
254 254 
0 0 
0 0 
0 0 
0 0 
0 0 
252 248 
0 0 
0 0 
0 0 
0 0 
0 0 
274 248 
0 0 
0 0 
0 0 
0 0 
0 0 
256 240 
0 0 
0 0 
0 0 
0 0 
0 0 
0 0 
252 260 
0 0 
0 0 
0 0 
0 0 
0 0 
258 256 
0 0 
0 0 
0 0 
0 0 
0 0 
254 248 
0 0 
0 0 
0 0 
0 0 
0 0 
254 246 
0 0 
0 0 
0 0 
0 0 
0 0 
240 250 
0 0 
0 0 
0 0 
0 0 
0 0 
432 240 
0 0 
0 0 
0 0 
0 0 
0 0 
0 0 
0 0 
250 236 
0 0 
0 0 
0 0 
0 0 
0 0 
254 246 
0 0 
0 0 
0 0 
0 0 
0 0 
252 240 
0 0 
0 0 
0 0 
0 0 
0 0 
254 234 
0 0 
0 0 
0 0 
0 0 
0 0 
250 244 
0 0 
0 0 
0 0 
0 0 
0 0 
254 248 
0 0 
0 0 
0 0 
0 0 
0 0 
336 248 
0 0 
0 0 
0 0 
0 0 
0 0 
0 0 
248 216 
0 0 
0 0 
0 0 
0 0 
0 0 
256 252 
0 0 
0 0 
0 0 
0 0 
0 0 
222 248 
0 0 
0 0 
0 0 
0 0 
0 0 
250 246 
0 0 
0 0 
0 0 
0 0 
0 0 
252 240 
0 0 
0 0 
0 0 
0 0 
0 0 
0 0 
250 242 
0 0 
0 0 
0 0 
0 0 
0 0 
346 244 
0 0 
0 0 
0 0 
0 0 
0 0 
0 0 
250 232 
0 0 
0 0 
0 0 
0 0 
0 0 
0 0 
246 250 
0 0 
0 0 
0 0 
0 0 
0 0 
0 0 
242 242 
0 0 
0 0 
0 0 
0 0 
0 0 
246 252 
0 0 
0 0 
0 0 
0 0 
0 0 
250 242 
0 0 
0 0 
0 0 
0 0 
0 0 
0 0 
250 688 
0 0 
0 0 
0 0 
0 0 
0 0 
0 0 
0 0 
0 0 
0 0 
252 244 
0 0 
0 0 
0 0 
0 0 
0 0 
242 246 
0 0 
0 0 
0 0 
0 0 
0 0 
0 0 
252 232 
0 0 
0 0 
0 0 
0 0 
0 0 
248 240 
0 0 
0 0 
0 0 
0 0 
0 0 
252 246 
0 0 
0 0 
0 0 
0 0 
0 0 
248 248 
0 0 
0 0 
0 0 
0 0 
0 0 
448 244 
0 0 
0 0 
0 0 
0 0 
0 0 
0 0 
0 0 
292 234 
0 0 
0 0 
0 0 
0 0 
0 0 
0 0 
244 244 
0 0 
0 0 
0 0 
0 0 
0 0 
248 246 
0 0 
0 0 
0 0 
0 0 
0 0 
250 230 
0 0 
0 0 
0 0 
0 0 
0 0 
248 250 
0 0 
0 0 
0 0 
0 0 
0 0 
0 0 
240 244 
0 0 
0 0 
0 0 
0 0 
0 0 
252 240 
0 0 
0 0 
0 0 
0 0 
0 0 
0 0 
254 238 
0 0 
0 0 
0 0 
0 0 
0 0 
242 246 
0 0 
0 0 
0 0 
0 0 
0 0 
248 244 
0 0 
0 0 
0 0 
0 0 
0 0 
252 246 
0 0 
0 0 
0 0 
0 0 
0 0 
0 0 
254 244 
0 0 
0 0 
0 0 
0 0 
0 0 
244 658 
0 0 
0 0 
0 0 
0 0 
0 0 
0 0 
0 0 
0 0 
0 0 
258 248 
0 0 
0 0 
0 0 
0 0 
0 0 
0 0 
248 246 
0 0 
0 0 
0 0 
0 0 
0 0 
0 0 
324 228 
0 0 
0 0 
0 0 
0 0 
0 0 
0 0 
258 218 
0 0 
0 0 
0 0 
0 0 
0 0 
248 244 
0 0 
0 0 
0 0 
0 0 
0 0 
222 246 
0 0 
0 0 
0 0 
0 0 
0 0 
244 242 
0 0 
0 0 
0 0 
0 0 
0 0 
244 232 
0 0 
0 0 
0 0 
0 0 
0 0 
256 232 
0 0 
0 0 
0 0 
0 0 
0 0 
250 246 
0 0 
0 0 
0 0 
0 0 
0 0 
0 0 
256 220 
0 0 
0 0 
0 0 
0 0 
0 0 
226 246 
0 0 
0 0 
0 0 
0 0 
0 0 
252 244 
0 0 
0 0 
0 0 
0 0 
0 0 
268 236 
0 0 
0 0 
0 0 
0 0 
0 0 
246 244 
0 0 
0 0 
0 0 
0 0 
0 0 
250 250 
0 0 
0 0 
0 0 
0 0 
0 0 
242 246 
0 0 
0 0 
0 0 
0 0 
0 0 
236 220 
0 0 
0 0 
0 0 
0 0 
0 0 
234 252 
0 0 
0 0 
0 0 
0 0 
0 0 
252 248 
0 0 
0 0 
0 0 
0 0 
0 0 
0 0 
380 240 
0 0 
0 0 
0 0 
0 0 
0 0 
0 0 
254 218 
0 0 
0 0 
0 0 
0 0 
0 0 
226 248 
0 0 
0 0 
0 0 
0 0 
0 0 
254 236 
0 0 
0 0 
0 0 
0 0 
0 0 
254 244 
0 0 
0 0 
0 0 
0 0 
0 0 
244 218 
0 0 
0 0 
0 0 
0 0 
0 0 
250 246 
0 0 
0 0 
0 0 
0 0 
0 0 
0 0 
368 248 
0 0 
0 0 
0 0 
0 0 
0 0 
0 0 
238 234 
0 0 
0 0 
0 0 
0 0 
0 0 
252 250 
0 0 
0 0 
0 0 
0 0 
0 0 
248 250 
0 0 
0 0 
0 0 
0 0 
0 0 
256 248 
0 0 
0 0 
0 0 
0 0 
0 0 
246 240 
0 0 
0 0 
0 0 
0 0 
0 0 
256 248 
0 0 
0 0 
0 0 
0 0 
0 0 
0 0 
338 230 
0 0 
0 0 
0 0 
0 0 
0 0 
0 0 
250 240 
0 0 
0 0 
0 0 
0 0 
0 0 
240 246 
0 0 
0 0 
0 0 
0 0 
0 0 
0 0 
0 0 
254 238 
0 0 
0 0 
0 0 
0 0 
0 0 
250 306 
0 0 
0 0 
0 0 
0 0 
0 0 
0 0 
262 250 
0 0 
0 0 
0 0 
0 0 
0 0 
0 0 
250 556 
0 0 
0 0 
0 0 
0 0 
0 0 
0 0 
0 0 
0 0 
254 246 
0 0 
0 0 
0 0 
0 0 
0 0 
242 252 
0 0 
0 0 
0 0 
0 0 
0 0 
0 0 
260 248 
0 0 
0 0 
0 0 
0 0 
0 0 
0 0 
250 244 
0 0 
0 0 
0 0 
0 0 
0 0 
246 248 
0 0 
0 0 
0 0 
0 0 
0 0 
248 250 
0 0 
0 0 
0 0 
0 0 
0 0 
236 244 
0 0 
0 0 
0 0 
0 0 
0 0 
240 244 
0 0 
0 0 
0 0 
0 0 
0 0 
256 242 
0 0 
0 0 
0 0 
0 0 
0 0 
0 0 
250 242 
0 0 
0 0 
0 0 
0 0 
0 0 
240 250 
0 0 
0 0 
0 0 
0 0 
0 0 
250 250 
0 0 
0 0 
0 0 
0 0 
0 0 
242 240 
0 0 
0 0 
0 0 
0 0 
0 0 
386 240 
0 0 
0 0 
0 0 
0 0 
0 0 
0 0 
252 238 
0 0 
0 0 
0 0 
0 0 
0 0 
240 246 
0 0 
0 0 
0 0 
0 0 
0 0 
226 250 
0 0 
0 0 
0 0 
0 0 
0 0 
248 248 
0 0 
0 0 
0 0 
0 0 
0 0 
254 240 
0 0 
0 0 
0 0 
0 0 
0 0 
254 238 
0 0 
0 0 
0 0 
0 0 
0 0 
520 248 
0 0 
0 0 
0 0 
0 0 
0 0 
0 0 
0 0 
0 0 
252 234 
0 0 
0 0 
0 0 
0 0 
0 0 
238 244 
0 0 
0 0 
0 0 
0 0 
0 0 
250 252 
0 0 
0 0 
0 0 
0 0 
0 0 
252 240 
0 0 
0 0 
0 0 
0 0 
0 0 
256 244 
0 0 
0 0 
0 0 
0 0 
0 0 
250 248 
0 0 
0 0 
0 0 
0 0 
0 0 
274 248 
0 0 
0 0 
0 0 
0 0 
0 0 
248 242 
0 0 
0 0 
0 0 
0 0 
0 0 
252 236 
0 0 
0 0 
0 0 
0 0 
0 0 
248 236 
0 0 
0 0 
0 0 
0 0 
0 0 
0 0 
244 244 
0 0 
0 0 
0 0 
0 0 
0 0 
250 254 
0 0 
0 0 
0 0 
0 0 
0 0 
252 248 
0 0 
0 0 
0 0 
0 0 
0 0 
388 248 
0 0 
0 0 
0 0 
0 0 
0 0 
0 0 
0 0 
250 238 
0 0 
0 0 
0 0 
0 0 
0 0 
250 248 
0 0 
0 0 
0 0 
0 0 
0 0 
0 0 
254 246 
0 0 
0 0 
0 0 
0 0 
0 0 
252 252 
0 0 
0 0 
0 0 
0 0 
0 0 
224 244 
0 0 
0 0 
0 0 
0 0 
0 0 
256 244 
0 0 
0 0 
0 0 
0 0 
0 0 
266 248 
0 0 
0 0 
0 0 
0 0 
0 0 
254 240 
0 0 
0 0 
0 0 
0 0 
0 0 
250 246 
0 0 
0 0 
0 0 
0 0 
0 0 
0 0 
248 250 
0 0 
0 0 
0 0 
0 0 
0 0 
250 244 
0 0 
0 0 
0 0 
0 0 
0 0 
254 250 
0 0 
0 0 
0 0 
0 0 
0 0 
250 242 
0 0 
0 0 
0 0 
0 0 
0 0 
286 246 
0 0 
0 0 
0 0 
0 0 
0 0 
0 0 
248 234 
0 0 
0 0 
0 0 
0 0 
0 0 
250 246 
0 0 
0 0 
0 0 
0 0 
0 0 
0 0 
244 246 
0 0 
0 0 
0 0 
0 0 
0 0 
252 244 
0 0 
0 0 
0 0 
0 0 
0 0 
246 274 
0 0 
0 0 
0 0 
0 0 
0 0 
252 252 
0 0 
0 0 
0 0 
0 0 
0 0 
300 246 
0 0 
0 0 
0 0 
0 0 
0 0 
248 250 
0 0 
0 0 
0 0 
0 0 
0 0 
246 244 
0 0 
0 0 
0 0 
0 0 
0 0 
0 0 
246 230 
0 0 
0 0 
0 0 
0 0 
0 0 
258 244 
0 0 
0 0 
0 0 
0 0 
0 0 
244 240 
0 0 
0 0 
0 0 
0 0 
0 0 
222 246 
0 0 
0 0 
0 0 
0 0 
0 0 
408 246 
0 0 
0 0 
0 0 
0 0 
0 0 
0 0 
278 236 
0 0 
0 0 
0 0 
0 0 
0 0 
0 0 
250 250 
0 0 
0 0 
0 0 
0 0 
0 0 
258 252 
0 0 
0 0 
0 0 
0 0 
0 0 
0 0 
256 230 
0 0 
0 0 
0 0 
0 0 
0 0 
256 240 
0 0 
0 0 
0 0 
0 0 
0 0 
252 244 
0 0 
0 0 
0 0 
0 0 
0 0 
236 236 
0 0 
0 0 
0 0 
0 0 
0 0 
250 234 
0 0 
0 0 
0 0 
0 0 
0 0 
242 244 
0 0 
0 0 
0 0 
0 0 
0 0 
248 248 
0 0 
0 0 
0 0 
0 0 
0 0 
0 0 
254 244 
0 0 
0 0 
0 0 
0 0 
0 0 
246 236 
0 0 
0 0 
0 0 
0 0 
0 0 
254 240 
0 0 
0 0 
0 0 
0 0 
0 0 
274 236 
0 0 
0 0 
0 0 
0 0 
0 0 
0 0 
254 236 
0 0 
0 0 
0 0 
0 0 
0 0 
250 246 
0 0 
0 0 
0 0 
0 0 
0 0 
0 0 
238 262 
0 0 
0 0 
0 0 
0 0 
0 0 
254 244 
0 0 
0 0 
0 0 
0 0 
0 0 
0 0 
248 248 
0 0 
0 0 
0 0 
0 0 
0 0 
250 250 
0 0 
0 0 
0 0 
0 0 
0 0 
266 244 
0 0 
0 0 
0 0 
0 0 
0 0 
286 236 
0 0 
0 0 
0 0 
0 0 
0 0 
256 246 
0 0 
0 0 
0 0 
0 0 
0 0 
254 242 
0 0 
0 0 
0 0 
0 0 
0 0 
254 246 
0 0 
0 0 
0 0 
0 0 
0 0 
250 246 
0 0 
0 0 
0 0 
0 0 
0 0 
0 0 
252 246 
0 0 
0 0 
0 0 
0 0 
0 0 
236 236 
0 0 
0 0 
0 0 
0 0 
0 0 
258 234 
0 0 
0 0 
0 0 
0 0 
0 0 
242 250 
0 0 
0 0 
0 0 
0 0 
0 0 
248 246 
0 0 
0 0 
0 0 
0 0 
0 0 
0 0 
252 244 
0 0 
0 0 
0 0 
0 0 
0 0 
0 0 
238 248 
0 0 
0 0 
0 0 
0 0 
0 0 
0 0 
254 722 
0 0 
0 0 
0 0 
0 0 
0 0 
0 0 
0 0 
0 0 
0 0 
248 246 
0 0 
0 0 
0 0 
0 0 
0 0 
254 244 
0 0 
0 0 
0 0 
0 0 
0 0 
242 322 
0 0 
0 0 
0 0 
0 0 
0 0 
0 0 
260 244 
0 0 
0 0 
0 0 
0 0 
0 0 
240 246 
0 0 
0 0 
0 0 
0 0 
0 0 
250 254 
0 0 
0 0 
0 0 
0 0 
0 0 
0 0 
300 244 
0 0 
0 0 
0 0 
0 0 
0 0 
0 0 
254 240 
0 0 
0 0 
0 0 
0 0 
0 0 
0 0 
252 240 
0 0 
0 0 
0 0 
0 0 
0 0 
250 248 
0 0 
0 0 
0 0 
0 0 
0 0 
242 248 
0 0 
0 0 
0 0 
0 0 
0 0 
250 248 
0 0 
0 0 
0 0 
0 0 
0 0 
222 248 
0 0 
0 0 
0 0 
0 0 
0 0 
264 230 
0 0 
0 0 
0 0 
0 0 
0 0 
250 244 
0 0 
0 0 
0 0 
0 0 
0 0 
0 0 
242 248 
0 0 
0 0 
0 0 
0 0 
0 0 
252 282 
0 0 
0 0 
0 0 
0 0 
0 0 
0 0 
254 250 
0 0 
0 0 
0 0 
0 0 
0 0 
240 246 
0 0 
0 0 
0 0 
0 0 
0 0 
256 248 
0 0 
0 0 
0 0 
0 0 
0 0 
0 0 
246 248 
0 0 
0 0 
0 0 
0 0 
0 0 
248 236 
0 0 
0 0 
0 0 
0 0 
0 0 
250 244 
0 0 
0 0 
0 0 
0 0 
0 0 
242 246 
0 0 
0 0 
0 0 
0 0 
0 0 
256 244 
0 0 
0 0 
0 0 
0 0 
0 0 
248 274 
0 0 
0 0 
0 0 
0 0 
0 0 
0 0 
238 246 
0 0 
0 0 
0 0 
0 0 
0 0 
236 246 
0 0 
0 0 
0 0 
0 0 
0 0 
252 236 
0 0 
0 0 
0 0 
0 0 
0 0 
252 244 
0 0 
0 0 
0 0 
0 0 
0 0 
252 246 
0 0 
0 0 
0 0 
0 0 
0 0 
234 242 
0 0 
0 0 
0 0 
0 0 
0 0 
246 244 
0 0 
0 0 
0 0 
0 0 
0 0 
0 0 
250 250 
0 0 
0 0 
0 0 
0 0 
0 0 
324 248 
0 0 
0 0 
0 0 
0 0 
0 0 
0 0 
250 236 
0 0 
0 0 
0 0 
0 0 
0 0 
252 244 
0 0 
0 0 
0 0 
0 0 
0 0 
0 0 
260 234 
0 0 
0 0 
0 0 
0 0 
0 0 
246 246 
0 0 
0 0 
0 0 
0 0 
0 0 
242 240 
0 0 
0 0 
0 0 
0 0 
0 0 
216 248 
0 0 
0 0 
0 0 
0 0 
0 0 
252 250 
0 0 
0 0 
0 0 
0 0 
0 0 
250 246 
0 0 
0 0 
0 0 
0 0 
0 0 
0 0 
248 248 
0 0 
0 0 
0 0 
0 0 
0 0 
0 0 
250 246 
0 0 
0 0 
0 0 
0 0 
0 0 
248 244 
0 0 
0 0 
0 0 
0 0 
0 0 
258 246 
0 0 
0 0 
0 0 
0 0 
0 0 
246 242 
0 0 
0 0 
0 0 
0 0 
0 0 
220 250 
0 0 
0 0 
0 0 
0 0 
0 0 
248 236 
0 0 
0 0 
0 0 
0 0 
0 0 
252 218 
0 0 
0 0 
0 0 
0 0 
0 0 
246 244 
0 0 
0 0 
0 0 
0 0 
0 0 
220 246 
0 0 
0 0 
0 0 
0 0 
0 0 
250 246 
0 0 
0 0 
0 0 
0 0 
0 0 
0 0 
252 246 
0 0 
0 0 
0 0 
0 0 
0 0 
0 0 
252 244 
0 0 
0 0 
0 0 
0 0 
0 0 
254 240 
0 0 
0 0 
0 0 
0 0 
0 0 
0 0 
318 248 
0 0 
0 0 
0 0 
0 0 
0 0 
0 0 
248 246 
0 0 
0 0 
0 0 
0 0 
0 0 
248 248 
0 0 
0 0 
0 0 
0 0 
0 0 
0 0 
224 254 
0 0 
0 0 
0 0 
0 0 
0 0 
256 728 
0 0 
0 0 
0 0 
0 0 
0 0 
0 0 
0 0 
0 0 
0 0 
242 236 
0 0 
0 0 
0 0 
0 0 
0 0 
0 0 
254 248 
0 0 
0 0 
0 0 
0 0 
0 0 
244 244 
0 0 
0 0 
0 0 
0 0 
0 0 
252 218 
0 0 
0 0 
0 0 
0 0 
0 0 
252 250 
0 0 
0 0 
0 0 
0 0 
0 0 
510 242 
0 0 
0 0 
0 0 
0 0 
0 0 
0 0 
0 0 
0 0 
250 230 
0 0 
0 0 
0 0 
0 0 
0 0 
254 238 
0 0 
0 0 
0 0 
0 0 
0 0 
246 244 
0 0 
0 0 
0 0 
0 0 
0 0 
0 0 
248 236 
0 0 
0 0 
0 0 
0 0 
0 0 
246 246 
0 0 
0 0 
0 0 
0 0 
0 0 
220 248 
0 0 
0 0 
0 0 
0 0 
0 0 
254 220 
0 0 
0 0 
0 0 
0 0 
0 0 
258 248 
0 0 
0 0 
0 0 
0 0 
0 0 
244 220 
0 0 
0 0 
0 0 
0 0 
0 0 
250 248 
0 0 
0 0 
0 0 
0 0 
0 0 
0 0 
218 246 
0 0 
0 0 
0 0 
0 0 
0 0 
248 244 
0 0 
0 0 
0 0 
0 0 
0 0 
236 244 
0 0 
0 0 
0 0 
0 0 
0 0 
244 250 
0 0 
0 0 
0 0 
0 0 
0 0 
262 248 
0 0 
0 0 
0 0 
0 0 
0 0 
248 242 
0 0 
0 0 
0 0 
0 0 
0 0 
250 292 
0 0 
0 0 
0 0 
0 0 
0 0 
248 244 
0 0 
0 0 
0 0 
0 0 
0 0 
254 224 
0 0 
0 0 
0 0 
0 0 
0 0 
248 242 
0 0 
0 0 
0 0 
0 0 
0 0 
246 252 
0 0 
0 0 
0 0 
0 0 
0 0 
0 0 
370 222 
0 0 
0 0 
0 0 
0 0 
0 0 
0 0 
240 238 
0 0 
0 0 
0 0 
0 0 
0 0 
266 240 
0 0 
0 0 
0 0 
0 0 
0 0 
248 248 
0 0 
0 0 
0 0 
0 0 
0 0 
244 252 
0 0 
0 0 
0 0 
0 0 
0 0 
252 242 
0 0 
0 0 
0 0 
0 0 
0 0 
0 0 
246 248 
0 0 
0 0 
0 0 
0 0 
0 0 
0 0 
274 248 
0 0 
0 0 
0 0 
0 0 
0 0 
0 0 
368 236 
0 0 
0 0 
0 0 
0 0 
0 0 
0 0 
256 244 
0 0 
0 0 
0 0 
0 0 
0 0 
0 0 
252 246 
0 0 
0 0 
0 0 
0 0 
0 0 
310 246 
0 0 
0 0 
0 0 
0 0 
0 0 
0 0 
256 242 
0 0 
0 0 
0 0 
0 0 
0 0 
234 556 
0 0 
0 0 
0 0 
0 0 
0 0 
0 0 
0 0 
0 0 
230 252 
0 0 
0 0 
0 0 
0 0 
0 0 
240 244 
0 0 
0 0 
0 0 
0 0 
0 0 
246 248 
0 0 
0 0 
0 0 
0 0 
0 0 
228 246 
0 0 
0 0 
0 0 
0 0 
0 0 
254 246 
0 0 
0 0 
0 0 
0 0 
0 0 
0 0 
248 246 
0 0 
0 0 
0 0 
0 0 
0 0 
360 252 
0 0 
0 0 
0 0 
0 0 
0 0 
0 0 
252 238 
0 0 
0 0 
0 0 
0 0 
0 0 
224 248 
0 0 
0 0 
0 0 
0 0 
0 0 
248 244 
0 0 
0 0 
0 0 
0 0 
0 0 
252 246 
0 0 
0 0 
0 0 
0 0 
0 0 
256 226 
0 0 
0 0 
0 0 
0 0 
0 0 
254 246 
0 0 
0 0 
0 0 
0 0 
0 0 
0 0 
282 248 
0 0 
0 0 
0 0 
0 0 
0 0 
0 0 
248 222 
0 0 
0 0 
0 0 
0 0 
0 0 
260 244 
0 0 
0 0 
0 0 
0 0 
0 0 
0 0 
252 246 
0 0 
0 0 
0 0 
0 0 
0 0 
256 246 
0 0 
0 0 
0 0 
0 0 
0 0 
0 0 
250 244 
0 0 
0 0 
0 0 
0 0 
0 0 
262 244 
0 0 
0 0 
0 0 
0 0 
0 0 
0 0 
256 224 
0 0 
0 0 
0 0 
0 0 
0 0 
254 230 
0 0 
0 0 
0 0 
0 0 
0 0 
256 244 
0 0 
0 0 
0 0 
0 0 
0 0 
0 0 
254 244 
0 0 
0 0 
0 0 
0 0 
0 0 
250 226 
0 0 
0 0 
0 0 
0 0 
0 0 
254 246 
0 0 
0 0 
0 0 
0 0 
0 0 
0 0 
238 606 
0 0 
0 0 
0 0 
0 0 
0 0 
0 0 
0 0 
0 0 
244 244 
0 0 
0 0 
0 0 
0 0 
0 0 
240 248 
0 0 
0 0 
0 0 
0 0 
0 0 
256 242 
0 0 
0 0 
0 0 
0 0 
0 0 
248 238 
0 0 
0 0 
0 0 
0 0 
0 0 
0 0 
224 246 
0 0 
0 0 
0 0 
0 0 
0 0 
252 244 
0 0 
0 0 
0 0 
0 0 
0 0 
0 0 
442 244 
0 0 
0 0 
0 0 
0 0 
0 0 
0 0 
0 0 
226 232 
0 0 
0 0 
0 0 
0 0 
0 0 
250 248 
0 0 
0 0 
0 0 
0 0 
0 0 
226 244 
0 0 
0 0 
0 0 
0 0 
0 0 
250 220 
0 0 
0 0 
0 0 
0 0 
0 0 
258 246 
0 0 
0 0 
0 0 
0 0 
0 0 
276 244 
0 0 
0 0 
0 0 
0 0 
0 0 
0 0 
244 246 
0 0 
0 0 
0 0 
0 0 
0 0 
254 236 
0 0 
0 0 
0 0 
0 0 
0 0 
252 242 
0 0 
0 0 
0 0 
0 0 
0 0 
248 248 
0 0 
0 0 
0 0 
0 0 
0 0 
250 250 
0 0 
0 0 
0 0 
0 0 
0 0 
248 248 
0 0 
0 0 
0 0 
0 0 
0 0 
0 0 
254 238 
0 0 
0 0 
0 0 
0 0 
0 0 
0 0 
280 240 
0 0 
0 0 
0 0 
0 0 
0 0 
246 248 
0 0 
0 0 
0 0 
0 0 
0 0 
252 248 
0 0 
0 0 
0 0 
0 0 
0 0 
258 256 
0 0 
0 0 
0 0 
0 0 
0 0 
252 246 
0 0 
0 0 
0 0 
0 0 
0 0 
0 0 
250 248 
0 0 
0 0 
0 0 
0 0 
0 0 
246 240 
0 0 
0 0 
0 0 
0 0 
0 0 
306 246 
0 0 
0 0 
0 0 
0 0 
0 0 
0 0 
220 238 
0 0 
0 0 
0 0 
0 0 
0 0 
250 244 
0 0 
0 0 
0 0 
0 0 
0 0 
252 244 
0 0 
0 0 
0 0 
0 0 
0 0 
0 0 
252 248 
0 0 
0 0 
0 0 
0 0 
0 0 
0 0 
254 248 
0 0 
0 0 
0 0 
0 0 
0 0 
0 0 
246 560 
0 0 
0 0 
0 0 
0 0 
0 0 
0 0 
0 0 
0 0 
250 232 
0 0 
0 0 
0 0 
0 0 
0 0 
250 226 
0 0 
0 0 
0 0 
0 0 
0 0 
244 246 
0 0 
0 0 
0 0 
0 0 
0 0 
274 246 
0 0 
0 0 
0 0 
0 0 
0 0 
252 248 
0 0 
0 0 
0 0 
0 0 
0 0 
256 244 
0 0 
0 0 
0 0 
0 0 
0 0 
844 246 
0 0 
0 0 
0 0 
0 0 
0 0 
0 0 
0 0 
0 0 
0 0 
0 0 
240 236 
0 0 
0 0 
0 0 
0 0 
0 0 
250 250 
0 0 
0 0 
0 0 
0 0 
0 0 
242 242 
0 0 
0 0 
0 0 
0 0 
0 0 
0 0 
250 222 
0 0 
0 0 
0 0 
0 0 
0 0 
250 250 
0 0 
0 0 
0 0 
0 0 
0 0 
274 606 
0 0 
0 0 
0 0 
0 0 
0 0 
0 0 
0 0 
0 0 
256 248 
0 0 
0 0 
0 0 
0 0 
0 0 
0 0 
252 250 
0 0 
0 0 
0 0 
0 0 
0 0 
256 244 
0 0 
0 0 
0 0 
0 0 
0 0 
262 258 
0 0 
0 0 
0 0 
0 0 
0 0 
250 234 
0 0 
0 0 
0 0 
0 0 
0 0 
226 246 
0 0 
0 0 
0 0 
0 0 
0 0 
642 218 
0 0 
0 0 
0 0 
0 0 
0 0 
0 0 
0 0 
0 0 
252 238 
0 0 
0 0 
0 0 
0 0 
0 0 
250 240 
0 0 
0 0 
0 0 
0 0 
0 0 
252 250 
0 0 
0 0 
0 0 
0 0 
0 0 
0 0 
248 246 
0 0 
0 0 
0 0 
0 0 
0 0 
250 246 
0 0 
0 0 
0 0 
0 0 
0 0 
250 248 
0 0 
0 0 
0 0 
0 0 
0 0 
258 246 
0 0 
0 0 
0 0 
0 0 
0 0 
248 222 
0 0 
0 0 
0 0 
0 0 
0 0 
254 246 
0 0 
0 0 
0 0 
0 0 
0 0 
0 0 
268 244 
0 0 
0 0 
0 0 
0 0 
0 0 
256 232 
0 0 
0 0 
0 0 
0 0 
0 0 
238 248 
0 0 
0 0 
0 0 
0 0 
0 0 
248 248 
0 0 
0 0 
0 0 
0 0 
0 0 
0 0 
252 244 
0 0 
0 0 
0 0 
0 0 
0 0 
252 248 
0 0 
0 0 
0 0 
0 0 
0 0 
250 216 
0 0 
0 0 
0 0 
0 0 
0 0 
250 246 
0 0 
0 0 
0 0 
0 0 
0 0 
0 0 
268 244 
0 0 
0 0 
0 0 
0 0 
0 0 
0 0 
258 218 
0 0 
0 0 
0 0 
0 0 
0 0 
250 248 
0 0 
0 0 
0 0 
0 0 
0 0 
326 246 
0 0 
0 0 
0 0 
0 0 
0 0 
0 0 
248 230 
0 0 
0 0 
0 0 
0 0 
0 0 
246 250 
0 0 
0 0 
0 0 
0 0 
0 0 
0 0 
220 250 
0 0 
0 0 
0 0 
0 0 
0 0 
246 242 
0 0 
0 0 
0 0 
0 0 
0 0 
0 0 
250 242 
0 0 
0 0 
0 0 
0 0 
0 0 
254 222 
0 0 
0 0 
0 0 
0 0 
0 0 
256 244 
0 0 
0 0 
0 0 
0 0 
0 0 
250 230 
0 0 
0 0 
0 0 
0 0 
0 0 
252 248 
0 0 
0 0 
0 0 
0 0 
0 0 
0 0 
254 246 
0 0 
0 0 
0 0 
0 0 
0 0 
246 260 
0 0 
0 0 
0 0 
0 0 
0 0 
0 0 
246 246 
0 0 
0 0 
0 0 
0 0 
0 0 
246 558 
0 0 
0 0 
0 0 
0 0 
0 0 
0 0 
0 0 
0 0 
240 244 
0 0 
0 0 
0 0 
0 0 
0 0 
0 0 
252 220 
0 0 
0 0 
0 0 
0 0 
0 0 
250 244 
0 0 
0 0 
0 0 
0 0 
0 0 
248 246 
0 0 
0 0 
0 0 
0 0 
0 0 
258 244 
0 0 
0 0 
0 0 
0 0 
0 0 
0 0 
244 248 
0 0 
0 0 
0 0 
0 0 
0 0 
314 250 
0 0 
0 0 
0 0 
0 0 
0 0 
0 0 
256 248 
0 0 
0 0 
0 0 
0 0 
0 0 
0 0 
242 240 
0 0 
0 0 
0 0 
0 0 
0 0 
246 252 
0 0 
0 0 
0 0 
0 0 
0 0 
248 246 
0 0 
0 0 
0 0 
0 0 
0 0 
256 248 
0 0 
0 0 
0 0 
0 0 
0 0 
0 0 
258 236 
0 0 
0 0 
0 0 
0 0 
0 0 
274 246 
0 0 
0 0 
0 0 
0 0 
0 0 
256 234 
0 0 
0 0 
0 0 
0 0 
0 0 
256 232 
0 0 
0 0 
0 0 
0 0 
0 0 
0 0 
252 244 
0 0 
0 0 
0 0 
0 0 
0 0 
248 220 
0 0 
0 0 
0 0 
0 0 
0 0 
254 250 
0 0 
0 0 
0 0 
0 0 
0 0 
0 0 
250 236 
0 0 
0 0 
0 0 
0 0 
0 0 
256 218 
0 0 
0 0 
0 0 
0 0 
0 0 
256 238 
0 0 
0 0 
0 0 
0 0 
0 0 
258 246 
0 0 
0 0 
0 0 
0 0 
0 0 
232 248 
0 0 
0 0 
0 0 
0 0 
0 0 
240 246 
0 0 
0 0 
0 0 
0 0 
0 0 
0 0 
252 252 
0 0 
0 0 
0 0 
0 0 
0 0 
0 0 
252 242 
0 0 
0 0 
0 0 
0 0 
0 0 
222 248 
0 0 
0 0 
0 0 
0 0 
0 0 
242 218 
0 0 
0 0 
0 0 
0 0 
0 0 
254 242 
0 0 
0 0 
0 0 
0 0 
0 0 
0 0 
248 246 
0 0 
0 0 
0 0 
0 0 
0 0 
0 0 
246 246 
0 0 
0 0 
0 0 
0 0 
0 0 
252 248 
0 0 
0 0 
0 0 
0 0 
0 0 
522 556 
0 0 
0 0 
0 0 
0 0 
0 0 
0 0 
0 0 
0 0 
0 0 
0 0 
266 236 
0 0 
0 0 
0 0 
0 0 
0 0 
240 248 
0 0 
0 0 
0 0 
0 0 
0 0 
0 0 
252 246 
0 0 
0 0 
0 0 
0 0 
0 0 
0 0 
270 248 
0 0 
0 0 
0 0 
0 0 
0 0 
252 242 
0 0 
0 0 
0 0 
0 0 
0 0 
0 0 
250 632 
0 0 
0 0 
0 0 
0 0 
0 0 
0 0 
0 0 
0 0 
0 0 
244 232 
0 0 
0 0 
0 0 
0 0 
0 0 
252 246 
0 0 
0 0 
0 0 
0 0 
0 0 
248 246 
0 0 
0 0 
0 0 
0 0 
0 0 
276 248 
0 0 
0 0 
0 0 
0 0 
0 0 
0 0 
242 216 
0 0 
0 0 
0 0 
0 0 
0 0 
250 246 
0 0 
0 0 
0 0 
0 0 
0 0 
448 242 
0 0 
0 0 
0 0 
0 0 
0 0 
0 0 
0 0 
246 236 
0 0 
0 0 
0 0 
0 0 
0 0 
258 244 
0 0 
0 0 
0 0 
0 0 
0 0 
250 246 
0 0 
0 0 
0 0 
0 0 
0 0 
0 0 
248 244 
0 0 
0 0 
0 0 
0 0 
0 0 
258 244 
0 0 
0 0 
0 0 
0 0 
0 0 
0 0 
250 734 
0 0 
0 0 
0 0 
0 0 
0 0 
0 0 
0 0 
0 0 
0 0 
348 242 
0 0 
0 0 
0 0 
0 0 
0 0 
0 0 
238 250 
0 0 
0 0 
0 0 
0 0 
0 0 
0 0 
250 250 
0 0 
0 0 
0 0 
0 0 
0 0 
242 248 
0 0 
0 0 
0 0 
0 0 
0 0 
260 244 
0 0 
0 0 
0 0 
0 0 
0 0 
0 0 
242 252 
0 0 
0 0 
0 0 
0 0 
0 0 
238 218 
0 0 
0 0 
0 0 
0 0 
0 0 
252 244 
0 0 
0 0 
0 0 
0 0 
0 0 
240 248 
0 0 
0 0 
0 0 
0 0 
0 0 
0 0 
250 222 
0 0 
0 0 
0 0 
0 0 
0 0 
250 254 
0 0 
0 0 
0 0 
0 0 
0 0 
0 0 
232 244 
0 0 
0 0 
0 0 
0 0 
0 0 
252 250 
0 0 
0 0 
0 0 
0 0 
0 0 
418 246 
0 0 
0 0 
0 0 
0 0 
0 0 
0 0 
0 0 
220 236 
0 0 
0 0 
0 0 
0 0 
0 0 
256 214 
0 0 
0 0 
0 0 
0 0 
0 0 
250 244 
0 0 
0 0 
0 0 
0 0 
0 0 
248 224 
0 0 
0 0 
0 0 
0 0 
0 0 
250 252 
0 0 
0 0 
0 0 
0 0 
0 0 
256 246 
0 0 
0 0 
0 0 
0 0 
0 0 
0 0 
246 250 
0 0 
0 0 
0 0 
0 0 
0 0 
256 232 
0 0 
0 0 
0 0 
0 0 
0 0 
250 246 
0 0 
0 0 
0 0 
0 0 
0 0 
256 234 
0 0 
0 0 
0 0 
0 0 
0 0 
248 252 
0 0 
0 0 
0 0 
0 0 
0 0 
0 0 
248 218 
0 0 
0 0 
0 0 
0 0 
0 0 
248 244 
0 0 
0 0 
0 0 
0 0 
0 0 
416 246 
0 0 
0 0 
0 0 
0 0 
0 0 
0 0 
246 218 
0 0 
0 0 
0 0 
0 0 
0 0 
254 252 
0 0 
0 0 
0 0 
0 0 
0 0 
0 0 
224 246 
0 0 
0 0 
0 0 
0 0 
0 0 
250 246 
0 0 
0 0 
0 0 
0 0 
0 0 
254 246 
0 0 
0 0 
0 0 
0 0 
0 0 
0 0 
256 600 
0 0 
0 0 
0 0 
0 0 
0 0 
0 0 
0 0 
0 0 
250 214 
0 0 
0 0 
0 0 
0 0 
0 0 
248 246 
0 0 
0 0 
0 0 
0 0 
0 0 
0 0 
252 248 
0 0 
0 0 
0 0 
0 0 
0 0 
258 222 
0 0 
0 0 
0 0 
0 0 
0 0 
246 246 
0 0 
0 0 
0 0 
0 0 
0 0 
254 244 
0 0 
0 0 
0 0 
0 0 
0 0 
532 248 
0 0 
0 0 
0 0 
0 0 
0 0 
0 0 
0 0 
0 0 
254 234 
0 0 
0 0 
0 0 
0 0 
0 0 
254 242 
0 0 
0 0 
0 0 
0 0 
0 0 
248 244 
0 0 
0 0 
0 0 
0 0 
0 0 
258 246 
0 0 
0 0 
0 0 
0 0 
0 0 
256 222 
0 0 
0 0 
0 0 
0 0 
0 0 
244 242 
0 0 
0 0 
0 0 
0 0 
0 0 
0 0 
254 246 
0 0 
0 0 
0 0 
0 0 
0 0 
246 232 
0 0 
0 0 
0 0 
0 0 
0 0 
252 246 
0 0 
0 0 
0 0 
0 0 
0 0 
254 222 
0 0 
0 0 
0 0 
0 0 
0 0 
248 244 
0 0 
0 0 
0 0 
0 0 
0 0 
274 246 
0 0 
0 0 
0 0 
0 0 
0 0 
0 0 
256 246 
0 0 
0 0 
0 0 
0 0 
0 0 
274 250 
0 0 
0 0 
0 0 
0 0 
0 0 
0 0 
292 240 
0 0 
0 0 
0 0 
0 0 
0 0 
0 0 
254 248 
0 0 
0 0 
0 0 
0 0 
0 0 
252 250 
0 0 
0 0 
0 0 
0 0 
0 0 
252 240 
0 0 
0 0 
0 0 
0 0 
0 0 
250 244 
0 0 
0 0 
0 0 
0 0 
0 0 
0 0 
256 702 
0 0 
0 0 
0 0 
0 0 
0 0 
0 0 
0 0 
0 0 
0 0 
244 252 
0 0 
0 0 
0 0 
0 0 
0 0 
0 0 
246 248 
0 0 
0 0 
0 0 
0 0 
0 0 
252 244 
0 0 
0 0 
0 0 
0 0 
0 0 
0 0 
246 248 
0 0 
0 0 
0 0 
0 0 
0 0 
252 218 
0 0 
0 0 
0 0 
0 0 
0 0 
250 248 
0 0 
0 0 
0 0 
0 0 
0 0 
256 244 
0 0 
0 0 
0 0 
0 0 
0 0 
0 0 
256 238 
0 0 
0 0 
0 0 
0 0 
0 0 
254 248 
0 0 
0 0 
0 0 
0 0 
0 0 
254 246 
0 0 
0 0 
0 0 
0 0 
0 0 
256 250 
0 0 
0 0 
0 0 
0 0 
0 0 
0 0 
250 254 
0 0 
0 0 
0 0 
0 0 
0 0 
0 0 
250 244 
0 0 
0 0 
0 0 
0 0 
0 0 
236 250 
0 0 
0 0 
0 0 
0 0 
0 0 
256 236 
0 0 
0 0 
0 0 
0 0 
0 0 
252 246 
0 0 
0 0 
0 0 
0 0 
0 0 
252 246 
0 0 
0 0 
0 0 
0 0 
0 0 
252 234 
0 0 
0 0 
0 0 
0 0 
0 0 
0 0 
252 248 
0 0 
0 0 
0 0 
0 0 
0 0 
248 244 
0 0 
0 0 
0 0 
0 0 
0 0 
0 0 
250 250 
0 0 
0 0 
0 0 
0 0 
0 0 
0 0 
250 234 
0 0 
0 0 
0 0 
0 0 
0 0 
0 0 
252 248 
0 0 
0 0 
0 0 
0 0 
0 0 
248 242 
0 0 
0 0 
0 0 
0 0 
0 0 
248 246 
0 0 
0 0 
0 0 
0 0 
0 0 
248 246 
0 0 
0 0 
0 0 
0 0 
0 0 
248 730 
0 0 
0 0 
0 0 
0 0 
0 0 
0 0 
0 0 
0 0 
0 0 
254 244 
0 0 
0 0 
0 0 
0 0 
0 0 
250 246 
0 0 
0 0 
0 0 
0 0 
0 0 
254 246 
0 0 
0 0 
0 0 
0 0 
0 0 
248 252 
0 0 
0 0 
0 0 
0 0 
0 0 
226 246 
0 0 
0 0 
0 0 
0 0 
0 0 
0 0 
254 220 
0 0 
0 0 
0 0 
0 0 
0 0 
506 218 
0 0 
0 0 
0 0 
0 0 
0 0 
0 0 
0 0 
0 0 
250 236 
0 0 
0 0 
0 0 
0 0 
0 0 
246 216 
0 0 
0 0 
0 0 
0 0 
0 0 
252 248 
0 0 
0 0 
0 0 
0 0 
0 0 
0 0 
252 248 
0 0 
0 0 
0 0 
0 0 
0 0 
252 248 
0 0 
0 0 
0 0 
0 0 
0 0 
248 250 
0 0 
0 0 
0 0 
0 0 
0 0 
248 248 
0 0 
0 0 
0 0 
0 0 
0 0 
0 0 
244 234 
0 0 
0 0 
0 0 
0 0 
0 0 
246 244 
0 0 
0 0 
0 0 
0 0 
0 0 
252 216 
0 0 
0 0 
0 0 
0 0 
0 0 
248 244 
0 0 
0 0 
0 0 
0 0 
0 0 
280 248 
0 0 
0 0 
0 0 
0 0 
0 0 
0 0 
250 732 
0 0 
0 0 
0 0 
0 0 
0 0 
0 0 
0 0 
0 0 
0 0 
254 246 
0 0 
0 0 
0 0 
0 0 
0 0 
246 244 
0 0 
0 0 
0 0 
0 0 
0 0 
256 244 
0 0 
0 0 
0 0 
0 0 
0 0 
250 246 
0 0 
0 0 
0 0 
0 0 
0 0 
224 248 
0 0 
0 0 
0 0 
0 0 
0 0 
268 244 
0 0 
0 0 
0 0 
0 0 
0 0 
0 0 
552 216 
0 0 
0 0 
0 0 
0 0 
0 0 
0 0 
0 0 
0 0 
248 222 
0 0 
0 0 
0 0 
0 0 
0 0 
256 220 
0 0 
0 0 
0 0 
0 0 
0 0 
246 242 
0 0 
0 0 
0 0 
0 0 
0 0 
0 0 
254 242 
0 0 
0 0 
0 0 
0 0 
0 0 
236 222 
0 0 
0 0 
0 0 
0 0 
0 0 
250 220 
0 0 
0 0 
0 0 
0 0 
0 0 
376 250 
0 0 
0 0 
0 0 
0 0 
0 0 
0 0 
250 232 
0 0 
0 0 
0 0 
0 0 
0 0 
250 218 
0 0 
0 0 
0 0 
0 0 
0 0 
252 244 
0 0 
0 0 
0 0 
0 0 
0 0 
0 0 
274 248 
0 0 
0 0 
0 0 
0 0 
0 0 
0 0 
250 250 
0 0 
0 0 
0 0 
0 0 
0 0 
256 612 
0 0 
0 0 
0 0 
0 0 
0 0 
0 0 
0 0 
0 0 
250 222 
0 0 
0 0 
0 0 
0 0 
0 0 
240 250 
0 0 
0 0 
0 0 
0 0 
0 0 
252 250 
0 0 
0 0 
0 0 
0 0 
0 0 
0 0 
242 252 
0 0 
0 0 
0 0 
0 0 
0 0 
252 248 
0 0 
0 0 
0 0 
0 0 
0 0 
258 254 
0 0 
0 0 
0 0 
0 0 
0 0 
0 0 
578 244 
0 0 
0 0 
0 0 
0 0 
0 0 
0 0 
0 0 
0 0 
250 236 
0 0 
0 0 
0 0 
0 0 
0 0 
220 246 
0 0 
0 0 
0 0 
0 0 
0 0 
248 246 
0 0 
0 0 
0 0 
0 0 
0 0 
0 0 
250 216 
0 0 
0 0 
0 0 
0 0 
0 0 
312 250 
0 0 
0 0 
0 0 
0 0 
0 0 
0 0 
252 598 
0 0 
0 0 
0 0 
0 0 
0 0 
0 0 
0 0 
0 0 
256 246 
0 0 
0 0 
0 0 
0 0 
0 0 
250 244 
0 0 
0 0 
0 0 
0 0 
0 0 
0 0 
246 214 
0 0 
0 0 
0 0 
0 0 
0 0 
250 248 
0 0 
0 0 
0 0 
0 0 
0 0 
220 250 
0 0 
0 0 
0 0 
0 0 
0 0 
262 248 
0 0 
0 0 
0 0 
0 0 
0 0 
638 246 
0 0 
0 0 
0 0 
0 0 
0 0 
0 0 
0 0 
0 0 
0 0 
248 236 
0 0 
0 0 
0 0 
0 0 
0 0 
250 216 
0 0 
0 0 
0 0 
0 0 
0 0 
220 246 
0 0 
0 0 
0 0 
0 0 
0 0 
250 248 
0 0 
0 0 
0 0 
0 0 
0 0 
254 242 
0 0 
0 0 
0 0 
0 0 
0 0 
0 0 
254 664 
0 0 
0 0 
0 0 
0 0 
0 0 
0 0 
0 0 
0 0 
0 0 
252 246 
0 0 
0 0 
0 0 
0 0 
0 0 
254 218 
0 0 
0 0 
0 0 
0 0 
0 0 
246 244 
0 0 
0 0 
0 0 
0 0 
0 0 
244 220 
0 0 
0 0 
0 0 
0 0 
0 0 
250 250 
0 0 
0 0 
0 0 
0 0 
0 0 
254 248 
0 0 
0 0 
0 0 
0 0 
0 0 
796 242 
0 0 
0 0 
0 0 
0 0 
0 0 
0 0 
0 0 
0 0 
0 0 
0 0 
230 252 
0 0 
0 0 
0 0 
0 0 
0 0 
250 248 
0 0 
0 0 
0 0 
0 0 
0 0 
0 0 
246 248 
0 0 
0 0 
0 0 
0 0 
0 0 
234 246 
0 0 
0 0 
0 0 
0 0 
0 0 
252 242 
0 0 
0 0 
0 0 
0 0 
0 0 
220 546 
0 0 
0 0 
0 0 
0 0 
0 0 
0 0 
0 0 
248 216 
0 0 
0 0 
0 0 
0 0 
0 0 
244 244 
0 0 
0 0 
0 0 
0 0 
0 0 
0 0 
224 246 
0 0 
0 0 
0 0 
0 0 
0 0 
256 216 
0 0 
0 0 
0 0 
0 0 
0 0 
250 252 
0 0 
0 0 
0 0 
0 0 
0 0 
0 0 
336 248 
0 0 
0 0 
0 0 
0 0 
0 0 
0 0 
302 216 
0 0 
0 0 
0 0 
0 0 
0 0 
0 0 
254 234 
0 0 
0 0 
0 0 
0 0 
0 0 
274 248 
0 0 
0 0 
0 0 
0 0 
0 0 
0 0 
246 248 
0 0 
0 0 
0 0 
0 0 
0 0 
250 250 
0 0 
0 0 
0 0 
0 0 
0 0 
0 0 
230 242 
0 0 
0 0 
0 0 
0 0 
0 0 
246 250 
0 0 
0 0 
0 0 
0 0 
0 0 
390 254 
0 0 
0 0 
0 0 
0 0 
0 0 
0 0 
0 0 
270 248 
0 0 
0 0 
0 0 
0 0 
0 0 
0 0 
252 248 
0 0 
0 0 
0 0 
0 0 
0 0 
0 0 
248 244 
0 0 
0 0 
0 0 
0 0 
0 0 
270 242 
0 0 
0 0 
0 0 
0 0 
0 0 
254 248 
0 0 
0 0 
0 0 
0 0 
0 0 
250 550 
0 0 
0 0 
0 0 
0 0 
0 0 
0 0 
0 0 
0 0 
262 218 
0 0 
0 0 
0 0 
0 0 
0 0 
256 224 
0 0 
0 0 
0 0 
0 0 
0 0 
250 248 
0 0 
0 0 
0 0 
0 0 
0 0 
0 0 
232 244 
0 0 
0 0 
0 0 
0 0 
0 0 
254 246 
0 0 
0 0 
0 0 
0 0 
0 0 
0 0 
254 248 
0 0 
0 0 
0 0 
0 0 
0 0 
240 246 
0 0 
0 0 
0 0 
0 0 
0 0 
0 0 
256 232 
0 0 
0 0 
0 0 
0 0 
0 0 
0 0 
228 246 
0 0 
0 0 
0 0 
0 0 
0 0 
248 248 
0 0 
0 0 
0 0 
0 0 
0 0 
252 252 
0 0 
0 0 
0 0 
0 0 
0 0 
222 246 
0 0 
0 0 
0 0 
0 0 
0 0 
250 250 
0 0 
0 0 
0 0 
0 0 
0 0 
348 250 
0 0 
0 0 
0 0 
0 0 
0 0 
0 0 
222 232 
0 0 
0 0 
0 0 
0 0 
0 0 
252 244 
0 0 
0 0 
0 0 
0 0 
0 0 
252 248 
0 0 
0 0 
0 0 
0 0 
0 0 
256 244 
0 0 
0 0 
0 0 
0 0 
0 0 
0 0 
246 242 
0 0 
0 0 
0 0 
0 0 
0 0 
232 242 
0 0 
0 0 
0 0 
0 0 
0 0 
250 244 
0 0 
0 0 
0 0 
0 0 
0 0 
0 0 
252 228 
0 0 
0 0 
0 0 
0 0 
0 0 
234 246 
0 0 
0 0 
0 0 
0 0 
0 0 
256 240 
0 0 
0 0 
0 0 
0 0 
0 0 
0 0 
252 242 
0 0 
0 0 
0 0 
0 0 
0 0 
250 222 
0 0 
0 0 
0 0 
0 0 
0 0 
250 240 
0 0 
0 0 
0 0 
0 0 
0 0 
230 248 
0 0 
0 0 
0 0 
0 0 
0 0 
252 230 
0 0 
0 0 
0 0 
0 0 
0 0 
246 246 
0 0 
0 0 
0 0 
0 0 
0 0 
258 218 
0 0 
0 0 
0 0 
0 0 
0 0 
252 242 
0 0 
0 0 
0 0 
0 0 
0 0 
220 240 
0 0 
0 0 
0 0 
0 0 
0 0 
254 248 
0 0 
0 0 
0 0 
0 0 
0 0 
568 250 
0 0 
0 0 
0 0 
0 0 
0 0 
0 0 
0 0 
0 0 
254 236 
0 0 
0 0 
0 0 
0 0 
0 0 
250 304 
0 0 
0 0 
0 0 
0 0 
0 0 
0 0 
254 246 
0 0 
0 0 
0 0 
0 0 
0 0 
266 244 
0 0 
0 0 
0 0 
0 0 
0 0 
252 246 
0 0 
0 0 
0 0 
0 0 
0 0 
250 650 
0 0 
0 0 
0 0 
0 0 
0 0 
0 0 
0 0 
0 0 
0 0 
250 246 
0 0 
0 0 
0 0 
0 0 
0 0 
254 242 
0 0 
0 0 
0 0 
0 0 
0 0 
256 244 
0 0 
0 0 
0 0 
0 0 
0 0 
248 252 
0 0 
0 0 
0 0 
0 0 
0 0 
248 246 
0 0 
0 0 
0 0 
0 0 
0 0 
260 248 
0 0 
0 0 
0 0 
0 0 
0 0 
698 250 
0 0 
0 0 
0 0 
0 0 
0 0 
0 0 
0 0 
0 0 
0 0 
252 220 
0 0 
0 0 
0 0 
0 0 
0 0 
224 238 
0 0 
0 0 
0 0 
0 0 
0 0 
218 244 
0 0 
0 0 
0 0 
0 0 
0 0 
246 248 
0 0 
0 0 
0 0 
0 0 
0 0 
0 0 
252 244 
0 0 
0 0 
0 0 
0 0 
0 0 
246 244 
0 0 
0 0 
0 0 
0 0 
0 0 
262 242 
0 0 
0 0 
0 0 
0 0 
