# FR-trace starting at Fri Apr 29 14:47:11 2022
################# CONFIG #################
# slot=200
# samples=100000
# threshold=100
# idle=10000
# minlen=30000
# runs=60000
# pdathreads=6
# nmonitored=2
#   monitor0=/usr/local/lib/libcrypto.so 828458 0xca42a
#   monitor1=/usr/local/lib/libcrypto.so 1375253 0x14fc15
# nevicted=0
# npdatargets=2
#   target0=/usr/local/lib/libcrypto.so 1375152 0x14fbb0
#   target1=/usr/local/lib/libcrypto.so 753917 0xb80fd
# affinity=all
############## SYSTEM INFO ###############
# mastik_version=
# sysname=Linux
# nodename=cyberdada
# release=5.13.0-39-generic
# version=#44~20.04.1-Ubuntu SMP Thu Mar 24 16:43:35 UTC 2022
# machine=x86_64
################## DATA ##################
# run=2
# datapoints=15898
224 74 
246 252 
0 0 
0 0 
0 0 
0 0 
0 0 
0 0 
0 0 
0 0 
0 0 
0 0 
0 0 
0 0 
252 250 
0 0 
0 0 
0 0 
0 0 
0 0 
254 244 
0 0 
0 0 
0 0 
0 0 
0 0 
0 0 
256 240 
0 0 
0 0 
0 0 
0 0 
0 0 
252 248 
0 0 
0 0 
0 0 
0 0 
0 0 
0 0 
238 226 
0 0 
0 0 
0 0 
0 0 
0 0 
220 262 
0 0 
0 0 
0 0 
0 0 
0 0 
222 250 
0 0 
0 0 
0 0 
0 0 
0 0 
0 0 
226 266 
0 0 
0 0 
0 0 
0 0 
0 0 
222 254 
0 0 
0 0 
0 0 
0 0 
0 0 
0 0 
224 234 
0 0 
0 0 
0 0 
0 0 
0 0 
0 0 
218 250 
0 0 
0 0 
0 0 
0 0 
0 0 
254 258 
0 0 
0 0 
0 0 
0 0 
0 0 
0 0 
254 252 
0 0 
0 0 
0 0 
0 0 
0 0 
0 0 
0 0 
242 248 
0 0 
0 0 
0 0 
0 0 
0 0 
0 0 
438 250 
0 0 
0 0 
0 0 
0 0 
0 0 
0 0 
0 0 
228 182 
0 0 
0 0 
0 0 
0 0 
0 0 
244 68 
0 0 
0 0 
0 0 
0 0 
254 250 
0 0 
0 0 
0 0 
0 0 
0 0 
0 0 
252 232 
0 0 
0 0 
0 0 
0 0 
0 0 
240 66 
0 0 
0 0 
0 0 
0 0 
0 0 
0 0 
226 242 
0 0 
0 0 
0 0 
0 0 
0 0 
0 0 
248 248 
0 0 
0 0 
0 0 
0 0 
0 0 
0 0 
244 236 
0 0 
0 0 
0 0 
0 0 
0 0 
250 250 
0 0 
0 0 
0 0 
0 0 
0 0 
0 0 
260 244 
0 0 
0 0 
0 0 
0 0 
0 0 
0 0 
242 248 
0 0 
0 0 
0 0 
0 0 
0 0 
0 0 
252 244 
0 0 
0 0 
0 0 
0 0 
0 0 
250 572 
0 0 
0 0 
0 0 
0 0 
0 0 
0 0 
0 0 
0 0 
74 242 
0 0 
0 0 
0 0 
0 0 
0 0 
252 232 
0 0 
0 0 
0 0 
0 0 
0 0 
250 246 
0 0 
0 0 
0 0 
0 0 
0 0 
246 252 
0 0 
0 0 
0 0 
0 0 
0 0 
0 0 
252 288 
0 0 
0 0 
0 0 
0 0 
0 0 
244 248 
0 0 
0 0 
0 0 
0 0 
0 0 
242 248 
0 0 
0 0 
0 0 
0 0 
0 0 
0 0 
250 236 
0 0 
0 0 
0 0 
0 0 
0 0 
250 246 
0 0 
0 0 
0 0 
0 0 
0 0 
0 0 
248 250 
0 0 
0 0 
0 0 
0 0 
0 0 
0 0 
248 246 
0 0 
0 0 
0 0 
0 0 
0 0 
250 248 
0 0 
0 0 
0 0 
0 0 
0 0 
222 222 
0 0 
0 0 
0 0 
0 0 
0 0 
360 246 
0 0 
0 0 
0 0 
0 0 
0 0 
0 0 
252 232 
0 0 
0 0 
0 0 
0 0 
0 0 
258 242 
0 0 
0 0 
0 0 
0 0 
0 0 
0 0 
268 250 
0 0 
0 0 
0 0 
0 0 
0 0 
0 0 
218 250 
0 0 
0 0 
0 0 
0 0 
0 0 
216 250 
0 0 
0 0 
0 0 
0 0 
0 0 
254 542 
0 0 
0 0 
0 0 
0 0 
0 0 
0 0 
0 0 
0 0 
248 254 
0 0 
0 0 
0 0 
0 0 
0 0 
248 262 
0 0 
0 0 
0 0 
0 0 
0 0 
0 0 
252 250 
0 0 
0 0 
0 0 
0 0 
0 0 
222 222 
0 0 
0 0 
0 0 
0 0 
0 0 
240 250 
0 0 
0 0 
0 0 
0 0 
0 0 
246 248 
0 0 
0 0 
0 0 
0 0 
0 0 
0 0 
486 248 
0 0 
0 0 
0 0 
0 0 
0 0 
0 0 
0 0 
0 0 
222 268 
0 0 
0 0 
0 0 
0 0 
0 0 
224 246 
0 0 
0 0 
0 0 
0 0 
0 0 
0 0 
250 248 
0 0 
0 0 
0 0 
0 0 
0 0 
252 326 
0 0 
0 0 
0 0 
0 0 
0 0 
0 0 
250 252 
0 0 
0 0 
0 0 
0 0 
0 0 
0 0 
712 218 
0 0 
0 0 
0 0 
0 0 
0 0 
0 0 
0 0 
0 0 
0 0 
0 0 
238 244 
0 0 
0 0 
0 0 
0 0 
0 0 
320 250 
0 0 
0 0 
0 0 
0 0 
0 0 
0 0 
226 252 
0 0 
0 0 
0 0 
0 0 
0 0 
224 240 
0 0 
0 0 
0 0 
0 0 
0 0 
252 224 
0 0 
0 0 
0 0 
0 0 
0 0 
0 0 
254 548 
0 0 
0 0 
0 0 
0 0 
0 0 
0 0 
0 0 
0 0 
686 236 
0 0 
0 0 
0 0 
0 0 
0 0 
0 0 
0 0 
0 0 
0 0 
246 250 
0 0 
0 0 
0 0 
0 0 
0 0 
0 0 
250 218 
0 0 
0 0 
0 0 
0 0 
0 0 
0 0 
250 218 
0 0 
0 0 
0 0 
0 0 
0 0 
0 0 
220 220 
0 0 
0 0 
0 0 
0 0 
0 0 
384 252 
0 0 
0 0 
0 0 
0 0 
0 0 
0 0 
0 0 
284 264 
0 0 
0 0 
0 0 
0 0 
0 0 
0 0 
246 252 
0 0 
0 0 
0 0 
0 0 
0 0 
0 0 
248 244 
0 0 
0 0 
0 0 
0 0 
0 0 
252 286 
0 0 
0 0 
0 0 
0 0 
0 0 
0 0 
250 246 
0 0 
0 0 
0 0 
0 0 
0 0 
276 420 
0 0 
0 0 
0 0 
0 0 
0 0 
0 0 
0 0 
0 0 
344 218 
0 0 
0 0 
0 0 
0 0 
0 0 
0 0 
250 532 
0 0 
0 0 
0 0 
0 0 
0 0 
0 0 
0 0 
0 0 
218 242 
0 0 
0 0 
0 0 
0 0 
0 0 
250 248 
0 0 
0 0 
0 0 
0 0 
0 0 
0 0 
234 220 
0 0 
0 0 
0 0 
0 0 
0 0 
0 0 
654 266 
0 0 
0 0 
0 0 
0 0 
0 0 
0 0 
0 0 
0 0 
0 0 
240 240 
0 0 
0 0 
0 0 
0 0 
0 0 
256 248 
0 0 
0 0 
0 0 
0 0 
0 0 
0 0 
216 222 
0 0 
0 0 
0 0 
0 0 
0 0 
224 250 
0 0 
0 0 
0 0 
0 0 
0 0 
0 0 
0 0 
222 248 
0 0 
0 0 
0 0 
0 0 
0 0 
222 710 
0 0 
0 0 
0 0 
0 0 
0 0 
0 0 
0 0 
0 0 
0 0 
254 238 
0 0 
0 0 
0 0 
0 0 
0 0 
0 0 
244 254 
0 0 
0 0 
0 0 
0 0 
0 0 
0 0 
250 240 
0 0 
0 0 
0 0 
0 0 
0 0 
252 220 
0 0 
0 0 
0 0 
0 0 
0 0 
254 246 
0 0 
0 0 
0 0 
0 0 
0 0 
0 0 
254 548 
0 0 
0 0 
0 0 
0 0 
0 0 
0 0 
0 0 
0 0 
222 252 
0 0 
0 0 
0 0 
0 0 
0 0 
0 0 
254 248 
0 0 
0 0 
0 0 
0 0 
0 0 
0 0 
230 250 
0 0 
0 0 
0 0 
0 0 
0 0 
0 0 
218 244 
0 0 
0 0 
0 0 
0 0 
0 0 
0 0 
246 240 
0 0 
0 0 
0 0 
0 0 
0 0 
0 0 
252 754 
0 0 
0 0 
0 0 
0 0 
0 0 
0 0 
0 0 
0 0 
0 0 
250 240 
0 0 
0 0 
0 0 
0 0 
0 0 
252 250 
0 0 
0 0 
0 0 
0 0 
0 0 
0 0 
0 0 
248 250 
0 0 
0 0 
0 0 
0 0 
0 0 
250 248 
0 0 
0 0 
0 0 
0 0 
0 0 
0 0 
252 220 
0 0 
0 0 
0 0 
0 0 
0 0 
0 0 
252 592 
0 0 
0 0 
0 0 
0 0 
0 0 
0 0 
0 0 
0 0 
244 220 
0 0 
0 0 
0 0 
0 0 
0 0 
0 0 
246 276 
0 0 
0 0 
0 0 
0 0 
0 0 
0 0 
248 252 
0 0 
0 0 
0 0 
0 0 
0 0 
0 0 
242 226 
0 0 
0 0 
0 0 
0 0 
0 0 
0 0 
246 216 
0 0 
0 0 
0 0 
0 0 
0 0 
0 0 
248 560 
0 0 
0 0 
0 0 
0 0 
0 0 
0 0 
0 0 
0 0 
258 250 
0 0 
0 0 
0 0 
0 0 
0 0 
254 252 
0 0 
0 0 
0 0 
0 0 
0 0 
0 0 
248 250 
0 0 
0 0 
0 0 
0 0 
0 0 
248 252 
0 0 
0 0 
0 0 
0 0 
0 0 
250 246 
0 0 
0 0 
0 0 
0 0 
0 0 
0 0 
276 248 
0 0 
0 0 
0 0 
0 0 
0 0 
0 0 
226 246 
0 0 
0 0 
0 0 
0 0 
0 0 
0 0 
244 324 
0 0 
0 0 
0 0 
0 0 
0 0 
0 0 
220 250 
0 0 
0 0 
0 0 
0 0 
0 0 
252 250 
0 0 
0 0 
0 0 
0 0 
0 0 
0 0 
250 250 
0 0 
0 0 
0 0 
0 0 
0 0 
0 0 
0 0 
250 250 
0 0 
0 0 
0 0 
0 0 
0 0 
0 0 
364 254 
0 0 
0 0 
0 0 
0 0 
0 0 
0 0 
230 224 
0 0 
0 0 
0 0 
0 0 
0 0 
222 246 
0 0 
0 0 
0 0 
0 0 
0 0 
0 0 
252 216 
0 0 
0 0 
0 0 
0 0 
0 0 
246 250 
0 0 
0 0 
0 0 
0 0 
0 0 
0 0 
248 244 
0 0 
0 0 
0 0 
0 0 
0 0 
248 248 
0 0 
0 0 
0 0 
0 0 
0 0 
224 258 
0 0 
0 0 
0 0 
0 0 
0 0 
0 0 
0 0 
240 232 
0 0 
0 0 
0 0 
0 0 
0 0 
226 248 
0 0 
0 0 
0 0 
0 0 
0 0 
248 218 
0 0 
0 0 
0 0 
0 0 
0 0 
0 0 
232 246 
0 0 
0 0 
0 0 
0 0 
0 0 
0 0 
248 252 
0 0 
0 0 
0 0 
0 0 
0 0 
0 0 
668 248 
0 0 
0 0 
0 0 
0 0 
0 0 
0 0 
0 0 
0 0 
218 234 
0 0 
0 0 
0 0 
0 0 
0 0 
0 0 
250 244 
0 0 
0 0 
0 0 
0 0 
0 0 
246 246 
0 0 
0 0 
0 0 
0 0 
0 0 
250 268 
0 0 
0 0 
0 0 
0 0 
0 0 
0 0 
222 248 
0 0 
0 0 
0 0 
0 0 
0 0 
0 0 
224 516 
0 0 
0 0 
0 0 
0 0 
0 0 
0 0 
0 0 
250 284 
0 0 
0 0 
0 0 
0 0 
0 0 
0 0 
250 252 
0 0 
0 0 
0 0 
0 0 
0 0 
0 0 
250 244 
0 0 
0 0 
0 0 
0 0 
0 0 
0 0 
246 250 
0 0 
0 0 
0 0 
0 0 
0 0 
256 246 
0 0 
0 0 
0 0 
0 0 
0 0 
0 0 
250 248 
0 0 
0 0 
0 0 
0 0 
0 0 
424 250 
0 0 
0 0 
0 0 
0 0 
0 0 
0 0 
0 0 
244 236 
0 0 
0 0 
0 0 
0 0 
0 0 
0 0 
250 218 
0 0 
0 0 
0 0 
0 0 
0 0 
256 250 
0 0 
0 0 
0 0 
0 0 
0 0 
0 0 
292 216 
0 0 
0 0 
0 0 
0 0 
0 0 
0 0 
224 246 
0 0 
0 0 
0 0 
0 0 
0 0 
672 254 
0 0 
0 0 
0 0 
0 0 
0 0 
0 0 
0 0 
0 0 
0 0 
228 226 
0 0 
0 0 
0 0 
0 0 
0 0 
224 246 
0 0 
0 0 
0 0 
0 0 
0 0 
0 0 
250 248 
0 0 
0 0 
0 0 
0 0 
0 0 
0 0 
248 242 
0 0 
0 0 
0 0 
0 0 
0 0 
254 252 
0 0 
0 0 
0 0 
0 0 
0 0 
0 0 
252 538 
0 0 
0 0 
0 0 
0 0 
0 0 
0 0 
0 0 
238 218 
0 0 
0 0 
0 0 
0 0 
0 0 
252 218 
0 0 
0 0 
0 0 
0 0 
0 0 
0 0 
252 252 
0 0 
0 0 
0 0 
0 0 
0 0 
0 0 
360 254 
0 0 
0 0 
0 0 
0 0 
0 0 
0 0 
0 0 
236 312 
0 0 
0 0 
0 0 
0 0 
0 0 
0 0 
250 592 
0 0 
0 0 
0 0 
0 0 
0 0 
0 0 
0 0 
0 0 
252 256 
0 0 
0 0 
0 0 
0 0 
0 0 
256 248 
0 0 
0 0 
0 0 
0 0 
0 0 
252 240 
0 0 
0 0 
0 0 
0 0 
0 0 
0 0 
252 250 
0 0 
0 0 
0 0 
0 0 
0 0 
250 248 
0 0 
0 0 
0 0 
0 0 
0 0 
252 216 
0 0 
0 0 
0 0 
0 0 
0 0 
0 0 
588 254 
0 0 
0 0 
0 0 
0 0 
0 0 
0 0 
0 0 
0 0 
0 0 
242 246 
0 0 
0 0 
0 0 
0 0 
0 0 
258 248 
0 0 
0 0 
0 0 
0 0 
0 0 
0 0 
0 0 
316 250 
0 0 
0 0 
0 0 
0 0 
0 0 
0 0 
252 250 
0 0 
0 0 
0 0 
0 0 
0 0 
0 0 
252 254 
0 0 
0 0 
0 0 
0 0 
0 0 
292 236 
0 0 
0 0 
0 0 
0 0 
0 0 
0 0 
220 236 
0 0 
0 0 
0 0 
0 0 
0 0 
244 218 
0 0 
0 0 
0 0 
0 0 
0 0 
0 0 
246 246 
0 0 
0 0 
0 0 
0 0 
0 0 
0 0 
252 218 
0 0 
0 0 
0 0 
0 0 
0 0 
0 0 
250 246 
0 0 
0 0 
0 0 
0 0 
0 0 
0 0 
246 724 
0 0 
0 0 
0 0 
0 0 
0 0 
0 0 
0 0 
0 0 
0 0 
0 0 
0 0 
242 232 
0 0 
0 0 
0 0 
0 0 
0 0 
0 0 
250 248 
0 0 
0 0 
0 0 
0 0 
0 0 
0 0 
250 242 
0 0 
0 0 
0 0 
0 0 
0 0 
254 262 
0 0 
0 0 
0 0 
0 0 
0 0 
0 0 
224 242 
0 0 
0 0 
0 0 
0 0 
0 0 
578 248 
0 0 
0 0 
0 0 
0 0 
0 0 
0 0 
0 0 
0 0 
242 240 
0 0 
0 0 
0 0 
0 0 
0 0 
0 0 
226 254 
0 0 
0 0 
0 0 
0 0 
0 0 
0 0 
220 236 
0 0 
0 0 
0 0 
0 0 
0 0 
0 0 
292 246 
0 0 
0 0 
0 0 
0 0 
0 0 
252 250 
0 0 
0 0 
0 0 
0 0 
0 0 
0 0 
224 574 
0 0 
0 0 
0 0 
0 0 
0 0 
0 0 
0 0 
0 0 
0 0 
256 232 
0 0 
0 0 
0 0 
0 0 
0 0 
246 250 
0 0 
0 0 
0 0 
0 0 
0 0 
0 0 
252 250 
0 0 
0 0 
0 0 
0 0 
0 0 
0 0 
250 240 
0 0 
0 0 
0 0 
0 0 
0 0 
252 248 
0 0 
0 0 
0 0 
0 0 
0 0 
0 0 
252 684 
0 0 
0 0 
0 0 
0 0 
0 0 
0 0 
0 0 
0 0 
0 0 
0 0 
222 224 
0 0 
0 0 
0 0 
0 0 
0 0 
240 250 
0 0 
0 0 
0 0 
0 0 
0 0 
220 246 
0 0 
0 0 
0 0 
0 0 
0 0 
0 0 
220 254 
0 0 
0 0 
0 0 
0 0 
0 0 
250 252 
0 0 
0 0 
0 0 
0 0 
0 0 
280 642 
0 0 
0 0 
0 0 
0 0 
0 0 
0 0 
0 0 
0 0 
0 0 
250 242 
0 0 
0 0 
0 0 
0 0 
0 0 
0 0 
242 254 
0 0 
0 0 
0 0 
0 0 
0 0 
244 250 
0 0 
0 0 
0 0 
0 0 
0 0 
0 0 
220 236 
0 0 
0 0 
0 0 
0 0 
0 0 
0 0 
324 244 
0 0 
0 0 
0 0 
0 0 
0 0 
0 0 
250 736 
0 0 
0 0 
0 0 
0 0 
0 0 
0 0 
0 0 
0 0 
0 0 
220 240 
0 0 
0 0 
0 0 
0 0 
0 0 
0 0 
330 246 
0 0 
0 0 
0 0 
0 0 
0 0 
0 0 
0 0 
252 236 
0 0 
0 0 
0 0 
0 0 
0 0 
254 222 
0 0 
0 0 
0 0 
0 0 
0 0 
250 220 
0 0 
0 0 
0 0 
0 0 
0 0 
0 0 
226 724 
0 0 
0 0 
0 0 
0 0 
0 0 
0 0 
0 0 
0 0 
0 0 
242 252 
0 0 
0 0 
0 0 
0 0 
0 0 
0 0 
254 234 
0 0 
0 0 
0 0 
0 0 
0 0 
250 250 
0 0 
0 0 
0 0 
0 0 
0 0 
0 0 
250 252 
0 0 
0 0 
0 0 
0 0 
0 0 
222 248 
0 0 
0 0 
0 0 
0 0 
0 0 
276 314 
0 0 
0 0 
0 0 
0 0 
0 0 
0 0 
0 0 
240 250 
0 0 
0 0 
0 0 
0 0 
0 0 
0 0 
232 236 
0 0 
0 0 
0 0 
0 0 
0 0 
222 246 
0 0 
0 0 
0 0 
0 0 
0 0 
0 0 
222 252 
0 0 
0 0 
0 0 
0 0 
0 0 
244 246 
0 0 
0 0 
0 0 
0 0 
0 0 
0 0 
252 246 
0 0 
0 0 
0 0 
0 0 
0 0 
256 534 
0 0 
0 0 
0 0 
0 0 
0 0 
0 0 
0 0 
0 0 
254 244 
0 0 
0 0 
0 0 
0 0 
0 0 
0 0 
226 250 
0 0 
0 0 
0 0 
0 0 
0 0 
254 250 
0 0 
0 0 
0 0 
0 0 
0 0 
258 242 
0 0 
0 0 
0 0 
0 0 
0 0 
0 0 
0 0 
298 250 
0 0 
0 0 
0 0 
0 0 
0 0 
0 0 
220 640 
0 0 
0 0 
0 0 
0 0 
0 0 
0 0 
0 0 
0 0 
246 240 
0 0 
0 0 
0 0 
0 0 
0 0 
0 0 
250 244 
0 0 
0 0 
0 0 
0 0 
0 0 
258 224 
0 0 
0 0 
0 0 
0 0 
0 0 
228 252 
0 0 
0 0 
0 0 
0 0 
0 0 
216 256 
0 0 
0 0 
0 0 
0 0 
0 0 
0 0 
252 218 
0 0 
0 0 
0 0 
0 0 
0 0 
316 244 
0 0 
0 0 
0 0 
0 0 
0 0 
0 0 
234 244 
0 0 
0 0 
0 0 
0 0 
0 0 
252 238 
0 0 
0 0 
0 0 
0 0 
0 0 
0 0 
252 244 
0 0 
0 0 
0 0 
0 0 
0 0 
226 252 
0 0 
0 0 
0 0 
0 0 
0 0 
254 244 
0 0 
0 0 
0 0 
0 0 
0 0 
0 0 
256 250 
0 0 
0 0 
0 0 
0 0 
0 0 
358 246 
0 0 
0 0 
0 0 
0 0 
0 0 
0 0 
0 0 
242 278 
0 0 
0 0 
0 0 
0 0 
0 0 
0 0 
250 250 
0 0 
0 0 
0 0 
0 0 
0 0 
0 0 
236 250 
0 0 
0 0 
0 0 
0 0 
0 0 
0 0 
0 0 
254 316 
0 0 
0 0 
0 0 
0 0 
0 0 
0 0 
250 250 
0 0 
0 0 
0 0 
0 0 
0 0 
0 0 
280 278 
0 0 
0 0 
0 0 
0 0 
0 0 
0 0 
234 242 
0 0 
0 0 
0 0 
0 0 
0 0 
250 250 
0 0 
0 0 
0 0 
0 0 
0 0 
0 0 
226 248 
0 0 
0 0 
0 0 
0 0 
0 0 
0 0 
274 250 
0 0 
0 0 
0 0 
0 0 
0 0 
0 0 
250 224 
0 0 
0 0 
0 0 
0 0 
0 0 
0 0 
596 248 
0 0 
0 0 
0 0 
0 0 
0 0 
0 0 
0 0 
0 0 
304 232 
0 0 
0 0 
0 0 
0 0 
0 0 
0 0 
266 250 
0 0 
0 0 
0 0 
0 0 
0 0 
0 0 
254 246 
0 0 
0 0 
0 0 
0 0 
0 0 
0 0 
250 250 
0 0 
0 0 
0 0 
0 0 
0 0 
344 244 
0 0 
0 0 
0 0 
0 0 
0 0 
0 0 
856 252 
0 0 
0 0 
0 0 
0 0 
0 0 
0 0 
0 0 
0 0 
0 0 
0 0 
242 260 
0 0 
0 0 
0 0 
0 0 
0 0 
0 0 
262 252 
0 0 
0 0 
0 0 
0 0 
0 0 
0 0 
252 242 
0 0 
0 0 
0 0 
0 0 
0 0 
262 216 
0 0 
0 0 
0 0 
0 0 
0 0 
222 218 
0 0 
0 0 
0 0 
0 0 
0 0 
0 0 
224 688 
0 0 
0 0 
0 0 
0 0 
0 0 
0 0 
0 0 
0 0 
0 0 
0 0 
240 232 
0 0 
0 0 
0 0 
0 0 
0 0 
248 250 
0 0 
0 0 
0 0 
0 0 
0 0 
0 0 
248 256 
0 0 
0 0 
0 0 
0 0 
0 0 
0 0 
246 250 
0 0 
0 0 
0 0 
0 0 
0 0 
0 0 
254 222 
0 0 
0 0 
0 0 
0 0 
0 0 
702 246 
0 0 
0 0 
0 0 
0 0 
0 0 
0 0 
0 0 
0 0 
0 0 
248 236 
0 0 
0 0 
0 0 
0 0 
0 0 
224 224 
0 0 
0 0 
0 0 
0 0 
0 0 
240 218 
0 0 
0 0 
0 0 
0 0 
0 0 
246 256 
0 0 
0 0 
0 0 
0 0 
0 0 
248 216 
0 0 
0 0 
0 0 
0 0 
0 0 
0 0 
248 258 
0 0 
0 0 
0 0 
0 0 
0 0 
524 216 
0 0 
0 0 
0 0 
0 0 
0 0 
0 0 
0 0 
238 224 
0 0 
0 0 
0 0 
0 0 
0 0 
250 244 
0 0 
0 0 
0 0 
0 0 
0 0 
238 244 
0 0 
0 0 
0 0 
0 0 
0 0 
0 0 
250 222 
0 0 
0 0 
0 0 
0 0 
0 0 
250 252 
0 0 
0 0 
0 0 
0 0 
0 0 
0 0 
270 546 
0 0 
0 0 
0 0 
0 0 
0 0 
0 0 
0 0 
0 0 
230 220 
0 0 
0 0 
0 0 
0 0 
0 0 
280 212 
0 0 
0 0 
0 0 
0 0 
0 0 
0 0 
254 250 
0 0 
0 0 
0 0 
0 0 
0 0 
0 0 
240 238 
0 0 
0 0 
0 0 
0 0 
0 0 
248 222 
0 0 
0 0 
0 0 
0 0 
0 0 
0 0 
262 678 
0 0 
0 0 
0 0 
0 0 
0 0 
0 0 
0 0 
0 0 
0 0 
0 0 
0 0 
248 244 
0 0 
0 0 
0 0 
0 0 
0 0 
0 0 
250 246 
0 0 
0 0 
0 0 
0 0 
0 0 
0 0 
250 254 
0 0 
0 0 
0 0 
0 0 
0 0 
250 330 
0 0 
0 0 
0 0 
0 0 
0 0 
0 0 
250 252 
0 0 
0 0 
0 0 
0 0 
0 0 
254 650 
0 0 
0 0 
0 0 
0 0 
0 0 
0 0 
0 0 
0 0 
0 0 
254 232 
0 0 
0 0 
0 0 
0 0 
0 0 
334 216 
0 0 
0 0 
0 0 
0 0 
0 0 
0 0 
0 0 
246 244 
0 0 
0 0 
0 0 
0 0 
0 0 
246 230 
0 0 
0 0 
0 0 
0 0 
0 0 
0 0 
258 252 
0 0 
0 0 
0 0 
0 0 
0 0 
274 536 
0 0 
0 0 
0 0 
0 0 
0 0 
0 0 
0 0 
0 0 
0 0 
274 240 
0 0 
0 0 
0 0 
0 0 
0 0 
0 0 
254 226 
0 0 
0 0 
0 0 
0 0 
0 0 
0 0 
256 248 
0 0 
0 0 
0 0 
0 0 
0 0 
272 246 
0 0 
0 0 
0 0 
0 0 
0 0 
240 250 
0 0 
0 0 
0 0 
0 0 
0 0 
0 0 
254 700 
0 0 
0 0 
0 0 
0 0 
0 0 
0 0 
0 0 
0 0 
0 0 
252 248 
0 0 
0 0 
0 0 
0 0 
0 0 
0 0 
226 246 
0 0 
0 0 
0 0 
0 0 
0 0 
0 0 
0 0 
274 220 
0 0 
0 0 
0 0 
0 0 
0 0 
0 0 
250 244 
0 0 
0 0 
0 0 
0 0 
0 0 
244 252 
0 0 
0 0 
0 0 
0 0 
0 0 
0 0 
332 520 
0 0 
0 0 
0 0 
0 0 
0 0 
0 0 
0 0 
0 0 
248 312 
0 0 
0 0 
0 0 
0 0 
0 0 
0 0 
254 248 
0 0 
0 0 
0 0 
0 0 
0 0 
0 0 
244 240 
0 0 
0 0 
0 0 
0 0 
0 0 
226 244 
0 0 
0 0 
0 0 
0 0 
0 0 
258 246 
0 0 
0 0 
0 0 
0 0 
0 0 
0 0 
216 248 
0 0 
0 0 
0 0 
0 0 
0 0 
352 244 
0 0 
0 0 
0 0 
0 0 
0 0 
0 0 
0 0 
250 244 
0 0 
0 0 
0 0 
0 0 
0 0 
0 0 
0 0 
254 252 
0 0 
0 0 
0 0 
0 0 
0 0 
0 0 
248 254 
0 0 
0 0 
0 0 
0 0 
0 0 
0 0 
0 0 
0 0 
248 246 
0 0 
0 0 
0 0 
0 0 
0 0 
0 0 
0 0 
0 0 
662 224 
0 0 
0 0 
0 0 
0 0 
0 0 
0 0 
0 0 
0 0 
246 236 
0 0 
0 0 
0 0 
0 0 
0 0 
258 248 
0 0 
0 0 
0 0 
0 0 
0 0 
0 0 
252 250 
0 0 
0 0 
0 0 
0 0 
0 0 
0 0 
256 246 
0 0 
0 0 
0 0 
0 0 
0 0 
248 234 
0 0 
0 0 
0 0 
0 0 
0 0 
258 682 
0 0 
0 0 
0 0 
0 0 
0 0 
0 0 
0 0 
0 0 
0 0 
254 224 
0 0 
0 0 
0 0 
0 0 
0 0 
0 0 
244 248 
0 0 
0 0 
0 0 
0 0 
0 0 
0 0 
244 252 
0 0 
0 0 
0 0 
0 0 
0 0 
252 222 
0 0 
0 0 
0 0 
0 0 
0 0 
0 0 
248 240 
0 0 
0 0 
0 0 
0 0 
0 0 
214 248 
0 0 
0 0 
0 0 
0 0 
0 0 
272 246 
0 0 
0 0 
0 0 
0 0 
0 0 
0 0 
252 238 
0 0 
0 0 
0 0 
0 0 
0 0 
0 0 
246 248 
0 0 
0 0 
0 0 
0 0 
0 0 
0 0 
0 0 
258 250 
0 0 
0 0 
0 0 
0 0 
0 0 
0 0 
254 252 
0 0 
0 0 
0 0 
0 0 
0 0 
234 246 
0 0 
0 0 
0 0 
0 0 
0 0 
0 0 
484 248 
0 0 
0 0 
0 0 
0 0 
0 0 
0 0 
0 0 
0 0 
264 222 
0 0 
0 0 
0 0 
0 0 
0 0 
256 244 
0 0 
0 0 
0 0 
0 0 
0 0 
0 0 
272 252 
0 0 
0 0 
0 0 
0 0 
0 0 
0 0 
248 242 
0 0 
0 0 
0 0 
0 0 
0 0 
0 0 
214 260 
0 0 
0 0 
0 0 
0 0 
0 0 
0 0 
828 252 
0 0 
0 0 
0 0 
0 0 
0 0 
0 0 
0 0 
0 0 
0 0 
0 0 
236 252 
0 0 
0 0 
0 0 
0 0 
0 0 
252 224 
0 0 
0 0 
0 0 
0 0 
0 0 
0 0 
250 220 
0 0 
0 0 
0 0 
0 0 
0 0 
0 0 
250 314 
0 0 
0 0 
0 0 
0 0 
0 0 
0 0 
252 248 
0 0 
0 0 
0 0 
0 0 
0 0 
0 0 
394 254 
0 0 
0 0 
0 0 
0 0 
0 0 
0 0 
0 0 
254 240 
0 0 
0 0 
0 0 
0 0 
0 0 
0 0 
228 244 
0 0 
0 0 
0 0 
0 0 
0 0 
256 252 
0 0 
0 0 
0 0 
0 0 
0 0 
0 0 
240 252 
0 0 
0 0 
0 0 
0 0 
0 0 
0 0 
234 246 
0 0 
0 0 
0 0 
0 0 
0 0 
0 0 
220 670 
0 0 
0 0 
0 0 
0 0 
0 0 
0 0 
0 0 
0 0 
246 232 
0 0 
0 0 
0 0 
0 0 
0 0 
0 0 
242 244 
0 0 
0 0 
0 0 
0 0 
0 0 
0 0 
228 248 
0 0 
0 0 
0 0 
0 0 
0 0 
254 252 
0 0 
0 0 
0 0 
0 0 
0 0 
254 246 
0 0 
0 0 
0 0 
0 0 
0 0 
0 0 
250 678 
0 0 
0 0 
0 0 
0 0 
0 0 
0 0 
0 0 
0 0 
0 0 
260 220 
0 0 
0 0 
0 0 
0 0 
0 0 
0 0 
222 222 
0 0 
0 0 
0 0 
0 0 
0 0 
0 0 
252 242 
0 0 
0 0 
0 0 
0 0 
0 0 
252 218 
0 0 
0 0 
0 0 
0 0 
0 0 
0 0 
254 252 
0 0 
0 0 
0 0 
0 0 
0 0 
0 0 
0 0 
246 546 
0 0 
0 0 
0 0 
0 0 
0 0 
0 0 
0 0 
0 0 
246 248 
0 0 
0 0 
0 0 
0 0 
0 0 
374 244 
0 0 
0 0 
0 0 
0 0 
0 0 
0 0 
0 0 
246 224 
0 0 
0 0 
0 0 
0 0 
0 0 
218 250 
0 0 
0 0 
0 0 
0 0 
0 0 
0 0 
0 0 
254 250 
0 0 
0 0 
0 0 
0 0 
0 0 
0 0 
250 240 
0 0 
0 0 
0 0 
0 0 
0 0 
350 260 
0 0 
0 0 
0 0 
0 0 
0 0 
0 0 
326 244 
0 0 
0 0 
0 0 
0 0 
0 0 
0 0 
0 0 
248 268 
0 0 
0 0 
0 0 
0 0 
0 0 
0 0 
248 248 
0 0 
0 0 
0 0 
0 0 
0 0 
0 0 
258 248 
0 0 
0 0 
0 0 
0 0 
0 0 
248 250 
0 0 
0 0 
0 0 
0 0 
0 0 
0 0 
250 248 
0 0 
0 0 
0 0 
0 0 
0 0 
0 0 
0 0 
242 252 
0 0 
0 0 
0 0 
0 0 
0 0 
222 220 
0 0 
0 0 
0 0 
0 0 
0 0 
228 254 
0 0 
0 0 
0 0 
0 0 
0 0 
0 0 
216 228 
0 0 
0 0 
0 0 
0 0 
0 0 
252 244 
0 0 
0 0 
0 0 
0 0 
0 0 
258 572 
0 0 
0 0 
0 0 
0 0 
0 0 
0 0 
0 0 
0 0 
240 216 
0 0 
0 0 
0 0 
0 0 
0 0 
0 0 
248 246 
0 0 
0 0 
0 0 
0 0 
0 0 
0 0 
250 282 
0 0 
0 0 
0 0 
0 0 
0 0 
0 0 
248 256 
0 0 
0 0 
0 0 
0 0 
0 0 
0 0 
250 250 
0 0 
0 0 
0 0 
0 0 
0 0 
248 560 
0 0 
0 0 
0 0 
0 0 
0 0 
0 0 
0 0 
0 0 
246 268 
0 0 
0 0 
0 0 
0 0 
0 0 
0 0 
250 220 
0 0 
0 0 
0 0 
0 0 
0 0 
0 0 
264 312 
0 0 
0 0 
0 0 
0 0 
0 0 
0 0 
248 240 
0 0 
0 0 
0 0 
0 0 
0 0 
228 250 
0 0 
0 0 
0 0 
0 0 
0 0 
0 0 
256 220 
0 0 
0 0 
0 0 
0 0 
0 0 
0 0 
222 224 
0 0 
0 0 
0 0 
0 0 
0 0 
244 240 
0 0 
0 0 
0 0 
0 0 
0 0 
0 0 
220 250 
0 0 
0 0 
0 0 
0 0 
0 0 
246 256 
0 0 
0 0 
0 0 
0 0 
0 0 
0 0 
250 252 
0 0 
0 0 
0 0 
0 0 
0 0 
0 0 
256 246 
0 0 
0 0 
0 0 
0 0 
0 0 
0 0 
588 220 
0 0 
0 0 
0 0 
0 0 
0 0 
0 0 
0 0 
0 0 
250 344 
0 0 
0 0 
0 0 
0 0 
0 0 
0 0 
250 246 
0 0 
0 0 
0 0 
0 0 
0 0 
0 0 
216 232 
0 0 
0 0 
0 0 
0 0 
0 0 
218 250 
0 0 
0 0 
0 0 
0 0 
0 0 
0 0 
254 248 
0 0 
0 0 
0 0 
0 0 
0 0 
0 0 
710 248 
0 0 
0 0 
0 0 
0 0 
0 0 
0 0 
0 0 
0 0 
0 0 
232 236 
0 0 
0 0 
0 0 
0 0 
0 0 
246 248 
0 0 
0 0 
0 0 
0 0 
0 0 
256 258 
0 0 
0 0 
0 0 
0 0 
0 0 
0 0 
222 248 
0 0 
0 0 
0 0 
0 0 
0 0 
250 244 
0 0 
0 0 
0 0 
0 0 
0 0 
256 218 
0 0 
0 0 
0 0 
0 0 
0 0 
0 0 
272 218 
0 0 
0 0 
0 0 
0 0 
0 0 
250 238 
0 0 
0 0 
0 0 
0 0 
0 0 
248 232 
0 0 
0 0 
0 0 
0 0 
0 0 
0 0 
244 220 
0 0 
0 0 
0 0 
0 0 
0 0 
0 0 
250 252 
0 0 
0 0 
0 0 
0 0 
0 0 
220 248 
0 0 
0 0 
0 0 
0 0 
0 0 
0 0 
246 552 
0 0 
0 0 
0 0 
0 0 
0 0 
0 0 
0 0 
258 248 
0 0 
0 0 
0 0 
0 0 
0 0 
0 0 
250 246 
0 0 
0 0 
0 0 
0 0 
0 0 
0 0 
250 246 
0 0 
0 0 
0 0 
0 0 
0 0 
224 248 
0 0 
0 0 
0 0 
0 0 
0 0 
262 250 
0 0 
0 0 
0 0 
0 0 
0 0 
0 0 
222 254 
0 0 
0 0 
0 0 
0 0 
0 0 
232 248 
0 0 
0 0 
0 0 
0 0 
0 0 
0 0 
222 240 
0 0 
0 0 
0 0 
0 0 
0 0 
0 0 
270 260 
0 0 
0 0 
0 0 
0 0 
0 0 
0 0 
314 248 
0 0 
0 0 
0 0 
0 0 
0 0 
0 0 
248 252 
0 0 
0 0 
0 0 
0 0 
0 0 
250 224 
0 0 
0 0 
0 0 
0 0 
0 0 
254 540 
0 0 
0 0 
0 0 
0 0 
0 0 
0 0 
0 0 
0 0 
236 222 
0 0 
0 0 
0 0 
0 0 
0 0 
0 0 
248 218 
0 0 
0 0 
0 0 
0 0 
0 0 
246 250 
0 0 
0 0 
0 0 
0 0 
0 0 
0 0 
252 222 
0 0 
0 0 
0 0 
0 0 
0 0 
218 218 
0 0 
0 0 
0 0 
0 0 
0 0 
250 248 
0 0 
0 0 
0 0 
0 0 
0 0 
370 248 
0 0 
0 0 
0 0 
0 0 
0 0 
0 0 
0 0 
250 246 
0 0 
0 0 
0 0 
0 0 
0 0 
252 250 
0 0 
0 0 
0 0 
0 0 
0 0 
0 0 
252 252 
0 0 
0 0 
0 0 
0 0 
0 0 
0 0 
250 246 
0 0 
0 0 
0 0 
0 0 
0 0 
0 0 
248 244 
0 0 
0 0 
0 0 
0 0 
0 0 
0 0 
218 538 
0 0 
0 0 
0 0 
0 0 
0 0 
0 0 
0 0 
0 0 
0 0 
248 378 
0 0 
0 0 
0 0 
0 0 
0 0 
0 0 
222 248 
0 0 
0 0 
0 0 
0 0 
0 0 
0 0 
0 0 
0 0 
252 252 
0 0 
0 0 
0 0 
0 0 
0 0 
0 0 
248 250 
0 0 
0 0 
0 0 
0 0 
0 0 
252 244 
0 0 
0 0 
0 0 
0 0 
0 0 
344 250 
0 0 
0 0 
0 0 
0 0 
0 0 
0 0 
252 236 
0 0 
0 0 
0 0 
0 0 
0 0 
246 248 
0 0 
0 0 
0 0 
0 0 
0 0 
0 0 
256 248 
0 0 
0 0 
0 0 
0 0 
0 0 
252 248 
0 0 
0 0 
0 0 
0 0 
0 0 
252 334 
0 0 
0 0 
0 0 
0 0 
0 0 
0 0 
250 248 
0 0 
0 0 
0 0 
0 0 
0 0 
232 246 
0 0 
0 0 
0 0 
0 0 
0 0 
0 0 
256 234 
0 0 
0 0 
0 0 
0 0 
0 0 
0 0 
252 250 
0 0 
0 0 
0 0 
0 0 
0 0 
0 0 
0 0 
220 248 
0 0 
0 0 
0 0 
0 0 
0 0 
0 0 
220 244 
0 0 
0 0 
0 0 
0 0 
0 0 
254 250 
0 0 
0 0 
0 0 
0 0 
0 0 
0 0 
474 246 
0 0 
0 0 
0 0 
0 0 
0 0 
0 0 
0 0 
258 242 
0 0 
0 0 
0 0 
0 0 
0 0 
0 0 
0 0 
226 266 
0 0 
0 0 
0 0 
0 0 
0 0 
252 250 
0 0 
0 0 
0 0 
0 0 
0 0 
0 0 
258 250 
0 0 
0 0 
0 0 
0 0 
0 0 
254 216 
0 0 
0 0 
0 0 
0 0 
0 0 
242 488 
0 0 
0 0 
0 0 
0 0 
0 0 
0 0 
0 0 
0 0 
0 0 
248 218 
0 0 
0 0 
0 0 
0 0 
0 0 
0 0 
254 246 
0 0 
0 0 
0 0 
0 0 
0 0 
0 0 
244 250 
0 0 
0 0 
0 0 
0 0 
0 0 
260 246 
0 0 
0 0 
0 0 
0 0 
0 0 
250 262 
0 0 
0 0 
0 0 
0 0 
0 0 
0 0 
250 218 
0 0 
0 0 
0 0 
0 0 
0 0 
380 246 
0 0 
0 0 
0 0 
0 0 
0 0 
0 0 
0 0 
240 250 
0 0 
0 0 
0 0 
0 0 
0 0 
252 246 
0 0 
0 0 
0 0 
0 0 
0 0 
230 230 
0 0 
0 0 
0 0 
0 0 
0 0 
0 0 
224 218 
0 0 
0 0 
0 0 
0 0 
0 0 
224 248 
0 0 
0 0 
0 0 
0 0 
0 0 
330 536 
0 0 
0 0 
0 0 
0 0 
0 0 
0 0 
0 0 
0 0 
250 252 
0 0 
0 0 
0 0 
0 0 
0 0 
0 0 
252 220 
0 0 
0 0 
0 0 
0 0 
0 0 
246 248 
0 0 
0 0 
0 0 
0 0 
0 0 
226 244 
0 0 
0 0 
0 0 
0 0 
0 0 
254 246 
0 0 
0 0 
0 0 
0 0 
0 0 
0 0 
250 250 
0 0 
0 0 
0 0 
0 0 
0 0 
426 244 
0 0 
0 0 
0 0 
0 0 
0 0 
0 0 
0 0 
252 238 
0 0 
0 0 
0 0 
0 0 
0 0 
254 250 
0 0 
0 0 
0 0 
0 0 
0 0 
0 0 
0 0 
222 230 
0 0 
0 0 
0 0 
0 0 
0 0 
250 248 
0 0 
0 0 
0 0 
0 0 
0 0 
252 248 
0 0 
0 0 
0 0 
0 0 
0 0 
0 0 
222 512 
0 0 
0 0 
0 0 
0 0 
0 0 
0 0 
0 0 
0 0 
0 0 
224 236 
0 0 
0 0 
0 0 
0 0 
0 0 
252 252 
0 0 
0 0 
0 0 
0 0 
0 0 
0 0 
244 248 
0 0 
0 0 
0 0 
0 0 
0 0 
246 246 
0 0 
0 0 
0 0 
0 0 
0 0 
252 248 
0 0 
0 0 
0 0 
0 0 
0 0 
218 254 
0 0 
0 0 
0 0 
0 0 
0 0 
0 0 
250 250 
0 0 
0 0 
0 0 
0 0 
0 0 
220 232 
0 0 
0 0 
0 0 
0 0 
0 0 
288 244 
0 0 
0 0 
0 0 
0 0 
0 0 
0 0 
0 0 
0 0 
250 248 
0 0 
0 0 
0 0 
0 0 
0 0 
0 0 
0 0 
250 250 
0 0 
0 0 
0 0 
0 0 
0 0 
0 0 
250 240 
0 0 
0 0 
0 0 
0 0 
0 0 
338 244 
0 0 
0 0 
0 0 
0 0 
0 0 
0 0 
0 0 
234 218 
0 0 
0 0 
0 0 
0 0 
0 0 
254 250 
0 0 
0 0 
0 0 
0 0 
0 0 
250 248 
0 0 
0 0 
0 0 
0 0 
0 0 
0 0 
250 246 
0 0 
0 0 
0 0 
0 0 
0 0 
0 0 
250 254 
0 0 
0 0 
0 0 
0 0 
0 0 
256 216 
0 0 
0 0 
0 0 
0 0 
0 0 
260 248 
0 0 
0 0 
0 0 
0 0 
0 0 
0 0 
232 240 
0 0 
0 0 
0 0 
0 0 
0 0 
0 0 
276 218 
0 0 
0 0 
0 0 
0 0 
0 0 
0 0 
258 276 
0 0 
0 0 
0 0 
0 0 
0 0 
0 0 
248 246 
0 0 
0 0 
0 0 
0 0 
0 0 
0 0 
234 252 
0 0 
0 0 
0 0 
0 0 
0 0 
530 222 
0 0 
0 0 
0 0 
0 0 
0 0 
0 0 
0 0 
222 228 
0 0 
0 0 
0 0 
0 0 
0 0 
250 248 
0 0 
0 0 
0 0 
0 0 
0 0 
248 244 
0 0 
0 0 
0 0 
0 0 
0 0 
0 0 
252 248 
0 0 
0 0 
0 0 
0 0 
0 0 
0 0 
226 244 
0 0 
0 0 
0 0 
0 0 
0 0 
250 690 
0 0 
0 0 
0 0 
0 0 
0 0 
0 0 
0 0 
0 0 
0 0 
250 244 
0 0 
0 0 
0 0 
0 0 
0 0 
252 250 
0 0 
0 0 
0 0 
0 0 
0 0 
0 0 
216 254 
0 0 
0 0 
0 0 
0 0 
0 0 
252 248 
0 0 
0 0 
0 0 
0 0 
0 0 
222 232 
0 0 
0 0 
0 0 
0 0 
0 0 
214 240 
0 0 
0 0 
0 0 
0 0 
0 0 
0 0 
398 246 
0 0 
0 0 
0 0 
0 0 
0 0 
0 0 
0 0 
246 236 
0 0 
0 0 
0 0 
0 0 
0 0 
248 236 
0 0 
0 0 
0 0 
0 0 
0 0 
258 248 
0 0 
0 0 
0 0 
0 0 
0 0 
224 248 
0 0 
0 0 
0 0 
0 0 
0 0 
0 0 
222 240 
0 0 
0 0 
0 0 
0 0 
0 0 
0 0 
216 550 
0 0 
0 0 
0 0 
0 0 
0 0 
0 0 
0 0 
0 0 
248 250 
0 0 
0 0 
0 0 
0 0 
0 0 
0 0 
250 224 
0 0 
0 0 
0 0 
0 0 
0 0 
224 248 
0 0 
0 0 
0 0 
0 0 
0 0 
0 0 
252 244 
0 0 
0 0 
0 0 
0 0 
0 0 
0 0 
250 250 
0 0 
0 0 
0 0 
0 0 
0 0 
248 216 
0 0 
0 0 
0 0 
0 0 
0 0 
0 0 
254 222 
0 0 
0 0 
0 0 
0 0 
0 0 
0 0 
0 0 
244 248 
0 0 
0 0 
0 0 
0 0 
0 0 
256 254 
0 0 
0 0 
0 0 
0 0 
0 0 
0 0 
258 248 
0 0 
0 0 
0 0 
0 0 
0 0 
0 0 
286 224 
0 0 
0 0 
0 0 
0 0 
0 0 
254 250 
0 0 
0 0 
0 0 
0 0 
0 0 
0 0 
572 248 
0 0 
0 0 
0 0 
0 0 
0 0 
0 0 
0 0 
0 0 
0 0 
0 0 
0 0 
0 0 
0 0 
258 250 
0 0 
0 0 
0 0 
0 0 
0 0 
228 252 
0 0 
0 0 
0 0 
0 0 
0 0 
0 0 
224 244 
0 0 
0 0 
0 0 
0 0 
0 0 
252 254 
0 0 
0 0 
0 0 
0 0 
0 0 
0 0 
0 0 
362 558 
0 0 
0 0 
0 0 
0 0 
0 0 
0 0 
0 0 
0 0 
0 0 
220 246 
0 0 
0 0 
0 0 
0 0 
0 0 
240 248 
0 0 
0 0 
0 0 
0 0 
0 0 
0 0 
248 248 
0 0 
0 0 
0 0 
0 0 
0 0 
0 0 
254 252 
0 0 
0 0 
0 0 
0 0 
0 0 
246 254 
0 0 
0 0 
0 0 
0 0 
0 0 
0 0 
254 318 
0 0 
0 0 
0 0 
0 0 
0 0 
0 0 
218 252 
0 0 
0 0 
0 0 
0 0 
0 0 
0 0 
224 236 
0 0 
0 0 
0 0 
0 0 
0 0 
252 410 
0 0 
0 0 
0 0 
0 0 
0 0 
0 0 
0 0 
0 0 
248 218 
0 0 
0 0 
0 0 
0 0 
0 0 
222 246 
0 0 
0 0 
0 0 
0 0 
0 0 
0 0 
252 236 
0 0 
0 0 
0 0 
0 0 
0 0 
0 0 
252 246 
0 0 
0 0 
0 0 
0 0 
0 0 
252 250 
0 0 
0 0 
0 0 
0 0 
0 0 
258 234 
0 0 
0 0 
0 0 
0 0 
0 0 
0 0 
250 246 
0 0 
0 0 
0 0 
0 0 
0 0 
220 244 
0 0 
0 0 
0 0 
0 0 
0 0 
222 250 
0 0 
0 0 
0 0 
0 0 
0 0 
250 220 
0 0 
0 0 
0 0 
0 0 
0 0 
372 250 
0 0 
0 0 
0 0 
0 0 
0 0 
0 0 
262 238 
0 0 
0 0 
0 0 
0 0 
0 0 
0 0 
258 252 
0 0 
0 0 
0 0 
0 0 
0 0 
0 0 
324 244 
0 0 
0 0 
0 0 
0 0 
0 0 
0 0 
252 246 
0 0 
0 0 
0 0 
0 0 
0 0 
0 0 
254 222 
0 0 
0 0 
0 0 
0 0 
0 0 
264 592 
0 0 
0 0 
0 0 
0 0 
0 0 
0 0 
0 0 
0 0 
246 220 
0 0 
0 0 
0 0 
0 0 
0 0 
254 244 
0 0 
0 0 
0 0 
0 0 
0 0 
0 0 
234 246 
0 0 
0 0 
0 0 
0 0 
0 0 
260 218 
0 0 
0 0 
0 0 
0 0 
0 0 
0 0 
226 250 
0 0 
0 0 
0 0 
0 0 
0 0 
0 0 
238 252 
0 0 
0 0 
0 0 
0 0 
0 0 
234 220 
0 0 
0 0 
0 0 
0 0 
0 0 
0 0 
244 236 
0 0 
0 0 
0 0 
0 0 
0 0 
0 0 
238 290 
0 0 
0 0 
0 0 
0 0 
0 0 
0 0 
250 326 
0 0 
0 0 
0 0 
0 0 
0 0 
0 0 
252 248 
0 0 
0 0 
0 0 
0 0 
0 0 
0 0 
250 226 
0 0 
0 0 
0 0 
0 0 
0 0 
0 0 
496 246 
0 0 
0 0 
0 0 
0 0 
0 0 
0 0 
0 0 
0 0 
246 242 
0 0 
0 0 
0 0 
0 0 
0 0 
226 218 
0 0 
0 0 
0 0 
0 0 
0 0 
250 246 
0 0 
0 0 
0 0 
0 0 
0 0 
0 0 
250 248 
0 0 
0 0 
0 0 
0 0 
0 0 
254 252 
0 0 
0 0 
0 0 
0 0 
0 0 
0 0 
270 624 
0 0 
0 0 
0 0 
0 0 
0 0 
0 0 
0 0 
0 0 
222 222 
0 0 
0 0 
0 0 
0 0 
0 0 
0 0 
254 242 
0 0 
0 0 
0 0 
0 0 
0 0 
0 0 
256 246 
0 0 
0 0 
0 0 
0 0 
0 0 
0 0 
246 234 
0 0 
0 0 
0 0 
0 0 
0 0 
222 270 
0 0 
0 0 
0 0 
0 0 
0 0 
222 252 
0 0 
0 0 
0 0 
0 0 
0 0 
0 0 
256 246 
0 0 
0 0 
0 0 
0 0 
0 0 
250 220 
0 0 
0 0 
0 0 
0 0 
0 0 
250 248 
0 0 
0 0 
0 0 
0 0 
0 0 
250 250 
0 0 
0 0 
0 0 
0 0 
0 0 
0 0 
256 248 
0 0 
0 0 
0 0 
0 0 
0 0 
226 250 
0 0 
0 0 
0 0 
0 0 
0 0 
250 252 
0 0 
0 0 
0 0 
0 0 
0 0 
0 0 
224 218 
0 0 
0 0 
0 0 
0 0 
0 0 
254 216 
0 0 
0 0 
0 0 
0 0 
0 0 
224 252 
0 0 
0 0 
0 0 
0 0 
0 0 
0 0 
248 246 
0 0 
0 0 
0 0 
0 0 
0 0 
252 234 
0 0 
0 0 
0 0 
0 0 
0 0 
0 0 
218 252 
0 0 
0 0 
0 0 
0 0 
0 0 
0 0 
244 706 
0 0 
0 0 
0 0 
0 0 
0 0 
0 0 
0 0 
0 0 
0 0 
0 0 
252 242 
0 0 
0 0 
0 0 
0 0 
0 0 
0 0 
254 250 
0 0 
0 0 
0 0 
0 0 
0 0 
252 248 
0 0 
0 0 
0 0 
0 0 
0 0 
236 250 
0 0 
0 0 
0 0 
0 0 
0 0 
258 284 
0 0 
0 0 
0 0 
0 0 
0 0 
0 0 
252 594 
0 0 
0 0 
0 0 
0 0 
0 0 
0 0 
0 0 
0 0 
244 254 
0 0 
0 0 
0 0 
0 0 
0 0 
252 310 
0 0 
0 0 
0 0 
0 0 
0 0 
0 0 
250 242 
0 0 
0 0 
0 0 
0 0 
0 0 
0 0 
254 246 
0 0 
0 0 
0 0 
0 0 
0 0 
0 0 
240 248 
0 0 
0 0 
0 0 
0 0 
0 0 
258 242 
0 0 
0 0 
0 0 
0 0 
0 0 
266 250 
0 0 
0 0 
0 0 
0 0 
0 0 
248 230 
0 0 
0 0 
0 0 
0 0 
0 0 
0 0 
308 222 
0 0 
0 0 
0 0 
0 0 
0 0 
0 0 
256 246 
0 0 
0 0 
0 0 
0 0 
0 0 
0 0 
256 274 
0 0 
0 0 
0 0 
0 0 
0 0 
0 0 
248 220 
0 0 
0 0 
0 0 
0 0 
0 0 
0 0 
532 250 
0 0 
0 0 
0 0 
0 0 
0 0 
0 0 
0 0 
0 0 
0 0 
222 242 
0 0 
0 0 
0 0 
0 0 
0 0 
222 244 
0 0 
0 0 
0 0 
0 0 
0 0 
250 252 
0 0 
0 0 
0 0 
0 0 
0 0 
0 0 
250 252 
0 0 
0 0 
0 0 
0 0 
0 0 
256 248 
0 0 
0 0 
0 0 
0 0 
0 0 
252 282 
0 0 
0 0 
0 0 
0 0 
0 0 
510 248 
0 0 
0 0 
0 0 
0 0 
0 0 
0 0 
0 0 
0 0 
240 242 
0 0 
0 0 
0 0 
0 0 
0 0 
248 250 
0 0 
0 0 
0 0 
0 0 
0 0 
0 0 
222 250 
0 0 
0 0 
0 0 
0 0 
0 0 
244 236 
0 0 
0 0 
0 0 
0 0 
0 0 
0 0 
254 248 
0 0 
0 0 
0 0 
0 0 
0 0 
0 0 
498 248 
0 0 
0 0 
0 0 
0 0 
0 0 
0 0 
0 0 
0 0 
0 0 
238 238 
0 0 
0 0 
0 0 
0 0 
0 0 
250 236 
0 0 
0 0 
0 0 
0 0 
0 0 
0 0 
250 248 
0 0 
0 0 
0 0 
0 0 
0 0 
0 0 
238 248 
0 0 
0 0 
0 0 
0 0 
0 0 
252 218 
0 0 
0 0 
0 0 
0 0 
0 0 
720 246 
0 0 
0 0 
0 0 
0 0 
0 0 
0 0 
0 0 
0 0 
0 0 
0 0 
244 238 
0 0 
0 0 
0 0 
0 0 
0 0 
242 258 
0 0 
0 0 
0 0 
0 0 
0 0 
0 0 
292 232 
0 0 
0 0 
0 0 
0 0 
0 0 
0 0 
248 314 
0 0 
0 0 
0 0 
0 0 
0 0 
0 0 
246 300 
0 0 
0 0 
0 0 
0 0 
0 0 
0 0 
466 240 
0 0 
0 0 
0 0 
0 0 
0 0 
0 0 
0 0 
256 238 
0 0 
0 0 
0 0 
0 0 
0 0 
0 0 
252 244 
0 0 
0 0 
0 0 
0 0 
0 0 
252 250 
0 0 
0 0 
0 0 
0 0 
0 0 
332 246 
0 0 
0 0 
0 0 
0 0 
0 0 
0 0 
0 0 
228 250 
0 0 
0 0 
0 0 
0 0 
0 0 
254 542 
0 0 
0 0 
0 0 
0 0 
0 0 
0 0 
0 0 
0 0 
0 0 
286 274 
0 0 
0 0 
0 0 
0 0 
0 0 
0 0 
0 0 
222 248 
0 0 
0 0 
0 0 
0 0 
0 0 
0 0 
220 244 
0 0 
0 0 
0 0 
0 0 
0 0 
240 252 
0 0 
0 0 
0 0 
0 0 
0 0 
0 0 
250 252 
0 0 
0 0 
0 0 
0 0 
0 0 
248 528 
0 0 
0 0 
0 0 
0 0 
0 0 
0 0 
0 0 
0 0 
222 248 
0 0 
0 0 
0 0 
0 0 
0 0 
0 0 
0 0 
240 246 
0 0 
0 0 
0 0 
0 0 
0 0 
250 248 
0 0 
0 0 
0 0 
0 0 
0 0 
0 0 
254 250 
0 0 
0 0 
0 0 
0 0 
0 0 
240 242 
0 0 
0 0 
0 0 
0 0 
0 0 
226 254 
0 0 
0 0 
0 0 
0 0 
0 0 
330 244 
0 0 
0 0 
0 0 
0 0 
0 0 
0 0 
254 232 
0 0 
0 0 
0 0 
0 0 
0 0 
0 0 
248 252 
0 0 
0 0 
0 0 
0 0 
0 0 
244 252 
0 0 
0 0 
0 0 
0 0 
0 0 
242 248 
0 0 
0 0 
0 0 
0 0 
0 0 
252 250 
0 0 
0 0 
0 0 
0 0 
0 0 
0 0 
0 0 
234 534 
0 0 
0 0 
0 0 
0 0 
0 0 
0 0 
0 0 
0 0 
268 234 
0 0 
0 0 
0 0 
0 0 
0 0 
0 0 
0 0 
250 274 
0 0 
0 0 
0 0 
0 0 
0 0 
0 0 
250 220 
0 0 
0 0 
0 0 
0 0 
0 0 
248 250 
0 0 
0 0 
0 0 
0 0 
0 0 
248 246 
0 0 
0 0 
0 0 
0 0 
0 0 
0 0 
254 544 
0 0 
0 0 
0 0 
0 0 
0 0 
0 0 
0 0 
0 0 
246 250 
0 0 
0 0 
0 0 
0 0 
0 0 
258 238 
0 0 
0 0 
0 0 
0 0 
0 0 
252 246 
0 0 
0 0 
0 0 
0 0 
0 0 
0 0 
254 262 
0 0 
0 0 
0 0 
0 0 
0 0 
0 0 
286 236 
0 0 
0 0 
0 0 
0 0 
0 0 
0 0 
256 218 
0 0 
0 0 
0 0 
0 0 
0 0 
284 252 
0 0 
0 0 
0 0 
0 0 
0 0 
0 0 
220 542 
0 0 
0 0 
0 0 
0 0 
0 0 
0 0 
0 0 
0 0 
258 284 
0 0 
0 0 
0 0 
0 0 
0 0 
0 0 
252 250 
0 0 
0 0 
0 0 
0 0 
0 0 
0 0 
238 248 
0 0 
0 0 
0 0 
0 0 
0 0 
0 0 
254 236 
0 0 
0 0 
0 0 
0 0 
0 0 
386 254 
0 0 
0 0 
0 0 
0 0 
0 0 
0 0 
232 218 
0 0 
0 0 
0 0 
0 0 
0 0 
0 0 
226 236 
0 0 
0 0 
0 0 
0 0 
0 0 
248 246 
0 0 
0 0 
0 0 
0 0 
0 0 
238 250 
0 0 
0 0 
0 0 
0 0 
0 0 
250 250 
0 0 
0 0 
0 0 
0 0 
0 0 
252 246 
0 0 
0 0 
0 0 
0 0 
0 0 
0 0 
232 236 
0 0 
0 0 
0 0 
0 0 
0 0 
256 232 
0 0 
0 0 
0 0 
0 0 
0 0 
254 252 
0 0 
0 0 
0 0 
0 0 
0 0 
0 0 
250 252 
0 0 
0 0 
0 0 
0 0 
0 0 
0 0 
250 246 
0 0 
0 0 
0 0 
0 0 
0 0 
250 242 
0 0 
0 0 
0 0 
0 0 
0 0 
250 218 
0 0 
0 0 
0 0 
0 0 
0 0 
254 256 
0 0 
0 0 
0 0 
0 0 
0 0 
0 0 
0 0 
236 238 
0 0 
0 0 
0 0 
0 0 
0 0 
0 0 
0 0 
248 236 
0 0 
0 0 
0 0 
0 0 
0 0 
252 248 
0 0 
0 0 
0 0 
0 0 
0 0 
238 244 
0 0 
0 0 
0 0 
0 0 
0 0 
280 226 
0 0 
0 0 
0 0 
0 0 
0 0 
0 0 
714 248 
0 0 
0 0 
0 0 
0 0 
0 0 
0 0 
0 0 
0 0 
0 0 
250 214 
0 0 
0 0 
0 0 
0 0 
0 0 
222 242 
0 0 
0 0 
0 0 
0 0 
0 0 
258 246 
0 0 
0 0 
0 0 
0 0 
0 0 
254 246 
0 0 
0 0 
0 0 
0 0 
0 0 
0 0 
250 252 
0 0 
0 0 
0 0 
0 0 
0 0 
0 0 
218 538 
0 0 
0 0 
0 0 
0 0 
0 0 
0 0 
0 0 
0 0 
236 230 
0 0 
0 0 
0 0 
0 0 
0 0 
250 216 
0 0 
0 0 
0 0 
0 0 
0 0 
244 224 
0 0 
0 0 
0 0 
0 0 
0 0 
0 0 
250 248 
0 0 
0 0 
0 0 
0 0 
0 0 
0 0 
240 244 
0 0 
0 0 
0 0 
0 0 
0 0 
252 244 
0 0 
0 0 
0 0 
0 0 
0 0 
250 244 
0 0 
0 0 
0 0 
0 0 
0 0 
0 0 
252 238 
0 0 
0 0 
0 0 
0 0 
0 0 
236 240 
0 0 
0 0 
0 0 
0 0 
0 0 
240 246 
0 0 
0 0 
0 0 
0 0 
0 0 
254 246 
0 0 
0 0 
0 0 
0 0 
0 0 
0 0 
248 244 
0 0 
0 0 
0 0 
0 0 
0 0 
254 244 
0 0 
0 0 
0 0 
0 0 
0 0 
258 250 
0 0 
0 0 
0 0 
0 0 
0 0 
258 248 
0 0 
0 0 
0 0 
0 0 
0 0 
0 0 
254 252 
0 0 
0 0 
0 0 
0 0 
0 0 
0 0 
258 246 
0 0 
0 0 
0 0 
0 0 
0 0 
248 244 
0 0 
0 0 
0 0 
0 0 
0 0 
248 274 
0 0 
0 0 
0 0 
0 0 
0 0 
252 236 
0 0 
0 0 
0 0 
0 0 
0 0 
0 0 
246 248 
0 0 
0 0 
0 0 
0 0 
0 0 
0 0 
258 234 
0 0 
0 0 
0 0 
0 0 
0 0 
240 248 
0 0 
0 0 
0 0 
0 0 
0 0 
248 250 
0 0 
0 0 
0 0 
0 0 
0 0 
254 236 
0 0 
0 0 
0 0 
0 0 
0 0 
248 244 
0 0 
0 0 
0 0 
0 0 
0 0 
0 0 
250 684 
0 0 
0 0 
0 0 
0 0 
0 0 
0 0 
0 0 
0 0 
0 0 
250 246 
0 0 
0 0 
0 0 
0 0 
0 0 
256 234 
0 0 
0 0 
0 0 
0 0 
0 0 
238 248 
0 0 
0 0 
0 0 
0 0 
0 0 
248 246 
0 0 
0 0 
0 0 
0 0 
0 0 
244 254 
0 0 
0 0 
0 0 
0 0 
0 0 
0 0 
328 248 
0 0 
0 0 
0 0 
0 0 
0 0 
0 0 
230 254 
0 0 
0 0 
0 0 
0 0 
0 0 
0 0 
248 240 
0 0 
0 0 
0 0 
0 0 
0 0 
252 246 
0 0 
0 0 
0 0 
0 0 
0 0 
0 0 
250 250 
0 0 
0 0 
0 0 
0 0 
0 0 
250 238 
0 0 
0 0 
0 0 
0 0 
0 0 
0 0 
254 250 
0 0 
0 0 
0 0 
0 0 
0 0 
250 248 
0 0 
0 0 
0 0 
0 0 
0 0 
264 250 
0 0 
0 0 
0 0 
0 0 
0 0 
254 236 
0 0 
0 0 
0 0 
0 0 
0 0 
254 250 
0 0 
0 0 
0 0 
0 0 
0 0 
0 0 
238 252 
0 0 
0 0 
0 0 
0 0 
0 0 
250 246 
0 0 
0 0 
0 0 
0 0 
0 0 
254 252 
0 0 
0 0 
0 0 
0 0 
0 0 
254 234 
0 0 
0 0 
0 0 
0 0 
0 0 
242 250 
0 0 
0 0 
0 0 
0 0 
0 0 
0 0 
254 242 
0 0 
0 0 
0 0 
0 0 
0 0 
248 246 
0 0 
0 0 
0 0 
0 0 
0 0 
252 246 
0 0 
0 0 
0 0 
0 0 
0 0 
256 250 
0 0 
0 0 
0 0 
0 0 
0 0 
258 250 
0 0 
0 0 
0 0 
0 0 
0 0 
0 0 
254 252 
0 0 
0 0 
0 0 
0 0 
0 0 
250 238 
0 0 
0 0 
0 0 
0 0 
0 0 
0 0 
248 232 
0 0 
0 0 
0 0 
0 0 
0 0 
254 246 
0 0 
0 0 
0 0 
0 0 
0 0 
0 0 
248 242 
0 0 
0 0 
0 0 
0 0 
0 0 
250 254 
0 0 
0 0 
0 0 
0 0 
0 0 
240 246 
0 0 
0 0 
0 0 
0 0 
0 0 
252 246 
0 0 
0 0 
0 0 
0 0 
0 0 
246 246 
0 0 
0 0 
0 0 
0 0 
0 0 
0 0 
258 250 
0 0 
0 0 
0 0 
0 0 
0 0 
0 0 
248 250 
0 0 
0 0 
0 0 
0 0 
0 0 
246 246 
0 0 
0 0 
0 0 
0 0 
0 0 
0 0 
278 234 
0 0 
0 0 
0 0 
0 0 
0 0 
0 0 
252 238 
0 0 
0 0 
0 0 
0 0 
0 0 
250 592 
0 0 
0 0 
0 0 
0 0 
0 0 
0 0 
0 0 
0 0 
236 248 
0 0 
0 0 
0 0 
0 0 
0 0 
0 0 
248 248 
0 0 
0 0 
0 0 
0 0 
0 0 
250 246 
0 0 
0 0 
0 0 
0 0 
0 0 
250 70 
0 0 
0 0 
0 0 
0 0 
0 0 
248 248 
0 0 
0 0 
0 0 
0 0 
0 0 
252 252 
0 0 
0 0 
0 0 
0 0 
0 0 
0 0 
250 238 
0 0 
0 0 
0 0 
0 0 
0 0 
258 236 
0 0 
0 0 
0 0 
0 0 
0 0 
246 252 
0 0 
0 0 
0 0 
0 0 
0 0 
254 248 
0 0 
0 0 
0 0 
0 0 
0 0 
250 70 
0 0 
0 0 
0 0 
0 0 
0 0 
248 238 
0 0 
0 0 
0 0 
0 0 
0 0 
248 248 
0 0 
0 0 
0 0 
0 0 
0 0 
0 0 
368 248 
0 0 
0 0 
0 0 
0 0 
0 0 
0 0 
252 228 
0 0 
0 0 
0 0 
0 0 
0 0 
0 0 
250 74 
0 0 
0 0 
0 0 
0 0 
272 276 
0 0 
0 0 
0 0 
0 0 
0 0 
0 0 
250 248 
0 0 
0 0 
0 0 
0 0 
0 0 
0 0 
250 248 
0 0 
0 0 
0 0 
0 0 
0 0 
246 250 
0 0 
0 0 
0 0 
0 0 
0 0 
0 0 
254 246 
0 0 
0 0 
0 0 
0 0 
0 0 
222 232 
0 0 
0 0 
0 0 
0 0 
0 0 
252 248 
0 0 
0 0 
0 0 
0 0 
0 0 
258 252 
0 0 
0 0 
0 0 
0 0 
0 0 
0 0 
254 248 
0 0 
0 0 
0 0 
0 0 
0 0 
250 254 
0 0 
0 0 
0 0 
0 0 
0 0 
252 248 
0 0 
0 0 
0 0 
0 0 
0 0 
268 244 
0 0 
0 0 
0 0 
0 0 
0 0 
252 236 
0 0 
0 0 
0 0 
0 0 
0 0 
0 0 
272 246 
0 0 
0 0 
0 0 
0 0 
0 0 
0 0 
260 246 
0 0 
0 0 
0 0 
0 0 
0 0 
0 0 
250 248 
0 0 
0 0 
0 0 
0 0 
0 0 
0 0 
258 248 
0 0 
0 0 
0 0 
0 0 
0 0 
238 544 
0 0 
0 0 
0 0 
0 0 
0 0 
0 0 
0 0 
0 0 
248 236 
0 0 
0 0 
0 0 
0 0 
0 0 
244 250 
0 0 
0 0 
0 0 
0 0 
0 0 
0 0 
222 246 
0 0 
0 0 
0 0 
0 0 
0 0 
248 218 
0 0 
0 0 
0 0 
0 0 
0 0 
250 252 
0 0 
0 0 
0 0 
0 0 
0 0 
0 0 
236 238 
0 0 
0 0 
0 0 
0 0 
0 0 
260 236 
0 0 
0 0 
0 0 
0 0 
0 0 
248 242 
0 0 
0 0 
0 0 
0 0 
0 0 
240 242 
0 0 
0 0 
0 0 
0 0 
0 0 
246 242 
0 0 
0 0 
0 0 
0 0 
0 0 
280 250 
0 0 
0 0 
0 0 
0 0 
0 0 
0 0 
250 234 
0 0 
0 0 
0 0 
0 0 
0 0 
258 248 
0 0 
0 0 
0 0 
0 0 
0 0 
346 248 
0 0 
0 0 
0 0 
0 0 
0 0 
0 0 
250 232 
0 0 
0 0 
0 0 
0 0 
0 0 
0 0 
254 252 
0 0 
0 0 
0 0 
0 0 
0 0 
252 244 
0 0 
0 0 
0 0 
0 0 
0 0 
244 250 
0 0 
0 0 
0 0 
0 0 
0 0 
244 246 
0 0 
0 0 
0 0 
0 0 
0 0 
262 248 
0 0 
0 0 
0 0 
0 0 
0 0 
0 0 
250 250 
0 0 
0 0 
0 0 
0 0 
0 0 
0 0 
244 236 
0 0 
0 0 
0 0 
0 0 
0 0 
250 248 
0 0 
0 0 
0 0 
0 0 
0 0 
246 256 
0 0 
0 0 
0 0 
0 0 
0 0 
254 236 
0 0 
0 0 
0 0 
0 0 
0 0 
254 248 
0 0 
0 0 
0 0 
0 0 
0 0 
242 252 
0 0 
0 0 
0 0 
0 0 
0 0 
0 0 
222 242 
0 0 
0 0 
0 0 
0 0 
0 0 
256 232 
0 0 
0 0 
0 0 
0 0 
0 0 
0 0 
238 220 
0 0 
0 0 
0 0 
0 0 
0 0 
246 244 
0 0 
0 0 
0 0 
0 0 
0 0 
254 252 
0 0 
0 0 
0 0 
0 0 
0 0 
0 0 
244 246 
0 0 
0 0 
0 0 
0 0 
0 0 
246 692 
0 0 
0 0 
0 0 
0 0 
0 0 
0 0 
0 0 
0 0 
0 0 
250 244 
0 0 
0 0 
0 0 
0 0 
0 0 
240 250 
0 0 
0 0 
0 0 
0 0 
0 0 
0 0 
252 226 
0 0 
0 0 
0 0 
0 0 
0 0 
250 246 
0 0 
0 0 
0 0 
0 0 
0 0 
0 0 
248 244 
0 0 
0 0 
0 0 
0 0 
0 0 
254 252 
0 0 
0 0 
0 0 
0 0 
0 0 
274 254 
0 0 
0 0 
0 0 
0 0 
0 0 
0 0 
254 222 
0 0 
0 0 
0 0 
0 0 
0 0 
258 250 
0 0 
0 0 
0 0 
0 0 
0 0 
0 0 
246 246 
0 0 
0 0 
0 0 
0 0 
0 0 
0 0 
238 244 
0 0 
0 0 
0 0 
0 0 
0 0 
250 248 
0 0 
0 0 
0 0 
0 0 
0 0 
252 216 
0 0 
0 0 
0 0 
0 0 
0 0 
250 248 
0 0 
0 0 
0 0 
0 0 
0 0 
0 0 
252 240 
0 0 
0 0 
0 0 
0 0 
0 0 
224 244 
0 0 
0 0 
0 0 
0 0 
0 0 
256 240 
0 0 
0 0 
0 0 
0 0 
0 0 
0 0 
250 218 
0 0 
0 0 
0 0 
0 0 
0 0 
242 242 
0 0 
0 0 
0 0 
0 0 
0 0 
0 0 
254 596 
0 0 
0 0 
0 0 
0 0 
0 0 
0 0 
0 0 
0 0 
248 248 
0 0 
0 0 
0 0 
0 0 
0 0 
244 246 
0 0 
0 0 
0 0 
0 0 
0 0 
0 0 
274 246 
0 0 
0 0 
0 0 
0 0 
0 0 
0 0 
252 246 
0 0 
0 0 
0 0 
0 0 
0 0 
254 224 
0 0 
0 0 
0 0 
0 0 
0 0 
256 234 
0 0 
0 0 
0 0 
0 0 
0 0 
400 250 
0 0 
0 0 
0 0 
0 0 
0 0 
0 0 
220 244 
0 0 
0 0 
0 0 
0 0 
0 0 
254 278 
0 0 
0 0 
0 0 
0 0 
0 0 
0 0 
252 254 
0 0 
0 0 
0 0 
0 0 
0 0 
0 0 
248 248 
0 0 
0 0 
0 0 
0 0 
0 0 
0 0 
248 248 
0 0 
0 0 
0 0 
0 0 
0 0 
0 0 
248 536 
0 0 
0 0 
0 0 
0 0 
0 0 
0 0 
0 0 
254 250 
0 0 
0 0 
0 0 
0 0 
0 0 
0 0 
250 248 
0 0 
0 0 
0 0 
0 0 
0 0 
0 0 
258 246 
0 0 
0 0 
0 0 
0 0 
0 0 
220 324 
0 0 
0 0 
0 0 
0 0 
0 0 
0 0 
246 250 
0 0 
0 0 
0 0 
0 0 
0 0 
0 0 
252 248 
0 0 
0 0 
0 0 
0 0 
0 0 
0 0 
224 244 
0 0 
0 0 
0 0 
0 0 
0 0 
246 234 
0 0 
0 0 
0 0 
0 0 
0 0 
222 244 
0 0 
0 0 
0 0 
0 0 
0 0 
248 242 
0 0 
0 0 
0 0 
0 0 
0 0 
246 248 
0 0 
0 0 
0 0 
0 0 
0 0 
0 0 
252 252 
0 0 
0 0 
0 0 
0 0 
0 0 
242 248 
0 0 
0 0 
0 0 
0 0 
0 0 
242 248 
0 0 
0 0 
0 0 
0 0 
0 0 
0 0 
258 232 
0 0 
0 0 
0 0 
0 0 
0 0 
252 252 
0 0 
0 0 
0 0 
0 0 
0 0 
254 256 
0 0 
0 0 
0 0 
0 0 
0 0 
246 250 
0 0 
0 0 
0 0 
0 0 
0 0 
224 238 
0 0 
0 0 
0 0 
0 0 
0 0 
252 246 
0 0 
0 0 
0 0 
0 0 
0 0 
0 0 
240 244 
0 0 
0 0 
0 0 
0 0 
0 0 
248 234 
0 0 
0 0 
0 0 
0 0 
0 0 
250 246 
0 0 
0 0 
0 0 
0 0 
0 0 
0 0 
268 220 
0 0 
0 0 
0 0 
0 0 
0 0 
258 252 
0 0 
0 0 
0 0 
0 0 
0 0 
0 0 
252 246 
0 0 
0 0 
0 0 
0 0 
0 0 
242 648 
0 0 
0 0 
0 0 
0 0 
0 0 
0 0 
0 0 
0 0 
0 0 
252 234 
0 0 
0 0 
0 0 
0 0 
0 0 
260 246 
0 0 
0 0 
0 0 
0 0 
0 0 
242 244 
0 0 
0 0 
0 0 
0 0 
0 0 
0 0 
246 268 
0 0 
0 0 
0 0 
0 0 
0 0 
0 0 
248 248 
0 0 
0 0 
0 0 
0 0 
0 0 
240 250 
0 0 
0 0 
0 0 
0 0 
0 0 
254 248 
0 0 
0 0 
0 0 
0 0 
0 0 
250 246 
0 0 
0 0 
0 0 
0 0 
0 0 
238 234 
0 0 
0 0 
0 0 
0 0 
0 0 
0 0 
246 248 
0 0 
0 0 
0 0 
0 0 
0 0 
250 246 
0 0 
0 0 
0 0 
0 0 
0 0 
246 250 
0 0 
0 0 
0 0 
0 0 
0 0 
256 250 
0 0 
0 0 
0 0 
0 0 
0 0 
412 250 
0 0 
0 0 
0 0 
0 0 
0 0 
0 0 
0 0 
252 418 
0 0 
0 0 
0 0 
0 0 
0 0 
0 0 
0 0 
256 250 
0 0 
0 0 
0 0 
0 0 
0 0 
244 248 
0 0 
0 0 
0 0 
0 0 
0 0 
0 0 
250 236 
0 0 
0 0 
0 0 
0 0 
0 0 
222 250 
0 0 
0 0 
0 0 
0 0 
0 0 
252 542 
0 0 
0 0 
0 0 
0 0 
0 0 
0 0 
0 0 
0 0 
250 236 
0 0 
0 0 
0 0 
0 0 
0 0 
256 250 
0 0 
0 0 
0 0 
0 0 
0 0 
220 246 
0 0 
0 0 
0 0 
0 0 
0 0 
250 246 
0 0 
0 0 
0 0 
0 0 
0 0 
0 0 
254 252 
0 0 
0 0 
0 0 
0 0 
0 0 
0 0 
246 246 
0 0 
0 0 
0 0 
0 0 
0 0 
366 250 
0 0 
0 0 
0 0 
0 0 
0 0 
0 0 
248 242 
0 0 
0 0 
0 0 
0 0 
0 0 
0 0 
242 248 
0 0 
0 0 
0 0 
0 0 
0 0 
254 246 
0 0 
0 0 
0 0 
0 0 
0 0 
0 0 
252 250 
0 0 
0 0 
0 0 
0 0 
0 0 
244 250 
0 0 
0 0 
0 0 
0 0 
0 0 
248 250 
0 0 
0 0 
0 0 
0 0 
0 0 
264 244 
0 0 
0 0 
0 0 
0 0 
0 0 
256 236 
0 0 
0 0 
0 0 
0 0 
0 0 
0 0 
256 252 
0 0 
0 0 
0 0 
0 0 
0 0 
0 0 
234 244 
0 0 
0 0 
0 0 
0 0 
0 0 
254 246 
0 0 
0 0 
0 0 
0 0 
0 0 
258 248 
0 0 
0 0 
0 0 
0 0 
0 0 
250 242 
0 0 
0 0 
0 0 
0 0 
0 0 
242 254 
0 0 
0 0 
0 0 
0 0 
0 0 
0 0 
250 240 
0 0 
0 0 
0 0 
0 0 
0 0 
0 0 
244 248 
0 0 
0 0 
0 0 
0 0 
0 0 
246 250 
0 0 
0 0 
0 0 
0 0 
0 0 
246 248 
0 0 
0 0 
0 0 
0 0 
0 0 
256 248 
0 0 
0 0 
0 0 
0 0 
0 0 
252 674 
0 0 
0 0 
0 0 
0 0 
0 0 
0 0 
0 0 
0 0 
0 0 
254 248 
0 0 
0 0 
0 0 
0 0 
0 0 
0 0 
246 248 
0 0 
0 0 
0 0 
0 0 
0 0 
250 250 
0 0 
0 0 
0 0 
0 0 
0 0 
0 0 
220 250 
0 0 
0 0 
0 0 
0 0 
0 0 
250 252 
0 0 
0 0 
0 0 
0 0 
0 0 
0 0 
250 248 
0 0 
0 0 
0 0 
0 0 
0 0 
266 248 
0 0 
0 0 
0 0 
0 0 
0 0 
258 248 
0 0 
0 0 
0 0 
0 0 
0 0 
254 248 
0 0 
0 0 
0 0 
0 0 
0 0 
242 248 
0 0 
0 0 
0 0 
0 0 
0 0 
0 0 
252 250 
0 0 
0 0 
0 0 
0 0 
0 0 
252 250 
0 0 
0 0 
0 0 
0 0 
0 0 
248 238 
0 0 
0 0 
0 0 
0 0 
0 0 
250 246 
0 0 
0 0 
0 0 
0 0 
0 0 
0 0 
246 236 
0 0 
0 0 
0 0 
0 0 
0 0 
248 232 
0 0 
0 0 
0 0 
0 0 
0 0 
244 246 
0 0 
0 0 
0 0 
0 0 
0 0 
246 248 
0 0 
0 0 
0 0 
0 0 
0 0 
0 0 
250 250 
0 0 
0 0 
0 0 
0 0 
0 0 
256 250 
0 0 
0 0 
0 0 
0 0 
0 0 
278 254 
0 0 
0 0 
0 0 
0 0 
0 0 
0 0 
250 236 
0 0 
0 0 
0 0 
0 0 
0 0 
252 250 
0 0 
0 0 
0 0 
0 0 
0 0 
230 238 
0 0 
0 0 
0 0 
0 0 
0 0 
0 0 
252 244 
0 0 
0 0 
0 0 
0 0 
0 0 
234 246 
0 0 
0 0 
0 0 
0 0 
0 0 
252 250 
0 0 
0 0 
0 0 
0 0 
0 0 
452 256 
0 0 
0 0 
0 0 
0 0 
0 0 
0 0 
0 0 
228 234 
0 0 
0 0 
0 0 
0 0 
0 0 
250 256 
0 0 
0 0 
0 0 
0 0 
0 0 
250 248 
0 0 
0 0 
0 0 
0 0 
0 0 
0 0 
250 246 
0 0 
0 0 
0 0 
0 0 
0 0 
0 0 
248 252 
0 0 
0 0 
0 0 
0 0 
0 0 
248 542 
0 0 
0 0 
0 0 
0 0 
0 0 
0 0 
0 0 
0 0 
236 232 
0 0 
0 0 
0 0 
0 0 
0 0 
248 258 
0 0 
0 0 
0 0 
0 0 
0 0 
0 0 
250 252 
0 0 
0 0 
0 0 
0 0 
0 0 
254 268 
0 0 
0 0 
0 0 
0 0 
0 0 
0 0 
252 248 
0 0 
0 0 
0 0 
0 0 
0 0 
0 0 
252 248 
0 0 
0 0 
0 0 
0 0 
0 0 
0 0 
220 244 
0 0 
0 0 
0 0 
0 0 
0 0 
248 220 
0 0 
0 0 
0 0 
0 0 
0 0 
250 250 
0 0 
0 0 
0 0 
0 0 
0 0 
250 246 
0 0 
0 0 
0 0 
0 0 
0 0 
248 246 
0 0 
0 0 
0 0 
0 0 
0 0 
0 0 
246 248 
0 0 
0 0 
0 0 
0 0 
0 0 
250 220 
0 0 
0 0 
0 0 
0 0 
0 0 
236 244 
0 0 
0 0 
0 0 
0 0 
0 0 
0 0 
252 240 
0 0 
0 0 
0 0 
0 0 
0 0 
0 0 
254 224 
0 0 
0 0 
0 0 
0 0 
0 0 
252 242 
0 0 
0 0 
0 0 
0 0 
0 0 
0 0 
224 246 
0 0 
0 0 
0 0 
0 0 
0 0 
250 314 
0 0 
0 0 
0 0 
0 0 
0 0 
0 0 
918 220 
0 0 
0 0 
0 0 
0 0 
0 0 
0 0 
0 0 
0 0 
0 0 
0 0 
0 0 
244 224 
0 0 
0 0 
0 0 
0 0 
0 0 
224 248 
0 0 
0 0 
0 0 
0 0 
0 0 
0 0 
238 246 
0 0 
0 0 
0 0 
0 0 
0 0 
0 0 
248 218 
0 0 
0 0 
0 0 
0 0 
0 0 
222 312 
0 0 
0 0 
0 0 
0 0 
0 0 
0 0 
480 248 
0 0 
0 0 
0 0 
0 0 
0 0 
0 0 
0 0 
252 238 
0 0 
0 0 
0 0 
0 0 
0 0 
0 0 
250 246 
0 0 
0 0 
0 0 
0 0 
0 0 
230 222 
0 0 
0 0 
0 0 
0 0 
0 0 
252 252 
0 0 
0 0 
0 0 
0 0 
0 0 
0 0 
252 250 
0 0 
0 0 
0 0 
0 0 
0 0 
258 250 
0 0 
0 0 
0 0 
0 0 
0 0 
268 246 
0 0 
0 0 
0 0 
0 0 
0 0 
0 0 
252 236 
0 0 
0 0 
0 0 
0 0 
0 0 
250 300 
0 0 
0 0 
0 0 
0 0 
0 0 
0 0 
252 252 
0 0 
0 0 
0 0 
0 0 
0 0 
0 0 
250 252 
0 0 
0 0 
0 0 
0 0 
0 0 
0 0 
252 248 
0 0 
0 0 
0 0 
0 0 
0 0 
250 538 
0 0 
0 0 
0 0 
0 0 
0 0 
0 0 
0 0 
0 0 
250 250 
0 0 
0 0 
0 0 
0 0 
0 0 
246 250 
0 0 
0 0 
0 0 
0 0 
0 0 
0 0 
250 252 
0 0 
0 0 
0 0 
0 0 
0 0 
250 250 
0 0 
0 0 
0 0 
0 0 
0 0 
250 226 
0 0 
0 0 
0 0 
0 0 
0 0 
248 234 
0 0 
0 0 
0 0 
0 0 
0 0 
574 250 
0 0 
0 0 
0 0 
0 0 
0 0 
0 0 
0 0 
0 0 
254 238 
0 0 
0 0 
0 0 
0 0 
0 0 
226 242 
0 0 
0 0 
0 0 
0 0 
0 0 
0 0 
256 248 
0 0 
0 0 
0 0 
0 0 
0 0 
250 306 
0 0 
0 0 
0 0 
0 0 
0 0 
0 0 
226 252 
0 0 
0 0 
0 0 
0 0 
0 0 
228 524 
0 0 
0 0 
0 0 
0 0 
0 0 
0 0 
0 0 
254 250 
0 0 
0 0 
0 0 
0 0 
0 0 
0 0 
252 244 
0 0 
0 0 
0 0 
0 0 
0 0 
0 0 
254 254 
0 0 
0 0 
0 0 
0 0 
0 0 
256 250 
0 0 
0 0 
0 0 
0 0 
0 0 
222 250 
0 0 
0 0 
0 0 
0 0 
0 0 
226 256 
0 0 
0 0 
0 0 
0 0 
0 0 
518 222 
0 0 
0 0 
0 0 
0 0 
0 0 
0 0 
0 0 
252 232 
0 0 
0 0 
0 0 
0 0 
0 0 
0 0 
250 226 
0 0 
0 0 
0 0 
0 0 
0 0 
248 224 
0 0 
0 0 
0 0 
0 0 
0 0 
248 250 
0 0 
0 0 
0 0 
0 0 
0 0 
0 0 
224 248 
0 0 
0 0 
0 0 
0 0 
0 0 
248 248 
0 0 
0 0 
0 0 
0 0 
0 0 
0 0 
230 248 
0 0 
0 0 
0 0 
0 0 
0 0 
246 222 
0 0 
0 0 
0 0 
0 0 
0 0 
256 250 
0 0 
0 0 
0 0 
0 0 
0 0 
0 0 
248 252 
0 0 
0 0 
0 0 
0 0 
0 0 
254 246 
0 0 
0 0 
0 0 
0 0 
0 0 
0 0 
254 248 
0 0 
0 0 
0 0 
0 0 
0 0 
254 530 
0 0 
0 0 
0 0 
0 0 
0 0 
0 0 
0 0 
0 0 
246 244 
0 0 
0 0 
0 0 
0 0 
0 0 
0 0 
248 250 
0 0 
0 0 
0 0 
0 0 
0 0 
252 250 
0 0 
0 0 
0 0 
0 0 
0 0 
0 0 
226 252 
0 0 
0 0 
0 0 
0 0 
0 0 
254 248 
0 0 
0 0 
0 0 
0 0 
0 0 
0 0 
250 248 
0 0 
0 0 
0 0 
0 0 
0 0 
264 244 
0 0 
0 0 
0 0 
0 0 
0 0 
254 234 
0 0 
0 0 
0 0 
0 0 
0 0 
242 244 
0 0 
0 0 
0 0 
0 0 
0 0 
252 216 
0 0 
0 0 
0 0 
0 0 
0 0 
258 252 
0 0 
0 0 
0 0 
0 0 
0 0 
252 246 
0 0 
0 0 
0 0 
0 0 
0 0 
0 0 
258 218 
0 0 
0 0 
0 0 
0 0 
0 0 
404 252 
0 0 
0 0 
0 0 
0 0 
0 0 
0 0 
0 0 
242 240 
0 0 
0 0 
0 0 
0 0 
0 0 
254 244 
0 0 
0 0 
0 0 
0 0 
0 0 
0 0 
248 248 
0 0 
0 0 
0 0 
0 0 
0 0 
250 238 
0 0 
0 0 
0 0 
0 0 
0 0 
248 240 
0 0 
0 0 
0 0 
0 0 
0 0 
218 248 
0 0 
0 0 
0 0 
0 0 
0 0 
236 248 
0 0 
0 0 
0 0 
0 0 
0 0 
250 244 
0 0 
0 0 
0 0 
0 0 
0 0 
0 0 
228 252 
0 0 
0 0 
0 0 
0 0 
0 0 
250 248 
0 0 
0 0 
0 0 
0 0 
0 0 
256 252 
0 0 
0 0 
0 0 
0 0 
0 0 
254 218 
0 0 
0 0 
0 0 
0 0 
0 0 
252 250 
0 0 
0 0 
0 0 
0 0 
0 0 
236 250 
0 0 
0 0 
0 0 
0 0 
0 0 
250 238 
0 0 
0 0 
0 0 
0 0 
0 0 
252 250 
0 0 
0 0 
0 0 
0 0 
0 0 
252 250 
0 0 
0 0 
0 0 
0 0 
0 0 
252 250 
0 0 
0 0 
0 0 
0 0 
0 0 
252 250 
0 0 
0 0 
0 0 
0 0 
0 0 
250 250 
0 0 
0 0 
0 0 
0 0 
0 0 
694 236 
0 0 
0 0 
0 0 
0 0 
0 0 
0 0 
0 0 
0 0 
0 0 
240 250 
0 0 
0 0 
0 0 
0 0 
0 0 
256 228 
0 0 
0 0 
0 0 
0 0 
0 0 
0 0 
242 246 
0 0 
0 0 
0 0 
0 0 
0 0 
224 244 
0 0 
0 0 
0 0 
0 0 
0 0 
252 280 
0 0 
0 0 
0 0 
0 0 
0 0 
0 0 
250 542 
0 0 
0 0 
0 0 
0 0 
0 0 
0 0 
0 0 
0 0 
250 250 
0 0 
0 0 
0 0 
0 0 
0 0 
250 234 
0 0 
0 0 
0 0 
0 0 
0 0 
0 0 
254 248 
0 0 
0 0 
0 0 
0 0 
0 0 
218 252 
0 0 
0 0 
0 0 
0 0 
0 0 
252 228 
0 0 
0 0 
0 0 
0 0 
0 0 
0 0 
248 250 
0 0 
0 0 
0 0 
0 0 
0 0 
292 244 
0 0 
0 0 
0 0 
0 0 
0 0 
246 248 
0 0 
0 0 
0 0 
0 0 
0 0 
250 252 
0 0 
0 0 
0 0 
0 0 
0 0 
256 222 
0 0 
0 0 
0 0 
0 0 
0 0 
252 254 
0 0 
0 0 
0 0 
0 0 
0 0 
218 244 
0 0 
0 0 
0 0 
0 0 
0 0 
246 248 
0 0 
0 0 
0 0 
0 0 
0 0 
576 224 
0 0 
0 0 
0 0 
0 0 
0 0 
0 0 
0 0 
0 0 
254 234 
0 0 
0 0 
0 0 
0 0 
0 0 
246 284 
0 0 
0 0 
0 0 
0 0 
0 0 
0 0 
248 246 
0 0 
0 0 
0 0 
0 0 
0 0 
0 0 
224 216 
0 0 
0 0 
0 0 
0 0 
0 0 
246 250 
0 0 
0 0 
0 0 
0 0 
0 0 
248 668 
0 0 
0 0 
0 0 
0 0 
0 0 
0 0 
0 0 
0 0 
0 0 
248 250 
0 0 
0 0 
0 0 
0 0 
0 0 
252 240 
0 0 
0 0 
0 0 
0 0 
0 0 
238 250 
0 0 
0 0 
0 0 
0 0 
0 0 
0 0 
256 250 
0 0 
0 0 
0 0 
0 0 
0 0 
262 218 
0 0 
0 0 
0 0 
0 0 
0 0 
254 248 
0 0 
0 0 
0 0 
0 0 
0 0 
452 250 
0 0 
0 0 
0 0 
0 0 
0 0 
0 0 
0 0 
250 216 
0 0 
0 0 
0 0 
0 0 
0 0 
254 254 
0 0 
0 0 
0 0 
0 0 
0 0 
0 0 
248 250 
0 0 
0 0 
0 0 
0 0 
0 0 
0 0 
250 224 
0 0 
0 0 
0 0 
0 0 
0 0 
250 254 
0 0 
0 0 
0 0 
0 0 
0 0 
0 0 
220 604 
0 0 
0 0 
0 0 
0 0 
0 0 
0 0 
0 0 
0 0 
220 244 
0 0 
0 0 
0 0 
0 0 
0 0 
250 244 
0 0 
0 0 
0 0 
0 0 
0 0 
0 0 
252 250 
0 0 
0 0 
0 0 
0 0 
0 0 
0 0 
228 244 
0 0 
0 0 
0 0 
0 0 
0 0 
244 246 
0 0 
0 0 
0 0 
0 0 
0 0 
260 254 
0 0 
0 0 
0 0 
0 0 
0 0 
0 0 
252 246 
0 0 
0 0 
0 0 
0 0 
0 0 
0 0 
248 238 
0 0 
0 0 
0 0 
0 0 
0 0 
0 0 
250 252 
0 0 
0 0 
0 0 
0 0 
0 0 
0 0 
232 252 
0 0 
0 0 
0 0 
0 0 
0 0 
0 0 
252 252 
0 0 
0 0 
0 0 
0 0 
0 0 
0 0 
250 250 
0 0 
0 0 
0 0 
0 0 
0 0 
254 710 
0 0 
0 0 
0 0 
0 0 
0 0 
0 0 
0 0 
0 0 
0 0 
254 234 
0 0 
0 0 
0 0 
0 0 
0 0 
0 0 
238 240 
0 0 
0 0 
0 0 
0 0 
0 0 
252 278 
0 0 
0 0 
0 0 
0 0 
0 0 
0 0 
226 226 
0 0 
0 0 
0 0 
0 0 
0 0 
252 246 
0 0 
0 0 
0 0 
0 0 
0 0 
0 0 
258 548 
0 0 
0 0 
0 0 
0 0 
0 0 
0 0 
0 0 
0 0 
256 244 
0 0 
0 0 
0 0 
0 0 
0 0 
0 0 
256 240 
0 0 
0 0 
0 0 
0 0 
0 0 
248 254 
0 0 
0 0 
0 0 
0 0 
0 0 
0 0 
238 252 
0 0 
0 0 
0 0 
0 0 
0 0 
224 246 
0 0 
0 0 
0 0 
0 0 
0 0 
242 242 
0 0 
0 0 
0 0 
0 0 
0 0 
0 0 
234 234 
0 0 
0 0 
0 0 
0 0 
0 0 
250 240 
0 0 
0 0 
0 0 
0 0 
0 0 
0 0 
228 242 
0 0 
0 0 
0 0 
0 0 
0 0 
246 246 
0 0 
0 0 
0 0 
0 0 
0 0 
0 0 
244 280 
0 0 
0 0 
0 0 
0 0 
0 0 
248 250 
0 0 
0 0 
0 0 
0 0 
0 0 
220 248 
0 0 
0 0 
0 0 
0 0 
0 0 
0 0 
332 250 
0 0 
0 0 
0 0 
0 0 
0 0 
0 0 
238 242 
0 0 
0 0 
0 0 
0 0 
0 0 
228 228 
0 0 
0 0 
0 0 
0 0 
0 0 
234 250 
0 0 
0 0 
0 0 
0 0 
0 0 
250 222 
0 0 
0 0 
0 0 
0 0 
0 0 
240 220 
0 0 
0 0 
0 0 
0 0 
0 0 
228 696 
0 0 
0 0 
0 0 
0 0 
0 0 
0 0 
0 0 
0 0 
0 0 
234 220 
0 0 
0 0 
0 0 
0 0 
0 0 
222 216 
0 0 
0 0 
0 0 
0 0 
0 0 
252 250 
0 0 
0 0 
0 0 
0 0 
0 0 
0 0 
226 254 
0 0 
0 0 
0 0 
0 0 
0 0 
218 246 
0 0 
0 0 
0 0 
0 0 
0 0 
252 254 
0 0 
0 0 
0 0 
0 0 
0 0 
0 0 
326 244 
0 0 
0 0 
0 0 
0 0 
0 0 
0 0 
248 236 
0 0 
0 0 
0 0 
0 0 
0 0 
246 244 
0 0 
0 0 
0 0 
0 0 
0 0 
244 222 
0 0 
0 0 
0 0 
0 0 
0 0 
220 248 
0 0 
0 0 
0 0 
0 0 
0 0 
224 252 
0 0 
0 0 
0 0 
0 0 
0 0 
252 248 
0 0 
0 0 
0 0 
0 0 
0 0 
0 0 
234 250 
0 0 
0 0 
0 0 
0 0 
0 0 
250 250 
0 0 
0 0 
0 0 
0 0 
0 0 
250 244 
0 0 
0 0 
0 0 
0 0 
0 0 
254 258 
0 0 
0 0 
0 0 
0 0 
0 0 
250 248 
0 0 
0 0 
0 0 
0 0 
0 0 
0 0 
252 250 
0 0 
0 0 
0 0 
0 0 
0 0 
252 250 
0 0 
0 0 
0 0 
0 0 
0 0 
0 0 
254 242 
0 0 
0 0 
0 0 
0 0 
0 0 
252 238 
0 0 
0 0 
0 0 
0 0 
0 0 
0 0 
252 238 
0 0 
0 0 
0 0 
0 0 
0 0 
250 246 
0 0 
0 0 
0 0 
0 0 
0 0 
252 256 
0 0 
0 0 
0 0 
0 0 
0 0 
250 302 
0 0 
0 0 
0 0 
0 0 
0 0 
0 0 
240 248 
0 0 
0 0 
0 0 
0 0 
0 0 
234 252 
0 0 
0 0 
0 0 
0 0 
0 0 
0 0 
250 242 
0 0 
0 0 
0 0 
0 0 
0 0 
254 244 
0 0 
0 0 
0 0 
0 0 
0 0 
246 228 
0 0 
0 0 
0 0 
0 0 
0 0 
252 252 
0 0 
0 0 
0 0 
0 0 
0 0 
250 246 
0 0 
0 0 
0 0 
0 0 
0 0 
244 238 
0 0 
0 0 
0 0 
0 0 
0 0 
372 250 
0 0 
0 0 
0 0 
0 0 
0 0 
0 0 
246 232 
0 0 
0 0 
0 0 
0 0 
0 0 
0 0 
256 252 
0 0 
0 0 
0 0 
0 0 
0 0 
248 244 
0 0 
0 0 
0 0 
0 0 
0 0 
248 254 
0 0 
0 0 
0 0 
0 0 
0 0 
252 248 
0 0 
0 0 
0 0 
0 0 
0 0 
242 246 
0 0 
0 0 
0 0 
0 0 
0 0 
300 232 
0 0 
0 0 
0 0 
0 0 
0 0 
0 0 
256 234 
0 0 
0 0 
0 0 
0 0 
0 0 
246 254 
0 0 
0 0 
0 0 
0 0 
0 0 
0 0 
246 252 
0 0 
0 0 
0 0 
0 0 
0 0 
254 250 
0 0 
0 0 
0 0 
0 0 
0 0 
252 246 
0 0 
0 0 
0 0 
0 0 
0 0 
250 246 
0 0 
0 0 
0 0 
0 0 
0 0 
266 250 
0 0 
0 0 
0 0 
0 0 
0 0 
250 250 
0 0 
0 0 
0 0 
0 0 
0 0 
240 248 
0 0 
0 0 
0 0 
0 0 
0 0 
250 248 
0 0 
0 0 
0 0 
0 0 
0 0 
252 248 
0 0 
0 0 
0 0 
0 0 
0 0 
0 0 
248 250 
0 0 
0 0 
0 0 
0 0 
0 0 
254 234 
0 0 
0 0 
0 0 
0 0 
0 0 
412 250 
0 0 
0 0 
0 0 
0 0 
0 0 
0 0 
0 0 
248 234 
0 0 
0 0 
0 0 
0 0 
0 0 
0 0 
262 248 
0 0 
0 0 
0 0 
0 0 
0 0 
0 0 
254 248 
0 0 
0 0 
0 0 
0 0 
0 0 
248 244 
0 0 
0 0 
0 0 
0 0 
0 0 
0 0 
250 248 
0 0 
0 0 
0 0 
0 0 
0 0 
252 546 
0 0 
0 0 
0 0 
0 0 
0 0 
0 0 
0 0 
0 0 
250 244 
0 0 
0 0 
0 0 
0 0 
0 0 
248 250 
0 0 
0 0 
0 0 
0 0 
0 0 
252 246 
0 0 
0 0 
0 0 
0 0 
0 0 
0 0 
252 242 
0 0 
0 0 
0 0 
0 0 
0 0 
250 238 
0 0 
0 0 
0 0 
0 0 
0 0 
252 240 
0 0 
0 0 
0 0 
0 0 
0 0 
490 250 
0 0 
0 0 
0 0 
0 0 
0 0 
0 0 
0 0 
256 246 
0 0 
0 0 
0 0 
0 0 
0 0 
0 0 
254 248 
0 0 
0 0 
0 0 
0 0 
0 0 
0 0 
252 254 
0 0 
0 0 
0 0 
0 0 
0 0 
250 250 
0 0 
0 0 
0 0 
0 0 
0 0 
244 246 
0 0 
0 0 
0 0 
0 0 
0 0 
242 244 
0 0 
0 0 
0 0 
0 0 
0 0 
260 246 
0 0 
0 0 
0 0 
0 0 
0 0 
248 234 
0 0 
0 0 
0 0 
0 0 
0 0 
248 244 
0 0 
0 0 
0 0 
0 0 
0 0 
250 250 
0 0 
0 0 
0 0 
0 0 
0 0 
250 248 
0 0 
0 0 
0 0 
0 0 
0 0 
250 248 
0 0 
0 0 
0 0 
0 0 
0 0 
0 0 
254 252 
0 0 
0 0 
0 0 
0 0 
0 0 
260 244 
0 0 
0 0 
0 0 
0 0 
0 0 
0 0 
246 236 
0 0 
0 0 
0 0 
0 0 
0 0 
252 256 
0 0 
0 0 
0 0 
0 0 
0 0 
250 236 
0 0 
0 0 
0 0 
0 0 
0 0 
254 246 
0 0 
0 0 
0 0 
0 0 
0 0 
0 0 
256 250 
0 0 
0 0 
0 0 
0 0 
0 0 
254 250 
0 0 
0 0 
0 0 
0 0 
0 0 
232 250 
0 0 
0 0 
0 0 
0 0 
0 0 
254 232 
0 0 
0 0 
0 0 
0 0 
0 0 
0 0 
250 250 
0 0 
0 0 
0 0 
0 0 
0 0 
256 248 
0 0 
0 0 
0 0 
0 0 
0 0 
254 254 
0 0 
0 0 
0 0 
0 0 
0 0 
0 0 
252 252 
0 0 
0 0 
0 0 
0 0 
0 0 
242 254 
0 0 
0 0 
0 0 
0 0 
0 0 
258 246 
0 0 
0 0 
0 0 
0 0 
0 0 
258 238 
0 0 
0 0 
0 0 
0 0 
0 0 
254 250 
0 0 
0 0 
0 0 
0 0 
0 0 
250 244 
0 0 
0 0 
0 0 
0 0 
0 0 
248 246 
0 0 
0 0 
0 0 
0 0 
0 0 
254 248 
0 0 
0 0 
0 0 
0 0 
0 0 
248 248 
0 0 
0 0 
0 0 
0 0 
0 0 
498 248 
0 0 
0 0 
0 0 
0 0 
0 0 
0 0 
0 0 
258 234 
0 0 
0 0 
0 0 
0 0 
0 0 
0 0 
252 246 
0 0 
0 0 
0 0 
0 0 
0 0 
232 246 
0 0 
0 0 
0 0 
0 0 
0 0 
252 246 
0 0 
0 0 
0 0 
0 0 
0 0 
258 246 
0 0 
0 0 
0 0 
0 0 
0 0 
250 240 
0 0 
0 0 
0 0 
0 0 
0 0 
250 250 
0 0 
0 0 
0 0 
0 0 
0 0 
0 0 
234 236 
0 0 
0 0 
0 0 
0 0 
0 0 
248 248 
0 0 
0 0 
0 0 
0 0 
0 0 
0 0 
252 250 
0 0 
0 0 
0 0 
0 0 
0 0 
258 246 
0 0 
0 0 
0 0 
0 0 
0 0 
254 242 
0 0 
0 0 
0 0 
0 0 
0 0 
252 246 
0 0 
0 0 
0 0 
0 0 
0 0 
268 242 
0 0 
0 0 
0 0 
0 0 
0 0 
250 238 
0 0 
0 0 
0 0 
0 0 
0 0 
254 254 
0 0 
0 0 
0 0 
0 0 
0 0 
244 250 
0 0 
0 0 
0 0 
0 0 
0 0 
240 246 
0 0 
0 0 
0 0 
0 0 
0 0 
256 240 
0 0 
0 0 
0 0 
0 0 
0 0 
250 246 
0 0 
0 0 
0 0 
0 0 
0 0 
500 250 
0 0 
0 0 
0 0 
0 0 
0 0 
0 0 
0 0 
0 0 
254 236 
0 0 
0 0 
0 0 
0 0 
0 0 
0 0 
252 250 
0 0 
0 0 
0 0 
0 0 
0 0 
0 0 
256 254 
0 0 
0 0 
0 0 
0 0 
0 0 
252 240 
0 0 
0 0 
0 0 
0 0 
0 0 
0 0 
250 250 
0 0 
0 0 
0 0 
0 0 
0 0 
0 0 
586 250 
0 0 
0 0 
0 0 
0 0 
0 0 
0 0 
0 0 
0 0 
254 240 
0 0 
0 0 
0 0 
0 0 
0 0 
252 252 
0 0 
0 0 
0 0 
0 0 
0 0 
0 0 
248 246 
0 0 
0 0 
0 0 
0 0 
0 0 
244 248 
0 0 
0 0 
0 0 
0 0 
0 0 
0 0 
250 244 
0 0 
0 0 
0 0 
0 0 
0 0 
0 0 
250 548 
0 0 
0 0 
0 0 
0 0 
0 0 
0 0 
0 0 
0 0 
254 248 
0 0 
0 0 
0 0 
0 0 
0 0 
0 0 
240 248 
0 0 
0 0 
0 0 
0 0 
0 0 
252 252 
0 0 
0 0 
0 0 
0 0 
0 0 
0 0 
248 250 
0 0 
0 0 
0 0 
0 0 
0 0 
0 0 
240 244 
0 0 
0 0 
0 0 
0 0 
0 0 
0 0 
252 652 
0 0 
0 0 
0 0 
0 0 
0 0 
0 0 
0 0 
0 0 
0 0 
248 250 
0 0 
0 0 
0 0 
0 0 
0 0 
240 250 
0 0 
0 0 
0 0 
0 0 
0 0 
254 242 
0 0 
0 0 
0 0 
0 0 
0 0 
250 252 
0 0 
0 0 
0 0 
0 0 
0 0 
0 0 
248 252 
0 0 
0 0 
0 0 
0 0 
0 0 
250 242 
0 0 
0 0 
0 0 
0 0 
0 0 
494 244 
0 0 
0 0 
0 0 
0 0 
0 0 
0 0 
0 0 
252 236 
0 0 
0 0 
0 0 
0 0 
0 0 
0 0 
246 248 
0 0 
0 0 
0 0 
0 0 
0 0 
252 244 
0 0 
0 0 
0 0 
0 0 
0 0 
244 250 
0 0 
0 0 
0 0 
0 0 
0 0 
252 248 
0 0 
0 0 
0 0 
0 0 
0 0 
254 248 
0 0 
0 0 
0 0 
0 0 
0 0 
270 236 
0 0 
0 0 
0 0 
0 0 
0 0 
218 248 
0 0 
0 0 
0 0 
0 0 
0 0 
250 250 
0 0 
0 0 
0 0 
0 0 
0 0 
250 246 
0 0 
0 0 
0 0 
0 0 
0 0 
250 252 
0 0 
0 0 
0 0 
0 0 
0 0 
248 236 
0 0 
0 0 
0 0 
0 0 
0 0 
246 248 
0 0 
0 0 
0 0 
0 0 
0 0 
608 246 
0 0 
0 0 
0 0 
0 0 
0 0 
0 0 
0 0 
0 0 
252 234 
0 0 
0 0 
0 0 
0 0 
0 0 
250 248 
0 0 
0 0 
0 0 
0 0 
0 0 
0 0 
248 254 
0 0 
0 0 
0 0 
0 0 
0 0 
252 246 
0 0 
0 0 
0 0 
0 0 
0 0 
0 0 
246 254 
0 0 
0 0 
0 0 
0 0 
0 0 
254 704 
0 0 
0 0 
0 0 
0 0 
0 0 
0 0 
0 0 
0 0 
0 0 
256 246 
0 0 
0 0 
0 0 
0 0 
0 0 
248 248 
0 0 
0 0 
0 0 
0 0 
0 0 
0 0 
254 246 
0 0 
0 0 
0 0 
0 0 
0 0 
0 0 
244 248 
0 0 
0 0 
0 0 
0 0 
0 0 
248 278 
0 0 
0 0 
0 0 
0 0 
0 0 
0 0 
250 248 
0 0 
0 0 
0 0 
0 0 
0 0 
0 0 
218 250 
0 0 
0 0 
0 0 
0 0 
0 0 
256 232 
0 0 
0 0 
0 0 
0 0 
0 0 
256 248 
0 0 
0 0 
0 0 
0 0 
0 0 
0 0 
252 246 
0 0 
0 0 
0 0 
0 0 
0 0 
0 0 
252 248 
0 0 
0 0 
0 0 
0 0 
0 0 
254 254 
0 0 
0 0 
0 0 
0 0 
0 0 
252 556 
0 0 
0 0 
0 0 
0 0 
0 0 
0 0 
0 0 
0 0 
256 256 
0 0 
0 0 
0 0 
0 0 
0 0 
0 0 
250 248 
0 0 
0 0 
0 0 
0 0 
0 0 
238 250 
0 0 
0 0 
0 0 
0 0 
0 0 
252 248 
0 0 
0 0 
0 0 
0 0 
0 0 
258 250 
0 0 
0 0 
0 0 
0 0 
0 0 
0 0 
254 220 
0 0 
0 0 
0 0 
0 0 
0 0 
408 246 
0 0 
0 0 
0 0 
0 0 
0 0 
0 0 
0 0 
254 234 
0 0 
0 0 
0 0 
0 0 
0 0 
0 0 
240 250 
0 0 
0 0 
0 0 
0 0 
0 0 
250 248 
0 0 
0 0 
0 0 
0 0 
0 0 
0 0 
246 244 
0 0 
0 0 
0 0 
0 0 
0 0 
248 246 
0 0 
0 0 
0 0 
0 0 
0 0 
252 708 
0 0 
0 0 
0 0 
0 0 
0 0 
0 0 
0 0 
0 0 
0 0 
246 250 
0 0 
0 0 
0 0 
0 0 
0 0 
0 0 
252 244 
0 0 
0 0 
0 0 
0 0 
0 0 
0 0 
256 244 
0 0 
0 0 
0 0 
0 0 
0 0 
248 250 
0 0 
0 0 
0 0 
0 0 
0 0 
248 244 
0 0 
0 0 
0 0 
0 0 
0 0 
252 252 
0 0 
0 0 
0 0 
0 0 
0 0 
342 244 
0 0 
0 0 
0 0 
0 0 
0 0 
0 0 
246 236 
0 0 
0 0 
0 0 
0 0 
0 0 
250 246 
0 0 
0 0 
0 0 
0 0 
0 0 
256 250 
0 0 
0 0 
0 0 
0 0 
0 0 
0 0 
254 252 
0 0 
0 0 
0 0 
0 0 
0 0 
244 248 
0 0 
0 0 
0 0 
0 0 
0 0 
254 248 
0 0 
0 0 
0 0 
0 0 
0 0 
274 240 
0 0 
0 0 
0 0 
0 0 
0 0 
0 0 
244 240 
0 0 
0 0 
0 0 
0 0 
0 0 
0 0 
252 250 
0 0 
0 0 
0 0 
0 0 
0 0 
0 0 
248 234 
0 0 
0 0 
0 0 
0 0 
0 0 
246 246 
0 0 
0 0 
0 0 
0 0 
0 0 
240 250 
0 0 
0 0 
0 0 
0 0 
0 0 
248 250 
0 0 
0 0 
0 0 
0 0 
0 0 
264 246 
0 0 
0 0 
0 0 
0 0 
0 0 
250 236 
0 0 
0 0 
0 0 
0 0 
0 0 
254 246 
0 0 
0 0 
0 0 
0 0 
0 0 
240 246 
0 0 
0 0 
0 0 
0 0 
0 0 
254 248 
0 0 
0 0 
0 0 
0 0 
0 0 
256 250 
0 0 
0 0 
0 0 
0 0 
0 0 
246 236 
0 0 
0 0 
0 0 
0 0 
0 0 
324 254 
0 0 
0 0 
0 0 
0 0 
0 0 
0 0 
224 238 
0 0 
0 0 
0 0 
0 0 
0 0 
0 0 
246 220 
0 0 
0 0 
0 0 
0 0 
0 0 
248 250 
0 0 
0 0 
0 0 
0 0 
0 0 
0 0 
250 250 
0 0 
0 0 
0 0 
0 0 
0 0 
252 248 
0 0 
0 0 
0 0 
0 0 
0 0 
250 250 
0 0 
0 0 
0 0 
0 0 
0 0 
266 246 
0 0 
0 0 
0 0 
0 0 
0 0 
248 240 
0 0 
0 0 
0 0 
0 0 
0 0 
226 244 
0 0 
0 0 
0 0 
0 0 
0 0 
254 246 
0 0 
0 0 
0 0 
0 0 
0 0 
0 0 
248 244 
0 0 
0 0 
0 0 
0 0 
0 0 
254 246 
0 0 
0 0 
0 0 
0 0 
0 0 
252 248 
0 0 
0 0 
0 0 
0 0 
0 0 
252 246 
0 0 
0 0 
0 0 
0 0 
0 0 
252 292 
0 0 
0 0 
0 0 
0 0 
0 0 
0 0 
252 252 
0 0 
0 0 
0 0 
0 0 
0 0 
0 0 
248 252 
0 0 
0 0 
0 0 
0 0 
0 0 
252 246 
0 0 
0 0 
0 0 
0 0 
0 0 
248 248 
0 0 
0 0 
0 0 
0 0 
0 0 
0 0 
224 732 
0 0 
0 0 
0 0 
0 0 
0 0 
0 0 
0 0 
0 0 
0 0 
224 246 
0 0 
0 0 
0 0 
0 0 
0 0 
246 250 
0 0 
0 0 
0 0 
0 0 
0 0 
0 0 
250 256 
0 0 
0 0 
0 0 
0 0 
0 0 
0 0 
220 248 
0 0 
0 0 
0 0 
0 0 
0 0 
248 248 
0 0 
0 0 
0 0 
0 0 
0 0 
0 0 
248 246 
0 0 
0 0 
0 0 
0 0 
0 0 
0 0 
250 252 
0 0 
0 0 
0 0 
0 0 
0 0 
250 236 
0 0 
0 0 
0 0 
0 0 
0 0 
248 248 
0 0 
0 0 
0 0 
0 0 
0 0 
248 222 
0 0 
0 0 
0 0 
0 0 
0 0 
252 246 
0 0 
0 0 
0 0 
0 0 
0 0 
0 0 
252 250 
0 0 
0 0 
0 0 
0 0 
0 0 
250 250 
0 0 
0 0 
0 0 
0 0 
0 0 
264 250 
0 0 
0 0 
0 0 
0 0 
0 0 
0 0 
222 238 
0 0 
0 0 
0 0 
0 0 
0 0 
250 250 
0 0 
0 0 
0 0 
0 0 
0 0 
248 248 
0 0 
0 0 
0 0 
0 0 
0 0 
0 0 
248 238 
0 0 
0 0 
0 0 
0 0 
0 0 
256 248 
0 0 
0 0 
0 0 
0 0 
0 0 
0 0 
246 634 
0 0 
0 0 
0 0 
0 0 
0 0 
0 0 
0 0 
0 0 
236 244 
0 0 
0 0 
0 0 
0 0 
0 0 
0 0 
250 216 
0 0 
0 0 
0 0 
0 0 
0 0 
252 244 
0 0 
0 0 
0 0 
0 0 
0 0 
0 0 
254 250 
0 0 
0 0 
0 0 
0 0 
0 0 
0 0 
252 230 
0 0 
0 0 
0 0 
0 0 
0 0 
0 0 
250 246 
0 0 
0 0 
0 0 
0 0 
0 0 
260 248 
0 0 
0 0 
0 0 
0 0 
0 0 
254 294 
0 0 
0 0 
0 0 
0 0 
0 0 
0 0 
254 248 
0 0 
0 0 
0 0 
0 0 
0 0 
258 252 
0 0 
0 0 
0 0 
0 0 
0 0 
0 0 
254 246 
0 0 
0 0 
0 0 
0 0 
0 0 
254 248 
0 0 
0 0 
0 0 
0 0 
0 0 
0 0 
224 780 
0 0 
0 0 
0 0 
0 0 
0 0 
0 0 
0 0 
0 0 
0 0 
228 240 
0 0 
0 0 
0 0 
0 0 
0 0 
0 0 
256 248 
0 0 
0 0 
0 0 
0 0 
0 0 
250 250 
0 0 
0 0 
0 0 
0 0 
0 0 
0 0 
250 244 
0 0 
0 0 
0 0 
0 0 
0 0 
246 256 
0 0 
0 0 
0 0 
0 0 
0 0 
260 254 
0 0 
0 0 
0 0 
0 0 
0 0 
0 0 
252 222 
0 0 
0 0 
0 0 
0 0 
0 0 
248 234 
0 0 
0 0 
0 0 
0 0 
0 0 
230 244 
0 0 
0 0 
0 0 
0 0 
0 0 
0 0 
248 230 
0 0 
0 0 
0 0 
0 0 
0 0 
0 0 
254 248 
0 0 
0 0 
0 0 
0 0 
0 0 
264 250 
0 0 
0 0 
0 0 
0 0 
0 0 
250 596 
0 0 
0 0 
0 0 
0 0 
0 0 
0 0 
0 0 
0 0 
256 248 
0 0 
0 0 
0 0 
0 0 
0 0 
250 248 
0 0 
0 0 
0 0 
0 0 
0 0 
0 0 
258 226 
0 0 
0 0 
0 0 
0 0 
0 0 
250 242 
0 0 
0 0 
0 0 
0 0 
0 0 
0 0 
226 248 
0 0 
0 0 
0 0 
0 0 
0 0 
254 248 
0 0 
0 0 
0 0 
0 0 
0 0 
0 0 
246 248 
0 0 
0 0 
0 0 
0 0 
0 0 
248 238 
0 0 
0 0 
0 0 
0 0 
0 0 
250 250 
0 0 
0 0 
0 0 
0 0 
0 0 
248 246 
0 0 
0 0 
0 0 
0 0 
0 0 
0 0 
250 244 
0 0 
0 0 
0 0 
0 0 
0 0 
218 240 
0 0 
0 0 
0 0 
0 0 
0 0 
230 248 
0 0 
0 0 
0 0 
0 0 
0 0 
366 278 
0 0 
0 0 
0 0 
0 0 
0 0 
0 0 
0 0 
252 234 
0 0 
0 0 
0 0 
0 0 
0 0 
0 0 
248 252 
0 0 
0 0 
0 0 
0 0 
0 0 
250 252 
0 0 
0 0 
0 0 
0 0 
0 0 
250 252 
0 0 
0 0 
0 0 
0 0 
0 0 
256 244 
0 0 
0 0 
0 0 
0 0 
0 0 
0 0 
252 602 
0 0 
0 0 
0 0 
0 0 
0 0 
0 0 
0 0 
0 0 
0 0 
246 252 
0 0 
0 0 
0 0 
0 0 
0 0 
0 0 
250 252 
0 0 
0 0 
0 0 
0 0 
0 0 
0 0 
224 248 
0 0 
0 0 
0 0 
0 0 
0 0 
250 246 
0 0 
0 0 
0 0 
0 0 
0 0 
252 244 
0 0 
0 0 
0 0 
0 0 
0 0 
0 0 
250 248 
0 0 
0 0 
0 0 
0 0 
0 0 
262 250 
0 0 
0 0 
0 0 
0 0 
0 0 
256 238 
0 0 
0 0 
0 0 
0 0 
0 0 
250 226 
0 0 
0 0 
0 0 
0 0 
0 0 
256 250 
0 0 
0 0 
0 0 
0 0 
0 0 
0 0 
224 246 
0 0 
0 0 
0 0 
0 0 
0 0 
248 248 
0 0 
0 0 
0 0 
0 0 
0 0 
0 0 
248 242 
0 0 
0 0 
0 0 
0 0 
0 0 
0 0 
224 246 
0 0 
0 0 
0 0 
0 0 
0 0 
0 0 
238 250 
0 0 
0 0 
0 0 
0 0 
0 0 
254 246 
0 0 
0 0 
0 0 
0 0 
0 0 
0 0 
224 250 
0 0 
0 0 
0 0 
0 0 
0 0 
248 252 
0 0 
0 0 
0 0 
0 0 
0 0 
0 0 
248 246 
0 0 
0 0 
0 0 
0 0 
0 0 
248 648 
0 0 
0 0 
0 0 
0 0 
0 0 
0 0 
0 0 
0 0 
254 218 
0 0 
0 0 
0 0 
0 0 
0 0 
254 246 
0 0 
0 0 
0 0 
0 0 
0 0 
250 252 
0 0 
0 0 
0 0 
0 0 
0 0 
0 0 
252 258 
0 0 
0 0 
0 0 
0 0 
0 0 
0 0 
248 246 
0 0 
0 0 
0 0 
0 0 
0 0 
248 254 
0 0 
0 0 
0 0 
0 0 
0 0 
234 246 
0 0 
0 0 
0 0 
0 0 
0 0 
0 0 
248 246 
0 0 
0 0 
0 0 
0 0 
0 0 
252 244 
0 0 
0 0 
0 0 
0 0 
0 0 
0 0 
248 248 
0 0 
0 0 
0 0 
0 0 
0 0 
248 250 
0 0 
0 0 
0 0 
0 0 
0 0 
246 226 
0 0 
0 0 
0 0 
0 0 
0 0 
252 248 
0 0 
0 0 
0 0 
0 0 
0 0 
0 0 
218 248 
0 0 
0 0 
0 0 
0 0 
0 0 
254 236 
0 0 
0 0 
0 0 
0 0 
0 0 
0 0 
252 244 
0 0 
0 0 
0 0 
0 0 
0 0 
252 244 
0 0 
0 0 
0 0 
0 0 
0 0 
254 252 
0 0 
0 0 
0 0 
0 0 
0 0 
244 248 
0 0 
0 0 
0 0 
0 0 
0 0 
250 714 
0 0 
0 0 
0 0 
0 0 
0 0 
0 0 
0 0 
0 0 
0 0 
0 0 
250 244 
0 0 
0 0 
0 0 
0 0 
0 0 
0 0 
254 246 
0 0 
0 0 
0 0 
0 0 
0 0 
0 0 
250 252 
0 0 
0 0 
0 0 
0 0 
0 0 
248 218 
0 0 
0 0 
0 0 
0 0 
0 0 
0 0 
248 248 
0 0 
0 0 
0 0 
0 0 
0 0 
250 650 
0 0 
0 0 
0 0 
0 0 
0 0 
0 0 
0 0 
0 0 
0 0 
248 250 
0 0 
0 0 
0 0 
0 0 
0 0 
254 252 
0 0 
0 0 
0 0 
0 0 
0 0 
0 0 
250 248 
0 0 
0 0 
0 0 
0 0 
0 0 
252 246 
0 0 
0 0 
0 0 
0 0 
0 0 
0 0 
250 220 
0 0 
0 0 
0 0 
0 0 
0 0 
244 252 
0 0 
0 0 
0 0 
0 0 
0 0 
0 0 
232 242 
0 0 
0 0 
0 0 
0 0 
0 0 
256 240 
0 0 
0 0 
0 0 
0 0 
0 0 
252 250 
0 0 
0 0 
0 0 
0 0 
0 0 
248 222 
0 0 
0 0 
0 0 
0 0 
0 0 
252 248 
0 0 
0 0 
0 0 
0 0 
0 0 
230 244 
0 0 
0 0 
0 0 
0 0 
0 0 
254 250 
0 0 
0 0 
0 0 
0 0 
0 0 
542 242 
0 0 
0 0 
0 0 
0 0 
0 0 
0 0 
0 0 
0 0 
250 238 
0 0 
0 0 
0 0 
0 0 
0 0 
0 0 
256 222 
0 0 
0 0 
0 0 
0 0 
0 0 
258 250 
0 0 
0 0 
0 0 
0 0 
0 0 
0 0 
250 252 
0 0 
0 0 
0 0 
0 0 
0 0 
258 244 
0 0 
0 0 
0 0 
0 0 
0 0 
252 578 
0 0 
0 0 
0 0 
0 0 
0 0 
0 0 
0 0 
0 0 
252 250 
0 0 
0 0 
0 0 
0 0 
0 0 
0 0 
252 250 
0 0 
0 0 
0 0 
0 0 
0 0 
0 0 
252 252 
0 0 
0 0 
0 0 
0 0 
0 0 
234 246 
0 0 
0 0 
0 0 
0 0 
0 0 
248 222 
0 0 
0 0 
0 0 
0 0 
0 0 
250 248 
0 0 
0 0 
0 0 
0 0 
0 0 
0 0 
240 250 
0 0 
0 0 
0 0 
0 0 
0 0 
250 252 
0 0 
0 0 
0 0 
0 0 
0 0 
258 252 
0 0 
0 0 
0 0 
0 0 
0 0 
250 252 
0 0 
0 0 
0 0 
0 0 
0 0 
246 250 
0 0 
0 0 
0 0 
0 0 
0 0 
224 248 
0 0 
0 0 
0 0 
0 0 
0 0 
250 250 
0 0 
0 0 
0 0 
0 0 
0 0 
568 686 
0 0 
0 0 
0 0 
0 0 
0 0 
0 0 
0 0 
0 0 
0 0 
0 0 
0 0 
0 0 
250 240 
0 0 
0 0 
0 0 
0 0 
0 0 
236 246 
0 0 
0 0 
0 0 
0 0 
0 0 
248 246 
0 0 
0 0 
0 0 
0 0 
0 0 
0 0 
246 246 
0 0 
0 0 
0 0 
0 0 
0 0 
216 244 
0 0 
0 0 
0 0 
0 0 
0 0 
452 244 
0 0 
0 0 
0 0 
0 0 
0 0 
0 0 
0 0 
252 244 
0 0 
0 0 
0 0 
0 0 
0 0 
220 248 
0 0 
0 0 
0 0 
0 0 
0 0 
254 246 
0 0 
0 0 
0 0 
0 0 
0 0 
0 0 
244 250 
0 0 
0 0 
0 0 
0 0 
0 0 
256 246 
0 0 
0 0 
0 0 
0 0 
0 0 
250 250 
0 0 
0 0 
0 0 
0 0 
0 0 
0 0 
224 246 
0 0 
0 0 
0 0 
0 0 
0 0 
246 232 
0 0 
0 0 
0 0 
0 0 
0 0 
0 0 
252 246 
0 0 
0 0 
0 0 
0 0 
0 0 
0 0 
254 242 
0 0 
0 0 
0 0 
0 0 
0 0 
252 222 
0 0 
0 0 
0 0 
0 0 
0 0 
250 252 
0 0 
0 0 
0 0 
0 0 
0 0 
0 0 
254 540 
0 0 
0 0 
0 0 
0 0 
0 0 
0 0 
0 0 
0 0 
256 250 
0 0 
0 0 
0 0 
0 0 
0 0 
0 0 
254 250 
0 0 
0 0 
0 0 
0 0 
0 0 
252 242 
0 0 
0 0 
0 0 
0 0 
0 0 
256 244 
0 0 
0 0 
0 0 
0 0 
0 0 
254 250 
0 0 
0 0 
0 0 
0 0 
0 0 
0 0 
250 250 
0 0 
0 0 
0 0 
0 0 
0 0 
0 0 
254 250 
0 0 
0 0 
0 0 
0 0 
0 0 
0 0 
254 240 
0 0 
0 0 
0 0 
0 0 
0 0 
252 250 
0 0 
0 0 
0 0 
0 0 
0 0 
252 222 
0 0 
0 0 
0 0 
0 0 
0 0 
0 0 
250 260 
0 0 
0 0 
0 0 
0 0 
0 0 
222 248 
0 0 
0 0 
0 0 
0 0 
0 0 
248 250 
0 0 
0 0 
0 0 
0 0 
0 0 
0 0 
246 250 
0 0 
0 0 
0 0 
0 0 
0 0 
252 240 
0 0 
0 0 
0 0 
0 0 
0 0 
254 250 
0 0 
0 0 
0 0 
0 0 
0 0 
0 0 
252 244 
0 0 
0 0 
0 0 
0 0 
0 0 
262 252 
0 0 
0 0 
0 0 
0 0 
0 0 
250 250 
0 0 
0 0 
0 0 
0 0 
0 0 
222 250 
0 0 
0 0 
0 0 
0 0 
0 0 
266 248 
0 0 
0 0 
0 0 
0 0 
0 0 
250 242 
0 0 
0 0 
0 0 
0 0 
0 0 
260 238 
0 0 
0 0 
0 0 
0 0 
0 0 
248 250 
0 0 
0 0 
0 0 
0 0 
0 0 
244 252 
0 0 
0 0 
0 0 
0 0 
0 0 
258 250 
0 0 
0 0 
0 0 
0 0 
0 0 
0 0 
252 250 
0 0 
0 0 
0 0 
0 0 
0 0 
258 246 
0 0 
0 0 
0 0 
0 0 
0 0 
248 234 
0 0 
0 0 
0 0 
0 0 
0 0 
246 248 
0 0 
0 0 
0 0 
0 0 
0 0 
0 0 
252 236 
0 0 
0 0 
0 0 
0 0 
0 0 
260 250 
0 0 
0 0 
0 0 
0 0 
0 0 
0 0 
256 252 
0 0 
0 0 
0 0 
0 0 
0 0 
0 0 
226 720 
0 0 
0 0 
0 0 
0 0 
0 0 
0 0 
0 0 
0 0 
0 0 
250 238 
0 0 
0 0 
0 0 
0 0 
0 0 
258 248 
0 0 
0 0 
0 0 
0 0 
0 0 
0 0 
242 250 
0 0 
0 0 
0 0 
0 0 
0 0 
248 244 
0 0 
0 0 
0 0 
0 0 
0 0 
246 244 
0 0 
0 0 
0 0 
0 0 
0 0 
252 246 
0 0 
0 0 
0 0 
0 0 
0 0 
0 0 
306 244 
0 0 
0 0 
0 0 
0 0 
0 0 
0 0 
246 238 
0 0 
0 0 
0 0 
0 0 
0 0 
0 0 
246 242 
0 0 
0 0 
0 0 
0 0 
0 0 
254 244 
0 0 
0 0 
0 0 
0 0 
0 0 
250 248 
0 0 
0 0 
0 0 
0 0 
0 0 
228 236 
0 0 
0 0 
0 0 
0 0 
0 0 
248 244 
0 0 
0 0 
0 0 
0 0 
0 0 
236 246 
0 0 
0 0 
0 0 
0 0 
0 0 
0 0 
246 244 
0 0 
0 0 
0 0 
0 0 
0 0 
248 252 
0 0 
0 0 
0 0 
0 0 
0 0 
0 0 
270 248 
0 0 
0 0 
0 0 
0 0 
0 0 
246 244 
0 0 
0 0 
0 0 
0 0 
0 0 
246 250 
0 0 
0 0 
0 0 
0 0 
0 0 
250 248 
0 0 
0 0 
0 0 
0 0 
0 0 
268 252 
0 0 
0 0 
0 0 
0 0 
0 0 
0 0 
248 238 
0 0 
0 0 
0 0 
0 0 
0 0 
0 0 
250 238 
0 0 
0 0 
0 0 
0 0 
0 0 
248 250 
0 0 
0 0 
0 0 
0 0 
0 0 
252 246 
0 0 
0 0 
0 0 
0 0 
0 0 
250 244 
0 0 
0 0 
0 0 
0 0 
0 0 
254 246 
0 0 
0 0 
0 0 
0 0 
0 0 
260 244 
0 0 
0 0 
0 0 
0 0 
0 0 
258 240 
0 0 
0 0 
0 0 
0 0 
0 0 
222 246 
0 0 
0 0 
0 0 
0 0 
0 0 
254 244 
0 0 
0 0 
0 0 
0 0 
0 0 
218 248 
0 0 
0 0 
0 0 
0 0 
0 0 
256 230 
0 0 
0 0 
0 0 
0 0 
0 0 
248 252 
0 0 
0 0 
0 0 
0 0 
0 0 
0 0 
298 222 
0 0 
0 0 
0 0 
0 0 
0 0 
0 0 
250 234 
0 0 
0 0 
0 0 
0 0 
0 0 
240 246 
0 0 
0 0 
0 0 
0 0 
0 0 
250 248 
0 0 
0 0 
0 0 
0 0 
0 0 
258 244 
0 0 
0 0 
0 0 
0 0 
0 0 
250 250 
0 0 
0 0 
0 0 
0 0 
0 0 
252 248 
0 0 
0 0 
0 0 
0 0 
0 0 
0 0 
288 240 
0 0 
0 0 
0 0 
0 0 
0 0 
242 244 
0 0 
0 0 
0 0 
0 0 
0 0 
236 250 
0 0 
0 0 
0 0 
0 0 
0 0 
0 0 
252 246 
0 0 
0 0 
0 0 
0 0 
0 0 
246 244 
0 0 
0 0 
0 0 
0 0 
0 0 
254 254 
0 0 
0 0 
0 0 
0 0 
0 0 
222 250 
0 0 
0 0 
0 0 
0 0 
0 0 
388 218 
0 0 
0 0 
0 0 
0 0 
0 0 
0 0 
0 0 
256 236 
0 0 
0 0 
0 0 
0 0 
0 0 
242 248 
0 0 
0 0 
0 0 
0 0 
0 0 
248 246 
0 0 
0 0 
0 0 
0 0 
0 0 
0 0 
254 242 
0 0 
0 0 
0 0 
0 0 
0 0 
272 248 
0 0 
0 0 
0 0 
0 0 
0 0 
252 250 
0 0 
0 0 
0 0 
0 0 
0 0 
238 248 
0 0 
0 0 
0 0 
0 0 
0 0 
258 370 
0 0 
0 0 
0 0 
0 0 
0 0 
0 0 
218 254 
0 0 
0 0 
0 0 
0 0 
0 0 
0 0 
248 252 
0 0 
0 0 
0 0 
0 0 
0 0 
0 0 
258 242 
0 0 
0 0 
0 0 
0 0 
0 0 
250 250 
0 0 
0 0 
0 0 
0 0 
0 0 
252 672 
0 0 
0 0 
0 0 
0 0 
0 0 
0 0 
0 0 
0 0 
0 0 
236 250 
0 0 
0 0 
0 0 
0 0 
0 0 
246 242 
0 0 
0 0 
0 0 
0 0 
0 0 
246 250 
0 0 
0 0 
0 0 
0 0 
0 0 
0 0 
248 248 
0 0 
0 0 
0 0 
0 0 
0 0 
248 250 
0 0 
0 0 
0 0 
0 0 
0 0 
252 254 
0 0 
0 0 
0 0 
0 0 
0 0 
438 236 
0 0 
0 0 
0 0 
0 0 
0 0 
0 0 
0 0 
250 236 
0 0 
0 0 
0 0 
0 0 
0 0 
250 246 
0 0 
0 0 
0 0 
0 0 
0 0 
0 0 
248 240 
0 0 
0 0 
0 0 
0 0 
0 0 
254 246 
0 0 
0 0 
0 0 
0 0 
0 0 
246 250 
0 0 
0 0 
0 0 
0 0 
0 0 
248 242 
0 0 
0 0 
0 0 
0 0 
0 0 
252 248 
0 0 
0 0 
0 0 
0 0 
0 0 
250 236 
0 0 
0 0 
0 0 
0 0 
0 0 
250 248 
0 0 
0 0 
0 0 
0 0 
0 0 
238 250 
0 0 
0 0 
0 0 
0 0 
0 0 
250 244 
0 0 
0 0 
0 0 
0 0 
0 0 
0 0 
256 248 
0 0 
0 0 
0 0 
0 0 
0 0 
256 246 
0 0 
0 0 
0 0 
0 0 
0 0 
354 248 
0 0 
0 0 
0 0 
0 0 
0 0 
0 0 
254 230 
0 0 
0 0 
0 0 
0 0 
0 0 
250 242 
0 0 
0 0 
0 0 
0 0 
0 0 
0 0 
250 256 
0 0 
0 0 
0 0 
0 0 
0 0 
250 254 
0 0 
0 0 
0 0 
0 0 
0 0 
248 248 
0 0 
0 0 
0 0 
0 0 
0 0 
250 248 
0 0 
0 0 
0 0 
0 0 
0 0 
388 242 
0 0 
0 0 
0 0 
0 0 
0 0 
0 0 
260 238 
0 0 
0 0 
0 0 
0 0 
0 0 
0 0 
256 248 
0 0 
0 0 
0 0 
0 0 
0 0 
252 250 
0 0 
0 0 
0 0 
0 0 
0 0 
254 250 
0 0 
0 0 
0 0 
0 0 
0 0 
0 0 
254 248 
0 0 
0 0 
0 0 
0 0 
0 0 
250 236 
0 0 
0 0 
0 0 
0 0 
0 0 
264 252 
0 0 
0 0 
0 0 
0 0 
0 0 
0 0 
244 234 
0 0 
0 0 
0 0 
0 0 
0 0 
248 252 
0 0 
0 0 
0 0 
0 0 
0 0 
246 246 
0 0 
0 0 
0 0 
0 0 
0 0 
250 252 
0 0 
0 0 
0 0 
0 0 
0 0 
250 242 
0 0 
0 0 
0 0 
0 0 
0 0 
250 252 
0 0 
0 0 
0 0 
0 0 
0 0 
272 248 
0 0 
0 0 
0 0 
0 0 
0 0 
254 244 
0 0 
0 0 
0 0 
0 0 
0 0 
252 240 
0 0 
0 0 
0 0 
0 0 
0 0 
258 248 
0 0 
0 0 
0 0 
0 0 
0 0 
236 244 
0 0 
0 0 
0 0 
0 0 
0 0 
250 254 
0 0 
0 0 
0 0 
0 0 
0 0 
250 250 
0 0 
0 0 
0 0 
0 0 
0 0 
584 252 
0 0 
0 0 
0 0 
0 0 
0 0 
0 0 
0 0 
0 0 
250 236 
0 0 
0 0 
0 0 
0 0 
0 0 
254 250 
0 0 
0 0 
0 0 
0 0 
0 0 
0 0 
244 250 
0 0 
0 0 
0 0 
0 0 
0 0 
246 252 
0 0 
0 0 
0 0 
0 0 
0 0 
250 240 
0 0 
0 0 
0 0 
0 0 
0 0 
0 0 
246 670 
0 0 
0 0 
0 0 
0 0 
0 0 
0 0 
0 0 
0 0 
0 0 
248 258 
0 0 
0 0 
0 0 
0 0 
0 0 
0 0 
254 244 
0 0 
0 0 
0 0 
0 0 
0 0 
0 0 
256 250 
0 0 
0 0 
0 0 
0 0 
0 0 
250 252 
0 0 
0 0 
0 0 
0 0 
0 0 
248 244 
0 0 
0 0 
0 0 
0 0 
0 0 
238 252 
0 0 
0 0 
0 0 
0 0 
0 0 
252 290 
0 0 
0 0 
0 0 
0 0 
0 0 
0 0 
250 234 
0 0 
0 0 
0 0 
0 0 
0 0 
0 0 
254 246 
0 0 
0 0 
0 0 
0 0 
0 0 
0 0 
248 254 
0 0 
0 0 
0 0 
0 0 
0 0 
250 244 
0 0 
0 0 
0 0 
0 0 
0 0 
256 256 
0 0 
0 0 
0 0 
0 0 
0 0 
248 248 
0 0 
0 0 
0 0 
0 0 
0 0 
262 244 
0 0 
0 0 
0 0 
0 0 
0 0 
254 234 
0 0 
0 0 
0 0 
0 0 
0 0 
250 244 
0 0 
0 0 
0 0 
0 0 
0 0 
278 246 
0 0 
0 0 
0 0 
0 0 
0 0 
252 246 
0 0 
0 0 
0 0 
0 0 
0 0 
250 246 
0 0 
0 0 
0 0 
0 0 
0 0 
256 238 
0 0 
0 0 
0 0 
0 0 
0 0 
354 250 
0 0 
0 0 
0 0 
0 0 
0 0 
0 0 
238 238 
0 0 
0 0 
0 0 
0 0 
0 0 
254 312 
0 0 
0 0 
0 0 
0 0 
0 0 
0 0 
256 246 
0 0 
0 0 
0 0 
0 0 
0 0 
0 0 
236 250 
0 0 
0 0 
0 0 
0 0 
0 0 
254 248 
0 0 
0 0 
0 0 
0 0 
0 0 
262 250 
0 0 
0 0 
0 0 
0 0 
0 0 
262 252 
0 0 
0 0 
0 0 
0 0 
0 0 
250 238 
0 0 
0 0 
0 0 
0 0 
0 0 
238 252 
0 0 
0 0 
0 0 
0 0 
0 0 
262 250 
0 0 
0 0 
0 0 
0 0 
0 0 
252 248 
0 0 
0 0 
0 0 
0 0 
0 0 
252 240 
0 0 
0 0 
0 0 
0 0 
0 0 
250 248 
0 0 
0 0 
0 0 
0 0 
0 0 
468 248 
0 0 
0 0 
0 0 
0 0 
0 0 
0 0 
0 0 
254 242 
0 0 
0 0 
0 0 
0 0 
0 0 
0 0 
254 248 
0 0 
0 0 
0 0 
0 0 
0 0 
250 250 
0 0 
0 0 
0 0 
0 0 
0 0 
252 244 
0 0 
0 0 
0 0 
0 0 
0 0 
0 0 
254 250 
0 0 
0 0 
0 0 
0 0 
0 0 
310 724 
0 0 
0 0 
0 0 
0 0 
0 0 
0 0 
0 0 
0 0 
0 0 
0 0 
242 246 
0 0 
0 0 
0 0 
0 0 
0 0 
240 244 
0 0 
0 0 
0 0 
0 0 
0 0 
0 0 
258 248 
0 0 
0 0 
0 0 
0 0 
0 0 
0 0 
234 250 
0 0 
0 0 
0 0 
0 0 
0 0 
252 250 
0 0 
0 0 
0 0 
0 0 
0 0 
250 250 
0 0 
0 0 
0 0 
0 0 
0 0 
264 246 
0 0 
0 0 
0 0 
0 0 
0 0 
248 238 
0 0 
0 0 
0 0 
0 0 
0 0 
242 248 
0 0 
0 0 
0 0 
0 0 
0 0 
252 250 
0 0 
0 0 
0 0 
0 0 
0 0 
254 252 
0 0 
0 0 
0 0 
0 0 
0 0 
248 254 
0 0 
0 0 
0 0 
0 0 
0 0 
246 248 
0 0 
0 0 
0 0 
0 0 
0 0 
538 246 
0 0 
0 0 
0 0 
0 0 
0 0 
0 0 
0 0 
0 0 
242 234 
0 0 
0 0 
0 0 
0 0 
0 0 
256 246 
0 0 
0 0 
0 0 
0 0 
0 0 
252 252 
0 0 
0 0 
0 0 
0 0 
0 0 
0 0 
250 240 
0 0 
0 0 
0 0 
0 0 
0 0 
248 254 
0 0 
0 0 
0 0 
0 0 
0 0 
240 244 
0 0 
0 0 
0 0 
0 0 
0 0 
254 248 
0 0 
0 0 
0 0 
0 0 
0 0 
0 0 
248 236 
0 0 
0 0 
0 0 
0 0 
0 0 
250 240 
0 0 
0 0 
0 0 
0 0 
0 0 
252 252 
0 0 
0 0 
0 0 
0 0 
0 0 
0 0 
252 250 
0 0 
0 0 
0 0 
0 0 
0 0 
248 246 
0 0 
0 0 
0 0 
0 0 
0 0 
252 250 
0 0 
0 0 
0 0 
0 0 
0 0 
264 250 
0 0 
0 0 
0 0 
0 0 
0 0 
252 236 
0 0 
0 0 
0 0 
0 0 
0 0 
246 236 
0 0 
0 0 
0 0 
0 0 
0 0 
244 242 
0 0 
0 0 
0 0 
0 0 
0 0 
250 250 
0 0 
0 0 
0 0 
0 0 
0 0 
246 248 
0 0 
0 0 
0 0 
0 0 
0 0 
248 252 
0 0 
0 0 
0 0 
0 0 
0 0 
0 0 
250 250 
0 0 
0 0 
0 0 
0 0 
0 0 
238 238 
0 0 
0 0 
0 0 
0 0 
0 0 
252 244 
0 0 
0 0 
0 0 
0 0 
0 0 
252 248 
0 0 
0 0 
0 0 
0 0 
0 0 
244 238 
0 0 
0 0 
0 0 
0 0 
0 0 
256 246 
0 0 
0 0 
0 0 
0 0 
0 0 
0 0 
240 248 
0 0 
0 0 
0 0 
0 0 
0 0 
308 254 
0 0 
0 0 
0 0 
0 0 
0 0 
0 0 
240 234 
0 0 
0 0 
0 0 
0 0 
0 0 
0 0 
242 250 
0 0 
0 0 
0 0 
0 0 
0 0 
250 248 
0 0 
0 0 
0 0 
0 0 
0 0 
0 0 
252 250 
0 0 
0 0 
0 0 
0 0 
0 0 
0 0 
222 250 
0 0 
0 0 
0 0 
0 0 
0 0 
254 558 
0 0 
0 0 
0 0 
0 0 
0 0 
0 0 
0 0 
0 0 
254 250 
0 0 
0 0 
0 0 
0 0 
0 0 
242 252 
0 0 
0 0 
0 0 
0 0 
0 0 
0 0 
250 252 
0 0 
0 0 
0 0 
0 0 
0 0 
0 0 
248 246 
0 0 
0 0 
0 0 
0 0 
0 0 
222 250 
0 0 
0 0 
0 0 
0 0 
0 0 
254 250 
0 0 
0 0 
0 0 
0 0 
0 0 
0 0 
240 242 
0 0 
0 0 
0 0 
0 0 
0 0 
250 244 
0 0 
0 0 
0 0 
0 0 
0 0 
250 248 
0 0 
0 0 
0 0 
0 0 
0 0 
248 252 
0 0 
0 0 
0 0 
0 0 
0 0 
246 226 
0 0 
0 0 
0 0 
0 0 
0 0 
254 236 
0 0 
0 0 
0 0 
0 0 
0 0 
248 250 
0 0 
0 0 
0 0 
0 0 
0 0 
624 246 
0 0 
0 0 
0 0 
0 0 
0 0 
0 0 
0 0 
0 0 
250 234 
0 0 
0 0 
0 0 
0 0 
0 0 
270 244 
0 0 
0 0 
0 0 
0 0 
0 0 
0 0 
248 220 
0 0 
0 0 
0 0 
0 0 
0 0 
0 0 
250 248 
0 0 
0 0 
0 0 
0 0 
0 0 
278 252 
0 0 
0 0 
0 0 
0 0 
0 0 
0 0 
248 574 
0 0 
0 0 
0 0 
0 0 
0 0 
0 0 
0 0 
0 0 
252 248 
0 0 
0 0 
0 0 
0 0 
0 0 
240 248 
0 0 
0 0 
0 0 
0 0 
0 0 
258 222 
0 0 
0 0 
0 0 
0 0 
0 0 
256 246 
0 0 
0 0 
0 0 
0 0 
0 0 
0 0 
254 248 
0 0 
0 0 
0 0 
0 0 
0 0 
0 0 
252 246 
0 0 
0 0 
0 0 
0 0 
0 0 
0 0 
254 250 
0 0 
0 0 
0 0 
0 0 
0 0 
254 232 
0 0 
0 0 
0 0 
0 0 
0 0 
0 0 
252 244 
0 0 
0 0 
0 0 
0 0 
0 0 
248 248 
0 0 
0 0 
0 0 
0 0 
0 0 
0 0 
252 252 
0 0 
0 0 
0 0 
0 0 
0 0 
0 0 
254 220 
0 0 
0 0 
0 0 
0 0 
0 0 
246 550 
0 0 
0 0 
0 0 
0 0 
0 0 
0 0 
0 0 
0 0 
256 250 
0 0 
0 0 
0 0 
0 0 
0 0 
386 252 
0 0 
0 0 
0 0 
0 0 
0 0 
0 0 
0 0 
250 248 
0 0 
0 0 
0 0 
0 0 
0 0 
0 0 
250 252 
0 0 
0 0 
0 0 
0 0 
0 0 
320 252 
0 0 
0 0 
0 0 
0 0 
0 0 
0 0 
246 648 
0 0 
0 0 
0 0 
0 0 
0 0 
0 0 
0 0 
0 0 
0 0 
254 250 
0 0 
0 0 
0 0 
0 0 
0 0 
0 0 
248 250 
0 0 
0 0 
0 0 
0 0 
0 0 
304 246 
0 0 
0 0 
0 0 
0 0 
0 0 
0 0 
250 234 
0 0 
0 0 
0 0 
0 0 
0 0 
0 0 
254 250 
0 0 
0 0 
0 0 
0 0 
0 0 
282 248 
0 0 
0 0 
0 0 
0 0 
0 0 
0 0 
244 250 
0 0 
0 0 
0 0 
0 0 
0 0 
0 0 
242 250 
0 0 
0 0 
0 0 
0 0 
0 0 
0 0 
222 250 
0 0 
0 0 
0 0 
0 0 
0 0 
260 306 
0 0 
0 0 
0 0 
0 0 
0 0 
0 0 
254 248 
0 0 
0 0 
0 0 
0 0 
0 0 
0 0 
256 250 
0 0 
0 0 
0 0 
0 0 
0 0 
0 0 
448 248 
0 0 
0 0 
0 0 
0 0 
0 0 
0 0 
0 0 
256 236 
0 0 
0 0 
0 0 
0 0 
0 0 
248 244 
0 0 
0 0 
0 0 
0 0 
0 0 
248 246 
0 0 
0 0 
0 0 
0 0 
0 0 
0 0 
250 248 
0 0 
0 0 
0 0 
0 0 
0 0 
218 250 
0 0 
0 0 
0 0 
0 0 
0 0 
256 246 
0 0 
0 0 
0 0 
0 0 
0 0 
418 248 
0 0 
0 0 
0 0 
0 0 
0 0 
0 0 
0 0 
312 238 
0 0 
0 0 
0 0 
0 0 
0 0 
0 0 
248 244 
0 0 
0 0 
0 0 
0 0 
0 0 
256 246 
0 0 
0 0 
0 0 
0 0 
0 0 
392 248 
0 0 
0 0 
0 0 
0 0 
0 0 
0 0 
0 0 
258 288 
0 0 
0 0 
0 0 
0 0 
0 0 
0 0 
608 248 
0 0 
0 0 
0 0 
0 0 
0 0 
0 0 
0 0 
0 0 
250 238 
0 0 
0 0 
0 0 
0 0 
0 0 
254 252 
0 0 
0 0 
0 0 
0 0 
0 0 
258 250 
0 0 
0 0 
0 0 
0 0 
0 0 
0 0 
250 250 
0 0 
0 0 
0 0 
0 0 
0 0 
0 0 
250 250 
0 0 
0 0 
0 0 
0 0 
0 0 
252 718 
0 0 
0 0 
0 0 
0 0 
0 0 
0 0 
0 0 
0 0 
0 0 
252 250 
0 0 
0 0 
0 0 
0 0 
0 0 
224 248 
0 0 
0 0 
0 0 
0 0 
0 0 
256 244 
0 0 
0 0 
0 0 
0 0 
0 0 
252 250 
0 0 
0 0 
0 0 
0 0 
0 0 
0 0 
222 246 
0 0 
0 0 
0 0 
0 0 
0 0 
250 252 
0 0 
0 0 
0 0 
0 0 
0 0 
514 250 
0 0 
0 0 
0 0 
0 0 
0 0 
0 0 
0 0 
0 0 
254 234 
0 0 
0 0 
0 0 
0 0 
0 0 
254 298 
0 0 
0 0 
0 0 
0 0 
0 0 
0 0 
254 246 
0 0 
0 0 
0 0 
0 0 
0 0 
274 252 
0 0 
0 0 
0 0 
0 0 
0 0 
0 0 
262 246 
0 0 
0 0 
0 0 
0 0 
0 0 
0 0 
250 532 
0 0 
0 0 
0 0 
0 0 
0 0 
0 0 
0 0 
0 0 
246 250 
0 0 
0 0 
0 0 
0 0 
0 0 
248 250 
0 0 
0 0 
0 0 
0 0 
0 0 
0 0 
246 240 
0 0 
0 0 
0 0 
0 0 
0 0 
246 250 
0 0 
0 0 
0 0 
0 0 
0 0 
248 216 
0 0 
0 0 
0 0 
0 0 
0 0 
254 236 
0 0 
0 0 
0 0 
0 0 
0 0 
324 250 
0 0 
0 0 
0 0 
0 0 
0 0 
0 0 
250 236 
0 0 
0 0 
0 0 
0 0 
0 0 
254 236 
0 0 
0 0 
0 0 
0 0 
0 0 
0 0 
350 252 
0 0 
0 0 
0 0 
0 0 
0 0 
0 0 
258 252 
0 0 
0 0 
0 0 
0 0 
0 0 
0 0 
248 248 
0 0 
0 0 
0 0 
0 0 
0 0 
0 0 
254 540 
0 0 
0 0 
0 0 
0 0 
0 0 
0 0 
0 0 
0 0 
258 250 
0 0 
0 0 
0 0 
0 0 
0 0 
0 0 
250 246 
0 0 
0 0 
0 0 
0 0 
0 0 
0 0 
252 250 
0 0 
0 0 
0 0 
0 0 
0 0 
226 248 
0 0 
0 0 
0 0 
0 0 
0 0 
0 0 
248 250 
0 0 
0 0 
0 0 
0 0 
0 0 
252 250 
0 0 
0 0 
0 0 
0 0 
0 0 
264 250 
0 0 
0 0 
0 0 
0 0 
0 0 
0 0 
250 236 
0 0 
0 0 
0 0 
0 0 
0 0 
0 0 
256 248 
0 0 
0 0 
0 0 
0 0 
0 0 
250 218 
0 0 
0 0 
0 0 
0 0 
0 0 
250 256 
0 0 
0 0 
0 0 
0 0 
0 0 
224 246 
0 0 
0 0 
0 0 
0 0 
0 0 
250 734 
0 0 
0 0 
0 0 
0 0 
0 0 
0 0 
0 0 
0 0 
0 0 
0 0 
252 248 
0 0 
0 0 
0 0 
0 0 
0 0 
250 248 
0 0 
0 0 
0 0 
0 0 
0 0 
0 0 
298 242 
0 0 
0 0 
0 0 
0 0 
0 0 
0 0 
252 248 
0 0 
0 0 
0 0 
0 0 
0 0 
250 248 
0 0 
0 0 
0 0 
0 0 
0 0 
0 0 
332 630 
0 0 
0 0 
0 0 
0 0 
0 0 
0 0 
0 0 
0 0 
0 0 
270 252 
0 0 
0 0 
0 0 
0 0 
0 0 
0 0 
252 250 
0 0 
0 0 
0 0 
0 0 
0 0 
0 0 
250 254 
0 0 
0 0 
0 0 
0 0 
0 0 
0 0 
254 254 
0 0 
0 0 
0 0 
0 0 
0 0 
0 0 
250 268 
0 0 
0 0 
0 0 
0 0 
0 0 
0 0 
248 548 
0 0 
0 0 
0 0 
0 0 
0 0 
0 0 
0 0 
0 0 
252 248 
0 0 
0 0 
0 0 
0 0 
0 0 
228 248 
0 0 
0 0 
0 0 
0 0 
0 0 
0 0 
248 308 
0 0 
0 0 
0 0 
0 0 
0 0 
0 0 
248 250 
0 0 
0 0 
0 0 
0 0 
0 0 
248 250 
0 0 
0 0 
0 0 
0 0 
0 0 
250 242 
0 0 
0 0 
0 0 
0 0 
0 0 
0 0 
252 252 
0 0 
0 0 
0 0 
0 0 
0 0 
248 232 
0 0 
0 0 
0 0 
0 0 
0 0 
252 250 
0 0 
0 0 
0 0 
0 0 
0 0 
218 250 
0 0 
0 0 
0 0 
0 0 
0 0 
248 254 
0 0 
0 0 
0 0 
0 0 
0 0 
228 248 
0 0 
0 0 
0 0 
0 0 
0 0 
254 238 
0 0 
0 0 
0 0 
0 0 
0 0 
458 244 
0 0 
0 0 
0 0 
0 0 
0 0 
0 0 
0 0 
248 242 
0 0 
0 0 
0 0 
0 0 
0 0 
0 0 
250 252 
0 0 
0 0 
0 0 
0 0 
0 0 
236 244 
0 0 
0 0 
0 0 
0 0 
0 0 
248 252 
0 0 
0 0 
0 0 
0 0 
0 0 
0 0 
252 216 
0 0 
0 0 
0 0 
0 0 
0 0 
252 702 
0 0 
0 0 
0 0 
0 0 
0 0 
0 0 
0 0 
0 0 
0 0 
254 248 
0 0 
0 0 
0 0 
0 0 
0 0 
246 250 
0 0 
0 0 
0 0 
0 0 
0 0 
0 0 
250 250 
0 0 
0 0 
0 0 
0 0 
0 0 
250 248 
0 0 
0 0 
0 0 
0 0 
0 0 
254 248 
0 0 
0 0 
0 0 
0 0 
0 0 
248 248 
0 0 
0 0 
0 0 
0 0 
0 0 
574 256 
0 0 
0 0 
0 0 
0 0 
0 0 
0 0 
0 0 
0 0 
218 236 
0 0 
0 0 
0 0 
0 0 
0 0 
258 250 
0 0 
0 0 
0 0 
0 0 
0 0 
0 0 
246 246 
0 0 
0 0 
0 0 
0 0 
0 0 
0 0 
248 248 
0 0 
0 0 
0 0 
0 0 
0 0 
250 252 
0 0 
0 0 
0 0 
0 0 
0 0 
248 614 
0 0 
0 0 
0 0 
0 0 
0 0 
0 0 
0 0 
0 0 
218 250 
0 0 
0 0 
0 0 
0 0 
0 0 
242 250 
0 0 
0 0 
0 0 
0 0 
0 0 
0 0 
244 246 
0 0 
0 0 
0 0 
0 0 
0 0 
0 0 
224 250 
0 0 
0 0 
0 0 
0 0 
0 0 
252 248 
0 0 
0 0 
0 0 
0 0 
0 0 
0 0 
250 246 
0 0 
0 0 
0 0 
0 0 
0 0 
280 246 
0 0 
0 0 
0 0 
0 0 
0 0 
0 0 
256 234 
0 0 
0 0 
0 0 
0 0 
0 0 
252 246 
0 0 
0 0 
0 0 
0 0 
0 0 
0 0 
252 218 
0 0 
0 0 
0 0 
0 0 
0 0 
252 250 
0 0 
0 0 
0 0 
0 0 
0 0 
0 0 
254 250 
0 0 
0 0 
0 0 
0 0 
0 0 
0 0 
350 546 
0 0 
0 0 
0 0 
0 0 
0 0 
0 0 
0 0 
0 0 
0 0 
256 236 
0 0 
0 0 
0 0 
0 0 
0 0 
248 242 
0 0 
0 0 
0 0 
0 0 
0 0 
256 252 
0 0 
0 0 
0 0 
0 0 
0 0 
0 0 
250 242 
0 0 
0 0 
0 0 
0 0 
0 0 
0 0 
256 252 
0 0 
0 0 
0 0 
0 0 
0 0 
0 0 
250 678 
0 0 
0 0 
0 0 
0 0 
0 0 
0 0 
0 0 
0 0 
0 0 
254 248 
0 0 
0 0 
0 0 
0 0 
0 0 
244 246 
0 0 
0 0 
0 0 
0 0 
0 0 
0 0 
252 246 
0 0 
0 0 
0 0 
0 0 
0 0 
252 248 
0 0 
0 0 
0 0 
0 0 
0 0 
0 0 
246 242 
0 0 
0 0 
0 0 
0 0 
0 0 
256 246 
0 0 
0 0 
0 0 
0 0 
0 0 
282 254 
0 0 
0 0 
0 0 
0 0 
0 0 
0 0 
250 238 
0 0 
0 0 
0 0 
0 0 
0 0 
250 248 
0 0 
0 0 
0 0 
0 0 
0 0 
0 0 
228 242 
0 0 
0 0 
0 0 
0 0 
0 0 
254 248 
0 0 
0 0 
0 0 
0 0 
0 0 
0 0 
248 254 
0 0 
0 0 
0 0 
0 0 
0 0 
252 248 
0 0 
0 0 
0 0 
0 0 
0 0 
264 246 
0 0 
0 0 
0 0 
0 0 
0 0 
0 0 
246 236 
0 0 
0 0 
0 0 
0 0 
0 0 
248 218 
0 0 
0 0 
0 0 
0 0 
0 0 
248 244 
0 0 
0 0 
0 0 
0 0 
0 0 
0 0 
252 252 
0 0 
0 0 
0 0 
0 0 
0 0 
250 244 
0 0 
0 0 
0 0 
0 0 
0 0 
250 254 
0 0 
0 0 
0 0 
0 0 
0 0 
236 252 
0 0 
0 0 
0 0 
0 0 
0 0 
252 238 
0 0 
0 0 
0 0 
0 0 
0 0 
266 242 
0 0 
0 0 
0 0 
0 0 
0 0 
254 252 
0 0 
0 0 
0 0 
0 0 
0 0 
250 242 
0 0 
0 0 
0 0 
0 0 
0 0 
252 240 
0 0 
0 0 
0 0 
0 0 
0 0 
248 254 
0 0 
0 0 
0 0 
0 0 
0 0 
0 0 
248 246 
0 0 
0 0 
0 0 
0 0 
0 0 
246 230 
0 0 
0 0 
0 0 
0 0 
0 0 
256 246 
0 0 
0 0 
0 0 
0 0 
0 0 
0 0 
246 244 
0 0 
0 0 
0 0 
0 0 
0 0 
250 248 
0 0 
0 0 
0 0 
0 0 
0 0 
254 244 
0 0 
0 0 
0 0 
0 0 
0 0 
250 242 
0 0 
0 0 
0 0 
0 0 
0 0 
0 0 
248 244 
0 0 
0 0 
0 0 
0 0 
0 0 
256 236 
0 0 
0 0 
0 0 
0 0 
0 0 
250 260 
0 0 
0 0 
0 0 
0 0 
0 0 
252 246 
0 0 
0 0 
0 0 
0 0 
0 0 
0 0 
236 254 
0 0 
0 0 
0 0 
0 0 
0 0 
250 246 
0 0 
0 0 
0 0 
0 0 
0 0 
250 248 
0 0 
0 0 
0 0 
0 0 
0 0 
238 234 
0 0 
0 0 
0 0 
0 0 
0 0 
254 244 
0 0 
0 0 
0 0 
0 0 
0 0 
0 0 
258 250 
0 0 
0 0 
0 0 
0 0 
0 0 
0 0 
254 238 
0 0 
0 0 
0 0 
0 0 
0 0 
250 246 
0 0 
0 0 
0 0 
0 0 
0 0 
238 248 
0 0 
0 0 
0 0 
0 0 
0 0 
262 250 
0 0 
0 0 
0 0 
0 0 
0 0 
236 246 
0 0 
0 0 
0 0 
0 0 
0 0 
0 0 
322 242 
0 0 
0 0 
0 0 
0 0 
0 0 
0 0 
248 250 
0 0 
0 0 
0 0 
0 0 
0 0 
0 0 
262 252 
0 0 
0 0 
0 0 
0 0 
0 0 
248 236 
0 0 
0 0 
0 0 
0 0 
0 0 
250 250 
0 0 
0 0 
0 0 
0 0 
0 0 
240 738 
0 0 
0 0 
0 0 
0 0 
0 0 
0 0 
0 0 
0 0 
0 0 
252 246 
0 0 
0 0 
0 0 
0 0 
0 0 
0 0 
250 248 
0 0 
0 0 
0 0 
0 0 
0 0 
0 0 
246 252 
0 0 
0 0 
0 0 
0 0 
0 0 
0 0 
252 252 
0 0 
0 0 
0 0 
0 0 
0 0 
0 0 
250 244 
0 0 
0 0 
0 0 
0 0 
0 0 
252 700 
0 0 
0 0 
0 0 
0 0 
0 0 
0 0 
0 0 
0 0 
0 0 
244 244 
0 0 
0 0 
0 0 
0 0 
0 0 
244 250 
0 0 
0 0 
0 0 
0 0 
0 0 
254 244 
0 0 
0 0 
0 0 
0 0 
0 0 
250 244 
0 0 
0 0 
0 0 
0 0 
0 0 
258 252 
0 0 
0 0 
0 0 
0 0 
0 0 
0 0 
250 246 
0 0 
0 0 
0 0 
0 0 
0 0 
0 0 
300 248 
0 0 
0 0 
0 0 
0 0 
0 0 
0 0 
236 244 
0 0 
0 0 
0 0 
0 0 
0 0 
254 250 
0 0 
0 0 
0 0 
0 0 
0 0 
248 248 
0 0 
0 0 
0 0 
0 0 
0 0 
246 244 
0 0 
0 0 
0 0 
0 0 
0 0 
250 254 
0 0 
0 0 
0 0 
0 0 
0 0 
0 0 
238 248 
0 0 
0 0 
0 0 
0 0 
0 0 
254 244 
0 0 
0 0 
0 0 
0 0 
0 0 
0 0 
254 236 
0 0 
0 0 
0 0 
0 0 
0 0 
234 248 
0 0 
0 0 
0 0 
0 0 
0 0 
252 244 
0 0 
0 0 
0 0 
0 0 
0 0 
0 0 
252 244 
0 0 
0 0 
0 0 
0 0 
0 0 
250 238 
0 0 
0 0 
0 0 
0 0 
0 0 
260 246 
0 0 
0 0 
0 0 
0 0 
0 0 
0 0 
246 248 
0 0 
0 0 
0 0 
0 0 
0 0 
246 238 
0 0 
0 0 
0 0 
0 0 
0 0 
256 246 
0 0 
0 0 
0 0 
0 0 
0 0 
0 0 
252 244 
0 0 
0 0 
0 0 
0 0 
0 0 
0 0 
244 256 
0 0 
0 0 
0 0 
0 0 
0 0 
252 250 
0 0 
0 0 
0 0 
0 0 
0 0 
0 0 
238 546 
0 0 
0 0 
0 0 
0 0 
0 0 
0 0 
0 0 
0 0 
256 248 
0 0 
0 0 
0 0 
0 0 
0 0 
246 242 
0 0 
0 0 
0 0 
0 0 
0 0 
0 0 
250 248 
0 0 
0 0 
0 0 
0 0 
0 0 
254 242 
0 0 
0 0 
0 0 
0 0 
0 0 
0 0 
248 248 
0 0 
0 0 
0 0 
0 0 
0 0 
242 248 
0 0 
0 0 
0 0 
0 0 
0 0 
252 246 
0 0 
0 0 
0 0 
0 0 
0 0 
0 0 
256 240 
0 0 
0 0 
0 0 
0 0 
0 0 
258 250 
0 0 
0 0 
0 0 
0 0 
0 0 
256 250 
0 0 
0 0 
0 0 
0 0 
0 0 
0 0 
248 248 
0 0 
0 0 
0 0 
0 0 
0 0 
250 240 
0 0 
0 0 
0 0 
0 0 
0 0 
252 244 
0 0 
0 0 
0 0 
0 0 
0 0 
266 250 
0 0 
0 0 
0 0 
0 0 
0 0 
252 240 
0 0 
0 0 
0 0 
0 0 
0 0 
0 0 
254 258 
0 0 
0 0 
0 0 
0 0 
0 0 
252 250 
0 0 
0 0 
0 0 
0 0 
0 0 
252 244 
0 0 
0 0 
0 0 
0 0 
0 0 
248 250 
0 0 
0 0 
0 0 
0 0 
0 0 
246 236 
0 0 
0 0 
0 0 
0 0 
0 0 
334 246 
0 0 
0 0 
0 0 
0 0 
0 0 
0 0 
0 0 
252 242 
0 0 
0 0 
0 0 
0 0 
0 0 
0 0 
252 250 
0 0 
0 0 
0 0 
0 0 
0 0 
254 250 
0 0 
0 0 
0 0 
0 0 
0 0 
244 250 
0 0 
0 0 
0 0 
0 0 
0 0 
250 248 
0 0 
0 0 
0 0 
0 0 
0 0 
252 246 
0 0 
0 0 
0 0 
0 0 
0 0 
0 0 
298 248 
0 0 
0 0 
0 0 
0 0 
0 0 
0 0 
240 236 
0 0 
0 0 
0 0 
0 0 
0 0 
256 244 
0 0 
0 0 
0 0 
0 0 
0 0 
258 238 
0 0 
0 0 
0 0 
0 0 
0 0 
250 250 
0 0 
0 0 
0 0 
0 0 
0 0 
240 250 
0 0 
0 0 
0 0 
0 0 
0 0 
248 248 
0 0 
0 0 
0 0 
0 0 
0 0 
258 244 
0 0 
0 0 
0 0 
0 0 
0 0 
0 0 
250 234 
0 0 
0 0 
0 0 
0 0 
0 0 
252 244 
0 0 
0 0 
0 0 
0 0 
0 0 
246 250 
0 0 
0 0 
0 0 
0 0 
0 0 
252 236 
0 0 
0 0 
0 0 
0 0 
0 0 
250 248 
0 0 
0 0 
0 0 
0 0 
0 0 
246 246 
0 0 
0 0 
0 0 
0 0 
0 0 
276 248 
0 0 
0 0 
0 0 
0 0 
0 0 
0 0 
248 232 
0 0 
0 0 
0 0 
0 0 
0 0 
250 280 
0 0 
0 0 
0 0 
0 0 
0 0 
0 0 
252 242 
0 0 
0 0 
0 0 
0 0 
0 0 
0 0 
246 252 
0 0 
0 0 
0 0 
0 0 
0 0 
0 0 
248 242 
0 0 
0 0 
0 0 
0 0 
0 0 
254 556 
0 0 
0 0 
0 0 
0 0 
0 0 
0 0 
0 0 
0 0 
252 250 
0 0 
0 0 
0 0 
0 0 
0 0 
0 0 
254 242 
0 0 
0 0 
0 0 
0 0 
0 0 
238 246 
0 0 
0 0 
0 0 
0 0 
0 0 
250 248 
0 0 
0 0 
0 0 
0 0 
0 0 
0 0 
254 248 
0 0 
0 0 
0 0 
0 0 
0 0 
248 246 
0 0 
0 0 
0 0 
0 0 
0 0 
292 250 
0 0 
0 0 
0 0 
0 0 
0 0 
0 0 
242 238 
0 0 
0 0 
0 0 
0 0 
0 0 
250 250 
0 0 
0 0 
0 0 
0 0 
0 0 
242 254 
0 0 
0 0 
0 0 
0 0 
0 0 
242 248 
0 0 
0 0 
0 0 
0 0 
0 0 
246 244 
0 0 
0 0 
0 0 
0 0 
0 0 
250 240 
0 0 
0 0 
0 0 
0 0 
0 0 
394 252 
0 0 
0 0 
0 0 
0 0 
0 0 
0 0 
0 0 
252 234 
0 0 
0 0 
0 0 
0 0 
0 0 
254 244 
0 0 
0 0 
0 0 
0 0 
0 0 
0 0 
250 248 
0 0 
0 0 
0 0 
0 0 
0 0 
254 256 
0 0 
0 0 
0 0 
0 0 
0 0 
250 240 
0 0 
0 0 
0 0 
0 0 
0 0 
248 246 
0 0 
0 0 
0 0 
0 0 
0 0 
262 246 
0 0 
0 0 
0 0 
0 0 
0 0 
248 236 
0 0 
0 0 
0 0 
0 0 
0 0 
242 248 
0 0 
0 0 
0 0 
0 0 
0 0 
252 266 
0 0 
0 0 
0 0 
0 0 
0 0 
254 250 
0 0 
0 0 
0 0 
0 0 
0 0 
0 0 
242 274 
0 0 
0 0 
0 0 
0 0 
0 0 
256 246 
0 0 
0 0 
0 0 
0 0 
0 0 
0 0 
252 252 
0 0 
0 0 
0 0 
0 0 
0 0 
256 240 
0 0 
0 0 
0 0 
0 0 
0 0 
246 250 
0 0 
0 0 
0 0 
0 0 
0 0 
254 238 
0 0 
0 0 
0 0 
0 0 
0 0 
252 234 
0 0 
0 0 
0 0 
0 0 
0 0 
248 252 
0 0 
0 0 
0 0 
0 0 
0 0 
0 0 
244 252 
0 0 
0 0 
0 0 
0 0 
0 0 
366 248 
0 0 
0 0 
0 0 
0 0 
0 0 
0 0 
250 236 
0 0 
0 0 
0 0 
0 0 
0 0 
0 0 
238 246 
0 0 
0 0 
0 0 
0 0 
0 0 
0 0 
258 244 
0 0 
0 0 
0 0 
0 0 
0 0 
0 0 
256 244 
0 0 
0 0 
0 0 
0 0 
0 0 
0 0 
244 250 
0 0 
0 0 
0 0 
0 0 
0 0 
250 540 
0 0 
0 0 
0 0 
0 0 
0 0 
0 0 
0 0 
0 0 
248 244 
0 0 
0 0 
0 0 
0 0 
0 0 
242 250 
0 0 
0 0 
0 0 
0 0 
0 0 
254 236 
0 0 
0 0 
0 0 
0 0 
0 0 
250 250 
0 0 
0 0 
0 0 
0 0 
0 0 
266 246 
0 0 
0 0 
0 0 
0 0 
0 0 
252 248 
0 0 
0 0 
0 0 
0 0 
0 0 
652 250 
0 0 
0 0 
0 0 
0 0 
0 0 
0 0 
0 0 
0 0 
0 0 
240 234 
0 0 
0 0 
0 0 
0 0 
0 0 
258 234 
0 0 
0 0 
0 0 
0 0 
0 0 
252 256 
0 0 
0 0 
0 0 
0 0 
0 0 
238 246 
0 0 
0 0 
0 0 
0 0 
0 0 
248 246 
0 0 
0 0 
0 0 
0 0 
0 0 
244 250 
0 0 
0 0 
0 0 
0 0 
0 0 
272 254 
0 0 
0 0 
0 0 
0 0 
0 0 
248 236 
0 0 
0 0 
0 0 
0 0 
0 0 
246 250 
0 0 
0 0 
0 0 
0 0 
0 0 
254 244 
0 0 
0 0 
0 0 
0 0 
0 0 
250 244 
0 0 
0 0 
0 0 
0 0 
0 0 
252 262 
0 0 
0 0 
0 0 
0 0 
0 0 
246 246 
0 0 
0 0 
0 0 
0 0 
0 0 
516 248 
0 0 
0 0 
0 0 
0 0 
0 0 
0 0 
0 0 
0 0 
250 330 
0 0 
0 0 
0 0 
0 0 
0 0 
0 0 
248 244 
0 0 
0 0 
0 0 
0 0 
0 0 
0 0 
248 250 
0 0 
0 0 
0 0 
0 0 
0 0 
0 0 
252 250 
0 0 
0 0 
0 0 
0 0 
0 0 
0 0 
246 246 
0 0 
0 0 
0 0 
0 0 
0 0 
662 244 
0 0 
0 0 
0 0 
0 0 
0 0 
0 0 
0 0 
0 0 
0 0 
254 236 
0 0 
0 0 
0 0 
0 0 
0 0 
248 234 
0 0 
0 0 
0 0 
0 0 
0 0 
248 246 
0 0 
0 0 
0 0 
0 0 
0 0 
0 0 
248 244 
0 0 
0 0 
0 0 
0 0 
0 0 
250 256 
0 0 
0 0 
0 0 
0 0 
0 0 
250 242 
0 0 
0 0 
0 0 
0 0 
0 0 
260 240 
0 0 
0 0 
0 0 
0 0 
0 0 
256 240 
0 0 
0 0 
0 0 
0 0 
0 0 
250 250 
0 0 
0 0 
0 0 
0 0 
0 0 
0 0 
250 236 
0 0 
0 0 
0 0 
0 0 
0 0 
250 250 
0 0 
0 0 
0 0 
0 0 
0 0 
254 250 
0 0 
0 0 
0 0 
0 0 
0 0 
258 250 
0 0 
0 0 
0 0 
0 0 
0 0 
264 246 
0 0 
0 0 
0 0 
0 0 
0 0 
248 242 
0 0 
0 0 
0 0 
0 0 
0 0 
256 250 
0 0 
0 0 
0 0 
0 0 
0 0 
252 246 
0 0 
0 0 
0 0 
0 0 
0 0 
256 248 
0 0 
0 0 
0 0 
0 0 
0 0 
252 248 
0 0 
0 0 
0 0 
0 0 
0 0 
252 244 
0 0 
0 0 
0 0 
0 0 
0 0 
536 252 
0 0 
0 0 
0 0 
0 0 
0 0 
0 0 
0 0 
0 0 
250 240 
0 0 
0 0 
0 0 
0 0 
0 0 
254 250 
0 0 
0 0 
0 0 
0 0 
0 0 
0 0 
252 248 
0 0 
0 0 
0 0 
0 0 
0 0 
0 0 
256 242 
0 0 
0 0 
0 0 
0 0 
0 0 
256 242 
0 0 
0 0 
0 0 
0 0 
0 0 
250 636 
0 0 
0 0 
0 0 
0 0 
0 0 
0 0 
0 0 
0 0 
0 0 
254 248 
0 0 
0 0 
0 0 
0 0 
0 0 
240 252 
0 0 
0 0 
0 0 
0 0 
0 0 
0 0 
254 248 
0 0 
0 0 
0 0 
0 0 
0 0 
246 250 
0 0 
0 0 
0 0 
0 0 
0 0 
0 0 
242 250 
0 0 
0 0 
0 0 
0 0 
0 0 
0 0 
248 250 
0 0 
0 0 
0 0 
0 0 
0 0 
230 250 
0 0 
0 0 
0 0 
0 0 
0 0 
0 0 
240 244 
0 0 
0 0 
0 0 
0 0 
0 0 
250 242 
0 0 
0 0 
0 0 
0 0 
0 0 
252 250 
0 0 
0 0 
0 0 
0 0 
0 0 
246 252 
0 0 
0 0 
0 0 
0 0 
0 0 
248 250 
0 0 
0 0 
0 0 
0 0 
0 0 
254 242 
0 0 
0 0 
0 0 
0 0 
0 0 
0 0 
254 244 
0 0 
0 0 
0 0 
0 0 
0 0 
0 0 
250 244 
0 0 
0 0 
0 0 
0 0 
0 0 
226 246 
0 0 
0 0 
0 0 
0 0 
0 0 
256 248 
0 0 
0 0 
0 0 
0 0 
0 0 
248 252 
0 0 
0 0 
0 0 
0 0 
0 0 
256 236 
0 0 
0 0 
0 0 
0 0 
0 0 
240 242 
0 0 
0 0 
0 0 
0 0 
0 0 
256 246 
0 0 
0 0 
0 0 
0 0 
0 0 
250 234 
0 0 
0 0 
0 0 
0 0 
0 0 
256 248 
0 0 
0 0 
0 0 
0 0 
0 0 
0 0 
254 240 
0 0 
0 0 
0 0 
0 0 
0 0 
250 242 
0 0 
0 0 
0 0 
0 0 
0 0 
220 242 
0 0 
0 0 
0 0 
0 0 
0 0 
248 248 
0 0 
0 0 
0 0 
0 0 
0 0 
0 0 
254 248 
0 0 
0 0 
0 0 
0 0 
0 0 
246 238 
0 0 
0 0 
0 0 
0 0 
0 0 
250 252 
0 0 
0 0 
0 0 
0 0 
0 0 
0 0 
246 246 
0 0 
0 0 
0 0 
0 0 
0 0 
254 242 
0 0 
0 0 
0 0 
0 0 
0 0 
260 244 
0 0 
0 0 
0 0 
0 0 
0 0 
240 252 
0 0 
0 0 
0 0 
0 0 
0 0 
268 250 
0 0 
0 0 
0 0 
0 0 
0 0 
0 0 
250 240 
0 0 
0 0 
0 0 
0 0 
0 0 
228 252 
0 0 
0 0 
0 0 
0 0 
0 0 
242 244 
0 0 
0 0 
0 0 
0 0 
0 0 
248 246 
0 0 
0 0 
0 0 
0 0 
0 0 
250 244 
0 0 
0 0 
0 0 
0 0 
0 0 
250 248 
0 0 
0 0 
0 0 
0 0 
0 0 
404 252 
0 0 
0 0 
0 0 
0 0 
0 0 
0 0 
0 0 
250 218 
0 0 
0 0 
0 0 
0 0 
0 0 
0 0 
256 252 
0 0 
0 0 
0 0 
0 0 
0 0 
0 0 
254 248 
0 0 
0 0 
0 0 
0 0 
0 0 
250 220 
0 0 
0 0 
0 0 
0 0 
0 0 
246 250 
0 0 
0 0 
0 0 
0 0 
0 0 
250 716 
0 0 
0 0 
0 0 
0 0 
0 0 
0 0 
0 0 
0 0 
0 0 
288 252 
0 0 
0 0 
0 0 
0 0 
0 0 
0 0 
244 248 
0 0 
0 0 
0 0 
0 0 
0 0 
0 0 
250 250 
0 0 
0 0 
0 0 
0 0 
0 0 
254 248 
0 0 
0 0 
0 0 
0 0 
0 0 
256 248 
0 0 
0 0 
0 0 
0 0 
0 0 
256 250 
0 0 
0 0 
0 0 
0 0 
0 0 
0 0 
250 252 
0 0 
0 0 
0 0 
0 0 
0 0 
254 238 
0 0 
0 0 
0 0 
0 0 
0 0 
224 242 
0 0 
0 0 
0 0 
0 0 
0 0 
248 246 
0 0 
0 0 
0 0 
0 0 
0 0 
252 250 
0 0 
0 0 
0 0 
0 0 
0 0 
252 252 
0 0 
0 0 
0 0 
0 0 
0 0 
0 0 
250 248 
0 0 
0 0 
0 0 
0 0 
0 0 
0 0 
254 246 
0 0 
0 0 
0 0 
0 0 
0 0 
0 0 
248 236 
0 0 
0 0 
0 0 
0 0 
0 0 
246 242 
0 0 
0 0 
0 0 
0 0 
0 0 
244 250 
0 0 
0 0 
0 0 
0 0 
0 0 
0 0 
252 250 
0 0 
0 0 
0 0 
0 0 
0 0 
252 248 
0 0 
0 0 
0 0 
0 0 
0 0 
318 678 
0 0 
0 0 
0 0 
0 0 
0 0 
0 0 
0 0 
0 0 
0 0 
0 0 
222 254 
0 0 
0 0 
0 0 
0 0 
0 0 
250 250 
0 0 
0 0 
0 0 
0 0 
0 0 
256 244 
0 0 
0 0 
0 0 
0 0 
0 0 
0 0 
250 250 
0 0 
0 0 
0 0 
0 0 
0 0 
244 250 
0 0 
0 0 
0 0 
0 0 
0 0 
0 0 
248 248 
0 0 
0 0 
0 0 
0 0 
0 0 
262 254 
0 0 
0 0 
0 0 
0 0 
0 0 
254 238 
0 0 
0 0 
0 0 
0 0 
0 0 
226 252 
0 0 
0 0 
0 0 
0 0 
0 0 
254 258 
0 0 
0 0 
0 0 
0 0 
0 0 
252 244 
0 0 
0 0 
0 0 
0 0 
0 0 
238 238 
0 0 
0 0 
0 0 
0 0 
0 0 
250 250 
0 0 
0 0 
0 0 
0 0 
0 0 
0 0 
306 238 
0 0 
0 0 
0 0 
0 0 
0 0 
0 0 
248 220 
0 0 
0 0 
0 0 
0 0 
0 0 
254 250 
0 0 
0 0 
0 0 
0 0 
0 0 
224 252 
0 0 
0 0 
0 0 
0 0 
0 0 
246 254 
0 0 
0 0 
0 0 
0 0 
0 0 
252 244 
0 0 
0 0 
0 0 
0 0 
0 0 
250 236 
0 0 
0 0 
0 0 
0 0 
0 0 
456 244 
0 0 
0 0 
0 0 
0 0 
0 0 
0 0 
0 0 
248 238 
0 0 
0 0 
0 0 
0 0 
0 0 
0 0 
258 246 
0 0 
0 0 
0 0 
0 0 
0 0 
252 250 
0 0 
0 0 
0 0 
0 0 
0 0 
250 250 
0 0 
0 0 
0 0 
0 0 
0 0 
250 250 
0 0 
0 0 
0 0 
0 0 
0 0 
252 254 
0 0 
0 0 
0 0 
0 0 
0 0 
262 250 
0 0 
0 0 
0 0 
0 0 
0 0 
250 236 
0 0 
0 0 
0 0 
0 0 
0 0 
258 250 
0 0 
0 0 
0 0 
0 0 
0 0 
246 258 
0 0 
0 0 
0 0 
0 0 
0 0 
248 244 
0 0 
0 0 
0 0 
0 0 
0 0 
252 244 
0 0 
0 0 
0 0 
0 0 
0 0 
250 246 
0 0 
